{"D:\\SummerVacationPlanning\\frontend\\src\\App.tsx": {"path":"D:\\SummerVacationPlanning\\frontend\\src\\App.tsx","statementMap":{"0":{"start":{"line":20,"column":29},"end":{"line":137,"column":1}},"1":{"start":{"line":21,"column":28},"end":{"line":21,"column":37}},"2":{"start":{"line":23,"column":2},"end":{"line":32,"column":3}},"3":{"start":{"line":24,"column":4},"end":{"line":31,"column":6}},"4":{"start":{"line":34,"column":2},"end":{"line":136,"column":4}},"5":{"start":{"line":140,"column":2},"end":{"line":148,"column":4}}},"fnMap":{"0":{"name":"(anonymous_0)","decl":{"start":{"line":20,"column":29},"end":{"line":20,"column":30}},"loc":{"start":{"line":20,"column":35},"end":{"line":137,"column":1}},"line":20},"1":{"name":"App","decl":{"start":{"line":139,"column":9},"end":{"line":139,"column":12}},"loc":{"start":{"line":139,"column":15},"end":{"line":149,"column":1}},"line":139}},"branchMap":{"0":{"loc":{"start":{"line":23,"column":2},"end":{"line":32,"column":3}},"type":"if","locations":[{"start":{"line":23,"column":2},"end":{"line":32,"column":3}},{"start":{},"end":{}}],"line":23},"1":{"loc":{"start":{"line":38,"column":17},"end":{"line":38,"column":144}},"type":"cond-expr","locations":[{"start":{"line":38,"column":24},"end":{"line":38,"column":109}},{"start":{"line":38,"column":112},"end":{"line":38,"column":144}}],"line":38},"2":{"loc":{"start":{"line":38,"column":38},"end":{"line":38,"column":97}},"type":"cond-expr","locations":[{"start":{"line":38,"column":63},"end":{"line":38,"column":82}},{"start":{"line":38,"column":85},"end":{"line":38,"column":97}}],"line":38},"3":{"loc":{"start":{"line":42,"column":17},"end":{"line":42,"column":121}},"type":"cond-expr","locations":[{"start":{"line":42,"column":24},"end":{"line":42,"column":109}},{"start":{"line":42,"column":112},"end":{"line":42,"column":121}}],"line":42},"4":{"loc":{"start":{"line":42,"column":38},"end":{"line":42,"column":97}},"type":"cond-expr","locations":[{"start":{"line":42,"column":63},"end":{"line":42,"column":82}},{"start":{"line":42,"column":85},"end":{"line":42,"column":97}}],"line":42},"5":{"loc":{"start":{"line":46,"column":17},"end":{"line":46,"column":124}},"type":"cond-expr","locations":[{"start":{"line":46,"column":24},"end":{"line":46,"column":109}},{"start":{"line":46,"column":112},"end":{"line":46,"column":124}}],"line":46},"6":{"loc":{"start":{"line":46,"column":38},"end":{"line":46,"column":97}},"type":"cond-expr","locations":[{"start":{"line":46,"column":63},"end":{"line":46,"column":82}},{"start":{"line":46,"column":85},"end":{"line":46,"column":97}}],"line":46}},"s":{"0":0,"1":0,"2":0,"3":0,"4":0,"5":0},"f":{"0":0,"1":0},"b":{"0":[0,0],"1":[0,0],"2":[0,0],"3":[0,0],"4":[0,0],"5":[0,0],"6":[0,0]}}
,"D:\\SummerVacationPlanning\\frontend\\src\\index.tsx": {"path":"D:\\SummerVacationPlanning\\frontend\\src\\index.tsx","statementMap":{"0":{"start":{"line":7,"column":13},"end":{"line":9,"column":1}},"1":{"start":{"line":10,"column":0},"end":{"line":14,"column":2}},"2":{"start":{"line":19,"column":0},"end":{"line":19,"column":18}}},"fnMap":{},"branchMap":{},"s":{"0":0,"1":0,"2":0},"f":{},"b":{}}
,"D:\\SummerVacationPlanning\\frontend\\src\\reportWebVitals.ts": {"path":"D:\\SummerVacationPlanning\\frontend\\src\\reportWebVitals.ts","statementMap":{"0":{"start":{"line":3,"column":24},"end":{"line":13,"column":1}},"1":{"start":{"line":4,"column":2},"end":{"line":12,"column":3}},"2":{"start":{"line":5,"column":4},"end":{"line":11,"column":7}},"3":{"start":{"line":6,"column":6},"end":{"line":6,"column":26}},"4":{"start":{"line":7,"column":6},"end":{"line":7,"column":26}},"5":{"start":{"line":8,"column":6},"end":{"line":8,"column":26}},"6":{"start":{"line":9,"column":6},"end":{"line":9,"column":26}},"7":{"start":{"line":10,"column":6},"end":{"line":10,"column":27}}},"fnMap":{"0":{"name":"(anonymous_0)","decl":{"start":{"line":3,"column":24},"end":{"line":3,"column":25}},"loc":{"start":{"line":3,"column":57},"end":{"line":13,"column":1}},"line":3},"1":{"name":"(anonymous_1)","decl":{"start":{"line":5,"column":30},"end":{"line":5,"column":31}},"loc":{"start":{"line":5,"column":79},"end":{"line":11,"column":5}},"line":5}},"branchMap":{"0":{"loc":{"start":{"line":4,"column":2},"end":{"line":12,"column":3}},"type":"if","locations":[{"start":{"line":4,"column":2},"end":{"line":12,"column":3}},{"start":{},"end":{}}],"line":4},"1":{"loc":{"start":{"line":4,"column":6},"end":{"line":4,"column":52}},"type":"binary-expr","locations":[{"start":{"line":4,"column":6},"end":{"line":4,"column":17}},{"start":{"line":4,"column":21},"end":{"line":4,"column":52}}],"line":4}},"s":{"0":0,"1":0,"2":0,"3":0,"4":0,"5":0,"6":0,"7":0},"f":{"0":0,"1":0},"b":{"0":[0,0],"1":[0,0]}}
,"D:\\SummerVacationPlanning\\frontend\\src\\components\\AchievementBadge.tsx": {"path":"D:\\SummerVacationPlanning\\frontend\\src\\components\\AchievementBadge.tsx","statementMap":{"0":{"start":{"line":18,"column":58},"end":{"line":181,"column":1}},"1":{"start":{"line":32,"column":23},"end":{"line":42,"column":3}},"2":{"start":{"line":33,"column":91},"end":{"line":40,"column":5}},"3":{"start":{"line":41,"column":4},"end":{"line":41,"column":125}},"4":{"start":{"line":44,"column":23},"end":{"line":52,"column":3}},"5":{"start":{"line":45,"column":91},"end":{"line":50,"column":5}},"6":{"start":{"line":51,"column":4},"end":{"line":51,"column":65}},"7":{"start":{"line":54,"column":25},"end":{"line":61,"column":3}},"8":{"start":{"line":55,"column":20},"end":{"line":59,"column":5}},"9":{"start":{"line":60,"column":4},"end":{"line":60,"column":25}},"10":{"start":{"line":63,"column":24},"end":{"line":77,"column":3}},"11":{"start":{"line":64,"column":18},"end":{"line":64,"column":20}},"12":{"start":{"line":65,"column":4},"end":{"line":75,"column":5}},"13":{"start":{"line":65,"column":17},"end":{"line":65,"column":18}},"14":{"start":{"line":66,"column":6},"end":{"line":74,"column":8}},"15":{"start":{"line":76,"column":4},"end":{"line":76,"column":17}},"16":{"start":{"line":79,"column":29},"end":{"line":79,"column":74}},"17":{"start":{"line":80,"column":20},"end":{"line":80,"column":34}},"18":{"start":{"line":83,"column":2},"end":{"line":86,"column":3}},"19":{"start":{"line":84,"column":4},"end":{"line":84,"column":97}},"20":{"start":{"line":85,"column":4},"end":{"line":85,"column":67}},"21":{"start":{"line":88,"column":2},"end":{"line":180,"column":4}}},"fnMap":{"0":{"name":"(anonymous_0)","decl":{"start":{"line":18,"column":58},"end":{"line":18,"column":59}},"loc":{"start":{"line":31,"column":6},"end":{"line":181,"column":1}},"line":31},"1":{"name":"(anonymous_1)","decl":{"start":{"line":32,"column":23},"end":{"line":32,"column":24}},"loc":{"start":{"line":32,"column":29},"end":{"line":42,"column":3}},"line":32},"2":{"name":"(anonymous_2)","decl":{"start":{"line":44,"column":23},"end":{"line":44,"column":24}},"loc":{"start":{"line":44,"column":29},"end":{"line":52,"column":3}},"line":44},"3":{"name":"(anonymous_3)","decl":{"start":{"line":54,"column":25},"end":{"line":54,"column":26}},"loc":{"start":{"line":54,"column":31},"end":{"line":61,"column":3}},"line":54},"4":{"name":"(anonymous_4)","decl":{"start":{"line":63,"column":24},"end":{"line":63,"column":25}},"loc":{"start":{"line":63,"column":30},"end":{"line":77,"column":3}},"line":63}},"branchMap":{"0":{"loc":{"start":{"line":24,"column":2},"end":{"line":24,"column":14}},"type":"default-arg","locations":[{"start":{"line":24,"column":13},"end":{"line":24,"column":14}}],"line":24},"1":{"loc":{"start":{"line":25,"column":2},"end":{"line":25,"column":19}},"type":"default-arg","locations":[{"start":{"line":25,"column":16},"end":{"line":25,"column":19}}],"line":25},"2":{"loc":{"start":{"line":26,"column":2},"end":{"line":26,"column":13}},"type":"default-arg","locations":[{"start":{"line":26,"column":9},"end":{"line":26,"column":13}}],"line":26},"3":{"loc":{"start":{"line":27,"column":2},"end":{"line":27,"column":21}},"type":"default-arg","locations":[{"start":{"line":27,"column":17},"end":{"line":27,"column":21}}],"line":27},"4":{"loc":{"start":{"line":28,"column":2},"end":{"line":28,"column":16}},"type":"default-arg","locations":[{"start":{"line":28,"column":14},"end":{"line":28,"column":16}}],"line":28},"5":{"loc":{"start":{"line":41,"column":11},"end":{"line":41,"column":124}},"type":"binary-expr","locations":[{"start":{"line":41,"column":11},"end":{"line":41,"column":25}},{"start":{"line":41,"column":29},"end":{"line":41,"column":124}}],"line":41},"6":{"loc":{"start":{"line":51,"column":11},"end":{"line":51,"column":64}},"type":"binary-expr","locations":[{"start":{"line":51,"column":11},"end":{"line":51,"column":42}},{"start":{"line":51,"column":46},"end":{"line":51,"column":64}}],"line":51},"7":{"loc":{"start":{"line":51,"column":20},"end":{"line":51,"column":41}},"type":"binary-expr","locations":[{"start":{"line":51,"column":20},"end":{"line":51,"column":29}},{"start":{"line":51,"column":33},"end":{"line":51,"column":41}}],"line":51},"8":{"loc":{"start":{"line":83,"column":2},"end":{"line":86,"column":3}},"type":"if","locations":[{"start":{"line":83,"column":2},"end":{"line":86,"column":3}},{"start":{},"end":{}}],"line":83},"9":{"loc":{"start":{"line":83,"column":6},"end":{"line":83,"column":49}},"type":"binary-expr","locations":[{"start":{"line":83,"column":6},"end":{"line":83,"column":16}},{"start":{"line":83,"column":20},"end":{"line":83,"column":49}}],"line":83},"10":{"loc":{"start":{"line":100,"column":12},"end":{"line":102,"column":36}},"type":"cond-expr","locations":[{"start":{"line":101,"column":14},"end":{"line":101,"column":68}},{"start":{"line":102,"column":14},"end":{"line":102,"column":36}}],"line":100},"11":{"loc":{"start":{"line":107,"column":47},"end":{"line":107,"column":82}},"type":"cond-expr","locations":[{"start":{"line":107,"column":60},"end":{"line":107,"column":77}},{"start":{"line":107,"column":80},"end":{"line":107,"column":82}}],"line":107},"12":{"loc":{"start":{"line":112,"column":9},"end":{"line":116,"column":9}},"type":"binary-expr","locations":[{"start":{"line":112,"column":9},"end":{"line":112,"column":20}},{"start":{"line":113,"column":10},"end":{"line":115,"column":16}}],"line":112},"13":{"loc":{"start":{"line":119,"column":9},"end":{"line":123,"column":9}},"type":"binary-expr","locations":[{"start":{"line":119,"column":9},"end":{"line":119,"column":18}},{"start":{"line":119,"column":22},"end":{"line":119,"column":32}},{"start":{"line":119,"column":36},"end":{"line":119,"column":47}},{"start":{"line":120,"column":10},"end":{"line":122,"column":16}}],"line":119},"14":{"loc":{"start":{"line":126,"column":9},"end":{"line":130,"column":9}},"type":"binary-expr","locations":[{"start":{"line":126,"column":9},"end":{"line":126,"column":19}},{"start":{"line":126,"column":23},"end":{"line":126,"column":33}},{"start":{"line":127,"column":10},"end":{"line":129,"column":16}}],"line":126},"15":{"loc":{"start":{"line":133,"column":9},"end":{"line":135,"column":9}},"type":"binary-expr","locations":[{"start":{"line":133,"column":9},"end":{"line":133,"column":19}},{"start":{"line":134,"column":10},"end":{"line":134,"column":143}}],"line":133},"16":{"loc":{"start":{"line":140,"column":36},"end":{"line":140,"column":82}},"type":"cond-expr","locations":[{"start":{"line":140,"column":49},"end":{"line":140,"column":64}},{"start":{"line":140,"column":67},"end":{"line":140,"column":82}}],"line":140},"17":{"loc":{"start":{"line":143,"column":33},"end":{"line":143,"column":79}},"type":"cond-expr","locations":[{"start":{"line":143,"column":46},"end":{"line":143,"column":61}},{"start":{"line":143,"column":64},"end":{"line":143,"column":79}}],"line":143},"18":{"loc":{"start":{"line":149,"column":7},"end":{"line":153,"column":7}},"type":"binary-expr","locations":[{"start":{"line":149,"column":7},"end":{"line":149,"column":16}},{"start":{"line":149,"column":20},"end":{"line":149,"column":30}},{"start":{"line":150,"column":8},"end":{"line":152,"column":14}}],"line":149},"19":{"loc":{"start":{"line":156,"column":7},"end":{"line":168,"column":7}},"type":"binary-expr","locations":[{"start":{"line":156,"column":7},"end":{"line":156,"column":18}},{"start":{"line":156,"column":22},"end":{"line":156,"column":34}},{"start":{"line":156,"column":38},"end":{"line":156,"column":53}},{"start":{"line":157,"column":8},"end":{"line":167,"column":14}}],"line":156},"20":{"loc":{"start":{"line":171,"column":7},"end":{"line":178,"column":7}},"type":"binary-expr","locations":[{"start":{"line":171,"column":7},"end":{"line":171,"column":17}},{"start":{"line":172,"column":8},"end":{"line":177,"column":11}}],"line":171}},"s":{"0":1,"1":13,"2":13,"3":13,"4":13,"5":13,"6":13,"7":13,"8":13,"9":13,"10":13,"11":9,"12":9,"13":9,"14":11,"15":9,"16":13,"17":13,"18":13,"19":0,"20":0,"21":13},"f":{"0":13,"1":13,"2":13,"3":13,"4":9},"b":{"0":[10],"1":[10],"2":[11],"3":[11],"4":[12],"5":[13,0],"6":[13,0],"7":[13,13],"8":[0,13],"9":[13,13],"10":[9,4],"11":[9,4],"12":[13,4],"13":[13,1,1,1],"14":[13,0,0],"15":[13,9],"16":[9,4],"17":[9,4],"18":[13,13,9],"19":[13,4,3,3],"20":[13,9]},"_coverageSchema":"1a1c01bbd47fc00a2c39e90264f33305004495a9","hash":"41a22254911e17b0bc2f4c7a3a0e0c2f5fdc25fd"}
,"D:\\SummerVacationPlanning\\frontend\\src\\components\\BottomNav.tsx": {"path":"D:\\SummerVacationPlanning\\frontend\\src\\components\\BottomNav.tsx","statementMap":{"0":{"start":{"line":15,"column":28},"end":{"line":104,"column":1}},"1":{"start":{"line":16,"column":19},"end":{"line":16,"column":28}},"2":{"start":{"line":17,"column":19},"end":{"line":17,"column":32}},"3":{"start":{"line":18,"column":19},"end":{"line":18,"column":32}},"4":{"start":{"line":19,"column":27},"end":{"line":19,"column":52}},"5":{"start":{"line":22,"column":21},"end":{"line":22,"column":126}},"6":{"start":{"line":25,"column":22},"end":{"line":31,"column":11}},"7":{"start":{"line":33,"column":2},"end":{"line":35,"column":3}},"8":{"start":{"line":34,"column":4},"end":{"line":34,"column":16}},"9":{"start":{"line":37,"column":44},"end":{"line":66,"column":3}},"10":{"start":{"line":68,"column":24},"end":{"line":70,"column":3}},"11":{"start":{"line":69,"column":4},"end":{"line":69,"column":38}},"12":{"start":{"line":72,"column":27},"end":{"line":74,"column":3}},"13":{"start":{"line":73,"column":4},"end":{"line":73,"column":19}},"14":{"start":{"line":76,"column":2},"end":{"line":103,"column":4}},"15":{"start":{"line":80,"column":10},"end":{"line":99,"column":30}},"16":{"start":{"line":87,"column":29},"end":{"line":87,"column":56}}},"fnMap":{"0":{"name":"(anonymous_0)","decl":{"start":{"line":15,"column":28},"end":{"line":15,"column":29}},"loc":{"start":{"line":15,"column":34},"end":{"line":104,"column":1}},"line":15},"1":{"name":"(anonymous_1)","decl":{"start":{"line":68,"column":24},"end":{"line":68,"column":25}},"loc":{"start":{"line":68,"column":42},"end":{"line":70,"column":3}},"line":68},"2":{"name":"(anonymous_2)","decl":{"start":{"line":72,"column":27},"end":{"line":72,"column":28}},"loc":{"start":{"line":72,"column":45},"end":{"line":74,"column":3}},"line":72},"3":{"name":"(anonymous_3)","decl":{"start":{"line":79,"column":29},"end":{"line":79,"column":30}},"loc":{"start":{"line":80,"column":10},"end":{"line":99,"column":30}},"line":80},"4":{"name":"(anonymous_4)","decl":{"start":{"line":87,"column":23},"end":{"line":87,"column":24}},"loc":{"start":{"line":87,"column":29},"end":{"line":87,"column":56}},"line":87}},"branchMap":{"0":{"loc":{"start":{"line":22,"column":21},"end":{"line":22,"column":126}},"type":"binary-expr","locations":[{"start":{"line":22,"column":21},"end":{"line":22,"column":62}},{"start":{"line":22,"column":66},"end":{"line":22,"column":126}}],"line":22},"1":{"loc":{"start":{"line":25,"column":22},"end":{"line":31,"column":11}},"type":"binary-expr","locations":[{"start":{"line":25,"column":22},"end":{"line":25,"column":26}},{"start":{"line":25,"column":31},"end":{"line":31,"column":10}}],"line":25},"2":{"loc":{"start":{"line":25,"column":31},"end":{"line":31,"column":10}},"type":"cond-expr","locations":[{"start":{"line":25,"column":44},"end":{"line":31,"column":3}},{"start":{"line":31,"column":6},"end":{"line":31,"column":10}}],"line":25},"3":{"loc":{"start":{"line":27,"column":17},"end":{"line":27,"column":81}},"type":"cond-expr","locations":[{"start":{"line":27,"column":66},"end":{"line":27,"column":72}},{"start":{"line":27,"column":75},"end":{"line":27,"column":81}}],"line":27},"4":{"loc":{"start":{"line":28,"column":10},"end":{"line":28,"column":56}},"type":"binary-expr","locations":[{"start":{"line":28,"column":10},"end":{"line":28,"column":43}},{"start":{"line":28,"column":47},"end":{"line":28,"column":56}}],"line":28},"5":{"loc":{"start":{"line":30,"column":11},"end":{"line":30,"column":70}},"type":"binary-expr","locations":[{"start":{"line":30,"column":11},"end":{"line":30,"column":45}},{"start":{"line":30,"column":49},"end":{"line":30,"column":70}}],"line":30},"6":{"loc":{"start":{"line":33,"column":2},"end":{"line":35,"column":3}},"type":"if","locations":[{"start":{"line":33,"column":2},"end":{"line":35,"column":3}},{"start":{},"end":{}}],"line":33},"7":{"loc":{"start":{"line":33,"column":6},"end":{"line":33,"column":33}},"type":"binary-expr","locations":[{"start":{"line":33,"column":6},"end":{"line":33,"column":18}},{"start":{"line":33,"column":22},"end":{"line":33,"column":33}}],"line":33},"8":{"loc":{"start":{"line":50,"column":8},"end":{"line":65,"column":5}},"type":"cond-expr","locations":[{"start":{"line":50,"column":42},"end":{"line":57,"column":5}},{"start":{"line":57,"column":8},"end":{"line":65,"column":5}}],"line":50},"9":{"loc":{"start":{"line":82,"column":19},"end":{"line":82,"column":46}},"type":"binary-expr","locations":[{"start":{"line":82,"column":19},"end":{"line":82,"column":41}},{"start":{"line":82,"column":45},"end":{"line":82,"column":46}}],"line":82},"10":{"loc":{"start":{"line":89,"column":16},"end":{"line":91,"column":86}},"type":"cond-expr","locations":[{"start":{"line":90,"column":20},"end":{"line":90,"column":52}},{"start":{"line":91,"column":20},"end":{"line":91,"column":86}}],"line":89}},"s":{"0":0,"1":0,"2":0,"3":0,"4":0,"5":0,"6":0,"7":0,"8":0,"9":0,"10":0,"11":0,"12":0,"13":0,"14":0,"15":0,"16":0},"f":{"0":0,"1":0,"2":0,"3":0,"4":0},"b":{"0":[0,0],"1":[0,0],"2":[0,0],"3":[0,0],"4":[0,0],"5":[0,0],"6":[0,0],"7":[0,0],"8":[0,0],"9":[0,0],"10":[0,0]}}
,"D:\\SummerVacationPlanning\\frontend\\src\\components\\Calendar.tsx": {"path":"D:\\SummerVacationPlanning\\frontend\\src\\components\\Calendar.tsx","statementMap":{"0":{"start":{"line":15,"column":42},"end":{"line":281,"column":1}},"1":{"start":{"line":26,"column":42},"end":{"line":29,"column":4}},"2":{"start":{"line":27,"column":17},"end":{"line":27,"column":67}},"3":{"start":{"line":28,"column":4},"end":{"line":28,"column":60}},"4":{"start":{"line":31,"column":16},"end":{"line":31,"column":54}},"5":{"start":{"line":34,"column":2},"end":{"line":42,"column":35}},"6":{"start":{"line":35,"column":4},"end":{"line":41,"column":5}},"7":{"start":{"line":36,"column":19},"end":{"line":36,"column":41}},"8":{"start":{"line":37,"column":25},"end":{"line":37,"column":73}},"9":{"start":{"line":38,"column":6},"end":{"line":40,"column":7}},"10":{"start":{"line":39,"column":8},"end":{"line":39,"column":36}},"11":{"start":{"line":44,"column":25},"end":{"line":46,"column":3}},"12":{"start":{"line":45,"column":4},"end":{"line":45,"column":74}},"13":{"start":{"line":48,"column":29},"end":{"line":50,"column":3}},"14":{"start":{"line":49,"column":4},"end":{"line":49,"column":69}},"15":{"start":{"line":52,"column":21},"end":{"line":54,"column":3}},"16":{"start":{"line":53,"column":4},"end":{"line":53,"column":91}},"17":{"start":{"line":56,"column":25},"end":{"line":61,"column":3}},"18":{"start":{"line":57,"column":4},"end":{"line":57,"column":53}},"19":{"start":{"line":57,"column":41},"end":{"line":57,"column":53}},"20":{"start":{"line":58,"column":4},"end":{"line":58,"column":50}},"21":{"start":{"line":58,"column":38},"end":{"line":58,"column":50}},"22":{"start":{"line":59,"column":4},"end":{"line":59,"column":50}},"23":{"start":{"line":59,"column":38},"end":{"line":59,"column":50}},"24":{"start":{"line":60,"column":4},"end":{"line":60,"column":17}},"25":{"start":{"line":63,"column":28},"end":{"line":65,"column":3}},"26":{"start":{"line":64,"column":4},"end":{"line":64,"column":46}},"27":{"start":{"line":67,"column":25},"end":{"line":69,"column":3}},"28":{"start":{"line":68,"column":4},"end":{"line":68,"column":36}},"29":{"start":{"line":71,"column":18},"end":{"line":73,"column":3}},"30":{"start":{"line":72,"column":4},"end":{"line":72,"column":29}},"31":{"start":{"line":75,"column":24},"end":{"line":83,"column":3}},"32":{"start":{"line":76,"column":21},"end":{"line":76,"column":43}},"33":{"start":{"line":77,"column":4},"end":{"line":81,"column":5}},"34":{"start":{"line":78,"column":6},"end":{"line":78,"column":49}},"35":{"start":{"line":80,"column":6},"end":{"line":80,"column":49}},"36":{"start":{"line":82,"column":4},"end":{"line":82,"column":30}},"37":{"start":{"line":85,"column":26},"end":{"line":89,"column":3}},"38":{"start":{"line":86,"column":4},"end":{"line":88,"column":5}},"39":{"start":{"line":87,"column":6},"end":{"line":87,"column":28}},"40":{"start":{"line":91,"column":29},"end":{"line":145,"column":3}},"41":{"start":{"line":92,"column":24},"end":{"line":92,"column":52}},"42":{"start":{"line":93,"column":21},"end":{"line":93,"column":53}},"43":{"start":{"line":94,"column":17},"end":{"line":94,"column":43}},"44":{"start":{"line":95,"column":18},"end":{"line":95,"column":41}},"45":{"start":{"line":97,"column":17},"end":{"line":97,"column":19}},"46":{"start":{"line":100,"column":4},"end":{"line":104,"column":5}},"47":{"start":{"line":100,"column":17},"end":{"line":100,"column":18}},"48":{"start":{"line":101,"column":6},"end":{"line":103,"column":8}},"49":{"start":{"line":107,"column":4},"end":{"line":142,"column":5}},"50":{"start":{"line":107,"column":19},"end":{"line":107,"column":20}},"51":{"start":{"line":108,"column":22},"end":{"line":108,"column":50}},"52":{"start":{"line":109,"column":23},"end":{"line":109,"column":46}},"53":{"start":{"line":110,"column":23},"end":{"line":110,"column":46}},"54":{"start":{"line":111,"column":26},"end":{"line":111,"column":52}},"55":{"start":{"line":112,"column":26},"end":{"line":112,"column":55}},"56":{"start":{"line":114,"column":6},"end":{"line":141,"column":8}},"57":{"start":{"line":117,"column":25},"end":{"line":117,"column":49}},"58":{"start":{"line":144,"column":4},"end":{"line":144,"column":16}},"59":{"start":{"line":147,"column":21},"end":{"line":150,"column":3}},"60":{"start":{"line":152,"column":19},"end":{"line":152,"column":54}},"61":{"start":{"line":154,"column":2},"end":{"line":280,"column":4}},"62":{"start":{"line":159,"column":25},"end":{"line":159,"column":46}},"63":{"start":{"line":173,"column":34},"end":{"line":173,"column":44}},"64":{"start":{"line":174,"column":16},"end":{"line":174,"column":92}},"65":{"start":{"line":175,"column":16},"end":{"line":177,"column":17}},"66":{"start":{"line":176,"column":18},"end":{"line":176,"column":38}},"67":{"start":{"line":187,"column":25},"end":{"line":187,"column":46}},"68":{"start":{"line":198,"column":10},"end":{"line":203,"column":16}},"69":{"start":{"line":217,"column":29},"end":{"line":217,"column":51}},"70":{"start":{"line":225,"column":33},"end":{"line":225,"column":43}},"71":{"start":{"line":226,"column":16},"end":{"line":226,"column":57}},"72":{"start":{"line":227,"column":36},"end":{"line":227,"column":72}},"73":{"start":{"line":228,"column":16},"end":{"line":230,"column":17}},"74":{"start":{"line":229,"column":18},"end":{"line":229,"column":47}},"75":{"start":{"line":238,"column":33},"end":{"line":238,"column":43}},"76":{"start":{"line":239,"column":16},"end":{"line":239,"column":57}},"77":{"start":{"line":240,"column":36},"end":{"line":240,"column":72}},"78":{"start":{"line":241,"column":16},"end":{"line":243,"column":17}},"79":{"start":{"line":242,"column":18},"end":{"line":242,"column":47}}},"fnMap":{"0":{"name":"(anonymous_0)","decl":{"start":{"line":15,"column":42},"end":{"line":15,"column":43}},"loc":{"start":{"line":25,"column":6},"end":{"line":281,"column":1}},"line":25},"1":{"name":"(anonymous_1)","decl":{"start":{"line":26,"column":51},"end":{"line":26,"column":52}},"loc":{"start":{"line":26,"column":57},"end":{"line":29,"column":3}},"line":26},"2":{"name":"(anonymous_2)","decl":{"start":{"line":34,"column":12},"end":{"line":34,"column":13}},"loc":{"start":{"line":34,"column":18},"end":{"line":42,"column":3}},"line":34},"3":{"name":"(anonymous_3)","decl":{"start":{"line":44,"column":25},"end":{"line":44,"column":26}},"loc":{"start":{"line":44,"column":41},"end":{"line":46,"column":3}},"line":44},"4":{"name":"(anonymous_4)","decl":{"start":{"line":48,"column":29},"end":{"line":48,"column":30}},"loc":{"start":{"line":48,"column":45},"end":{"line":50,"column":3}},"line":48},"5":{"name":"(anonymous_5)","decl":{"start":{"line":52,"column":21},"end":{"line":52,"column":22}},"loc":{"start":{"line":52,"column":67},"end":{"line":54,"column":3}},"line":52},"6":{"name":"(anonymous_6)","decl":{"start":{"line":56,"column":25},"end":{"line":56,"column":26}},"loc":{"start":{"line":56,"column":46},"end":{"line":61,"column":3}},"line":56},"7":{"name":"(anonymous_7)","decl":{"start":{"line":63,"column":28},"end":{"line":63,"column":29}},"loc":{"start":{"line":63,"column":49},"end":{"line":65,"column":3}},"line":63},"8":{"name":"(anonymous_8)","decl":{"start":{"line":67,"column":25},"end":{"line":67,"column":26}},"loc":{"start":{"line":67,"column":46},"end":{"line":69,"column":3}},"line":67},"9":{"name":"(anonymous_9)","decl":{"start":{"line":71,"column":18},"end":{"line":71,"column":19}},"loc":{"start":{"line":71,"column":39},"end":{"line":73,"column":3}},"line":71},"10":{"name":"(anonymous_10)","decl":{"start":{"line":75,"column":24},"end":{"line":75,"column":25}},"loc":{"start":{"line":75,"column":56},"end":{"line":83,"column":3}},"line":75},"11":{"name":"(anonymous_11)","decl":{"start":{"line":85,"column":26},"end":{"line":85,"column":27}},"loc":{"start":{"line":85,"column":47},"end":{"line":89,"column":3}},"line":85},"12":{"name":"(anonymous_12)","decl":{"start":{"line":91,"column":29},"end":{"line":91,"column":30}},"loc":{"start":{"line":91,"column":35},"end":{"line":145,"column":3}},"line":91},"13":{"name":"(anonymous_13)","decl":{"start":{"line":117,"column":19},"end":{"line":117,"column":20}},"loc":{"start":{"line":117,"column":25},"end":{"line":117,"column":49}},"line":117},"14":{"name":"(anonymous_14)","decl":{"start":{"line":159,"column":19},"end":{"line":159,"column":20}},"loc":{"start":{"line":159,"column":25},"end":{"line":159,"column":46}},"line":159},"15":{"name":"(anonymous_15)","decl":{"start":{"line":172,"column":23},"end":{"line":172,"column":24}},"loc":{"start":{"line":172,"column":29},"end":{"line":178,"column":15}},"line":172},"16":{"name":"(anonymous_16)","decl":{"start":{"line":187,"column":19},"end":{"line":187,"column":20}},"loc":{"start":{"line":187,"column":25},"end":{"line":187,"column":46}},"line":187},"17":{"name":"(anonymous_17)","decl":{"start":{"line":197,"column":22},"end":{"line":197,"column":23}},"loc":{"start":{"line":198,"column":10},"end":{"line":203,"column":16}},"line":198},"18":{"name":"(anonymous_18)","decl":{"start":{"line":217,"column":23},"end":{"line":217,"column":24}},"loc":{"start":{"line":217,"column":29},"end":{"line":217,"column":51}},"line":217},"19":{"name":"(anonymous_19)","decl":{"start":{"line":224,"column":23},"end":{"line":224,"column":24}},"loc":{"start":{"line":224,"column":29},"end":{"line":231,"column":15}},"line":224},"20":{"name":"(anonymous_20)","decl":{"start":{"line":237,"column":23},"end":{"line":237,"column":24}},"loc":{"start":{"line":237,"column":29},"end":{"line":244,"column":15}},"line":237}},"branchMap":{"0":{"loc":{"start":{"line":20,"column":2},"end":{"line":20,"column":16}},"type":"default-arg","locations":[{"start":{"line":20,"column":14},"end":{"line":20,"column":16}}],"line":20},"1":{"loc":{"start":{"line":21,"column":2},"end":{"line":21,"column":23}},"type":"default-arg","locations":[{"start":{"line":21,"column":21},"end":{"line":21,"column":23}}],"line":21},"2":{"loc":{"start":{"line":22,"column":2},"end":{"line":22,"column":20}},"type":"default-arg","locations":[{"start":{"line":22,"column":18},"end":{"line":22,"column":20}}],"line":22},"3":{"loc":{"start":{"line":23,"column":2},"end":{"line":23,"column":18}},"type":"default-arg","locations":[{"start":{"line":23,"column":14},"end":{"line":23,"column":18}}],"line":23},"4":{"loc":{"start":{"line":24,"column":2},"end":{"line":24,"column":21}},"type":"default-arg","locations":[{"start":{"line":24,"column":16},"end":{"line":24,"column":21}}],"line":24},"5":{"loc":{"start":{"line":27,"column":17},"end":{"line":27,"column":67}},"type":"cond-expr","locations":[{"start":{"line":27,"column":32},"end":{"line":27,"column":54}},{"start":{"line":27,"column":57},"end":{"line":27,"column":67}}],"line":27},"6":{"loc":{"start":{"line":35,"column":4},"end":{"line":41,"column":5}},"type":"if","locations":[{"start":{"line":35,"column":4},"end":{"line":41,"column":5}},{"start":{},"end":{}}],"line":35},"7":{"loc":{"start":{"line":38,"column":6},"end":{"line":40,"column":7}},"type":"if","locations":[{"start":{"line":38,"column":6},"end":{"line":40,"column":7}},{"start":{},"end":{}}],"line":38},"8":{"loc":{"start":{"line":57,"column":4},"end":{"line":57,"column":53}},"type":"if","locations":[{"start":{"line":57,"column":4},"end":{"line":57,"column":53}},{"start":{},"end":{}}],"line":57},"9":{"loc":{"start":{"line":58,"column":4},"end":{"line":58,"column":50}},"type":"if","locations":[{"start":{"line":58,"column":4},"end":{"line":58,"column":50}},{"start":{},"end":{}}],"line":58},"10":{"loc":{"start":{"line":58,"column":8},"end":{"line":58,"column":36}},"type":"binary-expr","locations":[{"start":{"line":58,"column":8},"end":{"line":58,"column":15}},{"start":{"line":58,"column":19},"end":{"line":58,"column":36}}],"line":58},"11":{"loc":{"start":{"line":59,"column":4},"end":{"line":59,"column":50}},"type":"if","locations":[{"start":{"line":59,"column":4},"end":{"line":59,"column":50}},{"start":{},"end":{}}],"line":59},"12":{"loc":{"start":{"line":59,"column":8},"end":{"line":59,"column":36}},"type":"binary-expr","locations":[{"start":{"line":59,"column":8},"end":{"line":59,"column":15}},{"start":{"line":59,"column":19},"end":{"line":59,"column":36}}],"line":59},"13":{"loc":{"start":{"line":77,"column":4},"end":{"line":81,"column":5}},"type":"if","locations":[{"start":{"line":77,"column":4},"end":{"line":81,"column":5}},{"start":{"line":79,"column":11},"end":{"line":81,"column":5}}],"line":77},"14":{"loc":{"start":{"line":86,"column":4},"end":{"line":88,"column":5}},"type":"if","locations":[{"start":{"line":86,"column":4},"end":{"line":88,"column":5}},{"start":{},"end":{}}],"line":86},"15":{"loc":{"start":{"line":112,"column":26},"end":{"line":112,"column":55}},"type":"binary-expr","locations":[{"start":{"line":112,"column":26},"end":{"line":112,"column":35}},{"start":{"line":112,"column":39},"end":{"line":112,"column":55}}],"line":112},"16":{"loc":{"start":{"line":121,"column":14},"end":{"line":129,"column":81}},"type":"cond-expr","locations":[{"start":{"line":122,"column":16},"end":{"line":122,"column":58}},{"start":{"line":123,"column":16},"end":{"line":129,"column":81}}],"line":121},"17":{"loc":{"start":{"line":123,"column":16},"end":{"line":129,"column":81}},"type":"cond-expr","locations":[{"start":{"line":124,"column":16},"end":{"line":124,"column":76}},{"start":{"line":125,"column":16},"end":{"line":129,"column":81}}],"line":123},"18":{"loc":{"start":{"line":125,"column":16},"end":{"line":129,"column":81}},"type":"cond-expr","locations":[{"start":{"line":126,"column":16},"end":{"line":126,"column":84}},{"start":{"line":127,"column":16},"end":{"line":129,"column":81}}],"line":125},"19":{"loc":{"start":{"line":127,"column":16},"end":{"line":129,"column":81}},"type":"cond-expr","locations":[{"start":{"line":128,"column":16},"end":{"line":128,"column":65}},{"start":{"line":129,"column":16},"end":{"line":129,"column":81}}],"line":127},"20":{"loc":{"start":{"line":131,"column":14},"end":{"line":131,"column":61}},"type":"cond-expr","locations":[{"start":{"line":131,"column":39},"end":{"line":131,"column":56}},{"start":{"line":131,"column":59},"end":{"line":131,"column":61}}],"line":131},"21":{"loc":{"start":{"line":131,"column":14},"end":{"line":131,"column":36}},"type":"binary-expr","locations":[{"start":{"line":131,"column":14},"end":{"line":131,"column":23}},{"start":{"line":131,"column":27},"end":{"line":131,"column":36}}],"line":131},"22":{"loc":{"start":{"line":134,"column":12},"end":{"line":136,"column":33}},"type":"cond-expr","locations":[{"start":{"line":134,"column":26},"end":{"line":134,"column":30}},{"start":{"line":135,"column":12},"end":{"line":136,"column":33}}],"line":134},"23":{"loc":{"start":{"line":135,"column":12},"end":{"line":136,"column":33}},"type":"cond-expr","locations":[{"start":{"line":135,"column":26},"end":{"line":135,"column":33}},{"start":{"line":136,"column":12},"end":{"line":136,"column":33}}],"line":135},"24":{"loc":{"start":{"line":136,"column":12},"end":{"line":136,"column":33}},"type":"cond-expr","locations":[{"start":{"line":136,"column":23},"end":{"line":136,"column":28}},{"start":{"line":136,"column":31},"end":{"line":136,"column":33}}],"line":136},"25":{"loc":{"start":{"line":170,"column":11},"end":{"line":183,"column":11}},"type":"binary-expr","locations":[{"start":{"line":170,"column":11},"end":{"line":170,"column":20}},{"start":{"line":171,"column":12},"end":{"line":182,"column":21}}],"line":170},"26":{"loc":{"start":{"line":175,"column":16},"end":{"line":177,"column":17}},"type":"if","locations":[{"start":{"line":175,"column":16},"end":{"line":177,"column":17}},{"start":{},"end":{}}],"line":175},"27":{"loc":{"start":{"line":213,"column":7},"end":{"line":251,"column":7}},"type":"binary-expr","locations":[{"start":{"line":213,"column":7},"end":{"line":213,"column":19}},{"start":{"line":214,"column":8},"end":{"line":250,"column":14}}],"line":213},"28":{"loc":{"start":{"line":228,"column":16},"end":{"line":230,"column":17}},"type":"if","locations":[{"start":{"line":228,"column":16},"end":{"line":230,"column":17}},{"start":{},"end":{}}],"line":228},"29":{"loc":{"start":{"line":241,"column":16},"end":{"line":243,"column":17}},"type":"if","locations":[{"start":{"line":241,"column":16},"end":{"line":243,"column":17}},{"start":{},"end":{}}],"line":241},"30":{"loc":{"start":{"line":254,"column":7},"end":{"line":278,"column":7}},"type":"binary-expr","locations":[{"start":{"line":254,"column":7},"end":{"line":254,"column":19}},{"start":{"line":254,"column":24},"end":{"line":254,"column":51}},{"start":{"line":254,"column":55},"end":{"line":254,"column":64}},{"start":{"line":255,"column":8},"end":{"line":277,"column":14}}],"line":254},"31":{"loc":{"start":{"line":259,"column":15},"end":{"line":264,"column":15}},"type":"binary-expr","locations":[{"start":{"line":259,"column":15},"end":{"line":259,"column":24}},{"start":{"line":260,"column":16},"end":{"line":263,"column":22}}],"line":259},"32":{"loc":{"start":{"line":265,"column":15},"end":{"line":270,"column":15}},"type":"binary-expr","locations":[{"start":{"line":265,"column":15},"end":{"line":265,"column":42}},{"start":{"line":266,"column":16},"end":{"line":269,"column":22}}],"line":265}},"s":{"0":0,"1":0,"2":0,"3":0,"4":0,"5":0,"6":0,"7":0,"8":0,"9":0,"10":0,"11":0,"12":0,"13":0,"14":0,"15":0,"16":0,"17":0,"18":0,"19":0,"20":0,"21":0,"22":0,"23":0,"24":0,"25":0,"26":0,"27":0,"28":0,"29":0,"30":0,"31":0,"32":0,"33":0,"34":0,"35":0,"36":0,"37":0,"38":0,"39":0,"40":0,"41":0,"42":0,"43":0,"44":0,"45":0,"46":0,"47":0,"48":0,"49":0,"50":0,"51":0,"52":0,"53":0,"54":0,"55":0,"56":0,"57":0,"58":0,"59":0,"60":0,"61":0,"62":0,"63":0,"64":0,"65":0,"66":0,"67":0,"68":0,"69":0,"70":0,"71":0,"72":0,"73":0,"74":0,"75":0,"76":0,"77":0,"78":0,"79":0},"f":{"0":0,"1":0,"2":0,"3":0,"4":0,"5":0,"6":0,"7":0,"8":0,"9":0,"10":0,"11":0,"12":0,"13":0,"14":0,"15":0,"16":0,"17":0,"18":0,"19":0,"20":0},"b":{"0":[0],"1":[0],"2":[0],"3":[0],"4":[0],"5":[0,0],"6":[0,0],"7":[0,0],"8":[0,0],"9":[0,0],"10":[0,0],"11":[0,0],"12":[0,0],"13":[0,0],"14":[0,0],"15":[0,0],"16":[0,0],"17":[0,0],"18":[0,0],"19":[0,0],"20":[0,0],"21":[0,0],"22":[0,0],"23":[0,0],"24":[0,0],"25":[0,0],"26":[0,0],"27":[0,0],"28":[0,0],"29":[0,0],"30":[0,0,0,0],"31":[0,0],"32":[0,0]}}
,"D:\\SummerVacationPlanning\\frontend\\src\\components\\Card.tsx": {"path":"D:\\SummerVacationPlanning\\frontend\\src\\components\\Card.tsx","statementMap":{"0":{"start":{"line":10,"column":34},"end":{"line":32,"column":1}},"1":{"start":{"line":16,"column":22},"end":{"line":16,"column":77}},"2":{"start":{"line":17,"column":23},"end":{"line":17,"column":57}},"3":{"start":{"line":18,"column":25},"end":{"line":18,"column":98}},"4":{"start":{"line":20,"column":26},"end":{"line":25,"column":29}},"5":{"start":{"line":27,"column":2},"end":{"line":31,"column":4}}},"fnMap":{"0":{"name":"(anonymous_0)","decl":{"start":{"line":10,"column":34},"end":{"line":10,"column":35}},"loc":{"start":{"line":15,"column":6},"end":{"line":32,"column":1}},"line":15}},"branchMap":{"0":{"loc":{"start":{"line":12,"column":2},"end":{"line":12,"column":16}},"type":"default-arg","locations":[{"start":{"line":12,"column":14},"end":{"line":12,"column":16}}],"line":12},"1":{"loc":{"start":{"line":14,"column":2},"end":{"line":14,"column":17}},"type":"default-arg","locations":[{"start":{"line":14,"column":12},"end":{"line":14,"column":17}}],"line":14},"2":{"loc":{"start":{"line":17,"column":23},"end":{"line":17,"column":57}},"type":"cond-expr","locations":[{"start":{"line":17,"column":33},"end":{"line":17,"column":52}},{"start":{"line":17,"column":55},"end":{"line":17,"column":57}}],"line":17},"3":{"loc":{"start":{"line":18,"column":25},"end":{"line":18,"column":98}},"type":"cond-expr","locations":[{"start":{"line":18,"column":35},"end":{"line":18,"column":93}},{"start":{"line":18,"column":96},"end":{"line":18,"column":98}}],"line":18}},"s":{"0":0,"1":0,"2":0,"3":0,"4":0,"5":0},"f":{"0":0},"b":{"0":[0],"1":[0],"2":[0,0],"3":[0,0]}}
,"D:\\SummerVacationPlanning\\frontend\\src\\components\\CelebrationModal.tsx": {"path":"D:\\SummerVacationPlanning\\frontend\\src\\components\\CelebrationModal.tsx","statementMap":{"0":{"start":{"line":14,"column":58},"end":{"line":156,"column":1}},"1":{"start":{"line":24,"column":40},"end":{"line":24,"column":55}},"2":{"start":{"line":26,"column":2},"end":{"line":36,"column":34}},"3":{"start":{"line":27,"column":4},"end":{"line":35,"column":5}},"4":{"start":{"line":28,"column":6},"end":{"line":28,"column":27}},"5":{"start":{"line":29,"column":20},"end":{"line":31,"column":18}},"6":{"start":{"line":30,"column":8},"end":{"line":30,"column":18}},"7":{"start":{"line":32,"column":6},"end":{"line":32,"column":39}},"8":{"start":{"line":32,"column":19},"end":{"line":32,"column":38}},"9":{"start":{"line":34,"column":6},"end":{"line":34,"column":28}},"10":{"start":{"line":38,"column":29},"end":{"line":46,"column":3}},"11":{"start":{"line":39,"column":21},"end":{"line":44,"column":5}},"12":{"start":{"line":45,"column":4},"end":{"line":45,"column":26}},"13":{"start":{"line":48,"column":28},"end":{"line":56,"column":3}},"14":{"start":{"line":49,"column":25},"end":{"line":54,"column":5}},"15":{"start":{"line":55,"column":4},"end":{"line":55,"column":30}},"16":{"start":{"line":58,"column":2},"end":{"line":58,"column":27}},"17":{"start":{"line":58,"column":15},"end":{"line":58,"column":27}},"18":{"start":{"line":60,"column":2},"end":{"line":155,"column":4}},"19":{"start":{"line":65,"column":10},"end":{"line":77,"column":12}}},"fnMap":{"0":{"name":"(anonymous_0)","decl":{"start":{"line":14,"column":58},"end":{"line":14,"column":59}},"loc":{"start":{"line":23,"column":6},"end":{"line":156,"column":1}},"line":23},"1":{"name":"(anonymous_1)","decl":{"start":{"line":26,"column":12},"end":{"line":26,"column":13}},"loc":{"start":{"line":26,"column":18},"end":{"line":36,"column":3}},"line":26},"2":{"name":"(anonymous_2)","decl":{"start":{"line":29,"column":31},"end":{"line":29,"column":32}},"loc":{"start":{"line":29,"column":37},"end":{"line":31,"column":7}},"line":29},"3":{"name":"(anonymous_3)","decl":{"start":{"line":32,"column":13},"end":{"line":32,"column":14}},"loc":{"start":{"line":32,"column":19},"end":{"line":32,"column":38}},"line":32},"4":{"name":"(anonymous_4)","decl":{"start":{"line":38,"column":29},"end":{"line":38,"column":30}},"loc":{"start":{"line":38,"column":35},"end":{"line":46,"column":3}},"line":38},"5":{"name":"(anonymous_5)","decl":{"start":{"line":48,"column":28},"end":{"line":48,"column":29}},"loc":{"start":{"line":48,"column":34},"end":{"line":56,"column":3}},"line":48},"6":{"name":"(anonymous_6)","decl":{"start":{"line":64,"column":36},"end":{"line":64,"column":37}},"loc":{"start":{"line":65,"column":10},"end":{"line":77,"column":12}},"line":65}},"branchMap":{"0":{"loc":{"start":{"line":20,"column":2},"end":{"line":20,"column":12}},"type":"default-arg","locations":[{"start":{"line":20,"column":11},"end":{"line":20,"column":12}}],"line":20},"1":{"loc":{"start":{"line":21,"column":2},"end":{"line":21,"column":14}},"type":"default-arg","locations":[{"start":{"line":21,"column":10},"end":{"line":21,"column":14}}],"line":21},"2":{"loc":{"start":{"line":22,"column":2},"end":{"line":22,"column":17}},"type":"default-arg","locations":[{"start":{"line":22,"column":13},"end":{"line":22,"column":17}}],"line":22},"3":{"loc":{"start":{"line":27,"column":4},"end":{"line":35,"column":5}},"type":"if","locations":[{"start":{"line":27,"column":4},"end":{"line":35,"column":5}},{"start":{"line":33,"column":11},"end":{"line":35,"column":5}}],"line":27},"4":{"loc":{"start":{"line":58,"column":2},"end":{"line":58,"column":27}},"type":"if","locations":[{"start":{"line":58,"column":2},"end":{"line":58,"column":27}},{"start":{},"end":{}}],"line":58},"5":{"loc":{"start":{"line":69,"column":16},"end":{"line":69,"column":67}},"type":"cond-expr","locations":[{"start":{"line":69,"column":30},"end":{"line":69,"column":47}},{"start":{"line":69,"column":50},"end":{"line":69,"column":67}}],"line":69},"6":{"loc":{"start":{"line":85,"column":12},"end":{"line":85,"column":50}},"type":"cond-expr","locations":[{"start":{"line":85,"column":26},"end":{"line":85,"column":45}},{"start":{"line":85,"column":48},"end":{"line":85,"column":50}}],"line":85},"7":{"loc":{"start":{"line":113,"column":9},"end":{"line":117,"column":9}},"type":"binary-expr","locations":[{"start":{"line":113,"column":9},"end":{"line":113,"column":19}},{"start":{"line":114,"column":10},"end":{"line":116,"column":16}}],"line":113}},"s":{"0":0,"1":0,"2":0,"3":0,"4":0,"5":0,"6":0,"7":0,"8":0,"9":0,"10":0,"11":0,"12":0,"13":0,"14":0,"15":0,"16":0,"17":0,"18":0,"19":0},"f":{"0":0,"1":0,"2":0,"3":0,"4":0,"5":0,"6":0},"b":{"0":[0],"1":[0],"2":[0],"3":[0,0],"4":[0,0],"5":[0,0],"6":[0,0],"7":[0,0]}}
,"D:\\SummerVacationPlanning\\frontend\\src\\components\\CoParentManagement.tsx": {"path":"D:\\SummerVacationPlanning\\frontend\\src\\components\\CoParentManagement.tsx","statementMap":{"0":{"start":{"line":26,"column":62},"end":{"line":345,"column":1}},"1":{"start":{"line":31,"column":19},"end":{"line":31,"column":28}},"2":{"start":{"line":32,"column":32},"end":{"line":32,"column":47}},"3":{"start":{"line":33,"column":28},"end":{"line":33,"column":48}},"4":{"start":{"line":34,"column":32},"end":{"line":34,"column":52}},"5":{"start":{"line":35,"column":40},"end":{"line":35,"column":55}},"6":{"start":{"line":36,"column":50},"end":{"line":36,"column":62}},"7":{"start":{"line":37,"column":64},"end":{"line":37,"column":116}},"8":{"start":{"line":40,"column":2},"end":{"line":48,"column":15}},"9":{"start":{"line":41,"column":4},"end":{"line":47,"column":5}},"10":{"start":{"line":42,"column":6},"end":{"line":42,"column":19}},"11":{"start":{"line":43,"column":6},"end":{"line":43,"column":21}},"12":{"start":{"line":44,"column":6},"end":{"line":44,"column":28}},"13":{"start":{"line":45,"column":6},"end":{"line":45,"column":30}},"14":{"start":{"line":46,"column":6},"end":{"line":46,"column":43}},"15":{"start":{"line":50,"column":28},"end":{"line":98,"column":3}},"16":{"start":{"line":51,"column":4},"end":{"line":54,"column":5}},"17":{"start":{"line":52,"column":6},"end":{"line":52,"column":29}},"18":{"start":{"line":53,"column":6},"end":{"line":53,"column":13}},"19":{"start":{"line":56,"column":4},"end":{"line":97,"column":5}},"20":{"start":{"line":57,"column":6},"end":{"line":57,"column":23}},"21":{"start":{"line":58,"column":6},"end":{"line":58,"column":19}},"22":{"start":{"line":68,"column":23},"end":{"line":76,"column":7}},"23":{"start":{"line":78,"column":6},"end":{"line":91,"column":7}},"24":{"start":{"line":79,"column":8},"end":{"line":79,"column":62}},"25":{"start":{"line":80,"column":8},"end":{"line":80,"column":30}},"26":{"start":{"line":81,"column":8},"end":{"line":81,"column":32}},"27":{"start":{"line":82,"column":8},"end":{"line":82,"column":45}},"28":{"start":{"line":85,"column":8},"end":{"line":88,"column":17}},"29":{"start":{"line":86,"column":10},"end":{"line":86,"column":25}},"30":{"start":{"line":87,"column":10},"end":{"line":87,"column":20}},"31":{"start":{"line":90,"column":8},"end":{"line":90,"column":45}},"32":{"start":{"line":93,"column":6},"end":{"line":93,"column":51}},"33":{"start":{"line":94,"column":6},"end":{"line":94,"column":46}},"34":{"start":{"line":96,"column":6},"end":{"line":96,"column":24}},"35":{"start":{"line":100,"column":31},"end":{"line":141,"column":3}},"36":{"start":{"line":101,"column":4},"end":{"line":101,"column":31}},"37":{"start":{"line":101,"column":24},"end":{"line":101,"column":31}},"38":{"start":{"line":103,"column":4},"end":{"line":105,"column":5}},"39":{"start":{"line":104,"column":6},"end":{"line":104,"column":13}},"40":{"start":{"line":107,"column":4},"end":{"line":140,"column":5}},"41":{"start":{"line":108,"column":6},"end":{"line":108,"column":23}},"42":{"start":{"line":109,"column":6},"end":{"line":109,"column":19}},"43":{"start":{"line":118,"column":23},"end":{"line":122,"column":7}},"44":{"start":{"line":124,"column":6},"end":{"line":134,"column":7}},"45":{"start":{"line":125,"column":8},"end":{"line":125,"column":45}},"46":{"start":{"line":128,"column":8},"end":{"line":131,"column":17}},"47":{"start":{"line":129,"column":10},"end":{"line":129,"column":25}},"48":{"start":{"line":130,"column":10},"end":{"line":130,"column":20}},"49":{"start":{"line":133,"column":8},"end":{"line":133,"column":45}},"50":{"start":{"line":136,"column":6},"end":{"line":136,"column":54}},"51":{"start":{"line":137,"column":6},"end":{"line":137,"column":46}},"52":{"start":{"line":139,"column":6},"end":{"line":139,"column":24}},"53":{"start":{"line":143,"column":2},"end":{"line":143,"column":27}},"54":{"start":{"line":143,"column":15},"end":{"line":143,"column":27}},"55":{"start":{"line":145,"column":2},"end":{"line":344,"column":4}},"56":{"start":{"line":218,"column":35},"end":{"line":218,"column":63}},"57":{"start":{"line":269,"column":41},"end":{"line":269,"column":76}},"58":{"start":{"line":282,"column":41},"end":{"line":282,"column":119}},"59":{"start":{"line":302,"column":26},"end":{"line":302,"column":48}},"60":{"start":{"line":303,"column":26},"end":{"line":303,"column":50}},"61":{"start":{"line":304,"column":26},"end":{"line":304,"column":39}}},"fnMap":{"0":{"name":"(anonymous_0)","decl":{"start":{"line":26,"column":62},"end":{"line":26,"column":63}},"loc":{"start":{"line":30,"column":6},"end":{"line":345,"column":1}},"line":30},"1":{"name":"(anonymous_1)","decl":{"start":{"line":40,"column":12},"end":{"line":40,"column":13}},"loc":{"start":{"line":40,"column":18},"end":{"line":48,"column":3}},"line":40},"2":{"name":"(anonymous_2)","decl":{"start":{"line":50,"column":28},"end":{"line":50,"column":29}},"loc":{"start":{"line":50,"column":40},"end":{"line":98,"column":3}},"line":50},"3":{"name":"(anonymous_3)","decl":{"start":{"line":85,"column":19},"end":{"line":85,"column":20}},"loc":{"start":{"line":85,"column":25},"end":{"line":88,"column":9}},"line":85},"4":{"name":"(anonymous_4)","decl":{"start":{"line":100,"column":31},"end":{"line":100,"column":32}},"loc":{"start":{"line":100,"column":83},"end":{"line":141,"column":3}},"line":100},"5":{"name":"(anonymous_5)","decl":{"start":{"line":128,"column":19},"end":{"line":128,"column":20}},"loc":{"start":{"line":128,"column":25},"end":{"line":131,"column":9}},"line":128},"6":{"name":"(anonymous_6)","decl":{"start":{"line":218,"column":29},"end":{"line":218,"column":30}},"loc":{"start":{"line":218,"column":35},"end":{"line":218,"column":63}},"line":218},"7":{"name":"(anonymous_7)","decl":{"start":{"line":269,"column":34},"end":{"line":269,"column":35}},"loc":{"start":{"line":269,"column":41},"end":{"line":269,"column":76}},"line":269},"8":{"name":"(anonymous_8)","decl":{"start":{"line":282,"column":34},"end":{"line":282,"column":35}},"loc":{"start":{"line":282,"column":41},"end":{"line":282,"column":119}},"line":282},"9":{"name":"(anonymous_9)","decl":{"start":{"line":301,"column":33},"end":{"line":301,"column":34}},"loc":{"start":{"line":301,"column":39},"end":{"line":305,"column":25}},"line":301}},"branchMap":{"0":{"loc":{"start":{"line":41,"column":4},"end":{"line":47,"column":5}},"type":"if","locations":[{"start":{"line":41,"column":4},"end":{"line":47,"column":5}},{"start":{},"end":{}}],"line":41},"1":{"loc":{"start":{"line":51,"column":4},"end":{"line":54,"column":5}},"type":"if","locations":[{"start":{"line":51,"column":4},"end":{"line":54,"column":5}},{"start":{},"end":{}}],"line":51},"2":{"loc":{"start":{"line":51,"column":8},"end":{"line":51,"column":50}},"type":"binary-expr","locations":[{"start":{"line":51,"column":8},"end":{"line":51,"column":22}},{"start":{"line":51,"column":26},"end":{"line":51,"column":50}}],"line":51},"3":{"loc":{"start":{"line":78,"column":6},"end":{"line":91,"column":7}},"type":"if","locations":[{"start":{"line":78,"column":6},"end":{"line":91,"column":7}},{"start":{"line":89,"column":13},"end":{"line":91,"column":7}}],"line":78},"4":{"loc":{"start":{"line":90,"column":17},"end":{"line":90,"column":43}},"type":"binary-expr","locations":[{"start":{"line":90,"column":17},"end":{"line":90,"column":31}},{"start":{"line":90,"column":35},"end":{"line":90,"column":43}}],"line":90},"5":{"loc":{"start":{"line":94,"column":15},"end":{"line":94,"column":44}},"type":"binary-expr","locations":[{"start":{"line":94,"column":15},"end":{"line":94,"column":28}},{"start":{"line":94,"column":32},"end":{"line":94,"column":44}}],"line":94},"6":{"loc":{"start":{"line":101,"column":4},"end":{"line":101,"column":31}},"type":"if","locations":[{"start":{"line":101,"column":4},"end":{"line":101,"column":31}},{"start":{},"end":{}}],"line":101},"7":{"loc":{"start":{"line":103,"column":4},"end":{"line":105,"column":5}},"type":"if","locations":[{"start":{"line":103,"column":4},"end":{"line":105,"column":5}},{"start":{},"end":{}}],"line":103},"8":{"loc":{"start":{"line":124,"column":6},"end":{"line":134,"column":7}},"type":"if","locations":[{"start":{"line":124,"column":6},"end":{"line":134,"column":7}},{"start":{"line":132,"column":13},"end":{"line":134,"column":7}}],"line":124},"9":{"loc":{"start":{"line":133,"column":17},"end":{"line":133,"column":43}},"type":"binary-expr","locations":[{"start":{"line":133,"column":17},"end":{"line":133,"column":31}},{"start":{"line":133,"column":35},"end":{"line":133,"column":43}}],"line":133},"10":{"loc":{"start":{"line":137,"column":15},"end":{"line":137,"column":44}},"type":"binary-expr","locations":[{"start":{"line":137,"column":15},"end":{"line":137,"column":28}},{"start":{"line":137,"column":32},"end":{"line":137,"column":44}}],"line":137},"11":{"loc":{"start":{"line":143,"column":2},"end":{"line":143,"column":27}},"type":"if","locations":[{"start":{"line":143,"column":2},"end":{"line":143,"column":27}},{"start":{},"end":{}}],"line":143},"12":{"loc":{"start":{"line":155,"column":15},"end":{"line":159,"column":15}},"type":"binary-expr","locations":[{"start":{"line":155,"column":15},"end":{"line":155,"column":28}},{"start":{"line":156,"column":16},"end":{"line":158,"column":20}}],"line":155},"13":{"loc":{"start":{"line":173,"column":11},"end":{"line":180,"column":11}},"type":"binary-expr","locations":[{"start":{"line":173,"column":11},"end":{"line":173,"column":16}},{"start":{"line":174,"column":12},"end":{"line":179,"column":18}}],"line":173},"14":{"loc":{"start":{"line":182,"column":11},"end":{"line":189,"column":11}},"type":"binary-expr","locations":[{"start":{"line":182,"column":11},"end":{"line":182,"column":18}},{"start":{"line":183,"column":12},"end":{"line":188,"column":18}}],"line":182},"15":{"loc":{"start":{"line":191,"column":11},"end":{"line":327,"column":11}},"type":"cond-expr","locations":[{"start":{"line":192,"column":12},"end":{"line":196,"column":18}},{"start":{"line":198,"column":12},"end":{"line":326,"column":15}}],"line":191},"16":{"loc":{"start":{"line":222,"column":21},"end":{"line":222,"column":52}},"type":"cond-expr","locations":[{"start":{"line":222,"column":35},"end":{"line":222,"column":41}},{"start":{"line":222,"column":44},"end":{"line":222,"column":52}}],"line":222},"17":{"loc":{"start":{"line":257,"column":15},"end":{"line":314,"column":15}},"type":"binary-expr","locations":[{"start":{"line":257,"column":15},"end":{"line":257,"column":26}},{"start":{"line":258,"column":16},"end":{"line":313,"column":22}}],"line":257},"18":{"loc":{"start":{"line":295,"column":34},"end":{"line":295,"column":69}},"type":"binary-expr","locations":[{"start":{"line":295,"column":34},"end":{"line":295,"column":41}},{"start":{"line":295,"column":45},"end":{"line":295,"column":69}}],"line":295},"19":{"loc":{"start":{"line":298,"column":25},"end":{"line":298,"column":52}},"type":"cond-expr","locations":[{"start":{"line":298,"column":35},"end":{"line":298,"column":43}},{"start":{"line":298,"column":46},"end":{"line":298,"column":52}}],"line":298}},"s":{"0":0,"1":0,"2":0,"3":0,"4":0,"5":0,"6":0,"7":0,"8":0,"9":0,"10":0,"11":0,"12":0,"13":0,"14":0,"15":0,"16":0,"17":0,"18":0,"19":0,"20":0,"21":0,"22":0,"23":0,"24":0,"25":0,"26":0,"27":0,"28":0,"29":0,"30":0,"31":0,"32":0,"33":0,"34":0,"35":0,"36":0,"37":0,"38":0,"39":0,"40":0,"41":0,"42":0,"43":0,"44":0,"45":0,"46":0,"47":0,"48":0,"49":0,"50":0,"51":0,"52":0,"53":0,"54":0,"55":0,"56":0,"57":0,"58":0,"59":0,"60":0,"61":0},"f":{"0":0,"1":0,"2":0,"3":0,"4":0,"5":0,"6":0,"7":0,"8":0,"9":0},"b":{"0":[0,0],"1":[0,0],"2":[0,0],"3":[0,0],"4":[0,0],"5":[0,0],"6":[0,0],"7":[0,0],"8":[0,0],"9":[0,0],"10":[0,0],"11":[0,0],"12":[0,0],"13":[0,0],"14":[0,0],"15":[0,0],"16":[0,0],"17":[0,0],"18":[0,0],"19":[0,0]}}
,"D:\\SummerVacationPlanning\\frontend\\src\\components\\DailyTaskCard.tsx": {"path":"D:\\SummerVacationPlanning\\frontend\\src\\components\\DailyTaskCard.tsx","statementMap":{"0":{"start":{"line":21,"column":52},"end":{"line":379,"column":1}},"1":{"start":{"line":27,"column":52},"end":{"line":27,"column":67}},"2":{"start":{"line":29,"column":25},"end":{"line":37,"column":3}},"3":{"start":{"line":30,"column":21},"end":{"line":35,"column":5}},"4":{"start":{"line":36,"column":4},"end":{"line":36,"column":116}},"5":{"start":{"line":39,"column":24},"end":{"line":47,"column":3}},"6":{"start":{"line":40,"column":20},"end":{"line":45,"column":5}},"7":{"start":{"line":46,"column":4},"end":{"line":46,"column":61}},"8":{"start":{"line":49,"column":25},"end":{"line":57,"column":3}},"9":{"start":{"line":50,"column":21},"end":{"line":55,"column":5}},"10":{"start":{"line":56,"column":4},"end":{"line":56,"column":61}},"11":{"start":{"line":59,"column":29},"end":{"line":65,"column":3}},"12":{"start":{"line":60,"column":4},"end":{"line":64,"column":5}},"13":{"start":{"line":61,"column":6},"end":{"line":61,"column":33}},"14":{"start":{"line":63,"column":6},"end":{"line":63,"column":67}},"15":{"start":{"line":67,"column":31},"end":{"line":75,"column":3}},"16":{"start":{"line":73,"column":4},"end":{"line":73,"column":146}},"17":{"start":{"line":74,"column":4},"end":{"line":74,"column":32}},"18":{"start":{"line":77,"column":21},"end":{"line":83,"column":3}},"19":{"start":{"line":78,"column":4},"end":{"line":78,"column":31}},"20":{"start":{"line":78,"column":21},"end":{"line":78,"column":31}},"21":{"start":{"line":79,"column":4},"end":{"line":82,"column":7}},"22":{"start":{"line":85,"column":2},"end":{"line":378,"column":4}},"23":{"start":{"line":212,"column":22},"end":{"line":224,"column":28}},"24":{"start":{"line":238,"column":18},"end":{"line":253,"column":24}},"25":{"start":{"line":316,"column":35},"end":{"line":316,"column":68}},"26":{"start":{"line":322,"column":35},"end":{"line":322,"column":66}},"27":{"start":{"line":333,"column":35},"end":{"line":333,"column":66}},"28":{"start":{"line":339,"column":35},"end":{"line":339,"column":64}},"29":{"start":{"line":348,"column":31},"end":{"line":348,"column":60}},"30":{"start":{"line":356,"column":33},"end":{"line":356,"column":55}},"31":{"start":{"line":371,"column":25},"end":{"line":371,"column":52}}},"fnMap":{"0":{"name":"(anonymous_0)","decl":{"start":{"line":21,"column":52},"end":{"line":21,"column":53}},"loc":{"start":{"line":26,"column":6},"end":{"line":379,"column":1}},"line":26},"1":{"name":"(anonymous_1)","decl":{"start":{"line":29,"column":25},"end":{"line":29,"column":26}},"loc":{"start":{"line":29,"column":45},"end":{"line":37,"column":3}},"line":29},"2":{"name":"(anonymous_2)","decl":{"start":{"line":39,"column":24},"end":{"line":39,"column":25}},"loc":{"start":{"line":39,"column":44},"end":{"line":47,"column":3}},"line":39},"3":{"name":"(anonymous_3)","decl":{"start":{"line":49,"column":25},"end":{"line":49,"column":26}},"loc":{"start":{"line":49,"column":45},"end":{"line":57,"column":3}},"line":49},"4":{"name":"(anonymous_4)","decl":{"start":{"line":59,"column":29},"end":{"line":59,"column":30}},"loc":{"start":{"line":59,"column":52},"end":{"line":65,"column":3}},"line":59},"5":{"name":"(anonymous_5)","decl":{"start":{"line":67,"column":31},"end":{"line":67,"column":32}},"loc":{"start":{"line":72,"column":8},"end":{"line":75,"column":3}},"line":72},"6":{"name":"(anonymous_6)","decl":{"start":{"line":77,"column":21},"end":{"line":77,"column":22}},"loc":{"start":{"line":77,"column":46},"end":{"line":83,"column":3}},"line":77},"7":{"name":"(anonymous_7)","decl":{"start":{"line":211,"column":49},"end":{"line":211,"column":50}},"loc":{"start":{"line":212,"column":22},"end":{"line":224,"column":28}},"line":212},"8":{"name":"(anonymous_8)","decl":{"start":{"line":237,"column":40},"end":{"line":237,"column":41}},"loc":{"start":{"line":238,"column":18},"end":{"line":253,"column":24}},"line":238},"9":{"name":"(anonymous_9)","decl":{"start":{"line":316,"column":29},"end":{"line":316,"column":30}},"loc":{"start":{"line":316,"column":35},"end":{"line":316,"column":68}},"line":316},"10":{"name":"(anonymous_10)","decl":{"start":{"line":322,"column":29},"end":{"line":322,"column":30}},"loc":{"start":{"line":322,"column":35},"end":{"line":322,"column":66}},"line":322},"11":{"name":"(anonymous_11)","decl":{"start":{"line":333,"column":29},"end":{"line":333,"column":30}},"loc":{"start":{"line":333,"column":35},"end":{"line":333,"column":66}},"line":333},"12":{"name":"(anonymous_12)","decl":{"start":{"line":339,"column":29},"end":{"line":339,"column":30}},"loc":{"start":{"line":339,"column":35},"end":{"line":339,"column":64}},"line":339},"13":{"name":"(anonymous_13)","decl":{"start":{"line":348,"column":25},"end":{"line":348,"column":26}},"loc":{"start":{"line":348,"column":31},"end":{"line":348,"column":60}},"line":348},"14":{"name":"(anonymous_14)","decl":{"start":{"line":356,"column":27},"end":{"line":356,"column":28}},"loc":{"start":{"line":356,"column":33},"end":{"line":356,"column":55}},"line":356},"15":{"name":"(anonymous_15)","decl":{"start":{"line":371,"column":19},"end":{"line":371,"column":20}},"loc":{"start":{"line":371,"column":25},"end":{"line":371,"column":52}},"line":371}},"branchMap":{"0":{"loc":{"start":{"line":25,"column":2},"end":{"line":25,"column":20}},"type":"default-arg","locations":[{"start":{"line":25,"column":16},"end":{"line":25,"column":20}}],"line":25},"1":{"loc":{"start":{"line":36,"column":11},"end":{"line":36,"column":115}},"type":"binary-expr","locations":[{"start":{"line":36,"column":11},"end":{"line":36,"column":52}},{"start":{"line":36,"column":56},"end":{"line":36,"column":115}}],"line":36},"2":{"loc":{"start":{"line":46,"column":11},"end":{"line":46,"column":60}},"type":"binary-expr","locations":[{"start":{"line":46,"column":11},"end":{"line":46,"column":50}},{"start":{"line":46,"column":54},"end":{"line":46,"column":60}}],"line":46},"3":{"loc":{"start":{"line":56,"column":11},"end":{"line":56,"column":60}},"type":"binary-expr","locations":[{"start":{"line":56,"column":11},"end":{"line":56,"column":52}},{"start":{"line":56,"column":56},"end":{"line":56,"column":60}}],"line":56},"4":{"loc":{"start":{"line":60,"column":4},"end":{"line":64,"column":5}},"type":"if","locations":[{"start":{"line":60,"column":4},"end":{"line":64,"column":5}},{"start":{"line":62,"column":11},"end":{"line":64,"column":5}}],"line":60},"5":{"loc":{"start":{"line":60,"column":8},"end":{"line":60,"column":69}},"type":"binary-expr","locations":[{"start":{"line":60,"column":8},"end":{"line":60,"column":33}},{"start":{"line":60,"column":37},"end":{"line":60,"column":69}}],"line":60},"6":{"loc":{"start":{"line":78,"column":4},"end":{"line":78,"column":31}},"type":"if","locations":[{"start":{"line":78,"column":4},"end":{"line":78,"column":31}},{"start":{},"end":{}}],"line":78},"7":{"loc":{"start":{"line":87,"column":141},"end":{"line":87,"column":200}},"type":"cond-expr","locations":[{"start":{"line":87,"column":176},"end":{"line":87,"column":195}},{"start":{"line":87,"column":198},"end":{"line":87,"column":200}}],"line":87},"8":{"loc":{"start":{"line":94,"column":28},"end":{"line":94,"column":63}},"type":"binary-expr","locations":[{"start":{"line":94,"column":28},"end":{"line":94,"column":52}},{"start":{"line":94,"column":56},"end":{"line":94,"column":63}}],"line":94},"9":{"loc":{"start":{"line":102,"column":19},"end":{"line":102,"column":50}},"type":"binary-expr","locations":[{"start":{"line":102,"column":19},"end":{"line":102,"column":40}},{"start":{"line":102,"column":44},"end":{"line":102,"column":50}}],"line":102},"10":{"loc":{"start":{"line":108,"column":19},"end":{"line":112,"column":19}},"type":"binary-expr","locations":[{"start":{"line":108,"column":19},"end":{"line":108,"column":40}},{"start":{"line":109,"column":20},"end":{"line":111,"column":27}}],"line":108},"11":{"loc":{"start":{"line":113,"column":19},"end":{"line":122,"column":19}},"type":"binary-expr","locations":[{"start":{"line":113,"column":19},"end":{"line":113,"column":37}},{"start":{"line":114,"column":20},"end":{"line":121,"column":27}}],"line":113},"12":{"loc":{"start":{"line":115,"column":22},"end":{"line":117,"column":51}},"type":"cond-expr","locations":[{"start":{"line":115,"column":54},"end":{"line":115,"column":79}},{"start":{"line":116,"column":22},"end":{"line":117,"column":51}}],"line":115},"13":{"loc":{"start":{"line":116,"column":22},"end":{"line":117,"column":51}},"type":"cond-expr","locations":[{"start":{"line":116,"column":56},"end":{"line":116,"column":87}},{"start":{"line":117,"column":22},"end":{"line":117,"column":51}}],"line":116},"14":{"loc":{"start":{"line":119,"column":23},"end":{"line":120,"column":66}},"type":"cond-expr","locations":[{"start":{"line":119,"column":55},"end":{"line":119,"column":58}},{"start":{"line":120,"column":23},"end":{"line":120,"column":66}}],"line":119},"15":{"loc":{"start":{"line":120,"column":23},"end":{"line":120,"column":66}},"type":"cond-expr","locations":[{"start":{"line":120,"column":57},"end":{"line":120,"column":60}},{"start":{"line":120,"column":63},"end":{"line":120,"column":66}}],"line":120},"16":{"loc":{"start":{"line":123,"column":19},"end":{"line":134,"column":19}},"type":"binary-expr","locations":[{"start":{"line":123,"column":19},"end":{"line":123,"column":43}},{"start":{"line":124,"column":20},"end":{"line":133,"column":27}}],"line":123},"17":{"loc":{"start":{"line":126,"column":25},"end":{"line":128,"column":76}},"type":"cond-expr","locations":[{"start":{"line":126,"column":66},"end":{"line":126,"column":70}},{"start":{"line":127,"column":25},"end":{"line":128,"column":76}}],"line":126},"18":{"loc":{"start":{"line":127,"column":25},"end":{"line":128,"column":76}},"type":"cond-expr","locations":[{"start":{"line":127,"column":68},"end":{"line":127,"column":72}},{"start":{"line":128,"column":25},"end":{"line":128,"column":76}}],"line":127},"19":{"loc":{"start":{"line":128,"column":25},"end":{"line":128,"column":76}},"type":"cond-expr","locations":[{"start":{"line":128,"column":66},"end":{"line":128,"column":70}},{"start":{"line":128,"column":73},"end":{"line":128,"column":76}}],"line":128},"20":{"loc":{"start":{"line":130,"column":23},"end":{"line":132,"column":75}},"type":"cond-expr","locations":[{"start":{"line":130,"column":64},"end":{"line":130,"column":68}},{"start":{"line":131,"column":23},"end":{"line":132,"column":75}}],"line":130},"21":{"loc":{"start":{"line":131,"column":23},"end":{"line":132,"column":75}},"type":"cond-expr","locations":[{"start":{"line":131,"column":66},"end":{"line":131,"column":70}},{"start":{"line":132,"column":23},"end":{"line":132,"column":75}}],"line":131},"22":{"loc":{"start":{"line":132,"column":23},"end":{"line":132,"column":75}},"type":"cond-expr","locations":[{"start":{"line":132,"column":64},"end":{"line":132,"column":68}},{"start":{"line":132,"column":71},"end":{"line":132,"column":75}}],"line":132},"23":{"loc":{"start":{"line":135,"column":19},"end":{"line":139,"column":19}},"type":"binary-expr","locations":[{"start":{"line":135,"column":19},"end":{"line":135,"column":40}},{"start":{"line":136,"column":20},"end":{"line":138,"column":27}}],"line":135},"24":{"loc":{"start":{"line":145,"column":15},"end":{"line":165,"column":15}},"type":"cond-expr","locations":[{"start":{"line":146,"column":16},"end":{"line":150,"column":22}},{"start":{"line":151,"column":18},"end":{"line":165,"column":15}}],"line":145},"25":{"loc":{"start":{"line":145,"column":15},"end":{"line":145,"column":89}},"type":"binary-expr","locations":[{"start":{"line":145,"column":15},"end":{"line":145,"column":47}},{"start":{"line":145,"column":51},"end":{"line":145,"column":89}}],"line":145},"26":{"loc":{"start":{"line":147,"column":55},"end":{"line":147,"column":82}},"type":"binary-expr","locations":[{"start":{"line":147,"column":55},"end":{"line":147,"column":77}},{"start":{"line":147,"column":81},"end":{"line":147,"column":82}}],"line":147},"27":{"loc":{"start":{"line":151,"column":18},"end":{"line":165,"column":15}},"type":"cond-expr","locations":[{"start":{"line":152,"column":16},"end":{"line":156,"column":22}},{"start":{"line":158,"column":16},"end":{"line":164,"column":22}}],"line":151},"28":{"loc":{"start":{"line":151,"column":18},"end":{"line":151,"column":93}},"type":"binary-expr","locations":[{"start":{"line":151,"column":18},"end":{"line":151,"column":50}},{"start":{"line":151,"column":54},"end":{"line":151,"column":93}}],"line":151},"29":{"loc":{"start":{"line":159,"column":55},"end":{"line":159,"column":108}},"type":"binary-expr","locations":[{"start":{"line":159,"column":55},"end":{"line":159,"column":77}},{"start":{"line":159,"column":81},"end":{"line":159,"column":103}},{"start":{"line":159,"column":107},"end":{"line":159,"column":108}}],"line":159},"30":{"loc":{"start":{"line":161,"column":19},"end":{"line":163,"column":19}},"type":"binary-expr","locations":[{"start":{"line":161,"column":19},"end":{"line":161,"column":51}},{"start":{"line":161,"column":55},"end":{"line":161,"column":94}},{"start":{"line":162,"column":20},"end":{"line":162,"column":61}}],"line":161},"31":{"loc":{"start":{"line":168,"column":15},"end":{"line":172,"column":15}},"type":"binary-expr","locations":[{"start":{"line":168,"column":15},"end":{"line":168,"column":36}},{"start":{"line":168,"column":40},"end":{"line":168,"column":65}},{"start":{"line":169,"column":16},"end":{"line":171,"column":22}}],"line":168},"32":{"loc":{"start":{"line":175,"column":15},"end":{"line":179,"column":15}},"type":"binary-expr","locations":[{"start":{"line":175,"column":15},"end":{"line":175,"column":36}},{"start":{"line":176,"column":16},"end":{"line":178,"column":22}}],"line":175},"33":{"loc":{"start":{"line":182,"column":15},"end":{"line":186,"column":15}},"type":"binary-expr","locations":[{"start":{"line":182,"column":15},"end":{"line":182,"column":54}},{"start":{"line":182,"column":58},"end":{"line":182,"column":81}},{"start":{"line":183,"column":16},"end":{"line":185,"column":22}}],"line":182},"34":{"loc":{"start":{"line":191,"column":11},"end":{"line":195,"column":11}},"type":"binary-expr","locations":[{"start":{"line":191,"column":11},"end":{"line":191,"column":38}},{"start":{"line":192,"column":12},"end":{"line":194,"column":16}}],"line":191},"35":{"loc":{"start":{"line":198,"column":11},"end":{"line":230,"column":11}},"type":"binary-expr","locations":[{"start":{"line":198,"column":12},"end":{"line":198,"column":34}},{"start":{"line":198,"column":39},"end":{"line":198,"column":62}},{"start":{"line":198,"column":66},"end":{"line":198,"column":100}},{"start":{"line":199,"column":12},"end":{"line":229,"column":18}}],"line":198},"36":{"loc":{"start":{"line":204,"column":17},"end":{"line":208,"column":17}},"type":"binary-expr","locations":[{"start":{"line":204,"column":17},"end":{"line":204,"column":39}},{"start":{"line":205,"column":18},"end":{"line":207,"column":24}}],"line":204},"37":{"loc":{"start":{"line":209,"column":17},"end":{"line":227,"column":17}},"type":"binary-expr","locations":[{"start":{"line":209,"column":17},"end":{"line":209,"column":40}},{"start":{"line":209,"column":44},"end":{"line":209,"column":78}},{"start":{"line":210,"column":18},"end":{"line":226,"column":24}}],"line":209},"38":{"loc":{"start":{"line":213,"column":25},"end":{"line":223,"column":25}},"type":"cond-expr","locations":[{"start":{"line":214,"column":26},"end":{"line":217,"column":32}},{"start":{"line":219,"column":26},"end":{"line":222,"column":32}}],"line":213},"39":{"loc":{"start":{"line":233,"column":11},"end":{"line":257,"column":11}},"type":"binary-expr","locations":[{"start":{"line":233,"column":11},"end":{"line":233,"column":29}},{"start":{"line":233,"column":33},"end":{"line":233,"column":62}},{"start":{"line":234,"column":12},"end":{"line":256,"column":18}}],"line":233},"40":{"loc":{"start":{"line":239,"column":21},"end":{"line":241,"column":21}},"type":"binary-expr","locations":[{"start":{"line":239,"column":21},"end":{"line":239,"column":45}},{"start":{"line":240,"column":22},"end":{"line":240,"column":81}}],"line":239},"41":{"loc":{"start":{"line":242,"column":21},"end":{"line":252,"column":21}},"type":"binary-expr","locations":[{"start":{"line":242,"column":22},"end":{"line":242,"column":47}},{"start":{"line":242,"column":51},"end":{"line":242,"column":76}},{"start":{"line":242,"column":80},"end":{"line":242,"column":105}},{"start":{"line":243,"column":22},"end":{"line":251,"column":24}}],"line":242},"42":{"loc":{"start":{"line":246,"column":32},"end":{"line":246,"column":128}},"type":"cond-expr","locations":[{"start":{"line":246,"column":60},"end":{"line":246,"column":72}},{"start":{"line":246,"column":75},"end":{"line":246,"column":128}}],"line":246},"43":{"loc":{"start":{"line":246,"column":75},"end":{"line":246,"column":128}},"type":"cond-expr","locations":[{"start":{"line":246,"column":103},"end":{"line":246,"column":114}},{"start":{"line":246,"column":117},"end":{"line":246,"column":128}}],"line":246},"44":{"loc":{"start":{"line":247,"column":32},"end":{"line":247,"column":152}},"type":"binary-expr","locations":[{"start":{"line":247,"column":32},"end":{"line":247,"column":49}},{"start":{"line":247,"column":53},"end":{"line":247,"column":152}}],"line":247},"45":{"loc":{"start":{"line":247,"column":73},"end":{"line":247,"column":150}},"type":"cond-expr","locations":[{"start":{"line":247,"column":101},"end":{"line":247,"column":106}},{"start":{"line":247,"column":109},"end":{"line":247,"column":150}}],"line":247},"46":{"loc":{"start":{"line":247,"column":109},"end":{"line":247,"column":150}},"type":"cond-expr","locations":[{"start":{"line":247,"column":137},"end":{"line":247,"column":142}},{"start":{"line":247,"column":145},"end":{"line":247,"column":150}}],"line":247},"47":{"loc":{"start":{"line":260,"column":11},"end":{"line":265,"column":11}},"type":"binary-expr","locations":[{"start":{"line":260,"column":11},"end":{"line":260,"column":26}},{"start":{"line":261,"column":12},"end":{"line":264,"column":18}}],"line":260},"48":{"loc":{"start":{"line":268,"column":11},"end":{"line":308,"column":11}},"type":"binary-expr","locations":[{"start":{"line":268,"column":11},"end":{"line":268,"column":43}},{"start":{"line":269,"column":12},"end":{"line":307,"column":18}}],"line":268},"49":{"loc":{"start":{"line":276,"column":20},"end":{"line":280,"column":80}},"type":"cond-expr","locations":[{"start":{"line":277,"column":24},"end":{"line":277,"column":77}},{"start":{"line":278,"column":24},"end":{"line":280,"column":80}}],"line":276},"50":{"loc":{"start":{"line":278,"column":24},"end":{"line":280,"column":80}},"type":"cond-expr","locations":[{"start":{"line":279,"column":24},"end":{"line":279,"column":71}},{"start":{"line":280,"column":24},"end":{"line":280,"column":80}}],"line":278},"51":{"loc":{"start":{"line":282,"column":21},"end":{"line":286,"column":34}},"type":"cond-expr","locations":[{"start":{"line":283,"column":24},"end":{"line":283,"column":33}},{"start":{"line":284,"column":24},"end":{"line":286,"column":34}}],"line":282},"52":{"loc":{"start":{"line":284,"column":24},"end":{"line":286,"column":34}},"type":"cond-expr","locations":[{"start":{"line":285,"column":24},"end":{"line":285,"column":33}},{"start":{"line":286,"column":24},"end":{"line":286,"column":34}}],"line":284},"53":{"loc":{"start":{"line":288,"column":19},"end":{"line":292,"column":19}},"type":"binary-expr","locations":[{"start":{"line":288,"column":19},"end":{"line":288,"column":40}},{"start":{"line":288,"column":44},"end":{"line":288,"column":69}},{"start":{"line":289,"column":20},"end":{"line":291,"column":27}}],"line":288},"54":{"loc":{"start":{"line":294,"column":17},"end":{"line":300,"column":17}},"type":"binary-expr","locations":[{"start":{"line":294,"column":17},"end":{"line":294,"column":40}},{"start":{"line":295,"column":18},"end":{"line":299,"column":24}}],"line":294},"55":{"loc":{"start":{"line":301,"column":17},"end":{"line":305,"column":17}},"type":"binary-expr","locations":[{"start":{"line":301,"column":17},"end":{"line":301,"column":37}},{"start":{"line":302,"column":18},"end":{"line":304,"column":24}}],"line":301},"56":{"loc":{"start":{"line":311,"column":11},"end":{"line":364,"column":11}},"type":"binary-expr","locations":[{"start":{"line":311,"column":11},"end":{"line":311,"column":22}},{"start":{"line":311,"column":26},"end":{"line":311,"column":58}},{"start":{"line":312,"column":12},"end":{"line":363,"column":18}}],"line":311},"57":{"loc":{"start":{"line":313,"column":15},"end":{"line":328,"column":15}},"type":"binary-expr","locations":[{"start":{"line":313,"column":15},"end":{"line":313,"column":45}},{"start":{"line":314,"column":16},"end":{"line":327,"column":19}}],"line":313},"58":{"loc":{"start":{"line":330,"column":15},"end":{"line":345,"column":15}},"type":"binary-expr","locations":[{"start":{"line":330,"column":15},"end":{"line":330,"column":49}},{"start":{"line":331,"column":16},"end":{"line":344,"column":19}}],"line":330},"59":{"loc":{"start":{"line":354,"column":15},"end":{"line":362,"column":15}},"type":"binary-expr","locations":[{"start":{"line":354,"column":15},"end":{"line":354,"column":23}},{"start":{"line":355,"column":16},"end":{"line":361,"column":25}}],"line":354},"60":{"loc":{"start":{"line":369,"column":7},"end":{"line":376,"column":7}},"type":"binary-expr","locations":[{"start":{"line":369,"column":7},"end":{"line":369,"column":24}},{"start":{"line":369,"column":28},"end":{"line":369,"column":42}},{"start":{"line":370,"column":8},"end":{"line":375,"column":10}}],"line":369}},"s":{"0":1,"1":12,"2":12,"3":24,"4":24,"5":12,"6":12,"7":12,"8":12,"9":12,"10":12,"11":12,"12":3,"13":1,"14":2,"15":12,"16":0,"17":0,"18":12,"19":0,"20":0,"21":0,"22":12,"23":1,"24":0,"25":1,"26":2,"27":0,"28":0,"29":0,"30":1,"31":0},"f":{"0":12,"1":24,"2":12,"3":12,"4":3,"5":0,"6":0,"7":1,"8":0,"9":1,"10":2,"11":0,"12":0,"13":0,"14":1,"15":0},"b":{"0":[12],"1":[24,0],"2":[12,0],"3":[12,0],"4":[1,2],"5":[3,2],"6":[0,0],"7":[4,8],"8":[12,0],"9":[12,0],"10":[12,0],"11":[12,0],"12":[0,0],"13":[0,0],"14":[0,0],"15":[0,0],"16":[12,0],"17":[0,0],"18":[0,0],"19":[0,0],"20":[0,0],"21":[0,0],"22":[0,0],"23":[12,0],"24":[1,11],"25":[12,4],"26":[1,0],"27":[0,11],"28":[11,3],"29":[11,0,0],"30":[11,3,1],"31":[12,1,1],"32":[12,0],"33":[12,0,0],"34":[12,12],"35":[12,10,0,2],"36":[2,2],"37":[2,1,1],"38":[1,0],"39":[12,0,0],"40":[0,0],"41":[0,0,0,0],"42":[0,0],"43":[0,0],"44":[0,0],"45":[0,0],"46":[0,0],"47":[12,0],"48":[12,4],"49":[1,3],"50":[0,3],"51":[1,3],"52":[0,3],"53":[4,1,1],"54":[4,1],"55":[4,1],"56":[12,12,8],"57":[8,7],"58":[8,1],"59":[8,8],"60":[12,1,1]},"_coverageSchema":"1a1c01bbd47fc00a2c39e90264f33305004495a9","hash":"59f15db55f0d3e2e37305dfe4428c892d996da78"}
,"D:\\SummerVacationPlanning\\frontend\\src\\components\\DailyTaskCheckIn.tsx": {"path":"D:\\SummerVacationPlanning\\frontend\\src\\components\\DailyTaskCheckIn.tsx","statementMap":{"0":{"start":{"line":13,"column":58},"end":{"line":543,"column":1}},"1":{"start":{"line":18,"column":19},"end":{"line":18,"column":28}},"2":{"start":{"line":19,"column":38},"end":{"line":19,"column":63}},"3":{"start":{"line":20,"column":32},"end":{"line":20,"column":47}},"4":{"start":{"line":21,"column":28},"end":{"line":21,"column":48}},"5":{"start":{"line":22,"column":44},"end":{"line":22,"column":76}},"6":{"start":{"line":23,"column":42},"end":{"line":23,"column":74}},"7":{"start":{"line":24,"column":52},"end":{"line":24,"column":67}},"8":{"start":{"line":25,"column":42},"end":{"line":25,"column":65}},"9":{"start":{"line":26,"column":30},"end":{"line":26,"column":78}},"10":{"start":{"line":27,"column":48},"end":{"line":31,"column":63}},"11":{"start":{"line":33,"column":24},"end":{"line":39,"column":3}},"12":{"start":{"line":41,"column":24},"end":{"line":41,"column":54}},"13":{"start":{"line":43,"column":2},"end":{"line":46,"column":21}},"14":{"start":{"line":44,"column":4},"end":{"line":44,"column":21}},"15":{"start":{"line":45,"column":4},"end":{"line":45,"column":26}},"16":{"start":{"line":48,"column":30},"end":{"line":63,"column":3}},"17":{"start":{"line":49,"column":4},"end":{"line":62,"column":5}},"18":{"start":{"line":51,"column":25},"end":{"line":51,"column":60}},"19":{"start":{"line":52,"column":23},"end":{"line":52,"column":59}},"20":{"start":{"line":53,"column":6},"end":{"line":59,"column":7}},"21":{"start":{"line":54,"column":8},"end":{"line":58,"column":11}},"22":{"start":{"line":61,"column":6},"end":{"line":61,"column":63}},"23":{"start":{"line":65,"column":25},"end":{"line":78,"column":3}},"24":{"start":{"line":66,"column":4},"end":{"line":77,"column":5}},"25":{"start":{"line":67,"column":6},"end":{"line":67,"column":23}},"26":{"start":{"line":68,"column":6},"end":{"line":68,"column":19}},"27":{"start":{"line":69,"column":25},"end":{"line":69,"column":60}},"28":{"start":{"line":70,"column":23},"end":{"line":70,"column":77}},"29":{"start":{"line":71,"column":6},"end":{"line":71,"column":61}},"30":{"s
[...]
":21},"end":{"line":49,"column":33}},"11":{"start":{"line":52,"column":17},"end":{"line":52,"column":30}},"12":{"start":{"line":53,"column":2},"end":{"line":53,"column":74}},"13":{"start":{"line":54,"column":2},"end":{"line":54,"column":30}},"14":{"start":{"line":57,"column":17},"end":{"line":57,"column":33}},"15":{"start":{"line":58,"column":2},"end":{"line":58,"column":39}},"16":{"start":{"line":59,"column":2},"end":{"line":59,"column":35}},"17":{"start":{"line":62,"column":21},"end":{"line":62,"column":42}},"18":{"start":{"line":64,"column":2},"end":{"line":69,"column":4}},"19":{"start":{"line":75,"column":29},"end":{"line":85,"column":1}},"20":{"start":{"line":76,"column":17},"end":{"line":76,"column":41}},"21":{"start":{"line":77,"column":20},"end":{"line":77,"column":43}},"22":{"start":{"line":78,"column":2},"end":{"line":78,"column":51}},"23":{"start":{"line":79,"column":24},"end":{"line":79,"column":40}},"24":{"start":{"line":80,"column":2},"end":{"line":80,"column":24}},"25":{"start":{"line":81,"column":2},"end":{"line":83,"column":3}},"26":{"start":{"line":82,"column":4},"end":{"line":82,"column":60}},"27":{"start":{"line":84,"column":2},"end":{"line":84,"column":71}},"28":{"start":{"line":90,"column":30},"end":{"line":156,"column":1}},"29":{"start":{"line":91,"column":14},"end":{"line":91,"column":24}},"30":{"start":{"line":92,"column":16},"end":{"line":92,"column":74}},"31":{"start":{"line":94,"column":2},"end":{"line":155,"column":3}},"32":{"start":{"line":96,"column":6},"end":{"line":103,"column":8}},"33":{"start":{"line":106,"column":19},"end":{"line":106,"column":35}},"34":{"start":{"line":107,"column":6},"end":{"line":114,"column":8}},"35":{"start":{"line":118,"column":25},"end":{"line":118,"column":75}},"36":{"start":{"line":119,"column":23},"end":{"line":119,"column":77}},"37":{"start":{"line":120,"column":6},"end":{"line":127,"column":8}},"38":{"start":{"line":131,"column":24},"end":{"line":131,"column":59}},"39":{"start":{"line":132,"column":22},"end":{"line":132,"column":59}},"40":{"start":{"line":133,"column":6},"end":{"line":140,"column":8}},"41":{"start":{"line":144,"column":6},"end":{"line":151,"column":8}},"42":{"start":{"line":154,"column":6},"end":{"line":154,"column":36}},"43":{"start":{"line":161,"column":39},"end":{"line":164,"column":1}},"44":{"start":{"line":162,"column":2},"end":{"line":162,"column":28}},"45":{"start":{"line":162,"column":19},"end":{"line":162,"column":28}},"46":{"start":{"line":163,"column":2},"end":{"line":163,"column":47}},"47":{"start":{"line":169,"column":32},"end":{"line":173,"column":1}},"48":{"start":{"line":170,"column":2},"end":{"line":170,"column":36}},"49":{"start":{"line":170,"column":27},"end":{"line":170,"column":36}},"50":{"start":{"line":171,"column":14},"end":{"line":171,"column":55}},"51":{"start":{"line":171,"column":42},"end":{"line":171,"column":51}},"52":{"start":{"line":172,"column":2},"end":{"line":172,"column":41}},"53":{"start":{"line":178,"column":28},"end":{"line":180,"column":1}},"54":{"start":{"line":179,"column":2},"end":{"line":179,"column":40}},"55":{"start":{"line":185,"column":39},"end":{"line":216,"column":1}},"56":{"start":{"line":191,"column":21},"end":{"line":191,"column":44}},"57":{"start":{"line":192,"column":14},"end":{"line":192,"column":15}},"58":{"start":{"line":193,"column":22},"end":{"line":193,"column":35}},"59":{"start":{"line":195,"column":2},"end":{"line":202,"column":3}},"60":{"start":{"line":196,"column":4},"end":{"line":199,"column":5}},"61":{"start":{"line":197,"column":6},"end":{"line":197,"column":14}},"62":{"start":{"line":198,"column":6},"end":{"line":198,"column":15}},"63":{"start":{"line":200,"column":4},"end":{"line":200,"column":30}},"64":{"start":{"line":201,"column":4},"end":{"line":201,"column":10}},"65":{"start":{"line":204,"column":2},"end":{"line":206,"column":3}},"66":{"start":{"line":205,"column":4},"end":{"line":205,"column":54}},"67":{"start":{"line":208,"column":26},"end":{"line":208,"column":75}},"68":{"start":{"line":210,"column":2},"end":{"line":215,"column":4}},"69":{"start":{"line":221,"column":29},"end":{"line":224,"column":1}},"70":{"start":{"line":222,"column":20},"end":{"line":222,"column":70}},"71":{"start":{"line":223,"column":2},"end":{"line":223,"column":60}},"72":{"start":{"line":229,"column":42},"end":{"line":247,"column":1}},"73":{"start":{"line":230,"column":21},"end":{"line":230,"column":70}},"74":{"start":{"line":231,"column":16},"end":{"line":231,"column":26}},"75":{"start":{"line":232,"column":19},"end":{"line":232,"column":57}},"76":{"start":{"line":233,"column":19},"end":{"line":233,"column":63}},"77":{"start":{"line":235,"column":2},"end":{"line":235,"column":34}},"78":{"start":{"line":235,"column":22},"end":{"line":235,"column":34}},"79":{"start":{"line":236,"column":2},"end":{"line":236,"column":34}},"80":{"start":{"line":236,"column":22},"end":{"line":236,"column":34}},"81":{"start":{"line":237,"column":2},"end":{"line":237,"column":34}},"82":{"start":{"line":237,"column":22},"end":{"line":237,"column":34}},"83":{"start":{"line":238,"column":2},"end":{"line":238,"column":60}},"84":{"start":{"line":238,"column":37},"end":{"line":238,"column":60}},"85":{"start":{"line":239,"column":2},"end":{"line":239,"column":50}},"86":{"start":{"line":239,"column":20},"end":{"line":239,"column":50}},"87":{"start":{"line":242,"column":2},"end":{"line":242,"column":35}},"88":{"start":{"line":242,"column":23},"end":{"line":242,"column":35}},"89":{"start":{"line":243,"column":2},"end":{"line":243,"column":35}},"90":{"start":{"line":243,"column":23},"end":{"line":243,"column":35}},"91":{"start":{"line":244,"column":2},"end":{"line":244,"column":53}},"92":{"start":{"line":244,"column":20},"end":{"line":244,"column":53}},"93":{"start":{"line":246,"column":2},"end":{"line":246,"column":32}},"94":{"start":{"line":252,"column":39},"end":{"line":270,"column":1}},"95":{"start":{"line":259,"column":21},"end":{"line":259,"column":61}},"96":{"start":{"line":260,"column":20},"end":{"line":260,"column":49}},"97":{"start":{"line":261,"column":20},"end":{"line":261,"column":37}},"98":{"start":{"line":263,"column":2},"end":{"line":269,"column":4}},"99":{"start":{"line":275,"column":27},"end":{"line":286,"column":1}},"100":{"start":{"line":278,"column":2},"end":{"line":285,"column":32}},"101":{"start":{"line":279,"column":20},"end":{"line":279,"column":85}},"102":{"start":{"line":280,"column":4},"end":{"line":282,"column":5}},"103":{"start":{"line":281,"column":6},"end":{"line":281,"column":27}},"104":{"start":{"line":283,"column":4},"end":{"line":283,"column":31}},"105":{"start":{"line":284,"column":4},"end":{"line":284,"column":18}},"106":{"start":{"line":291,"column":34},"end":{"line":335,"column":1}},"107":{"start":{"line":296,"column":27},"end":{"line":296,"column":29}},"108":{"start":{"line":297,"column":25},"end":{"line":297,"column":27}},"109":{"start":{"line":300,"column":24},"end":{"line":300,"column":66}},"110":{"start":{"line":301,"column":2},"end":{"line":311,"column":5}},"111":{"start":{"line":302,"column":4},"end":{"line":310,"column":5}},"112":{"start":{"line":303,"column":18},"end":{"line":303,"column":38}},"113":{"start":{"line":304,"column":6},"end":{"line":309,"column":7}},"114":{"start":{"line":305,"column":8},"end":{"line":305,"column":62}},"115":{"start":{"line":306,"column":8},"end":{"line":306,"column":29}},"116":{"start":{"line":308,"column":8},"end":{"line":308,"column":43}},"117":{"start":{"line":314,"column":21},"end":{"line":314,"column":53}},"118":{"start":{"line":315,"column":2},"end":{"line":328,"column":5}},"119":{"start":{"line":316,"column":4},"end":{"line":327,"column":5}},"120":{"start":{"line":317,"column":6},"end":{"line":326,"column":7}},"121":{"start":{"line":318,"column":21},"end":{"line":318,"column":104}},"122":{"start":{"line":319,"column":8},"end":{"line":323,"column":9}},"123":{"start":{"line":320,"column":10},"end":{"line":320,"column":54}},"124":{"start":{"line":322,"column":10},"end":{"line":322,"column":46}},"125":{"start":{"line":325,"column":8},"end":{"line":325,"column":52}},"126":{"start":{"line":330,"column":2},"end":{"line":334,"column":4}}},"fnMap":{"0":{"name":"(anonymous_0)","decl":{"start":{"line":28,"column":26},"end":{"line":28,"column":27}},"loc":{"start":{"line":28,"column":50},"end":{"line":33,"column":1}},"line":28},"1":{"name":"(anonymous_1)","decl":{"start":{"line":38,"column":25},"end":{"line":38,"column":26}},"loc":{"start":{"line":38,"column":55},"end":{"line":41,"column":1}},"line":38},"2":{"name":"(anonymous_2)","decl":{"start":{"line":47,"column":30},"end":{"line":47,"column":31}},"loc":{"start":{"line":47,"column":66},"end":{"line":70,"column":1}},"line":47},"3":{"name":"(anonymous_3)","decl":{"start":{"line":75,"column":29},"end":{"line":75,"column":30}},"loc":{"start":{"line":75,"column":53},"end":{"line":85,"column":1}},"line":75},"4":{"name":"(anonymous_4)","decl":{"start":{"line":90,"column":30},"end":{"line":90,"column":31}},"loc":{"start":{"line":90,"column":99},"end":{"line":156,"column":1}},"line":90},"5":{"name":"(anonymous_5)","decl":{"start":{"line":161,"column":39},"end":{"line":161,"column":40}},"loc":{"start":{"line":161,"column":85},"end":{"line":164,"column":1}},"line":161},"6":{"name":"(anonymous_6)","decl":{"start":{"line":169,"column":32},"end":{"line":169,"column":33}},"loc":{"start":{"line":169,"column":62},"end":{"line":173,"column":1}},"line":169},"7":{"name":"(anonymous_7)","decl":{"start":{"line":171,"column":28},"end":{"line":171,"column":29}},"loc":{"start":{"line":171,"column":42},"end":{"line":171,"column":51}},"line":171},"8":{"name":"(anonymous_8)","decl":{"start":{"line":178,"column":28},"end":{"line":178,"column":29}},"loc":{"start":{"line":178,"column":56},"end":{"line":180,"column":1}},"line":178},"9":{"name":"(anonymous_9)","decl":{"start":{"line":185,"column":39},"end":{"line":185,"column":40}},"loc":{"start":{"line":190,"column":5},"end":{"line":216,"column":1}},"line":190},"10":{"name":"(anonymous_10)","decl":{"start":{"line":221,"column":29},"end":{"line":221,"column":30}},"loc":{"start":{"line":221,"column":81},"end":{"line":224,"column":1}},"line":221},"11":{"name":"(anonymous_11)","decl":{"start":{"line":229,"column":42},"end":{"line":229,"column":43}},"loc":{"start":{"line":229,"column":75},"end":{"line":247,"column":1}},"line":229},"12":{"name":"(anonymous_12)","decl":{"start":{"line":252,"column":39},"end":{"line":252,"column":40}},"loc":{"start":{"line":258,"column":5},"end":{"line":270,"column":1}},"line":258},"13":{"name":"(anonymous_13)","decl":{"start":{"line":275,"column":27},"end":{"line":275,"column":28}},"loc":{"start":{"line":277,"column":26},"end":{"line":286,"column":1}},"line":277},"14":{"name":"(anonymous_14)","decl":{"start":{"line":278,"column":22},"end":{"line":278,"column":23}},"loc":{"start":{"line":278,"column":40},"end":{"line":285,"column":3}},"line":278},"15":{"name":"(anonymous_15)","decl":{"start":{"line":291,"column":34},"end":{"line":291,"column":35}},"loc":{"start":{"line":295,"column":5},"end":{"line":335,"column":1}},"line":295},"16":{"name":"(anonymous_16)","decl":{"start":{"line":301,"column":24},"end":{"line":301,"column":25}},"loc":{"start":{"line":301,"column":33},"end":{"line":311,"column":3}},"line":301},"17":{"name":"(anonymous_17)","decl":{"start":{"line":315,"column":21},"end":{"line":315,"column":22}},"loc":{"start":{"line":315,"column":30},"end":{"line":328,"column":3}},"line":315}},"branchMap":{"0":{"loc":{"start":{"line":48,"column":14},"end":{"line":48,"column":41}},"type":"binary-expr","locations":[{"start":{"line":48,"column":14},"end":{"line":48,"column":27}},{"start":{"line":48,"column":31},"end":{"line":48,"column":41}}],"line":48},"1":{"loc":{"start":{"line":53,"column":34},"end":{"line":53,"column":71}},"type":"cond-expr","locations":[{"start":{"line":53,"column":53},"end":{"line":53,"column":54}},{"start":{"line":53,"column":57},"end":{"line":53,"column":71}}],"line":53},"2":{"loc":{"start":{"line":81,"column":2},"end":{"line":83,"column":3}},"type":"if","locations":[{"start":{"line":81,"column":2},"end":{"line":83,"column":3}},{"start":{},"end":{}}],"line":81},"3":{"loc":{"start":{"line":94,"column":2},"end":{"line":155,"column":3}},"type":"switch","locations":[{"start":{"line":95,"column":4},"end":{"line":103,"column":8}},{"start":{"line":105,"column":4},"end":{"line":115,"column":5}},{"start":{"line":117,"column":4},"end":{"line":128,"column":5}},{"start":{"line":130,"column":4},"end":{"line":141,"column":5}},{"start":{"line":143,"column":4},"end":{"line":151,"column":8}},{"start":{"line":153,"column":4},"end":{"line":154,"column":36}}],"line":94},"4":{"loc":{"start":{"line":147,"column":19},"end":{"line":150,"column":9}},"type":"binary-expr","locations":[{"start":{"line":147,"column":19},"end":{"line":147,"column":30}},{"start":{"line":147,"column":34},"end":{"line":150,"column":9}}],"line":147},"5":{"loc":{"start":{"line":162,"column":2},"end":{"line":162,"column":28}},"type":"if","locations":[{"start":{"line":162,"column":2},"end":{"line":162,"column":28}},{"start":{},"end":{}}],"line":162},"6":{"loc":{"start":{"line":170,"column":2},"end":{"line":170,"column":36}},"type":"if","locations":[{"start":{"line":170,"column":2},"end":{"line":170,"column":36}},{"start":{},"end":{}}],"line":170},"7":{"loc":{"start":{"line":196,"column":4},"end":{"line":199,"column":5}},"type":"if","locations":[{"start":{"line":196,"column":4},"end":{"line":199,"column":5}},{"start":{},"end":{}}],"line":196},"8":{"loc":{"start":{"line":204,"column":2},"end":{"line":206,"column":3}},"type":"if","locations":[{"start":{"line":204,"column":2},"end":{"line":206,"column":3}},{"start":{},"end":{}}],"line":204},"9":{"loc":{"start":{"line":222,"column":20},"end":{"line":222,"column":70}},"type":"cond-expr","locations":[{"start":{"line":222,"column":47},"end":{"line":222,"column":51}},{"start":{"line":222,"column":54},"end":{"line":222,"column":70}}],"line":222},"10":{"loc":{"start":{"line":223,"column":9},"end":{"line":223,"column":59}},"type":"binary-expr","locations":[{"start":{"line":223,"column":9},"end":{"line":223,"column":33}},{"start":{"line":223,"column":37},"end":{"line":223,"column":59}}],"line":223},"11":{"loc":{"start":{"line":230,"column":21},"end":{"line":230,"column":70}},"type":"cond-expr","locations":[{"start":{"line":230,"column":48},"end":{"line":230,"column":63}},{"start":{"line":230,"column":66},"end":{"line":230,"column":70}}],"line":230},"12":{"loc":{"start":{"line":235,"column":2},"end":{"line":235,"column":34}},"type":"if","locations":[{"start":{"line":235,"column":2},"end":{"line":235,"column":34}},{"start":{},"end":{}}],"line":235},"13":{"loc":{"start":{"line":236,"column":2},"end":{"line":236,"column":34}},"type":"if","locations":[{"start":{"line":236,"column":2},"end":{"line":236,"column":34}},{"start":{},"end":{}}],"line":236},"14":{"loc":{"start":{"line":237,"column":2},"end":{"line":237,"column":34}},"type":"if","locations":[{"start":{"line":237,"column":2},"end":{"line":237,"column":34}},{"start":{},"end":{}}],"line":237},"15":{"loc":{"start":{"line":238,"column":2},"end":{"line":238,"column":60}},"type":"if","locations":[{"start":{"line":238,"column":2},"end":{"line":238,"column":60}},{"start":{},"end":{}}],"line":238},"16":{"loc":{"start":{"line":238,"column":6},"end":{"line":238,"column":35}},"type":"binary-expr","locations":[{"start":{"line":238,"column":6},"end":{"line":238,"column":18}},{"start":{"line":238,"column":22},"end":{"line":238,"column":35}}],"line":238},"17":{"loc":{"start":{"line":239,"column":2},"end":{"line":239,"column":50}},"type":"if","locations":[{"start":{"line":239,"column":2},"end":{"line":239,"column":50}},{"start":{},"end":{}}],"line":239},"18":{"loc":{"start":{"line":242,"column":2},"end":{"line":242,"column":35}},"type":"if","locations":[{"start":{"line":242,"column":2},"end":{"line":242,"column":35}},{"start":{},"end":{}}],"line":242},"19":{"loc":{"start":{"line":243,"column":2},"end":{"line":243,"column":35}},"type":"if","locations":[{"start":{"line":243,"column":2},"end":{"line":243,"column":35}},{"start":{},"end":{}}],"line":243},"20":{"loc":{"start":{"line":244,"column":2},"end":{"line":244,"column":53}},"type":"if","locations":[{"start":{"line":244,"column":2},"end":{"line":244,"column":53}},{"start":{},"end":{}}],"line":244},"21":{"loc":{"start":{"line":252,"column":59},"end":{"line":252,"column":75}},"type":"default-arg","locations":[{"start":{"line":252,"column":74},"end":{"line":252,"column":75}}],"line":252},"22":{"loc":{"start":{"line":279,"column":20},"end":{"line":279,"column":85}},"type":"cond-expr","locations":[{"start":{"line":279,"column":52},"end":{"line":279,"column":61}},{"start":{"line":279,"column":64},"end":{"line":279,"column":85}}],"line":279},"23":{"loc":{"start":{"line":280,"column":4},"end":{"line":282,"column":5}},"type":"if","locations":[{"start":{"line":280,"column":4},"end":{"line":282,"column":5}},{"start":{},"end":{}}],"line":280},"24":{"loc":{"start":{"line":302,"column":4},"end":{"line":310,"column":5}},"type":"if","locations":[{"start":{"line":302,"column":4},"end":{"line":310,"column":5}},{"start":{},"end":{}}],"line":302},"25":{"loc":{"start":{"line":304,"column":6},"end":{"line":309,"column":7}},"type":"if","locations":[{"start":{"line":304,"column":6},"end":{"line":309,"column":7}},{"start":{"line":307,"column":13},"end":{"line":309,"column":7}}],"line":304},"26":{"loc":{"start":{"line":304,"column":10},"end":{"line":304,"column":31}},"type":"binary-expr","locations":[{"start":{"line":304,"column":10},"end":{"line":304,"column":20}},{"start":{"line":304,"column":24},"end":{"line":304,"column":31}}],"line":304},"27":{"loc":{"start":{"line":316,"column":4},"end":{"line":327,"column":5}},"type":"if","locations":[{"start":{"line":316,"column":4},"end":{"line":327,"column":5}},{"start":{},"end":{}}],"line":316},"28":{"loc":{"start":{"line":318,"column":21},"end":{"line":318,"column":104}},"type":"cond-expr","locations":[{"start":{"line":318,"column":56},"end":{"line":318,"column":79}},{"start":{"line":318,"column":82},"end":{"line":318,"column":104}}],"line":318},"29":{"loc":{"start":{"line":319,"column":8},"end":{"line":323,"column":9}},"type":"if","locations":[{"start":{"line":319,"column":8},"end":{"line":323,"column":9}},{"start":{"line":321,"column":15},"end":{"line":323,"column":9}}],"line":319}},"s":{"0":1,"1":1027,"2":1027,"3":1027,"4":1027,"5":1,"6":2,"7":2,"8":1,"9":1006,"10":1006,"11":1006,"12":1006,"13":1006,"14":1006,"15":1006,"16":1006,"17":1006,"18":1006,"19":1,"20":1007,"21":1007,"22":1007,"23":1007,"24":1007,"25":1007,"26":1007,"27":1007,"28":1,"29":10,"30":10,"31":10,"32":1,"33":2,"34":2,"35":3,"36":3,"37":3,"38":2,"39":2,"40":2,"41":1,"42":1,"43":1,"44":8,"45":2,"46":6,"47":1,"48":7,"49":1,"50":6,"51":10011,"52":6,"53":1,"54":5,"55":1,"56":6,"57":6,"58":6,"59":6,"60":19,"61":14,"62":14,"63":5,"64":5,"65":6,"66":1,"67":6,"68":6,"69":1,"70":0,"71":0,"72":1,"73":0,"74":0,"75":0,"76":0,"77":0,"78":0,"79":0,"80":0,"81":0,"82":0,"83":0,"84":0,"85":0,"86":0,"87":0,"88":0,"89":0,"90":0,"91":0,"92":0,"93":0,"94":1,"95":0,"96":0,"97":0,"98":0,"99":1,"100":0,"101":0,"102":0,"103":0,"104":0,"105":0,"106":1,"107":0,"108":0,"109":0,"110":0,"111":0,"112":0,"113":0,"114":0,"115":0,"116":0,"117":0,"118":0,"119":0,"120":0,"121":0,"122":0,"123":0,"124":0,"125":0,"126":0},"f":{"0":1027,"1":2,"2":1006,"3":1007,"4":10,"5":8,"6":7,"7":10011,"8":5,"9":6,"10":0,"11":0,"12":0,"13":0,"14":0,"15":0,"16":0,"17":0},"b":{"0":[1006,3],"1":[130,876],"2":[1007,0],"3":[1,2,3,2,1,1],"4":[1,0],"5":[2,6],"6":[1,6],"7":[14,5],"8":[1,5],"9":[0,0],"10":[0,0],"11":[0,0],"12":[0,0],"13":[0,0],"14":[0,0],"15":[0,0],"16":[0,0],"17":[0,0],"18":[0,0],"19":[0,0],"20":[0,0],"21":[0],"22":[0,0],"23":[0,0],"24":[0,0],"25":[0,0],"26":[0,0],"27":[0,0],"28":[0,0],"29":[0,0]},"_coverageSchema":"1a1c01bbd47fc00a2c39e90264f33305004495a9","hash":"c1e08a87231d2efd99a3b88715bafc110e46d3bb"}
}
