{"/mnt/d/SummerVacationPlanning/frontend/src/App.tsx": {"path":"/mnt/d/SummerVacationPlanning/frontend/src/App.tsx","statementMap":{"0":{"start":{"line":15,"column":29},"end":{"line":92,"column":1}},"1":{"start":{"line":16,"column":28},"end":{"line":16,"column":37}},"2":{"start":{"line":18,"column":2},"end":{"line":27,"column":3}},"3":{"start":{"line":19,"column":4},"end":{"line":26,"column":6}},"4":{"start":{"line":29,"column":2},"end":{"line":91,"column":4}},"5":{"start":{"line":95,"column":2},"end":{"line":103,"column":4}}},"fnMap":{"0":{"name":"(anonymous_0)","decl":{"start":{"line":15,"column":29},"end":{"line":15,"column":30}},"loc":{"start":{"line":15,"column":35},"end":{"line":92,"column":1}},"line":15},"1":{"name":"App","decl":{"start":{"line":94,"column":9},"end":{"line":94,"column":12}},"loc":{"start":{"line":94,"column":15},"end":{"line":104,"column":1}},"line":94}},"branchMap":{"0":{"loc":{"start":{"line":18,"column":2},"end":{"line":27,"column":3}},"type":"if","locations":[{"start":{"line":18,"column":2},"end":{"line":27,"column":3}},{"start":{},"end":{}}],"line":18},"1":{"loc":{"start":{"line":33,"column":17},"end":{"line":33,"column":144}},"type":"cond-expr","locations":[{"start":{"line":33,"column":24},"end":{"line":33,"column":109}},{"start":{"line":33,"column":112},"end":{"line":33,"column":144}}],"line":33},"2":{"loc":{"start":{"line":33,"column":38},"end":{"line":33,"column":97}},"type":"cond-expr","locations":[{"start":{"line":33,"column":63},"end":{"line":33,"column":82}},{"start":{"line":33,"column":85},"end":{"line":33,"column":97}}],"line":33},"3":{"loc":{"start":{"line":37,"column":17},"end":{"line":37,"column":121}},"type":"cond-expr","locations":[{"start":{"line":37,"column":24},"end":{"line":37,"column":109}},{"start":{"line":37,"column":112},"end":{"line":37,"column":121}}],"line":37},"4":{"loc":{"start":{"line":37,"column":38},"end":{"line":37,"column":97}},"type":"cond-expr","locations":[{"start":{"line":37,"column":63},"end":{"line":37,"column":82}},{"start":{"line":37,"column":85},"end":{"line":37,"column":97}}],"line":37},"5":{"loc":{"start":{"line":41,"column":17},"end":{"line":41,"column":124}},"type":"cond-expr","locations":[{"start":{"line":41,"column":24},"end":{"line":41,"column":109}},{"start":{"line":41,"column":112},"end":{"line":41,"column":124}}],"line":41},"6":{"loc":{"start":{"line":41,"column":38},"end":{"line":41,"column":97}},"type":"cond-expr","locations":[{"start":{"line":41,"column":63},"end":{"line":41,"column":82}},{"start":{"line":41,"column":85},"end":{"line":41,"column":97}}],"line":41}},"s":{"0":0,"1":0,"2":0,"3":0,"4":0,"5":0},"f":{"0":0,"1":0},"b":{"0":[0,0],"1":[0,0],"2":[0,0],"3":[0,0],"4":[0,0],"5":[0,0],"6":[0,0]}}
,"/mnt/d/SummerVacationPlanning/frontend/src/index.tsx": {"path":"/mnt/d/SummerVacationPlanning/frontend/src/index.tsx","statementMap":{"0":{"start":{"line":7,"column":13},"end":{"line":9,"column":1}},"1":{"start":{"line":10,"column":0},"end":{"line":14,"column":2}},"2":{"start":{"line":19,"column":0},"end":{"line":19,"column":18}}},"fnMap":{},"branchMap":{},"s":{"0":0,"1":0,"2":0},"f":{},"b":{}}
,"/mnt/d/SummerVacationPlanning/frontend/src/reportWebVitals.ts": {"path":"/mnt/d/SummerVacationPlanning/frontend/src/reportWebVitals.ts","statementMap":{"0":{"start":{"line":3,"column":24},"end":{"line":13,"column":1}},"1":{"start":{"line":4,"column":2},"end":{"line":12,"column":3}},"2":{"start":{"line":5,"column":4},"end":{"line":11,"column":7}},"3":{"start":{"line":6,"column":6},"end":{"line":6,"column":26}},"4":{"start":{"line":7,"column":6},"end":{"line":7,"column":26}},"5":{"start":{"line":8,"column":6},"end":{"line":8,"column":26}},"6":{"start":{"line":9,"column":6},"end":{"line":9,"column":26}},"7":{"start":{"line":10,"column":6},"end":{"line":10,"column":27}}},"fnMap":{"0":{"name":"(anonymous_0)","decl":{"start":{"line":3,"column":24},"end":{"line":3,"column":25}},"loc":{"start":{"line":3,"column":57},"end":{"line":13,"column":1}},"line":3},"1":{"name":"(anonymous_1)","decl":{"start":{"line":5,"column":30},"end":{"line":5,"column":31}},"loc":{"start":{"line":5,"column":79},"end":{"line":11,"column":5}},"line":5}},"branchMap":{"0":{"loc":{"start":{"line":4,"column":2},"end":{"line":12,"column":3}},"type":"if","locations":[{"start":{"line":4,"column":2},"end":{"line":12,"column":3}},{"start":{},"end":{}}],"line":4},"1":{"loc":{"start":{"line":4,"column":6},"end":{"line":4,"column":52}},"type":"binary-expr","locations":[{"start":{"line":4,"column":6},"end":{"line":4,"column":17}},{"start":{"line":4,"column":21},"end":{"line":4,"column":52}}],"line":4}},"s":{"0":0,"1":0,"2":0,"3":0,"4":0,"5":0,"6":0,"7":0},"f":{"0":0,"1":0},"b":{"0":[0,0],"1":[0,0]}}
,"/mnt/d/SummerVacationPlanning/frontend/src/components/AchievementBadge.tsx": {"path":"/mnt/d/SummerVacationPlanning/frontend/src/components/AchievementBadge.tsx","statementMap":{"0":{"start":{"line":18,"column":58},"end":{"line":175,"column":1}},"1":{"start":{"line":32,"column":23},"end":{"line":42,"column":3}},"2":{"start":{"line":33,"column":91},"end":{"line":40,"column":5}},"3":{"start":{"line":41,"column":4},"end":{"line":41,"column":26}},"4":{"start":{"line":44,"column":23},"end":{"line":52,"column":3}},"5":{"start":{"line":45,"column":91},"end":{"line":50,"column":5}},"6":{"start":{"line":51,"column":4},"end":{"line":51,"column":43}},"7":{"start":{"line":54,"column":25},"end":{"line":61,"column":3}},"8":{"start":{"line":55,"column":20},"end":{"line":59,"column":5}},"9":{"start":{"line":60,"column":4},"end":{"line":60,"column":25}},"10":{"start":{"line":63,"column":24},"end":{"line":77,"column":3}},"11":{"start":{"line":64,"column":18},"end":{"line":64,"column":20}},"12":{"start":{"line":65,"column":4},"end":{"line":75,"column":5}},"13":{"start":{"line":65,"column":17},"end":{"line":65,"column":18}},"14":{"start":{"line":66,"column":6},"end":{"line":74,"column":8}},"15":{"start":{"line":76,"column":4},"end":{"line":76,"column":17}},"16":{"start":{"line":79,"column":29},"end":{"line":79,"column":74}},"17":{"start":{"line":80,"column":20},"end":{"line":80,"column":34}},"18":{"start":{"line":82,"column":2},"end":{"line":174,"column":4}}},"fnMap":{"0":{"name":"(anonymous_0)","decl":{"start":{"line":18,"column":58},"end":{"line":18,"column":59}},"loc":{"start":{"line":31,"column":6},"end":{"line":175,"column":1}},"line":31},"1":{"name":"(anonymous_1)","decl":{"start":{"line":32,"column":23},"end":{"line":32,"column":24}},"loc":{"start":{"line":32,"column":29},"end":{"line":42,"column":3}},"line":32},"2":{"name":"(anonymous_2)","decl":{"start":{"line":44,"column":23},"end":{"line":44,"column":24}},"loc":{"start":{"line":44,"column":29},"end":{"line":52,"column":3}},"line":44},"3":{"name":"(anonymous_3)","decl":{"start":{"line":54,"column":25},"end":{"line":54,"column":26}},"loc":{"start":{"line":54,"column":31},"end":{"line":61,"column":3}},"line":54},"4":{"name":"(anonymous_4)","decl":{"start":{"line":63,"column":24},"end":{"line":63,"column":25}},"loc":{"start":{"line":63,"column":30},"end":{"line":77,"column":3}},"line":63}},"branchMap":{"0":{"loc":{"start":{"line":24,"column":2},"end":{"line":24,"column":14}},"type":"default-arg","locations":[{"start":{"line":24,"column":13},"end":{"line":24,"column":14}}],"line":24},"1":{"loc":{"start":{"line":25,"column":2},"end":{"line":25,"column":19}},"type":"default-arg","locations":[{"start":{"line":25,"column":16},"end":{"line":25,"column":19}}],"line":25},"2":{"loc":{"start":{"line":26,"column":2},"end":{"line":26,"column":13}},"type":"default-arg","locations":[{"start":{"line":26,"column":9},"end":{"line":26,"column":13}}],"line":26},"3":{"loc":{"start":{"line":27,"column":2},"end":{"line":27,"column":21}},"type":"default-arg","locations":[{"start":{"line":27,"column":17},"end":{"line":27,"column":21}}],"line":27},"4":{"loc":{"start":{"line":28,"column":2},"end":{"line":28,"column":16}},"type":"default-arg","locations":[{"start":{"line":28,"column":14},"end":{"line":28,"column":16}}],"line":28},"5":{"loc":{"start":{"line":51,"column":20},"end":{"line":51,"column":41}},"type":"binary-expr","locations":[{"start":{"line":51,"column":20},"end":{"line":51,"column":29}},{"start":{"line":51,"column":33},"end":{"line":51,"column":41}}],"line":51},"6":{"loc":{"start":{"line":94,"column":12},"end":{"line":96,"column":36}},"type":"cond-expr","locations":[{"start":{"line":95,"column":14},"end":{"line":95,"column":68}},{"start":{"line":96,"column":14},"end":{"line":96,"column":36}}],"line":94},"7":{"loc":{"start":{"line":101,"column":47},"end":{"line":101,"column":82}},"type":"cond-expr","locations":[{"start":{"line":101,"column":60},"end":{"line":101,"column":77}},{"start":{"line":101,"column":80},"end":{"line":101,"column":82}}],"line":101},"8":{"loc":{"start":{"line":106,"column":9},"end":{"line":110,"column":9}},"type":"binary-expr","locations":[{"start":{"line":106,"column":9},"end":{"line":106,"column":20}},{"start":{"line":107,"column":10},"end":{"line":109,"column":16}}],"line":106},"9":{"loc":{"start":{"line":113,"column":9},"end":{"line":117,"column":9}},"type":"binary-expr","locations":[{"start":{"line":113,"column":9},"end":{"line":113,"column":18}},{"start":{"line":113,"column":22},"end":{"line":113,"column":32}},{"start":{"line":113,"column":36},"end":{"line":113,"column":47}},{"start":{"line":114,"column":10},"end":{"line":116,"column":16}}],"line":113},"10":{"loc":{"start":{"line":120,"column":9},"end":{"line":124,"column":9}},"type":"binary-expr","locations":[{"start":{"line":120,"column":9},"end":{"line":120,"column":19}},{"start":{"line":120,"column":23},"end":{"line":120,"column":33}},{"start":{"line":121,"column":10},"end":{"line":123,"column":16}}],"line":120},"11":{"loc":{"start":{"line":127,"column":9},"end":{"line":129,"column":9}},"type":"binary-expr","locations":[{"start":{"line":127,"column":9},"end":{"line":127,"column":19}},{"start":{"line":128,"column":10},"end":{"line":128,"column":143}}],"line":127},"12":{"loc":{"start":{"line":134,"column":36},"end":{"line":134,"column":82}},"type":"cond-expr","locations":[{"start":{"line":134,"column":49},"end":{"line":134,"column":64}},{"start":{"line":134,"column":67},"end":{"line":134,"column":82}}],"line":134},"13":{"loc":{"start":{"line":137,"column":33},"end":{"line":137,"column":79}},"type":"cond-expr","locations":[{"start":{"line":137,"column":46},"end":{"line":137,"column":61}},{"start":{"line":137,"column":64},"end":{"line":137,"column":79}}],"line":137},"14":{"loc":{"start":{"line":143,"column":7},"end":{"line":147,"column":7}},"type":"binary-expr","locations":[{"start":{"line":143,"column":7},"end":{"line":143,"column":16}},{"start":{"line":143,"column":20},"end":{"line":143,"column":30}},{"start":{"line":144,"column":8},"end":{"line":146,"column":14}}],"line":143},"15":{"loc":{"start":{"line":150,"column":7},"end":{"line":162,"column":7}},"type":"binary-expr","locations":[{"start":{"line":150,"column":7},"end":{"line":150,"column":18}},{"start":{"line":150,"column":22},"end":{"line":150,"column":34}},{"start":{"line":150,"column":38},"end":{"line":150,"column":53}},{"start":{"line":151,"column":8},"end":{"line":161,"column":14}}],"line":150},"16":{"loc":{"start":{"line":165,"column":7},"end":{"line":172,"column":7}},"type":"binary-expr","locations":[{"start":{"line":165,"column":7},"end":{"line":165,"column":17}},{"start":{"line":166,"column":8},"end":{"line":171,"column":11}}],"line":165}},"s":{"0":1,"1":13,"2":13,"3":13,"4":13,"5":13,"6":13,"7":13,"8":13,"9":13,"10":13,"11":9,"12":9,"13":9,"14":11,"15":9,"16":13,"17":13,"18":13},"f":{"0":13,"1":13,"2":13,"3":13,"4":9},"b":{"0":[10],"1":[10],"2":[11],"3":[11],"4":[12],"5":[13,13],"6":[9,4],"7":[9,4],"8":[13,4],"9":[13,1,1,1],"10":[13,0,0],"11":[13,9],"12":[9,4],"13":[9,4],"14":[13,13,9],"15":[13,4,3,3],"16":[13,9]},"_coverageSchema":"1a1c01bbd47fc00a2c39e90264f33305004495a9","hash":"468d99ec9bdc6ba08bbb10f8a2b9d7de0419ffa2"}
,"/mnt/d/SummerVacationPlanning/frontend/src/components/CelebrationModal.tsx": {"path":"/mnt/d/SummerVacationPlanning/frontend/src/components/CelebrationModal.tsx","statementMap":{"0":{"start":{"line":14,"column":58},"end":{"line":156,"column":1}},"1":{"start":{"line":24,"column":40},"end":{"line":24,"column":55}},"2":{"start":{"line":26,"column":2},"end":{"line":36,"column":34}},"3":{"start":{"line":27,"column":4},"end":{"line":35,"column":5}},"4":{"start":{"line":28,"column":6},"end":{"line":28,"column":27}},"5":{"start":{"line":29,"column":20},"end":{"line":31,"column":18}},"6":{"start":{"line":30,"column":8},"end":{"line":30,"column":18}},"7":{"start":{"line":32,"column":6},"end":{"line":32,"column":39}},"8":{"start":{"line":32,"column":19},"end":{"line":32,"column":38}},"9":{"start":{"line":34,"column":6},"end":{"line":34,"column":28}},"10":{"start":{"line":38,"column":29},"end":{"line":46,"column":3}},"11":{"start":{"line":39,"column":21},"end":{"line":44,"column":5}},"12":{"start":{"line":45,"column":4},"end":{"line":45,"column":26}},"13":{"start":{"line":48,"column":28},"end":{"line":56,"column":3}},"14":{"start":{"line":49,"column":25},"end":{"line":54,"column":5}},"15":{"start":{"line":55,"column":4},"end":{"line":55,"column":30}},"16":{"start":{"line":58,"column":2},"end":{"line":58,"column":27}},"17":{"start":{"line":58,"column":15},"end":{"line":58,"column":27}},"18":{"start":{"line":60,"column":2},"end":{"line":155,"column":4}},"19":{"start":{"line":65,"column":10},"end":{"line":77,"column":12}}},"fnMap":{"0":{"name":"(anonymous_0)","decl":{"start":{"line":14,"column":58},"end":{"line":14,"column":59}},"loc":{"start":{"line":23,"column":6},"end":{"line":156,"column":1}},"line":23},"1":{"name":"(anonymous_1)","decl":{"start":{"line":26,"column":12},"end":{"line":26,"column":13}},"loc":{"start":{"line":26,"column":18},"end":{"line":36,"column":3}},"line":26},"2":{"name":"(anonymous_2)","decl":{"start":{"line":29,"column":31},"end":{"line":29,"column":32}},"loc":{"start":{"line":29,"column":37},"end":{"line":31,"column":7}},"line":29},"3":{"name":"(anonymous_3)","decl":{"start":{"line":32,"column":13},"end":{"line":32,"column":14}},"loc":{"start":{"line":32,"column":19},"end":{"line":32,"column":38}},"line":32},"4":{"name":"(anonymous_4)","decl":{"start":{"line":38,"column":29},"end":{"line":38,"column":30}},"loc":{"start":{"line":38,"column":35},"end":{"line":46,"column":3}},"line":38},"5":{"name":"(anonymous_5)","decl":{"start":{"line":48,"column":28},"end":{"line":48,"column":29}},"loc":{"start":{"line":48,"column":34},"end":{"line":56,"column":3}},"line":48},"6":{"name":"(anonymous_6)","decl":{"start":{"line":64,"column":36},"end":{"line":64,"column":37}},"loc":{"start":{"line":65,"column":10},"end":{"line":77,"column":12}},"line":65}},"branchMap":{"0":{"loc":{"start":{"line":20,"column":2},"end":{"line":20,"column":12}},"type":"default-arg","locations":[{"start":{"line":20,"column":11},"end":{"line":20,"column":12}}],"line":20},"1":{"loc":{"start":{"line":21,"column":2},"end":{"line":21,"column":14}},"type":"default-arg","locations":[{"start":{"line":21,"column":10},"end":{"line":21,"column":14}}],"line":21},"2":{"loc":{"start":{"line":22,"column":2},"end":{"line":22,"column":17}},"type":"default-arg","locations":[{"start":{"line":22,"column":13},"end":{"line":22,"column":17}}],"line":22},"3":{"loc":{"start":{"line":27,"column":4},"end":{"line":35,"column":5}},"type":"if","locations":[{"start":{"line":27,"column":4},"end":{"line":35,"column":5}},{"start":{"line":33,"column":11},"end":{"line":35,"column":5}}],"line":27},"4":{"loc":{"start":{"line":58,"column":2},"end":{"line":58,"column":27}},"type":"if","locations":[{"start":{"line":58,"column":2},"end":{"line":58,"column":27}},{"start":{},"end":{}}],"line":58},"5":{"loc":{"start":{"line":69,"column":16},"end":{"line":69,"column":67}},"type":"cond-expr","locations":[{"start":{"line":69,"column":30},"end":{"line":69,"column":47}},{"start":{"line":69,"column":50},"end":{"line":69,"column":67}}],"line":69},"6":{"loc":{"start":{"line":85,"column":12},"end":{"line":85,"column":50}},"type":"cond-expr","locations":[{"start":{"line":85,"column":26},"end":{"line":85,"column":45}},{"start":{"line":85,"column":48},"end":{"line":85,"column":50}}],"line":85},"7":{"loc":{"start":{"line":113,"column":9},"end":{"line":117,"column":9}},"type":"binary-expr","locations":[{"start":{"line":113,"column":9},"end":{"line":113,"column":19}},{"start":{"line":114,"column":10},"end":{"line":116,"column":16}}],"line":113}},"s":{"0":0,"1":0,"2":0,"3":0,"4":0,"5":0,"6":0,"7":0,"8":0,"9":0,"10":0,"11":0,"12":0,"13":0,"14":0,"15":0,"16":0,"17":0,"18":0,"19":0},"f":{"0":0,"1":0,"2":0,"3":0,"4":0,"5":0,"6":0},"b":{"0":[0],"1":[0],"2":[0],"3":[0,0],"4":[0,0],"5":[0,0],"6":[0,0],"7":[0,0]}}
,"/mnt/d/SummerVacationPlanning/frontend/src/components/DailyTaskCard.tsx": {"path":"/mnt/d/SummerVacationPlanning/frontend/src/components/DailyTaskCard.tsx","statementMap":{"0":{"start":{"line":21,"column":52},"end":{"line":240,"column":1}},"1":{"start":{"line":27,"column":52},"end":{"line":27,"column":67}},"2":{"start":{"line":29,"column":25},"end":{"line":37,"column":3}},"3":{"start":{"line":30,"column":21},"end":{"line":35,"column":5}},"4":{"start":{"line":36,"column":4},"end":{"line":36,"column":116}},"5":{"start":{"line":39,"column":24},"end":{"line":47,"column":3}},"6":{"start":{"line":40,"column":20},"end":{"line":45,"column":5}},"7":{"start":{"line":46,"column":4},"end":{"line":46,"column":61}},"8":{"start":{"line":49,"column":25},"end":{"line":57,"column":3}},"9":{"start":{"line":50,"column":21},"end":{"line":55,"column":5}},"10":{"start":{"line":56,"column":4},"end":{"line":56,"column":61}},"11":{"start":{"line":59,"column":29},"end":{"line":65,"column":3}},"12":{"start":{"line":60,"column":4},"end":{"line":64,"column":5}},"13":{"start":{"line":61,"column":6},"end":{"line":61,"column":33}},"14":{"start":{"line":63,"column":6},"end":{"line":63,"column":67}},"15":{"start":{"line":67,"column":31},"end":{"line":75,"column":3}},"16":{"start":{"line":73,"column":4},"end":{"line":73,"column":146}},"17":{"start":{"line":74,"column":4},"end":{"line":74,"column":32}},"18":{"start":{"line":77,"column":21},"end":{"line":83,"column":3}},"19":{"start":{"line":78,"column":4},"end":{"line":78,"column":31}},"20":{"start":{"line":78,"column":21},"end":{"line":78,"column":31}},"21":{"start":{"line":79,"column":4},"end":{"line":82,"column":7}},"22":{"start":{"line":85,"column":2},"end":{"line":239,"column":4}},"23":{"start":{"line":142,"column":18},"end":{"line":157,"column":24}},"24":{"start":{"line":177,"column":35},"end":{"line":177,"column":68}},"25":{"start":{"line":183,"column":35},"end":{"line":183,"column":66}},"26":{"start":{"line":194,"column":35},"end":{"line":194,"column":66}},"27":{"start":{"line":200,"column":35},"end":{"line":200,"column":64}},"28":{"start":{"line":209,"column":31},"end":{"line":209,"column":60}},"29":{"start":{"line":217,"column":33},"end":{"line":217,"column":55}},"30":{"start":{"line":232,"column":25},"end":{"line":232,"column":52}}},"fnMap":{"0":{"name":"(anonymous_0)","decl":{"start":{"line":21,"column":52},"end":{"line":21,"column":53}},"loc":{"start":{"line":26,"column":6},"end":{"line":240,"column":1}},"line":26},"1":{"name":"(anonymous_1)","decl":{"start":{"line":29,"column":25},"end":{"line":29,"column":26}},"loc":{"start":{"line":29,"column":45},"end":{"line":37,"column":3}},"line":29},"2":{"name":"(anonymous_2)","decl":{"start":{"line":39,"column":24},"end":{"line":39,"column":25}},"loc":{"start":{"line":39,"column":44},"end":{"line":47,"column":3}},"line":39},"3":{"name":"(anonymous_3)","decl":{"start":{"line":49,"column":25},"end":{"line":49,"column":26}},"loc":{"start":{"line":49,"column":45},"end":{"line":57,"column":3}},"line":49},"4":{"name":"(anonymous_4)","decl":{"start":{"line":59,"column":29},"end":{"line":59,"column":30}},"loc":{"start":{"line":59,"column":52},"end":{"line":65,"column":3}},"line":59},"5":{"name":"(anonymous_5)","decl":{"start":{"line":67,"column":31},"end":{"line":67,"column":32}},"loc":{"start":{"line":72,"column":8},"end":{"line":75,"column":3}},"line":72},"6":{"name":"(anonymous_6)","decl":{"start":{"line":77,"column":21},"end":{"line":77,"column":22}},"loc":{"start":{"line":77,"column":46},"end":{"line":83,"column":3}},"line":77},"7":{"name":"(anonymous_7)","decl":{"start":{"line":141,"column":40},"end":{"line":141,"column":41}},"loc":{"start":{"line":142,"column":18},"end":{"line":157,"column":24}},"line":142},"8":{"name":"(anonymous_8)","decl":{"start":{"line":177,"column":29},"end":{"line":177,"column":30}},"loc":{"start":{"line":177,"column":35},"end":{"line":177,"column":68}},"line":177},"9":{"name":"(anonymous_9)","decl":{"start":{"line":183,"column":29},"end":{"line":183,"column":30}},"loc":{"start":{"line":183,"column":35},"end":{"line":183,"column":66}},"line":183},"10":{"name":"(anonymous_10)","decl":{"start":{"line":194,"column":29},"end":{"line":194,"column":30}},"loc":{"start":{"line":194,"column":35},"end":{"line":194,"column":66}},"line":194},"11":{"name":"(anonymous_11)","decl":{"start":{"line":200,"column":29},"end":{"line":200,"column":30}},"loc":{"start":{"line":200,"column":35},"end":{"line":200,"column":64}},"line":200},"12":{"name":"(anonymous_12)","decl":{"start":{"line":209,"column":25},"end":{"line":209,"column":26}},"loc":{"start":{"line":209,"column":31},"end":{"line":209,"column":60}},"line":209},"13":{"name":"(anonymous_13)","decl":{"start":{"line":217,"column":27},"end":{"line":217,"column":28}},"loc":{"start":{"line":217,"column":33},"end":{"line":217,"column":55}},"line":217},"14":{"name":"(anonymous_14)","decl":{"start":{"line":232,"column":19},"end":{"line":232,"column":20}},"loc":{"start":{"line":232,"column":25},"end":{"line":232,"column":52}},"line":232}},"branchMap":{"0":{"loc":{"start":{"line":25,"column":2},"end":{"line":25,"column":20}},"type":"default-arg","locations":[{"start":{"line":25,"column":16},"end":{"line":25,"column":20}}],"line":25},"1":{"loc":{"start":{"line":36,"column":11},"end":{"line":36,"column":115}},"type":"binary-expr","locations":[{"start":{"line":36,"column":11},"end":{"line":36,"column":52}},{"start":{"line":36,"column":56},"end":{"line":36,"column":115}}],"line":36},"2":{"loc":{"start":{"line":46,"column":11},"end":{"line":46,"column":60}},"type":"binary-expr","locations":[{"start":{"line":46,"column":11},"end":{"line":46,"column":50}},{"start":{"line":46,"column":54},"end":{"line":46,"column":60}}],"line":46},"3":{"loc":{"start":{"line":56,"column":11},"end":{"line":56,"column":60}},"type":"binary-expr","locations":[{"start":{"line":56,"column":11},"end":{"line":56,"column":52}},{"start":{"line":56,"column":56},"end":{"line":56,"column":60}}],"line":56},"4":{"loc":{"start":{"line":60,"column":4},"end":{"line":64,"column":5}},"type":"if","locations":[{"start":{"line":60,"column":4},"end":{"line":64,"column":5}},{"start":{"line":62,"column":11},"end":{"line":64,"column":5}}],"line":60},"5":{"loc":{"start":{"line":60,"column":8},"end":{"line":60,"column":69}},"type":"binary-expr","locations":[{"start":{"line":60,"column":8},"end":{"line":60,"column":33}},{"start":{"line":60,"column":37},"end":{"line":60,"column":69}}],"line":60},"6":{"loc":{"start":{"line":78,"column":4},"end":{"line":78,"column":31}},"type":"if","locations":[{"start":{"line":78,"column":4},"end":{"line":78,"column":31}},{"start":{},"end":{}}],"line":78},"7":{"loc":{"start":{"line":87,"column":141},"end":{"line":87,"column":200}},"type":"cond-expr","locations":[{"start":{"line":87,"column":176},"end":{"line":87,"column":195}},{"start":{"line":87,"column":198},"end":{"line":87,"column":200}}],"line":87},"8":{"loc":{"start":{"line":94,"column":28},"end":{"line":94,"column":63}},"type":"binary-expr","locations":[{"start":{"line":94,"column":28},"end":{"line":94,"column":52}},{"start":{"line":94,"column":56},"end":{"line":94,"column":63}}],"line":94},"9":{"loc":{"start":{"line":102,"column":19},"end":{"line":102,"column":50}},"type":"binary-expr","locations":[{"start":{"line":102,"column":19},"end":{"line":102,"column":40}},{"start":{"line":102,"column":44},"end":{"line":102,"column":50}}],"line":102},"10":{"loc":{"start":{"line":108,"column":19},"end":{"line":112,"column":19}},"type":"binary-expr","locations":[{"start":{"line":108,"column":19},"end":{"line":108,"column":40}},{"start":{"line":109,"column":20},"end":{"line":111,"column":27}}],"line":108},"11":{"loc":{"start":{"line":118,"column":53},"end":{"line":118,"column":106}},"type":"binary-expr","locations":[{"start":{"line":118,"column":53},"end":{"line":118,"column":75}},{"start":{"line":118,"column":79},"end":{"line":118,"column":101}},{"start":{"line":118,"column":105},"end":{"line":118,"column":106}}],"line":118},"12":{"loc":{"start":{"line":121,"column":15},"end":{"line":125,"column":15}},"type":"binary-expr","locations":[{"start":{"line":121,"column":15},"end":{"line":121,"column":36}},{"start":{"line":122,"column":16},"end":{"line":124,"column":22}}],"line":121},"13":{"loc":{"start":{"line":130,"column":11},"end":{"line":134,"column":11}},"type":"binary-expr","locations":[{"start":{"line":130,"column":11},"end":{"line":130,"column":38}},{"start":{"line":131,"column":12},"end":{"line":133,"column":16}}],"line":130},"14":{"loc":{"start":{"line":137,"column":11},"end":{"line":161,"column":11}},"type":"binary-expr","locations":[{"start":{"line":137,"column":11},"end":{"line":137,"column":29}},{"start":{"line":137,"column":33},"end":{"line":137,"column":62}},{"start":{"line":138,"column":12},"end":{"line":160,"column":18}}],"line":137},"15":{"loc":{"start":{"line":143,"column":21},"end":{"line":145,"column":21}},"type":"binary-expr","locations":[{"start":{"line":143,"column":21},"end":{"line":143,"column":45}},{"start":{"line":144,"column":22},"end":{"line":144,"column":81}}],"line":143},"16":{"loc":{"start":{"line":146,"column":21},"end":{"line":156,"column":21}},"type":"binary-expr","locations":[{"start":{"line":146,"column":22},"end":{"line":146,"column":47}},{"start":{"line":146,"column":51},"end":{"line":146,"column":76}},{"start":{"line":146,"column":80},"end":{"line":146,"column":105}},{"start":{"line":147,"column":22},"end":{"line":155,"column":24}}],"line":146},"17":{"loc":{"start":{"line":150,"column":32},"end":{"line":150,"column":128}},"type":"cond-expr","locations":[{"start":{"line":150,"column":60},"end":{"line":150,"column":72}},{"start":{"line":150,"column":75},"end":{"line":150,"column":128}}],"line":150},"18":{"loc":{"start":{"line":150,"column":75},"end":{"line":150,"column":128}},"type":"cond-expr","locations":[{"start":{"line":150,"column":103},"end":{"line":150,"column":114}},{"start":{"line":150,"column":117},"end":{"line":150,"column":128}}],"line":150},"19":{"loc":{"start":{"line":151,"column":32},"end":{"line":151,"column":152}},"type":"binary-expr","locations":[{"start":{"line":151,"column":32},"end":{"line":151,"column":49}},{"start":{"line":151,"column":53},"end":{"line":151,"column":152}}],"line":151},"20":{"loc":{"start":{"line":151,"column":73},"end":{"line":151,"column":150}},"type":"cond-expr","locations":[{"start":{"line":151,"column":101},"end":{"line":151,"column":106}},{"start":{"line":151,"column":109},"end":{"line":151,"column":150}}],"line":151},"21":{"loc":{"start":{"line":151,"column":109},"end":{"line":151,"column":150}},"type":"cond-expr","locations":[{"start":{"line":151,"column":137},"end":{"line":151,"column":142}},{"start":{"line":151,"column":145},"end":{"line":151,"column":150}}],"line":151},"22":{"loc":{"start":{"line":164,"column":11},"end":{"line":169,"column":11}},"type":"binary-expr","locations":[{"start":{"line":164,"column":11},"end":{"line":164,"column":26}},{"start":{"line":165,"column":12},"end":{"line":168,"column":18}}],"line":164},"23":{"loc":{"start":{"line":172,"column":11},"end":{"line":225,"column":11}},"type":"binary-expr","locations":[{"start":{"line":172,"column":11},"end":{"line":172,"column":22}},{"start":{"line":172,"column":26},"end":{"line":172,"column":58}},{"start":{"line":173,"column":12},"end":{"line":224,"column":18}}],"line":172},"24":{"loc":{"start":{"line":174,"column":15},"end":{"line":189,"column":15}},"type":"binary-expr","locations":[{"start":{"line":174,"column":15},"end":{"line":174,"column":45}},{"start":{"line":175,"column":16},"end":{"line":188,"column":19}}],"line":174},"25":{"loc":{"start":{"line":191,"column":15},"end":{"line":206,"column":15}},"type":"binary-expr","locations":[{"start":{"line":191,"column":15},"end":{"line":191,"column":49}},{"start":{"line":192,"column":16},"end":{"line":205,"column":19}}],"line":191},"26":{"loc":{"start":{"line":215,"column":15},"end":{"line":223,"column":15}},"type":"binary-expr","locations":[{"start":{"line":215,"column":15},"end":{"line":215,"column":23}},{"start":{"line":216,"column":16},"end":{"line":222,"column":25}}],"line":215},"27":{"loc":{"start":{"line":230,"column":7},"end":{"line":237,"column":7}},"type":"binary-expr","locations":[{"start":{"line":230,"column":7},"end":{"line":230,"column":24}},{"start":{"line":230,"column":28},"end":{"line":230,"column":42}},{"start":{"line":231,"column":8},"end":{"line":236,"column":10}}],"line":230}},"s":{"0":0,"1":0,"2":0,"3":0,"4":0,"5":0,"6":0,"7":0,"8":0,"9":0,"10":0,"11":0,"12":0,"13":0,"14":0,"15":0,"16":0,"17":0,"18":0,"19":0,"20":0,"21":0,"22":0,"23":0,"24":0,"25":0,"26":0,"27":0,"28":0,"29":0,"30":0},"f":{"0":0,"1":0,"2":0,"3":0,"4":0,"5":0,"6":0,"7":0,"8":0,"9":0,"10":0,"11":0,"12":0,"13":0,"14":0},"b":{"0":[0],"1":[0,0],"2":[0,0],"3":[0,0],"4":[0,0],"5":[0,0],"6":[0,0],"7":[0,0],"8":[0,0],"9":[0,0],"10":[0,0],"11":[0,0,0],"12":[0,0],"13":[0,0],"14":[0,0,0],"15":[0,0],"16":[0,0,0,0],"17":[0,0],"18":[0,0],"19":[0,0],"20":[0,0],"21":[0,0],"22":[0,0],"23":[0,0,0],"24":[0,0],"25":[0,0],"26":[0,0],"27":[0,0,0]}}
,"/mnt/d/SummerVacationPlanning/frontend/src/components/DailyTaskCheckIn.tsx": {"path":"/mnt/d/SummerVacationPlanning/frontend/src/components/DailyTaskCheckIn.tsx","statementMap":{"0":{"start":{"line":13,"column":58},"end":{"line":539,"column":1}},"1":{"start":{"line":18,"column":19},"end":{"line":18,"column":28}},"2":{"start":{"line":19,"column":38},"end":{"line":19,"column":63}},"3":{"start":{"line":20,"column":32},"end":{"line":20,"column":47}},"4":{"start":{"line":21,"column":28},"end":{"line":21,"column":48}},"5":{"start":{"line":22,"column":44},"end":{"line":22,"column":76}},"6":{"start":{"line":23,"column":42},"end":{"line":23,"column":74}},"7":{"start":{"line":24,"column":52},"end":{"line":24,"column":67}},"8":{"start":{"line":25,"column":42},"end":{"line":25,"column":65}},"9":{"start":{"line":26,"column":30},"end":{"line":26,"column":78}},"10":{"start":{"line":27,"column":48},"end":{"line":31,"column":63}},"11":{"start":{"line":33,"column":24},"end":{"line":39,"column":3}},"12":{"start":{"line":41,"column":24},"end":{"line":41,"column":54}},"13":{"start":{"line":43,"column":2},"end":{"line":46,"column":21}},"14":{"start":{"line":44,"column":4},"end":{"line":44,"column":21}},"15":{"start":{"line":45,"column":4},"end":{"line":45,"column":26}},"16":{"start":{"line":48,"column":30},"end":{"line":62,"column":3}},"17":{"start":{"line":49,"column":4},"end":{"line":61,"column":5}},"18":{"start":{"line":51,"column":23},"end":{"line":51,"column":59}},"19":{"start":{"line":52,"column":6},"end":{"line":58,"column":7}},"20":{"start":{"line":53,"column":8},"end":{"line":57,"column":11}},"21":{"start":{"line":60,"column":6},"end":{"line":60,"column":63}},"22":{"start":{"line":64,"column":25},"end":{"line":76,"column":3}},"23":{"start":{"line":65,"column":4},"end":{"line":75,"column":5}},"24":{"start":{"line":66,"column":6},"end":{"line":66,"column":23}},"25":{"start":{"line":67,"column":6},"end":{"line":67,"column":19}},"26":{"start":{"line":68,"column":23},"end":{"line":68,"column":77}},"27":{"start":{"line":69,"column":6},"end":{"line":69,"column":61}},"28":{"start":{"line":71,"column":6},"end":{"line":71,"column":57}},"29":{"start":{"line":72,"column":6},"end":{"line":72,"column":48}},"30":{"start":{"line":74,"column":6},"end":{"line":74,"column":24}},"31":{"start":{"line":78,"column":29},"end":{"line":118,"column":3}},"32":{"start":{"line":79,"column":4},"end":{"line":117,"column":5}},"33":{"start":{"line":80,"column":6},"end":{"line":80,"column":64}},"34":{"start":{"line":80,"column":31},"end":{"line":80,"column":62}},"35":{"start":{"line":82,"column":30},"end":{"line":82,"column":51}},"36":{"start":{"line":85,"column":6},"end":{"line":89,"column":7}},"37":{"start":{"line":86,"column":8},"end":{"line":86,"column":35}},"38":{"start":{"line":87,"column":8},"end":{"line":87,"column":35}},"39":{"start":{"line":88,"column":8},"end":{"line":88,"column":15}},"40":{"start":{"line":91,"column":23},"end":{"line":94,"column":7}},"41":{"start":{"line":96,"column":26},"end":{"line":96,"column":58}},"42":{"start":{"line":97,"column":6},"end":{"line":99,"column":8}},"43":{"start":{"line":98,"column":8},"end":{"line":98,"column":87}},"44":{"start":{"line":98,"column":25},"end":{"line":98,"column":86}},"45":{"start":{"line":101,"column":6},"end":{"line":101,"column":34}},"46":{"start":{"line":104,"column":6},"end":{"line":106,"column":7}},"47":{"start":{"line":105,"column":8},"end":{"line":105,"column":57}},"48":{"start":{"line":109,"column":6},"end":{"line":109,"column":58}},"49":{"start":{"line":110,"column":6},"end":{"line":110,"column":45}},"50":{"start":{"line":112,"column":6},"end":{"line":116,"column":9}},"51":{"start":{"line":113,"column":23},"end":{"line":113,"column":36}},"52":{"start":{"line":114,"column":8},"end":{"line":114,"column":36}},"53":{"start":{"line":115,"column":8},"end":{"line":115,"column":22}},"54":{"start":{"line":120,"column":31},"end":{"line":163,"column":3}},"55":{"start":{"line":121,"column":4},"end":{"line":121,"column":30}},"56":{"start":{"line":121,"column":23},"end":{"line":121,"column":30}},"57":{"start":{"line":123,"column":4},"end":{"line":162,"column":5}},"58":{"start":{"line":124,"column":6},"end":{"line":124,"column":67}},"59":{"start":{"line":124,"column":31},"end":{"line":124,"column":65}},"60":{"start":{"line":126,"column":25},"end":{"line":132,"column":7}},"61":{"start":{"line":134,"column":23},"end":{"line":137,"column":7}},"62":{"start":{"line":139,"column":26},"end":{"line":139,"column":58}},"63":{"start":{"line":140,"column":6},"end":{"line":142,"column":8}},"64":{"start":{"line":141,"column":8},"end":{"line":141,"column":90}},"65":{"start":{"line":141,"column":25},"end":{"line":141,"column":89}},"66":{"start":{"line":144,"column":6},"end":{"line":144,"column":34}},"67":{"start":{"line":145,"column":6},"end":{"line":145,"column":34}},"68":{"start":{"line":146,"column":6},"end":{"line":146,"column":28}},"69":{"start":{"line":149,"column":6},"end":{"line":151,"column":7}},"70":{"start":{"line":150,"column":8},"end":{"line":150,"column":57}},"71":{"start":{"line":154,"column":6},"end":{"line":154,"column":57}},"72":{"start":{"line":155,"column":6},"end":{"line":155,"column":43}},"73":{"start":{"line":157,"column":6},"end":{"line":161,"column":9}},"74":{"start":{"line":158,"column":23},"end":{"line":158,"column":36}},"75":{"start":{"line":159,"column":8},"end":{"line":159,"column":39}},"76":{"start":{"line":160,"column":8},"end":{"line":160,"column":22}},"77":{"start":{"line":165,"column":33},"end":{"line":181,"column":3}},"78":{"start":{"line":167,"column":25},"end":{"line":167,"column":54}},"79":{"start":{"line":168,"column":4},"end":{"line":168,"column":126}},"80":{"start":{"line":169,"column":4},"end":{"line":174,"column":6}},"81":{"start":{"line":176,"column":4},"end":{"line":176,"column":44}},"82":{"start":{"line":178,"column":4},"end":{"line":180,"column":13}},"83":{"start":{"line":179,"column":6},"end":{"line":179,"column":28}},"84":{"start":{"line":183,"column":25},"end":{"line":186,"column":3}},"85":{"start":{"line":184,"column":25},"end":{"line":184,"column":66}},"86":{"start":{"line":184,"column":49},"end":{"line":184,"column":65}},"87":{"start":{"line":185,"column":4},"end":{"line":185,"column":62}},"88":{"start":{"line":188,"column":25},"end":{"line":191,"column":3}},"89":{"start":{"line":189,"column":25},"end":{"line":189,"column":66}},"90":{"start":{"line":189,"column":49},"end":{"line":189,"column":65}},"91":{"start":{"line":190,"column":4},"end":{"line":190,"column":39}},"92":{"start":{"line":193,"column":27},"end":{"line":200,"column":3}},"93":{"start":{"line":194,"column":21},"end":{"line":198,"column":5}},"94":{"start":{"line":199,"column":4},"end":{"line":199,"column":62}},"95":{"start":{"line":202,"column":33},"end":{"line":224,"column":40}},"96":{"start":{"line":203,"column":19},"end":{"line":205,"column":63}},"97":{"start":{"line":205,"column":34},"end":{"line":205,"column":62}},"98":{"start":{"line":207,"column":4},"end":{"line":223,"column":7}},"99":{"start":{"line":208,"column":6},"end":{"line":222,"column":7}},"100":{"start":{"line":210,"column":10},"end":{"line":212,"column":11}},"101":{"start":{"line":211,"column":12},"end":{"line":211,"column":62}},"102":{"start":{"line":213,"column":10},"end":{"line":213,"column":40}},"103":{"start":{"line":215,"column":28},"end":{"line":215,"column":59}},"104":{"start":{"line":216,"column":28},"end":{"line":216,"column":59}},"105":{"start":{"line":217,"column":10},"end":{"line":217,"column":129}},"106":{"start":{"line":219,"column":10},"end":{"line":219,"column":50}},"107":{"start":{"line":221,"column":10},"end":{"line":221,"column":19}},"108":{"start":{"line":226,"column":23},"end":{"line":250,"column":3}},"109":{"start":{"line":227,"column":18},"end":{"line":227,"column":35}},"110":{"start":{"line":228,"column":22},"end":{"line":228,"column":77}},"111":{"start":{"line":228,"column":45},"end":{"line":228,"column":69}},"112":{"start":{"line":229,"column":23},"end":{"line":229,"column":80}},"113":{"start":{"line":229,"column":46},"end":{"line":229,"column":72}},"114":{"start":{"line":230,"column":20},"end":{"line":230,"column":73}},"115":{"start":{"line":230,"column":43},"end":{"line":230,"column":65}},"116":{"start":{"line":231,"column":24},"end":{"line":231,"column":84}},"117":{"start":{"line":231,"column":57},"end":{"line":231,"column":80}},"118":{"start":{"line":232,"column":28},"end":{"line":237,"column":9}},"119":{"start":{"line":233,"column":6},"end":{"line":235,"column":7}},"120":{"start":{"line":234,"column":8},"end":{"line":234,"column":39}},"121":{"start":{"line":236,"column":6},"end":{"line":236,"column":44}},"122":{"start":{"line":240,"column":32},"end":{"line":240,"column":111}},"123":{"start":{"line":241,"column":4},"end":{"line":247,"column":5}},"124":{"start":{"line":242,"column":6},"end":{"line":246,"column":10}},"125":{"start":{"line":242,"column":34},"end":{"line":246,"column":7}},"126":{"start":{"line":249,"column":4},"end":{"line":249,"column":83}},"127":{"start":{"line":252,"column":16},"end":{"line":252,"column":30}},"128":{"start":{"line":254,"column":2},"end":{"line":256,"column":3}},"129":{"start":{"line":255,"column":4},"end":{"line":255,"column":56}},"130":{"start":{"line":258,"column":2},"end":{"line":538,"column":4}},"131":{"start":{"line":296,"column":14},"end":{"line":312,"column":23}},"132":{"start":{"line":298,"column":31},"end":{"line":298,"column":58}},"133":{"start":{"line":309,"column":81},"end":{"line":309,"column":104}},"134":{"start":{"line":320,"column":31},"end":{"line":320,"column":63}},"135":{"start":{"line":353,"column":80},"end":{"line":353,"column":102}},"136":{"start":{"line":362,"column":14},"end":{"line":519,"column":20}},"137":{"start":{"line":419,"column":47},"end":{"line":419,"column":73}},"138":{"start":{"line":427,"column":43},"end":{"line":427,"column":87}},"139":{"start":{"line":434,"column":43},"end":{"line":434,"column":83}},"140":{"start":{"line":446,"column":43},"end":{"line":446,"column":85}},"141":{"start":{"line":453,"column":43},"end":{"line":453,"column":83}},"142":{"start":{"line":465,"column":28},"end":{"line":465,"column":55}},"143":{"start":{"line":466,"column":28},"end":{"line":466,"column":55}},"144":{"start":{"line":476,"column":41},"end":{"line":476,"column":81}},"145":{"start":{"line":506,"column":26},"end":{"line":508,"column":32}},"146":{"start":{"line":531,"column":12},"end":{"line":531,"column":40}},"147":{"start":{"line":532,"column":12},"end":{"line":532,"column":34}}},"fnMap":{"0":{"name":"(anonymous_0)","decl":{"start":{"line":13,"column":58},"end":{"line":13,"column":59}},"loc":{"start":{"line":17,"column":6},"end":{"line":539,"column":1}},"line":17},"1":{"name":"(anonymous_1)","decl":{"start":{"line":43,"column":12},"end":{"line":43,"column":13}},"loc":{"start":{"line":43,"column":18},"end":{"line":46,"column":3}},"line":43},"2":{"name":"(anonymous_2)","decl":{"start":{"line":48,"column":30},"end":{"line":48,"column":31}},"loc":{"start":{"line":48,"column":42},"end":{"line":62,"column":3}},"line":48},"3":{"name":"(anonymous_3)","decl":{"start":{"line":64,"column":25},"end":{"line":64,"column":26}},"loc":{"start":{"line":64,"column":37},"end":{"line":76,"column":3}},"line":64},"4":{"name":"(anonymous_4)","decl":{"start":{"line":78,"column":29},"end":{"line":78,"column":30}},"loc":{"start":{"line":78,"column":80},"end":{"line":118,"column":3}},"line":78},"5":{"name":"(anonymous_5)","decl":{"start":{"line":80,"column":23},"end":{"line":80,"column":24}},"loc":{"start":{"line":80,"column":31},"end":{"line":80,"column":62}},"line":80},"6":{"name":"(anonymous_6)","decl":{"start":{"line":97,"column":20},"end":{"line":97,"column":21}},"loc":{"start":{"line":98,"column":8},"end":{"line":98,"column":87}},"line":98},"7":{"name":"(anonymous_7)","decl":{"start":{"line":98,"column":17},"end":{"line":98,"column":18}},"loc":{"start":{"line":98,"column":25},"end":{"line":98,"column":86}},"line":98},"8":{"name":"(anonymous_8)","decl":{"start":{"line":112,"column":23},"end":{"line":112,"column":24}},"loc":{"start":{"line":112,"column":31},"end":{"line":116,"column":7}},"line":112},"9":{"name":"(anonymous_9)","decl":{"start":{"line":120,"column":31},"end":{"line":120,"column":32}},"loc":{"start":{"line":120,"column":60},"end":{"line":163,"column":3}},"line":120},"10":{"name":"(anonymous_10)","decl":{"start":{"line":124,"column":23},"end":{"line":124,"column":24}},"loc":{"start":{"line":124,"column":31},"end":{"line":124,"column":65}},"line":124},"11":{"name":"(anonymous_11)","decl":{"start":{"line":140,"column":20},"end":{"line":140,"column":21}},"loc":{"start":{"line":141,"column":8},"end":{"line":141,"column":90}},"line":141},"12":{"name":"(anonymous_12)","decl":{"start":{"line":141,"column":17},"end":{"line":141,"column":18}},"loc":{"start":{"line":141,"column":25},"end":{"line":141,"column":89}},"line":141},"13":{"name":"(anonymous_13)","decl":{"start":{"line":157,"column":23},"end":{"line":157,"column":24}},"loc":{"start":{"line":157,"column":31},"end":{"line":161,"column":7}},"line":157},"14":{"name":"(anonymous_14)","decl":{"start":{"line":165,"column":33},"end":{"line":165,"column":34}},"loc":{"start":{"line":165,"column":53},"end":{"line":181,"column":3}},"line":165},"15":{"name":"(anonymous_15)","decl":{"start":{"line":178,"column":15},"end":{"line":178,"column":16}},"loc":{"start":{"line":178,"column":21},"end":{"line":180,"column":5}},"line":178},"16":{"name":"(anonymous_16)","decl":{"start":{"line":183,"column":25},"end":{"line":183,"column":26}},"loc":{"start":{"line":183,"column":45},"end":{"line":186,"column":3}},"line":183},"17":{"name":"(anonymous_17)","decl":{"start":{"line":184,"column":44},"end":{"line":184,"column":45}},"loc":{"start":{"line":184,"column":49},"end":{"line":184,"column":65}},"line":184},"18":{"name":"(anonymous_18)","decl":{"start":{"line":188,"column":25},"end":{"line":188,"column":26}},"loc":{"start":{"line":188,"column":45},"end":{"line":191,"column":3}},"line":188},"19":{"name":"(anonymous_19)","decl":{"start":{"line":189,"column":44},"end":{"line":189,"column":45}},"loc":{"start":{"line":189,"column":49},"end":{"line":189,"column":65}},"line":189},"20":{"name":"(anonymous_20)","decl":{"start":{"line":193,"column":27},"end":{"line":193,"column":28}},"loc":{"start":{"line":193,"column":49},"end":{"line":200,"column":3}},"line":193},"21":{"name":"(anonymous_21)","decl":{"start":{"line":202,"column":47},"end":{"line":202,"column":48}},"loc":{"start":{"line":202,"column":53},"end":{"line":224,"column":3}},"line":202},"22":{"name":"(anonymous_22)","decl":{"start":{"line":205,"column":26},"end":{"line":205,"column":27}},"loc":{"start":{"line":205,"column":34},"end":{"line":205,"column":62}},"line":205},"23":{"name":"(anonymous_23)","decl":{"start":{"line":207,"column":25},"end":{"line":207,"column":26}},"loc":{"start":{"line":207,"column":35},"end":{"line":223,"column":5}},"line":207},"24":{"name":"(anonymous_24)","decl":{"start":{"line":226,"column":23},"end":{"line":226,"column":24}},"loc":{"start":{"line":226,"column":29},"end":{"line":250,"column":3}},"line":226},"25":{"name":"(anonymous_25)","decl":{"start":{"line":228,"column":40},"end":{"line":228,"column":41}},"loc":{"start":{"line":228,"column":45},"end":{"line":228,"column":69}},"line":228},"26":{"name":"(anonymous_26)","decl":{"start":{"line":229,"column":41},"end":{"line":229,"column":42}},"loc":{"start":{"line":229,"column":46},"end":{"line":229,"column":72}},"line":229},"27":{"name":"(anonymous_27)","decl":{"start":{"line":230,"column":38},"end":{"line":230,"column":39}},"loc":{"start":{"line":230,"column":43},"end":{"line":230,"column":65}},"line":230},"28":{"name":"(anonymous_28)","decl":{"start":{"line":231,"column":42},"end":{"line":231,"column":43}},"loc":{"start":{"line":231,"column":57},"end":{"line":231,"column":80}},"line":231},"29":{"name":"(anonymous_29)","decl":{"start":{"line":232,"column":46},"end":{"line":232,"column":47}},"loc":{"start":{"line":232,"column":61},"end":{"line":237,"column":5}},"line":232},"30":{"name":"(anonymous_30)","decl":{"start":{"line":242,"column":25},"end":{"line":242,"column":26}},"loc":{"start":{"line":242,"column":34},"end":{"line":246,"column":7}},"line":242},"31":{"name":"(anonymous_31)","decl":{"start":{"line":295,"column":31},"end":{"line":295,"column":32}},"loc":{"start":{"line":296,"column":14},"end":{"line":312,"column":23}},"line":296},"32":{"name":"(anonymous_32)","decl":{"start":{"line":298,"column":25},"end":{"line":298,"column":26}},"loc":{"start":{"line":298,"column":31},"end":{"line":298,"column":58}},"line":298},"33":{"name":"(anonymous_33)","decl":{"start":{"line":309,"column":76},"end":{"line":309,"column":77}},"loc":{"start":{"line":309,"column":81},"end":{"line":309,"column":104}},"line":309},"34":{"name":"(anonymous_34)","decl":{"start":{"line":320,"column":24},"end":{"line":320,"column":25}},"loc":{"start":{"line":320,"column":31},"end":{"line":320,"column":63}},"line":320},"35":{"name":"(anonymous_35)","decl":{"start":{"line":353,"column":75},"end":{"line":353,"column":76}},"loc":{"start":{"line":353,"column":80},"end":{"line":353,"column":102}},"line":353},"36":{"name":"(anonymous_36)","decl":{"start":{"line":361,"column":40},"end":{"line":361,"column":41}},"loc":{"start":{"line":362,"column":14},"end":{"line":519,"column":20}},"line":362},"37":{"name":"(anonymous_37)","decl":{"start":{"line":419,"column":42},"end":{"line":419,"column":43}},"loc":{"start":{"line":419,"column":47},"end":{"line":419,"column":73}},"line":419},"38":{"name":"(anonymous_38)","decl":{"start":{"line":427,"column":37},"end":{"line":427,"column":38}},"loc":{"start":{"line":427,"column":43},"end":{"line":427,"column":87}},"line":427},"39":{"name":"(anonymous_39)","decl":{"start":{"line":434,"column":37},"end":{"line":434,"column":38}},"loc":{"start":{"line":434,"column":43},"end":{"line":434,"column":83}},"line":434},"40":{"name":"(anonymous_40)","decl":{"start":{"line":446,"column":37},"end":{"line":446,"column":38}},"loc":{"start":{"line":446,"column":43},"end":{"line":446,"column":85}},"line":446},"41":{"name":"(anonymous_41)","decl":{"start":{"line":453,"column":37},"end":{"line":453,"column":38}},"loc":{"start":{"line":453,"column":43},"end":{"line":453,"column":83}},"line":453},"42":{"name":"(anonymous_42)","decl":{"start":{"line":464,"column":35},"end":{"line":464,"column":36}},"loc":{"start":{"line":464,"column":41},"end":{"line":467,"column":27}},"line":464},"43":{"name":"(anonymous_43)","decl":{"start":{"line":476,"column":35},"end":{"line":476,"column":36}},"loc":{"start":{"line":476,"column":41},"end":{"line":476,"column":81}},"line":476},"44":{"name":"(anonymous_44)","decl":{"start":{"line":505,"column":74},"end":{"line":505,"column":75}},"loc":{"start":{"line":506,"column":26},"end":{"line":508,"column":32}},"line":506},"45":{"name":"(anonymous_45)","decl":{"start":{"line":530,"column":19},"end":{"line":530,"column":20}},"loc":{"start":{"line":530,"column":25},"end":{"line":533,"column":11}},"line":530}},"branchMap":{"0":{"loc":{"start":{"line":14,"column":2},"end":{"line":14,"column":55}},"type":"default-arg","locations":[{"start":{"line":14,"column":17},"end":{"line":14,"column":55}}],"line":14},"1":{"loc":{"start":{"line":16,"column":2},"end":{"line":16,"column":16}},"type":"default-arg","locations":[{"start":{"line":16,"column":14},"end":{"line":16,"column":16}}],"line":16},"2":{"loc":{"start":{"line":52,"column":6},"end":{"line":58,"column":7}},"type":"if","locations":[{"start":{"line":52,"column":6},"end":{"line":58,"column":7}},{"start":{},"end":{}}],"line":52},"3":{"loc":{"start":{"line":52,"column":10},"end":{"line":52,"column":69}},"type":"binary-expr","locations":[{"start":{"line":52,"column":10},"end":{"line":52,"column":26}},{"start":{"line":52,"column":30},"end":{"line":52,"column":69}}],"line":52},"4":{"loc":{"start":{"line":69,"column":20},"end":{"line":69,"column":59}},"type":"binary-expr","locations":[{"start":{"line":69,"column":20},"end":{"line":69,"column":53}},{"start":{"line":69,"column":57},"end":{"line":69,"column":59}}],"line":69},"5":{"loc":{"start":{"line":72,"column":15},"end":{"line":72,"column":46}},"type":"binary-expr","locations":[{"start":{"line":72,"column":15},"end":{"line":72,"column":28}},{"start":{"line":72,"column":32},"end":{"line":72,"column":46}}],"line":72},"6":{"loc":{"start":{"line":85,"column":6},"end":{"line":89,"column":7}},"type":"if","locations":[{"start":{"line":85,"column":6},"end":{"line":89,"column":7}},{"start":{},"end":{}}],"line":85},"7":{"loc":{"start":{"line":85,"column":10},"end":{"line":85,"column":71}},"type":"binary-expr","locations":[{"start":{"line":85,"column":10},"end":{"line":85,"column":35}},{"start":{"line":85,"column":39},"end":{"line":85,"column":71}}],"line":85},"8":{"loc":{"start":{"line":98,"column":25},"end":{"line":98,"column":86}},"type":"cond-expr","locations":[{"start":{"line":98,"column":52},"end":{"line":98,"column":79}},{"start":{"line":98,"column":82},"end":{"line":98,"column":86}}],"line":98},"9":{"loc":{"start":{"line":104,"column":6},"end":{"line":106,"column":7}},"type":"if","locations":[{"start":{"line":104,"column":6},"end":{"line":106,"column":7}},{"start":{},"end":{}}],"line":104},"10":{"loc":{"start":{"line":104,"column":10},"end":{"line":104,"column":67}},"type":"binary-expr","locations":[{"start":{"line":104,"column":10},"end":{"line":104,"column":35}},{"start":{"line":104,"column":39},"end":{"line":104,"column":67}}],"line":104},"11":{"loc":{"start":{"line":110,"column":12},"end":{"line":110,"column":43}},"type":"binary-expr","locations":[{"start":{"line":110,"column":12},"end":{"line":110,"column":25}},{"start":{"line":110,"column":29},"end":{"line":110,"column":43}}],"line":110},"12":{"loc":{"start":{"line":121,"column":4},"end":{"line":121,"column":30}},"type":"if","locations":[{"start":{"line":121,"column":4},"end":{"line":121,"column":30}},{"start":{},"end":{}}],"line":121},"13":{"loc":{"start":{"line":141,"column":25},"end":{"line":141,"column":89}},"type":"cond-expr","locations":[{"start":{"line":141,"column":55},"end":{"line":141,"column":82}},{"start":{"line":141,"column":85},"end":{"line":141,"column":89}}],"line":141},"14":{"loc":{"start":{"line":149,"column":6},"end":{"line":151,"column":7}},"type":"if","locations":[{"start":{"line":149,"column":6},"end":{"line":151,"column":7}},{"start":{},"end":{}}],"line":149},"15":{"loc":{"start":{"line":155,"column":12},"end":{"line":155,"column":41}},"type":"binary-expr","locations":[{"start":{"line":155,"column":12},"end":{"line":155,"column":25}},{"start":{"line":155,"column":29},"end":{"line":155,"column":41}}],"line":155},"16":{"loc":{"start":{"line":185,"column":11},"end":{"line":185,"column":61}},"type":"binary-expr","locations":[{"start":{"line":185,"column":11},"end":{"line":185,"column":30}},{"start":{"line":185,"column":34},"end":{"line":185,"column":61}}],"line":185},"17":{"loc":{"start":{"line":190,"column":11},"end":{"line":190,"column":38}},"type":"binary-expr","locations":[{"start":{"line":190,"column":11},"end":{"line":190,"column":30}},{"start":{"line":190,"column":34},"end":{"line":190,"column":38}}],"line":190},"18":{"loc":{"start":{"line":199,"column":11},"end":{"line":199,"column":61}},"type":"binary-expr","locations":[{"start":{"line":199,"column":11},"end":{"line":199,"column":54}},{"start":{"line":199,"column":58},"end":{"line":199,"column":61}}],"line":199},"19":{"loc":{"start":{"line":203,"column":19},"end":{"line":205,"column":63}},"type":"cond-expr","locations":[{"start":{"line":204,"column":8},"end":{"line":204,"column":18}},{"start":{"line":205,"column":8},"end":{"line":205,"column":63}}],"line":203},"20":{"loc":{"start":{"line":208,"column":6},"end":{"line":222,"column":7}},"type":"switch","locations":[{"start":{"line":209,"column":8},"end":{"line":213,"column":40}},{"start":{"line":214,"column":8},"end":{"line":217,"column":129}},{"start":{"line":218,"column":8},"end":{"line":219,"column":50}},{"start":{"line":220,"column":8},"end":{"line":221,"column":19}}],"line":208},"21":{"loc":{"start":{"line":210,"column":10},"end":{"line":212,"column":11}},"type":"if","locations":[{"start":{"line":210,"column":10},"end":{"line":212,"column":11}},{"start":{},"end":{}}],"line":210},"22":{"loc":{"start":{"line":210,"column":14},"end":{"line":210,"column":44}},"type":"binary-expr","locations":[{"start":{"line":210,"column":14},"end":{"line":210,"column":27}},{"start":{"line":210,"column":31},"end":{"line":210,"column":44}}],"line":210},"23":{"loc":{"start":{"line":213,"column":17},"end":{"line":213,"column":39}},"type":"cond-expr","locations":[{"start":{"line":213,"column":33},"end":{"line":213,"column":35}},{"start":{"line":213,"column":38},"end":{"line":213,"column":39}}],"line":213},"24":{"loc":{"start":{"line":215,"column":28},"end":{"line":215,"column":59}},"type":"binary-expr","locations":[{"start":{"line":215,"column":28},"end":{"line":215,"column":47}},{"start":{"line":215,"column":51},"end":{"line":215,"column":59}}],"line":215},"25":{"loc":{"start":{"line":216,"column":28},"end":{"line":216,"column":59}},"type":"binary-expr","locations":[{"start":{"line":216,"column":28},"end":{"line":216,"column":47}},{"start":{"line":216,"column":51},"end":{"line":216,"column":59}}],"line":216},"26":{"loc":{"start":{"line":233,"column":6},"end":{"line":235,"column":7}},"type":"if","locations":[{"start":{"line":233,"column":6},"end":{"line":235,"column":7}},{"start":{},"end":{}}],"line":233},"27":{"loc":{"start":{"line":236,"column":20},"end":{"line":236,"column":42}},"type":"binary-expr","locations":[{"start":{"line":236,"column":20},"end":{"line":236,"column":37}},{"start":{"line":236,"column":41},"end":{"line":236,"column":42}}],"line":236},"28":{"loc":{"start":{"line":240,"column":32},"end":{"line":240,"column":111}},"type":"cond-expr","locations":[{"start":{"line":240,"column":68},"end":{"line":240,"column":97}},{"start":{"line":240,"column":100},"end":{"line":240,"column":111}}],"line":240},"29":{"loc":{"start":{"line":241,"column":4},"end":{"line":247,"column":5}},"type":"if","locations":[{"start":{"line":241,"column":4},"end":{"line":247,"column":5}},{"start":{},"end":{}}],"line":241},"30":{"loc":{"start":{"line":241,"column":8},"end":{"line":241,"column":62}},"type":"binary-expr","locations":[{"start":{"line":241,"column":8},"end":{"line":241,"column":43}},{"start":{"line":241,"column":47},"end":{"line":241,"column":62}}],"line":241},"31":{"loc":{"start":{"line":254,"column":2},"end":{"line":256,"column":3}},"type":"if","locations":[{"start":{"line":254,"column":2},"end":{"line":256,"column":3}},{"start":{},"end":{}}],"line":254},"32":{"loc":{"start":{"line":300,"column":18},"end":{"line":302,"column":34}},"type":"cond-expr","locations":[{"start":{"line":301,"column":22},"end":{"line":301,"column":49}},{"start":{"line":302,"column":22},"end":{"line":302,"column":34}}],"line":300},"33":{"loc":{"start":{"line":307,"column":17},"end":{"line":311,"column":17}},"type":"binary-expr","locations":[{"start":{"line":307,"column":17},"end":{"line":307,"column":37}},{"start":{"line":308,"column":18},"end":{"line":310,"column":25}}],"line":307},"34":{"loc":{"start":{"line":309,"column":21},"end":{"line":309,"column":112}},"type":"cond-expr","locations":[{"start":{"line":309,"column":44},"end":{"line":309,"column":55}},{"start":{"line":309,"column":58},"end":{"line":309,"column":112}}],"line":309},"35":{"loc":{"start":{"line":333,"column":9},"end":{"line":340,"column":9}},"type":"binary-expr","locations":[{"start":{"line":333,"column":9},"end":{"line":333,"column":14}},{"start":{"line":334,"column":10},"end":{"line":339,"column":16}}],"line":333},"36":{"loc":{"start":{"line":342,"column":9},"end":{"line":522,"column":9}},"type":"cond-expr","locations":[{"start":{"line":343,"column":10},"end":{"line":346,"column":16}},{"start":{"line":347,"column":12},"end":{"line":522,"column":9}}],"line":342},"37":{"loc":{"start":{"line":347,"column":12},"end":{"line":522,"column":9}},"type":"cond-expr","locations":[{"start":{"line":348,"column":10},"end":{"line":358,"column":16}},{"start":{"line":360,"column":10},"end":{"line":521,"column":16}}],"line":347},"38":{"loc":{"start":{"line":350,"column":15},"end":{"line":350,"column":75}},"type":"cond-expr","locations":[{"start":{"line":350,"column":40},"end":{"line":350,"column":44}},{"start":{"line":350,"column":47},"end":{"line":350,"column":75}}],"line":350},"39":{"loc":{"start":{"line":353,"column":15},"end":{"line":353,"column":115}},"type":"cond-expr","locations":[{"start":{"line":353,"column":40},"end":{"line":353,"column":48}},{"start":{"line":353,"column":51},"end":{"line":353,"column":115}}],"line":353},"40":{"loc":{"start":{"line":356,"column":15},"end":{"line":356,"column":74}},"type":"cond-expr","locations":[{"start":{"line":356,"column":40},"end":{"line":356,"column":57}},{"start":{"line":356,"column":60},"end":{"line":356,"column":74}}],"line":356},"41":{"loc":{"start":{"line":370,"column":49},"end":{"line":374,"column":32}},"type":"cond-expr","locations":[{"start":{"line":371,"column":25},"end":{"line":373,"column":30}},{"start":{"line":374,"column":28},"end":{"line":374,"column":32}}],"line":370},"42":{"loc":{"start":{"line":371,"column":25},"end":{"line":373,"column":30}},"type":"cond-expr","locations":[{"start":{"line":372,"column":26},"end":{"line":372,"column":147}},{"start":{"line":373,"column":26},"end":{"line":373,"column":30}}],"line":371},"43":{"loc":{"start":{"line":377,"column":25},"end":{"line":377,"column":56}},"type":"binary-expr","locations":[{"start":{"line":377,"column":25},"end":{"line":377,"column":46}},{"start":{"line":377,"column":50},"end":{"line":377,"column":56}}],"line":377},"44":{"loc":{"start":{"line":379,"column":23},"end":{"line":383,"column":23}},"type":"binary-expr","locations":[{"start":{"line":379,"column":23},"end":{"line":379,"column":50}},{"start":{"line":380,"column":24},"end":{"line":382,"column":31}}],"line":379},"45":{"loc":{"start":{"line":391,"column":23},"end":{"line":396,"column":23}},"type":"binary-expr","locations":[{"start":{"line":391,"column":23},"end":{"line":391,"column":44}},{"start":{"line":392,"column":24},"end":{"line":395,"column":31}}],"line":391},"46":{"loc":{"start":{"line":399,"column":25},"end":{"line":399,"column":52}},"type":"binary-expr","locations":[{"start":{"line":399,"column":25},"end":{"line":399,"column":47}},{"start":{"line":399,"column":51},"end":{"line":399,"column":52}}],"line":399},"47":{"loc":{"start":{"line":403,"column":25},"end":{"line":403,"column":59}},"type":"binary-expr","locations":[{"start":{"line":403,"column":25},"end":{"line":403,"column":54}},{"start":{"line":403,"column":58},"end":{"line":403,"column":59}}],"line":403},"48":{"loc":{"start":{"line":405,"column":23},"end":{"line":410,"column":23}},"type":"binary-expr","locations":[{"start":{"line":405,"column":23},"end":{"line":405,"column":49}},{"start":{"line":406,"column":24},"end":{"line":409,"column":31}}],"line":405},"49":{"loc":{"start":{"line":419,"column":23},"end":{"line":419,"column":101}},"type":"binary-expr","locations":[{"start":{"line":419,"column":23},"end":{"line":419,"column":81}},{"start":{"line":419,"column":85},"end":{"line":419,"column":101}}],"line":419},"50":{"loc":{"start":{"line":424,"column":23},"end":{"line":441,"column":23}},"type":"binary-expr","locations":[{"start":{"line":424,"column":23},"end":{"line":424,"column":53}},{"start":{"line":425,"column":24},"end":{"line":440,"column":27}}],"line":424},"51":{"loc":{"start":{"line":443,"column":23},"end":{"line":460,"column":23}},"type":"binary-expr","locations":[{"start":{"line":443,"column":23},"end":{"line":443,"column":57}},{"start":{"line":444,"column":24},"end":{"line":459,"column":27}}],"line":443},"52":{"loc":{"start":{"line":462,"column":23},"end":{"line":472,"column":23}},"type":"binary-expr","locations":[{"start":{"line":462,"column":23},"end":{"line":462,"column":55}},{"start":{"line":462,"column":59},"end":{"line":462,"column":91}},{"start":{"line":463,"column":24},"end":{"line":471,"column":33}}],"line":462},"53":{"loc":{"start":{"line":474,"column":23},"end":{"line":482,"column":23}},"type":"binary-expr","locations":[{"start":{"line":474,"column":24},"end":{"line":474,"column":56}},{"start":{"line":474,"column":60},"end":{"line":474,"column":90}},{"start":{"line":475,"column":24},"end":{"line":481,"column":33}}],"line":474},"54":{"loc":{"start":{"line":485,"column":21},"end":{"line":490,"column":21}},"type":"binary-expr","locations":[{"start":{"line":485,"column":21},"end":{"line":485,"column":52}},{"start":{"line":486,"column":22},"end":{"line":489,"column":28}}],"line":485},"55":{"loc":{"start":{"line":495,"column":17},"end":{"line":518,"column":17}},"type":"binary-expr","locations":[{"start":{"line":495,"column":18},"end":{"line":495,"column":40}},{"start":{"line":495,"column":44},"end":{"line":495,"column":88}},{"start":{"line":496,"column":18},"end":{"line":517,"column":24}}],"line":495},"56":{"loc":{"start":{"line":498,"column":21},"end":{"line":502,"column":21}},"type":"binary-expr","locations":[{"start":{"line":498,"column":21},"end":{"line":498,"column":43}},{"start":{"line":499,"column":22},"end":{"line":501,"column":26}}],"line":498},"57":{"loc":{"start":{"line":503,"column":21},"end":{"line":516,"column":21}},"type":"binary-expr","locations":[{"start":{"line":503,"column":21},"end":{"line":503,"column":65}},{"start":{"line":504,"column":22},"end":{"line":515,"column":28}}],"line":503},"58":{"loc":{"start":{"line":507,"column":29},"end":{"line":507,"column":65}},"type":"cond-expr","locations":[{"start":{"line":507,"column":54},"end":{"line":507,"column":58}},{"start":{"line":507,"column":61},"end":{"line":507,"column":65}}],"line":507},"59":{"loc":{"start":{"line":510,"column":25},"end":{"line":514,"column":25}},"type":"binary-expr","locations":[{"start":{"line":510,"column":25},"end":{"line":510,"column":68}},{"start":{"line":511,"column":26},"end":{"line":513,"column":32}}],"line":510},"60":{"loc":{"start":{"line":526,"column":7},"end":{"line":536,"column":7}},"type":"binary-expr","locations":[{"start":{"line":526,"column":7},"end":{"line":526,"column":24}},{"start":{"line":526,"column":28},"end":{"line":526,"column":40}},{"start":{"line":527,"column":8},"end":{"line":535,"column":10}}],"line":526}},"s":{"0":0,"1":0,"2":0,"3":0,"4":0,"5":0,"6":0,"7":0,"8":0,"9":0,"10":0,"11":0,"12":0,"13":0,"14":0,"15":0,"16":0,"17":0,"18":0,"19":0,"20":0,"21":0,"22":0,"23":0,"24":0,"25":0,"26":0,"27":0,"28":0,"29":0,"30":0,"31":0,"32":0,"33":0,"34":0,"35":0,"36":0,"37":0,"38":0,"39":0,"40":0,"41":0,"42":0,"43":0,"44":0,"45":0,"46":0,"47":0,"48":0,"49":0,"50":0,"51":0,"52":0,"53":0,"54":0,"55":0,"56":0,"57":0,"58":0,"59":0,"60":0,"61":0,"62":0,"63":0,"64":0,"65":0,"66":0,"67":0,"68":0,"69":0,"70":0,"71":0,"72":0,"73":0,"74":0,"75":0,"76":0,"77":0,"78":0,"79":0,"80":0,"81":0,"82":0,"83":0,"84":0,"85":0,"86":0,"87":0,"88":0,"89":0,"90":0,"91":0,"92":0,"93":0,"94":0,"95":0,"96":0,"97":0,"98":0,"99":0,"100":0,"101":0,"102":0,"103":0,"104":0,"105":0,"106":0,"107":0,"108":0,"109":0,"110":0,"111":0,"112":0,"113":0,"114":0,"115":0,"116":0,"117":0,"118":0,"119":0,"120":0,"121":0,"122":0,"123":0,"124":0,"125":0,"126":0,"127":0,"128":0,"129":0,"130":0,"131":0,"132":0,"133":0,"134":0,"135":0,"136":0,"137":0,"138":0,"139":0,"140":0,"141":0,"142":0,"143":0,"144":0,"145":0,"146":0,"147":0},"f":{"0":0,"1":0,"2":0,"3":0,"4":0,"5":0,"6":0,"7":0,"8":0,"9":0,"10":0,"11":0,"12":0,"13":0,"14":0,"15":0,"16":0,"17":0,"18":0,"19":0,"20":0,"21":0,"22":0,"23":0,"24":0,"25":0,"26":0,"27":0,"28":0,"29":0,"30":0,"31":0,"32":0,"33":0,"34":0,"35":0,"36":0,"37":0,"38":0,"39":0,"40":0,"41":0,"42":0,"43":0,"44":0,"45":0},"b":{"0":[0],"1":[0],"2":[0,0],"3":[0,0],"4":[0,0],"5":[0,0],"6":[0,0],"7":[0,0],"8":[0,0],"9":[0,0],"10":[0,0],"11":[0,0],"12":[0,0],"13":[0,0],"14":[0,0],"15":[0,0],"16":[0,0],"17":[0,0],"18":[0,0],"19":[0,0],"20":[0,0,0,0],"21":[0,0],"22":[0,0],"23":[0,0],"24":[0,0],"25":[0,0],"26":[0,0],"27":[0,0],"28":[0,0],"29":[0,0],"30":[0,0],"31":[0,0],"32":[0,0],"33":[0,0],"34":[0,0],"35":[0,0],"36":[0,0],"37":[0,0],"38":[0,0],"39":[0,0],"40":[0,0],"41":[0,0],"42":[0,0],"43":[0,0],"44":[0,0],"45":[0,0],"46":[0,0],"47":[0,0],"48":[0,0],"49":[0,0],"50":[0,0],"51":[0,0],"52":[0,0,0],"53":[0,0,0],"54":[0,0],"55":[0,0,0],"56":[0,0],"57":[0,0],"58":[0,0],"59":[0,0],"60":[0,0,0]}}
,"/mnt/d/SummerVacationPlanning/frontend/src/components/EvidenceModal.tsx": {"path":"/mnt/d/SummerVacationPlanning/frontend/src/components/EvidenceModal.tsx","statementMap":{"0":{"start":{"line":20,"column":52},"end":{"line":340,"column":1}},"1":{"start":{"line":26,"column":19},"end":{"line":26,"column":28}},"2":{"start":{"line":27,"column":42},"end":{"line":27,"column":54}},"3":{"start":{"line":28,"column":28},"end":{"line":28,"column":40}},"4":{"start":{"line":29,"column":44},"end":{"line":29,"column":72}},"5":{"start":{"line":30,"column":36},"end":{"line":30,"column":51}},"6":{"start":{"line":31,"column":40},"end":{"line":31,"column":52}},"7":{"start":{"line":32,"column":34},"end":{"line":32,"column":49}},"8":{"start":{"line":33,"column":34},"end":{"line":33,"column":67}},"9":{"start":{"line":36,"column":2},"end":{"line":57,"column":18}},"10":{"start":{"line":37,"column":4},"end":{"line":56,"column":5}},"11":{"start":{"line":38,"column":6},"end":{"line":38,"column":52}},"12":{"start":{"line":39,"column":6},"end":{"line":39,"column":56}},"13":{"start":{"line":40,"column":6},"end":{"line":40,"column":38}},"14":{"start":{"line":43,"column":6},"end":{"line":50,"column":7}},"15":{"start":{"line":44,"column":8},"end":{"line":49,"column":13}},"16":{"start":{"line":44,"column":79},"end":{"line":49,"column":9}},"17":{"start":{"line":53,"column":6},"end":{"line":55,"column":7}},"18":{"start":{"line":54,"column":8},"end":{"line":54,"column":28}},"19":{"start":{"line":59,"column":35},"end":{"line":62,"column":3}},"20":{"start":{"line":60,"column":4},"end":{"line":60,"column":50}},"21":{"start":{"line":60,"column":29},"end":{"line":60,"column":48}},"22":{"start":{"line":61,"column":4},"end":{"line":61,"column":23}},"23":{"start":{"line":64,"column":32},"end":{"line":66,"column":3}},"24":{"start":{"line":65,"column":4},"end":{"line":65,"column":26}},"25":{"start":{"line":68,"column":27},"end":{"line":70,"column":3}},"26":{"start":{"line":69,"column":4},"end":{"line":69,"column":77}},"27":{"start":{"line":69,"column":29},"end":{"line":69,"column":75}},"28":{"start":{"line":69,"column":55},"end":{"line":69,"column":74}},"29":{"start":{"line":72,"column":23},"end":{"line":84,"column":3}},"30":{"start":{"line":73,"column":4},"end":{"line":76,"column":5}},"31":{"start":{"line":74,"column":6},"end":{"line":74,"column":34}},"32":{"start":{"line":75,"column":6},"end":{"line":75,"column":13}},"33":{"start":{"line":77,"column":4},"end":{"line":82,"column":7}},"34":{"start":{"line":83,"column":4},"end":{"line":83,"column":18}},"35":{"start":{"line":86,"column":22},"end":{"line":95,"column":3}},"36":{"start":{"line":87,"column":4},"end":{"line":92,"column":5}},"37":{"start":{"line":88,"column":6},"end":{"line":88,"column":26}},"38":{"start":{"line":89,"column":6},"end":{"line":89,"column":19}},"39":{"start":{"line":90,"column":6},"end":{"line":90,"column":27}},"40":{"start":{"line":91,"column":6},"end":{"line":91,"column":25}},"41":{"start":{"line":93,"column":4},"end":{"line":93,"column":24}},"42":{"start":{"line":94,"column":4},"end":{"line":94,"column":14}},"43":{"start":{"line":97,"column":31},"end":{"line":112,"column":3}},"44":{"start":{"line":98,"column":51},"end":{"line":98,"column":53}},"45":{"start":{"line":100,"column":4},"end":{"line":102,"column":5}},"46":{"start":{"line":101,"column":6},"end":{"line":101,"column":26}},"47":{"start":{"line":103,"column":4},"end":{"line":105,"column":5}},"48":{"start":{"line":104,"column":6},"end":{"line":104,"column":26}},"49":{"start":{"line":107,"column":4},"end":{"line":109,"column":5}},"50":{"start":{"line":108,"column":6},"end":{"line":108,"column":26}},"51":{"start":{"line":111,"column":4},"end":{"line":111,"column":48}},"52":{"start":{"line":114,"column":30},"end":{"line":121,"column":3}},"53":{"start":{"line":115,"column":47},"end":{"line":119,"column":5}},"54":{"start":{"line":120,"column":4},"end":{"line":120,"column":75}},"55":{"start":{"line":120,"column":42},"end":{"line":120,"column":63}},"56":{"start":{"line":123,"column":2},"end":{"line":123,"column":25}},"57":{"start":{"line":123,"column":13},"end":{"line":123,"column":25}},"58":{"start":{"line":125,"column":2},"end":{"line":339,"column":4}},"59":{"start":{"line":165,"column":31},"end":{"line":165,"column":50}},"60":{"start":{"line":189,"column":33},"end":{"line":189,"column":64}},"61":{"start":{"line":252,"column":31},"end":{"line":252,"column":55}},"62":{"start":{"line":269,"column":29},"end":{"line":269,"column":58}}},"fnMap":{"0":{"name":"(anonymous_0)","decl":{"start":{"line":20,"column":52},"end":{"line":20,"column":53}},"loc":{"start":{"line":25,"column":6},"end":{"line":340,"column":1}},"line":25},"1":{"name":"(anonymous_1)","decl":{"start":{"line":36,"column":12},"end":{"line":36,"column":13}},"loc":{"start":{"line":36,"column":18},"end":{"line":57,"column":3}},"line":36},"2":{"name":"(anonymous_2)","decl":{"start":{"line":44,"column":62},"end":{"line":44,"column":63}},"loc":{"start":{"line":44,"column":79},"end":{"line":49,"column":9}},"line":44},"3":{"name":"(anonymous_3)","decl":{"start":{"line":59,"column":35},"end":{"line":59,"column":36}},"loc":{"start":{"line":59,"column":62},"end":{"line":62,"column":3}},"line":59},"4":{"name":"(anonymous_4)","decl":{"start":{"line":60,"column":21},"end":{"line":60,"column":22}},"loc":{"start":{"line":60,"column":29},"end":{"line":60,"column":48}},"line":60},"5":{"name":"(anonymous_5)","decl":{"start":{"line":64,"column":32},"end":{"line":64,"column":33}},"loc":{"start":{"line":64,"column":51},"end":{"line":66,"column":3}},"line":64},"6":{"name":"(anonymous_6)","decl":{"start":{"line":68,"column":27},"end":{"line":68,"column":28}},"loc":{"start":{"line":68,"column":50},"end":{"line":70,"column":3}},"line":68},"7":{"name":"(anonymous_7)","decl":{"start":{"line":69,"column":21},"end":{"line":69,"column":22}},"loc":{"start":{"line":69,"column":29},"end":{"line":69,"column":75}},"line":69},"8":{"name":"(anonymous_8)","decl":{"start":{"line":69,"column":41},"end":{"line":69,"column":42}},"loc":{"start":{"line":69,"column":55},"end":{"line":69,"column":74}},"line":69},"9":{"name":"(anonymous_9)","decl":{"start":{"line":72,"column":23},"end":{"line":72,"column":24}},"loc":{"start":{"line":72,"column":29},"end":{"line":84,"column":3}},"line":72},"10":{"name":"(anonymous_10)","decl":{"start":{"line":86,"column":22},"end":{"line":86,"column":23}},"loc":{"start":{"line":86,"column":28},"end":{"line":95,"column":3}},"line":86},"11":{"name":"(anonymous_11)","decl":{"start":{"line":97,"column":31},"end":{"line":97,"column":32}},"loc":{"start":{"line":97,"column":70},"end":{"line":112,"column":3}},"line":97},"12":{"name":"(anonymous_12)","decl":{"start":{"line":114,"column":30},"end":{"line":114,"column":31}},"loc":{"start":{"line":114,"column":36},"end":{"line":121,"column":3}},"line":114},"13":{"name":"(anonymous_13)","decl":{"start":{"line":120,"column":34},"end":{"line":120,"column":35}},"loc":{"start":{"line":120,"column":42},"end":{"line":120,"column":63}},"line":120},"14":{"name":"(anonymous_14)","decl":{"start":{"line":165,"column":25},"end":{"line":165,"column":26}},"loc":{"start":{"line":165,"column":31},"end":{"line":165,"column":50}},"line":165},"15":{"name":"(anonymous_15)","decl":{"start":{"line":189,"column":26},"end":{"line":189,"column":27}},"loc":{"start":{"line":189,"column":33},"end":{"line":189,"column":64}},"line":189},"16":{"name":"(anonymous_16)","decl":{"start":{"line":252,"column":24},"end":{"line":252,"column":25}},"loc":{"start":{"line":252,"column":31},"end":{"line":252,"column":55}},"line":252},"17":{"name":"(anonymous_17)","decl":{"start":{"line":269,"column":24},"end":{"line":269,"column":25}},"loc":{"start":{"line":269,"column":29},"end":{"line":269,"column":58}},"line":269}},"branchMap":{"0":{"loc":{"start":{"line":37,"column":4},"end":{"line":56,"column":5}},"type":"if","locations":[{"start":{"line":37,"column":4},"end":{"line":56,"column":5}},{"start":{},"end":{}}],"line":37},"1":{"loc":{"start":{"line":38,"column":22},"end":{"line":38,"column":50}},"type":"binary-expr","locations":[{"start":{"line":38,"column":22},"end":{"line":38,"column":44}},{"start":{"line":38,"column":48},"end":{"line":38,"column":50}}],"line":38},"2":{"loc":{"start":{"line":39,"column":18},"end":{"line":39,"column":54}},"type":"binary-expr","locations":[{"start":{"line":39,"column":18},"end":{"line":39,"column":45}},{"start":{"line":39,"column":49},"end":{"line":39,"column":54}}],"line":39},"3":{"loc":{"start":{"line":40,"column":15},"end":{"line":40,"column":36}},"type":"binary-expr","locations":[{"start":{"line":40,"column":15},"end":{"line":40,"column":30}},{"start":{"line":40,"column":34},"end":{"line":40,"column":36}}],"line":40},"4":{"loc":{"start":{"line":43,"column":6},"end":{"line":50,"column":7}},"type":"if","locations":[{"start":{"line":43,"column":6},"end":{"line":50,"column":7}},{"start":{},"end":{}}],"line":43},"5":{"loc":{"start":{"line":53,"column":6},"end":{"line":55,"column":7}},"type":"if","locations":[{"start":{"line":53,"column":6},"end":{"line":55,"column":7}},{"start":{},"end":{}}],"line":53},"6":{"loc":{"start":{"line":53,"column":10},"end":{"line":53,"column":118}},"type":"binary-expr","locations":[{"start":{"line":53,"column":10},"end":{"line":53,"column":42}},{"start":{"line":53,"column":47},"end":{"line":53,"column":69}},{"start":{"line":53,"column":73},"end":{"line":53,"column":117}}],"line":53},"7":{"loc":{"start":{"line":73,"column":4},"end":{"line":76,"column":5}},"type":"if","locations":[{"start":{"line":73,"column":4},"end":{"line":76,"column":5}},{"start":{},"end":{}}],"line":73},"8":{"loc":{"start":{"line":73,"column":8},"end":{"line":73,"column":58}},"type":"binary-expr","locations":[{"start":{"line":73,"column":8},"end":{"line":73,"column":28}},{"start":{"line":73,"column":32},"end":{"line":73,"column":58}}],"line":73},"9":{"loc":{"start":{"line":87,"column":4},"end":{"line":92,"column":5}},"type":"if","locations":[{"start":{"line":87,"column":4},"end":{"line":92,"column":5}},{"start":{},"end":{}}],"line":87},"10":{"loc":{"start":{"line":100,"column":4},"end":{"line":102,"column":5}},"type":"if","locations":[{"start":{"line":100,"column":4},"end":{"line":102,"column":5}},{"start":{},"end":{}}],"line":100},"11":{"loc":{"start":{"line":103,"column":4},"end":{"line":105,"column":5}},"type":"if","locations":[{"start":{"line":103,"column":4},"end":{"line":105,"column":5}},{"start":{},"end":{}}],"line":103},"12":{"loc":{"start":{"line":107,"column":4},"end":{"line":109,"column":5}},"type":"if","locations":[{"start":{"line":107,"column":4},"end":{"line":109,"column":5}},{"start":{},"end":{}}],"line":107},"13":{"loc":{"start":{"line":107,"column":8},"end":{"line":107,"column":61}},"type":"binary-expr","locations":[{"start":{"line":107,"column":8},"end":{"line":107,"column":33}},{"start":{"line":107,"column":37},"end":{"line":107,"column":61}}],"line":107},"14":{"loc":{"start":{"line":111,"column":11},"end":{"line":111,"column":47}},"type":"cond-expr","locations":[{"start":{"line":111,"column":30},"end":{"line":111,"column":35}},{"start":{"line":111,"column":38},"end":{"line":111,"column":47}}],"line":111},"15":{"loc":{"start":{"line":120,"column":42},"end":{"line":120,"column":63}},"type":"binary-expr","locations":[{"start":{"line":120,"column":42},"end":{"line":120,"column":55}},{"start":{"line":120,"column":59},"end":{"line":120,"column":63}}],"line":120},"16":{"loc":{"start":{"line":123,"column":2},"end":{"line":123,"column":25}},"type":"if","locations":[{"start":{"line":123,"column":2},"end":{"line":123,"column":25}},{"start":{},"end":{}}],"line":123},"17":{"loc":{"start":{"line":132,"column":17},"end":{"line":132,"column":64}},"type":"cond-expr","locations":[{"start":{"line":132,"column":39},"end":{"line":132,"column":50}},{"start":{"line":132,"column":53},"end":{"line":132,"column":64}}],"line":132},"18":{"loc":{"start":{"line":137,"column":15},"end":{"line":141,"column":15}},"type":"binary-expr","locations":[{"start":{"line":137,"column":15},"end":{"line":137,"column":34}},{"start":{"line":138,"column":16},"end":{"line":140,"column":20}}],"line":137},"19":{"loc":{"start":{"line":142,"column":15},"end":{"line":160,"column":15}},"type":"binary-expr","locations":[{"start":{"line":142,"column":15},"end":{"line":142,"column":34}},{"start":{"line":142,"column":38},"end":{"line":142,"column":47}},{"start":{"line":143,"column":16},"end":{"line":159,"column":22}}],"line":142},"20":{"loc":{"start":{"line":145,"column":20},"end":{"line":145,"column":114}},"type":"cond-expr","locations":[{"start":{"line":145,"column":55},"end":{"line":145,"column":84}},{"start":{"line":145,"column":87},"end":{"line":145,"column":114}}],"line":145},"21":{"loc":{"start":{"line":147,"column":21},"end":{"line":147,"column":82}},"type":"cond-expr","locations":[{"start":{"line":147,"column":56},"end":{"line":147,"column":63}},{"start":{"line":147,"column":66},"end":{"line":147,"column":82}}],"line":147},"22":{"loc":{"start":{"line":149,"column":19},"end":{"line":153,"column":19}},"type":"binary-expr","locations":[{"start":{"line":149,"column":19},"end":{"line":149,"column":45}},{"start":{"line":150,"column":20},"end":{"line":152,"column":27}}],"line":149},"23":{"loc":{"start":{"line":154,"column":19},"end":{"line":158,"column":19}},"type":"binary-expr","locations":[{"start":{"line":154,"column":19},"end":{"line":154,"column":40}},{"start":{"line":155,"column":20},"end":{"line":157,"column":27}}],"line":154},"24":{"loc":{"start":{"line":163,"column":13},"end":{"line":170,"column":13}},"type":"binary-expr","locations":[{"start":{"line":163,"column":13},"end":{"li
[...]
,"column":44}},"20":{"start":{"line":69,"column":6},"end":{"line":69,"column":18}},"21":{"start":{"line":75,"column":4},"end":{"line":98,"column":5}},"22":{"start":{"line":76,"column":20},"end":{"line":76,"column":54}},"23":{"start":{"line":77,"column":6},"end":{"line":79,"column":7}},"24":{"start":{"line":78,"column":8},"end":{"line":78,"column":51}},"25":{"start":{"line":81,"column":23},"end":{"line":87,"column":8}},"26":{"start":{"line":89,"column":48},"end":{"line":89,"column":69}},"27":{"start":{"line":91,"column":6},"end":{"line":93,"column":7}},"28":{"start":{"line":92,"column":8},"end":{"line":92,"column":63}},"29":{"start":{"line":95,"column":6},"end":{"line":95,"column":29}},"30":{"start":{"line":97,"column":6},"end":{"line":97,"column":18}},"31":{"start":{"line":103,"column":4},"end":{"line":127,"column":5}},"32":{"start":{"line":104,"column":20},"end":{"line":104,"column":54}},"33":{"start":{"line":105,"column":6},"end":{"line":107,"column":7}},"34":{"start":{"line":106,"column":8},"end":{"line":106,"column":51}},"35":{"start":{"line":109,"column":23},"end":{"line":116,"column":8}},"36":{"start":{"line":118,"column":48},"end":{"line":118,"column":69}},"37":{"start":{"line":120,"column":6},"end":{"line":122,"column":7}},"38":{"start":{"line":121,"column":8},"end":{"line":121,"column":66}},"39":{"start":{"line":124,"column":6},"end":{"line":124,"column":29}},"40":{"start":{"line":126,"column":6},"end":{"line":126,"column":18}},"41":{"start":{"line":132,"column":4},"end":{"line":132,"column":48}},"42":{"start":{"line":137,"column":4},"end":{"line":137,"column":46}}},"fnMap":{"0":{"name":"(anonymous_0)","decl":{"start":{"line":7,"column":2},"end":{"line":7,"column":3}},"loc":{"start":{"line":7,"column":161},"end":{"line":36,"column":3}},"line":7},"1":{"name":"(anonymous_1)","decl":{"start":{"line":39,"column":2},"end":{"line":39,"column":3}},"loc":{"start":{"line":39,"column":87},"end":{"line":62,"column":3}},"line":39},"2":{"name":"(anonymous_2)","decl":{"start":{"line":65,"column":2},"end":{"line":65,"column":3}},"loc":{"start":{"line":65,"column":32},"end":{"line":71,"column":3}},"line":65},"3":{"name":"(anonymous_3)","decl":{"start":{"line":74,"column":2},"end":{"line":74,"column":3}},"loc":{"start":{"line":74,"column":36},"end":{"line":99,"column":3}},"line":74},"4":{"name":"(anonymous_4)","decl":{"start":{"line":102,"column":2},"end":{"line":102,"column":3}},"loc":{"start":{"line":102,"column":76},"end":{"line":128,"column":3}},"line":102},"5":{"name":"(anonymous_5)","decl":{"start":{"line":131,"column":2},"end":{"line":131,"column":3}},"loc":{"start":{"line":131,"column":29},"end":{"line":133,"column":3}},"line":131},"6":{"name":"(anonymous_6)","decl":{"start":{"line":136,"column":2},"end":{"line":136,"column":3}},"loc":{"start":{"line":136,"column":28},"end":{"line":138,"column":3}},"line":136}},"branchMap":{"0":{"loc":{"start":{"line":3,"column":21},"end":{"line":3,"column":121}},"type":"cond-expr","locations":[{"start":{"line":3,"column":53},"end":{"line":3,"column":91}},{"start":{"line":3,"column":94},"end":{"line":3,"column":121}}],"line":3},"1":{"loc":{"start":{"line":25,"column":6},"end":{"line":27,"column":7}},"type":"if","locations":[{"start":{"line":25,"column":6},"end":{"line":27,"column":7}},{"start":{},"end":{}}],"line":25},"2":{"loc":{"start":{"line":26,"column":24},"end":{"line":26,"column":59}},"type":"binary-expr","locations":[{"start":{"line":26,"column":24},"end":{"line":26,"column":34}},{"start":{"line":26,"column":38},"end":{"line":26,"column":59}}],"line":26},"3":{"loc":{"start":{"line":51,"column":6},"end":{"line":53,"column":7}},"type":"if","locations":[{"start":{"line":51,"column":6},"end":{"line":53,"column":7}},{"start":{},"end":{}}],"line":51},"4":{"loc":{"start":{"line":52,"column":24},"end":{"line":52,"column":52}},"type":"binary-expr","locations":[{"start":{"line":52,"column":24},"end":{"line":52,"column":34}},{"start":{"line":52,"column":38},"end":{"line":52,"column":52}}],"line":52},"5":{"loc":{"start":{"line":77,"column":6},"end":{"line":79,"column":7}},"type":"if","locations":[{"start":{"line":77,"column":6},"end":{"line":79,"column":7}},{"start":{},"end":{}}],"line":77},"6":{"loc":{"start":{"line":91,"column":6},"end":{"line":93,"column":7}},"type":"if","locations":[{"start":{"line":91,"column":6},"end":{"line":93,"column":7}},{"start":{},"end":{}}],"line":91},"7":{"loc":{"start":{"line":92,"column":24},"end":{"line":92,"column":61}},"type":"binary-expr","locations":[{"start":{"line":92,"column":24},"end":{"line":92,"column":34}},{"start":{"line":92,"column":38},"end":{"line":92,"column":61}}],"line":92},"8":{"loc":{"start":{"line":105,"column":6},"end":{"line":107,"column":7}},"type":"if","locations":[{"start":{"line":105,"column":6},"end":{"line":107,"column":7}},{"start":{},"end":{}}],"line":105},"9":{"loc":{"start":{"line":120,"column":6},"end":{"line":122,"column":7}},"type":"if","locations":[{"start":{"line":120,"column":6},"end":{"line":122,"column":7}},{"start":{},"end":{}}],"line":120},"10":{"loc":{"start":{"line":121,"column":24},"end":{"line":121,"column":64}},"type":"binary-expr","locations":[{"start":{"line":121,"column":24},"end":{"line":121,"column":34}},{"start":{"line":121,"column":38},"end":{"line":121,"column":64}}],"line":121}},"s":{"0":0,"1":0,"2":0,"3":0,"4":0,"5":0,"6":0,"7":0,"8":0,"9":0,"10":0,"11":0,"12":0,"13":0,"14":0,"15":0,"16":0,"17":0,"18":0,"19":0,"20":0,"21":0,"22":0,"23":0,"24":0,"25":0,"26":0,"27":0,"28":0,"29":0,"30":0,"31":0,"32":0,"33":0,"34":0,"35":0,"36":0,"37":0,"38":0,"39":0,"40":0,"41":0,"42":0},"f":{"0":0,"1":0,"2":0,"3":0,"4":0,"5":0,"6":0},"b":{"0":[0,0],"1":[0,0],"2":[0,0],"3":[0,0],"4":[0,0],"5":[0,0],"6":[0,0],"7":[0,0],"8":[0,0],"9":[0,0],"10":[0,0]}}
,"/mnt/d/SummerVacationPlanning/frontend/src/services/upload.ts": {"path":"/mnt/d/SummerVacationPlanning/frontend/src/services/upload.ts","statementMap":{"0":{"start":{"line":20,"column":22},"end":{"line":20,"column":32}},"1":{"start":{"line":21,"column":22},"end":{"line":21,"column":51}},"2":{"start":{"line":22,"column":4},"end":{"line":22,"column":71}},"3":{"start":{"line":27,"column":20},"end":{"line":27,"column":36}},"4":{"start":{"line":28,"column":4},"end":{"line":30,"column":5}},"5":{"start":{"line":29,"column":6},"end":{"line":29,"column":53}},"6":{"start":{"line":33,"column":25},"end":{"line":52,"column":5}},"7":{"start":{"line":54,"column":4},"end":{"line":56,"column":5}},"8":{"start":{"line":55,"column":6},"end":{"line":55,"column":49}},"9":{"start":{"line":58,"column":4},"end":{"line":58,"column":27}},"10":{"start":{"line":68,"column":23},"end":{"line":68,"column":46}},"11":{"start":{"line":69,"column":4},"end":{"line":71,"column":5}},"12":{"start":{"line":70,"column":6},"end":{"line":70,"column":40}},"13":{"start":{"line":73,"column":4},"end":{"line":94,"column":5}},"14":{"start":{"line":75,"column":23},"end":{"line":75,"column":71}},"15":{"start":{"line":76,"column":25},"end":{"line":76,"column":47}},"16":{"start":{"line":79,"column":23},"end":{"line":79,"column":58}},"17":{"start":{"line":82,"column":26},"end":{"line":82,"column":60}},"18":{"start":{"line":84,"column":6},"end":{"line":90,"column":8}},"19":{"start":{"line":92,"column":6},"end":{"line":92,"column":44}},"20":{"start":{"line":93,"column":6},"end":{"line":93,"column":36}},"21":{"start":{"line":103,"column":36},"end":{"line":103,"column":38}},"22":{"start":{"line":105,"column":4},"end":{"line":119,"column":5}},"23":{"start":{"line":105,"column":17},"end":{"line":105,"column":18}},"24":{"start":{"line":106,"column":19},"end":{"line":106,"column":27}},"25":{"start":{"line":107,"column":6},"end":{"line":118,"column":7}},"26":{"start":{"line":108,"column":23},"end":{"line":113,"column":9}},"27":{"start":{"line":112,"column":37},"end":{"line":112,"column":60}},"28":{"start":{"line":114,"column":8},"end":{"line":114,"column":29}},"29":{"start":{"line":116,"column":8},"end":{"line":116,"column":67}},"30":{"start":{"line":117,"column":8},"end":{"line":117,"column":20}},"31":{"start":{"line":121,"column":4},"end":{"line":121,"column":19}},"32":{"start":{"line":129,"column":20},"end":{"line":129,"column":37}},"33":{"start":{"line":130,"column":25},"end":{"line":133,"column":5}},"34":{"start":{"line":134,"column":4},"end":{"line":136,"column":5}},"35":{"start":{"line":135,"column":6},"end":{"line":135,"column":39}},"36":{"start":{"line":137,"column":4},"end":{"line":139,"column":5}},"37":{"start":{"line":138,"column":6},"end":{"line":138,"column":34}},"38":{"start":{"line":140,"column":21},"end":{"line":140,"column":35}},"39":{"start":{"line":141,"column":4},"end":{"line":141,"column":34}},"40":{"start":{"line":143,"column":16},"end":{"line":143,"column":36}},"41":{"start":{"line":144,"column":4},"end":{"line":167,"column":7}},"42":{"start":{"line":145,"column":6},"end":{"line":145,"column":59}},"43":{"start":{"line":146,"column":6},"end":{"line":146,"column":32}},"44":{"start":{"line":147,"column":6},"end":{"line":153,"column":8}},"45":{"start":{"line":148,"column":8},"end":{"line":152,"column":9}},"46":{"start":{"line":149,"column":10},"end":{"line":149,"column":37}},"47":{"start":{"line":151,"column":10},"end":{"line":151,"column":59}},"48":{"start":{"line":154,"column":6},"end":{"line":154,"column":57}},"49":{"start":{"line":154,"column":26},"end":{"line":154,"column":56}},"50":{"start":{"line":155,"column":6},"end":{"line":165,"column":7}},"51":{"start":{"line":156,"column":8},"end":{"line":164,"column":10}},"52":{"start":{"line":157,"column":10},"end":{"line":163,"column":11}},"53":{"start":{"line":158,"column":12},"end":{"line":162,"column":15}},"54":{"start":{"line":166,"column":6},"end":{"line":166,"column":25}},"55":{"start":{"line":174,"column":27},"end":{"line":174,"column":29}},"56":{"start":{"line":175,"column":4},"end":{"line":186,"column":5}},"57":{"start":{"line":175,"column":17},"end":{"line":175,"column":18}},"58":{"start":{"line":176,"column":19},"end":{"line":176,"column":27}},"59":{"start":{"line":177,"column":6},"end":{"line":185,"column":7}},"60":{"start":{"line":178,"column":23},"end":{"line":181,"column":9}},"61":{"start":{"line":180,"column":37},"end":{"line":180,"column":60}},"62":{"start":{"line":182,"column":8},"end":{"line":182,"column":29}},"63":{"start":{"line":184,"column":8},"end":{"line":184,"column":20}},"64":{"start":{"line":187,"column":4},"end":{"line":187,"column":19}},"65":{"start":{"line":191,"column":4},"end":{"line":197,"column":5}},"66":{"start":{"line":192,"column":25},"end":{"line":192,"column":47}},"67":{"start":{"line":193,"column":6},"end":{"line":193,"column":37}},"68":{"start":{"line":195,"column":6},"end":{"line":195,"column":44}},"69":{"start":{"line":196,"column":6},"end":{"line":196,"column":32}},"70":{"start":{"line":201,"column":22},"end":{"line":201,"column":68}},"71":{"start":{"line":203,"column":22},"end":{"line":203,"column":59}},"72":{"start":{"line":204,"column":22},"end":{"line":204,"column":65}},"73":{"start":{"line":205,"column":22},"end":{"line":205,"column":50}},"74":{"start":{"line":207,"column":4},"end":{"line":207,"column":54}},"75":{"start":{"line":207,"column":39},"end":{"line":207,"column":54}},"76":{"start":{"line":208,"column":4},"end":{"line":208,"column":54}},"77":{"start":{"line":208,"column":39},"end":{"line":208,"column":54}},"78":{"start":{"line":209,"column":4},"end":{"line":209,"column":54}},"79":{"start":{"line":209,"column":39},"end":{"line":209,"column":54}},"80":{"start":{"line":210,"column":4},"end":{"line":210,"column":21}},"81":{"start":{"line":214,"column":4},"end":{"line":214,"column":34}},"82":{"start":{"line":214,"column":21},"end":{"line":214,"column":34}},"83":{"start":{"line":215,"column":14},"end":{"line":215,"column":18}},"84":{"start":{"line":216,"column":18},"end":{"line":216,"column":41}},"85":{"start":{"line":217,"column":14},"end":{"line":217,"column":55}},"86":{"start":{"line":218,"column":4},"end":{"line":218,"column":76}},"87":{"start":{"line":222,"column":29},"end":{"line":222,"column":48}}},"fnMap":{"0":{"name":"(anonymous_0)","decl":{"start":{"line":19,"column":2},"end":{"line":19,"column":3}},"loc":{"start":{"line":19,"column":89},"end":{"line":23,"column":3}},"line":19},"1":{"name":"(anonymous_1)","decl":{"start":{"line":25,"column":2},"end":{"line":25,"column":3}},"loc":{"start":{"line":25,"column":71},"end":{"line":59,"column":3}},"line":25},"2":{"name":"(anonymous_2)","decl":{"start":{"line":61,"column":2},"end":{"line":61,"column":3}},"loc":{"start":{"line":66,"column":27},"end":{"line":95,"column":3}},"line":66},"3":{"name":"(anonymous_3)","decl":{"start":{"line":97,"column":2},"end":{"line":97,"column":3}},"loc":{"start":{"line":102,"column":29},"end":{"line":122,"column":3}},"line":102},"4":{"name":"(anonymous_4)","decl":{"start":{"line":112,"column":23},"end":{"line":112,"column":24}},"loc":{"start":{"line":112,"column":37},"end":{"line":112,"column":60}},"line":112},"5":{"name":"(anonymous_5)","decl":{"start":{"line":124,"column":2},"end":{"line":124,"column":3}},"loc":{"start":{"line":127,"column":18},"end":{"line":168,"column":3}},"line":127},"6":{"name":"(anonymous_6)","decl":{"start":{"line":144,"column":23},"end":{"line":144,"column":24}},"loc":{"start":{"line":144,"column":44},"end":{"line":167,"column":5}},"line":144},"7":{"name":"(anonymous_7)","decl":{"start":{"line":147,"column":19},"end":{"line":147,"column":20}},"loc":{"start":{"line":147,"column":25},"end":{"line":153,"column":7}},"line":147},"8":{"name":"(anonymous_8)","decl":{"start":{"line":154,"column":20},"end":{"line":154,"column":21}},"loc":{"start":{"line":154,"column":26},"end":{"line":154,"column":56}},"line":154},"9":{"name":"(anonymous_9)","decl":{"start":{"line":156,"column":32},"end":{"line":156,"column":33}},"loc":{"start":{"line":156,"column":43},"end":{"line":164,"column":9}},"line":156},"10":{"name":"(anonymous_10)","decl":{"start":{"line":170,"column":2},"end":{"line":170,"column":3}},"loc":{"start":{"line":173,"column":20},"end":{"line":188,"column":3}},"line":173},"11":{"name":"(anonymous_11)","decl":{"start":{"line":180,"column":23},"end":{"line":180,"column":24}},"loc":{"start":{"line":180,"column":37},"end":{"line":180,"column":60}},"line":180},"12":{"name":"(anonymous_12)","decl":{"start":{"line":190,"column":2},"end":{"line":190,"column":3}},"loc":{"start":{"line":190,"column":52},"end":{"line":198,"column":3}},"line":190},"13":{"name":"(anonymous_13)","decl":{"start":{"line":200,"column":2},"end":{"line":200,"column":3}},"loc":{"start":{"line":200,"column":73},"end":{"line":211,"column":3}},"line":200},"14":{"name":"(anonymous_14)","decl":{"start":{"line":213,"column":2},"end":{"line":213,"column":3}},"loc":{"start":{"line":213,"column":40},"end":{"line":219,"column":3}},"line":213}},"branchMap":{"0":{"loc":{"start":{"line":28,"column":4},"end":{"line":30,"column":5}},"type":"if","locations":[{"start":{"line":28,"column":4},"end":{"line":30,"column":5}},{"start":{},"end":{}}],"line":28},"1":{"loc":{"start":{"line":54,"column":4},"end":{"line":56,"column":5}},"type":"if","locations":[{"start":{"line":54,"column":4},"end":{"line":56,"column":5}},{"start":{},"end":{}}],"line":54},"2":{"loc":{"start":{"line":69,"column":4},"end":{"line":71,"column":5}},"type":"if","locations":[{"start":{"line":69,"column":4},"end":{"line":71,"column":5}},{"start":{},"end":{}}],"line":69},"3":{"loc":{"start":{"line":112,"column":10},"end":{"line":112,"column":72}},"type":"cond-expr","locations":[{"start":{"line":112,"column":23},"end":{"line":112,"column":60}},{"start":{"line":112,"column":63},"end":{"line":112,"column":72}}],"line":112},"4":{"loc":{"start":{"line":134,"column":4},"end":{"line":136,"column":5}},"type":"if","locations":[{"start":{"line":134,"column":4},"end":{"line":136,"column":5}},{"start":{},"end":{}}],"line":134},"5":{"loc":{"start":{"line":137,"column":4},"end":{"line":139,"column":5}},"type":"if","locations":[{"start":{"line":137,"column":4},"end":{"line":139,"column":5}},{"start":{},"end":{}}],"line":137},"6":{"loc":{"start":{"line":148,"column":8},"end":{"line":152,"column":9}},"type":"if","locations":[{"start":{"line":148,"column":8},"end":{"line":152,"column":9}},{"start":{"line":150,"column":15},"end":{"line":152,"column":9}}],"line":148},"7":{"loc":{"start":{"line":148,"column":12},"end":{"line":148,"column":54}},"type":"binary-expr","locations":[{"start":{"line":148,"column":12},"end":{"line":148,"column":30}},{"start":{"line":148,"column":34},"end":{"line":148,"column":54}}],"line":148},"8":{"loc":{"start":{"line":151,"column":27},"end":{"line":151,"column":56}},"type":"binary-expr","locations":[{"start":{"line":151,"column":27},"end":{"line":151,"column":46}},{"start":{"line":151,"column":50},"end":{"line":151,"column":56}}],"line":151},"9":{"loc":{"start":{"line":155,"column":6},"end":{"line":165,"column":7}},"type":"if","locations":[{"start":{"line":155,"column":6},"end":{"line":165,"column":7}},{"start":{},"end":{}}],"line":155},"10":{"loc":{"start":{"line":155,"column":10},"end":{"line":155,"column":34}},"type":"binary-expr","locations":[{"start":{"line":155,"column":10},"end":{"line":155,"column":20}},{"start":{"line":155,"column":24},"end":{"line":155,"column":34}}],"line":155},"11":{"loc":{"start":{"line":157,"column":10},"end":{"line":163,"column":11}},"type":"if","locations":[{"start":{"line":157,"column":10},"end":{"line":163,"column":11}},{"start":{},"end":{}}],"line":157},"12":{"loc":{"start":{"line":180,"column":10},"end":{"line":180,"column":72}},"type":"cond-expr","locations":[{"start":{"line":180,"column":23},"end":{"line":180,"column":60}},{"start":{"line":180,"column":63},"end":{"line":180,"column":72}}],"line":180},"13":{"loc":{"start":{"line":201,"column":22},"end":{"line":201,"column":68}},"type":"binary-expr","locations":[{"start":{"line":201,"column":22},"end":{"line":201,"column":62}},{"start":{"line":201,"column":66},"end":{"line":201,"column":68}}],"line":201},"14":{"loc":{"start":{"line":207,"column":4},"end":{"line":207,"column":54}},"type":"if","locations":[{"start":{"line":207,"column":4},"end":{"line":207,"column":54}},{"start":{},"end":{}}],"line":207},"15":{"loc":{"start":{"line":208,"column":4},"end":{"line":208,"column":54}},"type":"if","locations":[{"start":{"line":208,"column":4},"end":{"line":208,"column":54}},{"start":{},"end":{}}],"line":208},"16":{"loc":{"start":{"line":209,"column":4},"end":{"line":209,"column":54}},"type":"if","locations":[{"start":{"line":209,"column":4},"end":{"line":209,"column":54}},{"start":{},"end":{}}],"line":209},"17":{"loc":{"start":{"line":214,"column":4},"end":{"line":214,"column":34}},"type":"if","locations":[{"start":{"line":214,"column":4},"end":{"line":214,"column":34}},{"start":{},"end":{}}],"line":214}},"s":{"0":2,"1":2,"2":2,"3":5,"4":5,"5":1,"6":4,"7":4,"8":1,"9":3,"10":0,"11":0,"12":0,"13":0,"14":0,"15":0,"16":0,"17":0,"18":0,"19":0,"20":0,"21":0,"22":0,"23":0,"24":0,"25":0,"26":0,"27":0,"28":0,"29":0,"30":0,"31":0,"32":0,"33":0,"34":0,"35":0,"36":0,"37":0,"38":0,"39":0,"40":0,"41":0,"42":0,"43":0,"44":0,"45":0,"46":0,"47":0,"48":0,"49":0,"50":0,"51":0,"52":0,"53":0,"54":0,"55":0,"56":0,"57":0,"58":0,"59":0,"60":0,"61":0,"62":0,"63":0,"64":0,"65":0,"66":0,"67":0,"68":0,"69":0,"70":14,"71":14,"72":14,"73":14,"74":14,"75":4,"76":10,"77":4,"78":6,"79":3,"80":3,"81":9,"82":1,"83":8,"84":8,"85":8,"86":8,"87":1},"f":{"0":2,"1":5,"2":0,"3":0,"4":0,"5":0,"6":0,"7":0,"8":0,"9":0,"10":0,"11":0,"12":0,"13":14,"14":9},"b":{"0":[1,4],"1":[1,3],"2":[0,0],"3":[0,0],"4":[0,0],"5":[0,0],"6":[0,0],"7":[0,0],"8":[0,0],"9":[0,0],"10":[0,0],"11":[0,0],"12":[0,0],"13":[14,0],"14":[4,10],"15":[4,6],"16":[3,3],"17":[1,8]},"_coverageSchema":"1a1c01bbd47fc00a2c39e90264f33305004495a9","hash":"e92a964999426b8d6040a5f324d2f67fa957dd10"}
,"/mnt/d/SummerVacationPlanning/frontend/src/types/index.ts": {"path":"/mnt/d/SummerVacationPlanning/frontend/src/types/index.ts","statementMap":{},"fnMap":{},"branchMap":{},"s":{},"f":{},"b":{}}
}
