TN:
SF:src\App.tsx
FN:20,(anonymous_0)
FN:139,App
FNF:2
FNH:0
FNDA:0,(anonymous_0)
FNDA:0,App
DA:20,0
DA:21,0
DA:23,0
DA:24,0
DA:34,0
DA:140,0
LF:6
LH:0
BRDA:23,0,0,0
BRDA:23,0,1,0
BRDA:38,1,0,0
BRDA:38,1,1,0
BRDA:38,2,0,0
BRDA:38,2,1,0
BRDA:42,3,0,0
BRDA:42,3,1,0
BRDA:42,4,0,0
BRDA:42,4,1,0
BRDA:46,5,0,0
BRDA:46,5,1,0
BRDA:46,6,0,0
BRDA:46,6,1,0
BRF:14
BRH:0
end_of_record
TN:
SF:src\index.tsx
FNF:0
FNH:0
DA:7,0
DA:10,0
DA:19,0
LF:3
LH:0
BRF:0
BRH:0
end_of_record
TN:
SF:src\reportWebVitals.ts
FN:3,(anonymous_0)
FN:5,(anonymous_1)
FNF:2
FNH:0
FNDA:0,(anonymous_0)
FNDA:0,(anonymous_1)
DA:3,0
DA:4,0
DA:5,0
DA:6,0
DA:7,0
DA:8,0
DA:9,0
DA:10,0
LF:8
LH:0
BRDA:4,0,0,0
BRDA:4,0,1,0
BRDA:4,1,0,0
BRDA:4,1,1,0
BRF:4
BRH:0
end_of_record
TN:
SF:src\components\AchievementBadge.tsx
FN:18,(anonymous_0)
FN:32,(anonymous_1)
FN:44,(anonymous_2)
FN:54,(anonymous_3)
FN:63,(anonymous_4)
FNF:5
FNH:5
FNDA:13,(anonymous_0)
FNDA:13,(anonymous_1)
FNDA:13,(anonymous_2)
FNDA:13,(anonymous_3)
FNDA:9,(anonymous_4)
DA:18,1
DA:32,13
DA:33,13
DA:41,13
DA:44,13
DA:45,13
DA:51,13
DA:54,13
DA:55,13
DA:60,13
DA:63,13
DA:64,9
DA:65,9
DA:66,11
DA:76,9
DA:79,13
DA:80,13
DA:83,13
DA:84,0
DA:85,0
DA:88,13
LF:21
LH:19
BRDA:24,0,0,10
BRDA:25,1,0,10
BRDA:26,2,0,11
BRDA:27,3,0,11
BRDA:28,4,0,12
BRDA:41,5,0,13
BRDA:41,5,1,0
BRDA:51,6,0,13
BRDA:51,6,1,0
BRDA:51,7,0,13
BRDA:51,7,1,13
BRDA:83,8,0,0
BRDA:83,8,1,13
BRDA:83,9,0,13
BRDA:83,9,1,13
BRDA:100,10,0,9
BRDA:100,10,1,4
BRDA:107,11,0,9
BRDA:107,11,1,4
BRDA:112,12,0,13
BRDA:112,12,1,4
BRDA:119,13,0,13
BRDA:119,13,1,1
BRDA:119,13,2,1
BRDA:119,13,3,1
BRDA:126,14,0,13
BRDA:126,14,1,0
BRDA:126,14,2,0
BRDA:133,15,0,13
BRDA:133,15,1,9
BRDA:140,16,0,9
BRDA:140,16,1,4
BRDA:143,17,0,9
BRDA:143,17,1,4
BRDA:149,18,0,13
BRDA:149,18,1,13
BRDA:149,18,2,9
BRDA:156,19,0,13
BRDA:156,19,1,4
BRDA:156,19,2,3
BRDA:156,19,3,3
BRDA:171,20,0,13
BRDA:171,20,1,9
BRF:43
BRH:38
end_of_record
TN:
SF:src\components\BottomNav.tsx
FN:15,(anonymous_0)
FN:68,(anonymous_1)
FN:72,(anonymous_2)
FN:79,(anonymous_3)
FN:87,(anonymous_4)
FNF:5
FNH:0
FNDA:0,(anonymous_0)
FNDA:0,(anonymous_1)
FNDA:0,(anonymous_2)
FNDA:0,(anonymous_3)
FNDA:0,(anonymous_4)
DA:15,0
DA:16,0
DA:17,0
DA:18,0
DA:19,0
DA:22,0
DA:25,0
DA:33,0
DA:34,0
DA:37,0
DA:68,0
DA:69,0
DA:72,0
DA:73,0
DA:76,0
DA:80,0
DA:87,0
LF:17
LH:0
BRDA:22,0,0,0
BRDA:22,0,1,0
BRDA:25,1,0,0
BRDA:25,1,1,0
BRDA:25,2,0,0
BRDA:25,2,1,0
BRDA:27,3,0,0
BRDA:27,3,1,0
BRDA:28,4,0,0
BRDA:28,4,1,0
BRDA:30,5,0,0
BRDA:30,5,1,0
BRDA:33,6,0,0
BRDA:33,6,1,0
BRDA:33,7,0,0
BRDA:33,7,1,0
BRDA:50,8,0,0
BRDA:50,8,1,0
BRDA:82,9,0,0
BRDA:82,9,1,0
BRDA:89,10,0,0
BRDA:89,10,1,0
BRF:22
BRH:0
end_of_record
TN:
SF:src\components\Calendar.tsx
FN:15,(anonymous_0)
FN:26,(anonymous_1)
FN:34,(anonymous_2)
FN:44,(anonymous_3)
FN:48,(anonymous_4)
FN:52,(anonymous_5)
FN:56,(anonymous_6)
FN:63,(anonymous_7)
FN:67,(anonymous_8)
FN:71,(anonymous_9)
FN:75,(anonymous_10)
FN:85,(anonymous_11)
FN:91,(anonymous_12)
FN:117,(anonymous_13)
FN:159,(anonymous_14)
FN:172,(anonymous_15)
FN:187,(anonymous_16)
FN:197,(anonymous_17)
FN:217,(anonymous_18)
FN:224,(anonymous_19)
FN:237,(anonymous_20)
FNF:21
FNH:0
FNDA:0,(anonymous_0)
FNDA:0,(anonymous_1)
FNDA:0,(anonymous_2)
FNDA:0,(anonymous_3)
FNDA:0,(anonymous_4)
FNDA:0,(anonymous_5)
FNDA:0,(anonymous_6)
FNDA:0,(anonymous_7)
FNDA:0,(anonymous_8)
FNDA:0,(anonymous_9)
FNDA:0,(anonymous_10)
FNDA:0,(anonymous_11)
FNDA:0,(anonymous_12)
FNDA:0,(anonymous_13)
FNDA:0,(anonymous_14)
FNDA:0,(anonymous_15)
FNDA:0,(anonymous_16)
FNDA:0,(anonymous_17)
FNDA:0,(anonymous_18)
FNDA:0,(anonymous_19)
FNDA:0,(anonymous_20)
DA:15,0
DA:26,0
DA:27,0
DA:28,0
DA:31,0
DA:34,0
DA:35,0
DA:36,0
DA:37,0
DA:38,0
DA:39,0
DA:44,0
DA:45,0
DA:48,0
DA:49,0
DA:52,0
DA:53,0
DA:56,0
DA:57,0
DA:58,0
DA:59,0
DA:60,0
DA:63,0
DA:64,0
DA:67,0
DA:68,0
DA:71,0
DA:72,0
DA:75,0
DA:76,0
DA:77,0
DA:78,0
DA:80,0
DA:82,0
DA:85,0
DA:86,0
DA:87,0
DA:91,0
DA:92,0
DA:93,0
DA:94,0
DA:95,0
DA:97,0
DA:100,0
DA:101,0
DA:107,0
DA:108,0
DA:109,0
DA:110,0
DA:111,0
DA:112,0
DA:114,0
DA:117,0
DA:144,0
DA:147,0
DA:152,0
DA:154,0
DA:159,0
DA:173,0
DA:174,0
DA:175,0
DA:176,0
DA:187,0
DA:198,0
DA:217,0
DA:225,0
DA:226,0
DA:227,0
DA:228,0
DA:229,0
DA:238,0
DA:239,0
DA:240,0
DA:241,0
DA:242,0
LF:75
LH:0
BRDA:20,0,0,0
BRDA:21,1,0,0
BRDA:22,2,0,0
BRDA:23,3,0,0
BRDA:24,4,0,0
BRDA:27,5,0,0
BRDA:27,5,1,0
BRDA:35,6,0,0
BRDA:35,6,1,0
BRDA:38,7,0,0
BRDA:38,7,1,0
BRDA:57,8,0,0
BRDA:57,8,1,0
BRDA:58,9,0,0
BRDA:58,9,1,0
BRDA:58,10,0,0
BRDA:58,10,1,0
BRDA:59,11,0,0
BRDA:59,11,1,0
BRDA:59,12,0,0
BRDA:59,12,1,0
BRDA:77,13,0,0
BRDA:77,13,1,0
BRDA:86,14,0,0
BRDA:86,14,1,0
BRDA:112,15,0,0
BRDA:112,15,1,0
BRDA:121,16,0,0
BRDA:121,16,1,0
BRDA:123,17,0,0
BRDA:123,17,1,0
BRDA:125,18,0,0
BRDA:125,18,1,0
BRDA:127,19,0,0
BRDA:127,19,1,0
BRDA:131,20,0,0
BRDA:131,20,1,0
BRDA:131,21,0,0
BRDA:131,21,1,0
BRDA:134,22,0,0
BRDA:134,22,1,0
BRDA:135,23,0,0
BRDA:135,23,1,0
BRDA:136,24,0,0
BRDA:136,24,1,0
BRDA:170,25,0,0
BRDA:170,25,1,0
BRDA:175,26,0,0
BRDA:175,26,1,0
BRDA:213,27,0,0
BRDA:213,27,1,0
BRDA:228,28,0,0
BRDA:228,28,1,0
BRDA:241,29,0,0
BRDA:241,29,1,0
BRDA:254,30,0,0
BRDA:254,30,1,0
BRDA:254,30,2,0
BRDA:254,30,3,0
BRDA:259,31,0,0
BRDA:259,31,1,0
BRDA:265,32,0,0
BRDA:265,32,1,0
BRF:63
BRH:0
end_of_record
TN:
SF:src\components\Card.tsx
FN:10,(anonymous_0)
FNF:1
FNH:0
FNDA:0,(anonymous_0)
DA:10,0
DA:16,0
DA:17,0
DA:18,0
DA:20,0
DA:27,0
LF:6
LH:0
BRDA:12,0,0,0
BRDA:14,1,0,0
BRDA:17,2,0,0
BRDA:17,2,1,0
BRDA:18,3,0,0
BRDA:18,3,1,0
BRF:6
BRH:0
end_of_record
TN:
SF:src\components\CelebrationModal.tsx
FN:14,(anonymous_0)
FN:26,(anonymous_1)
FN:29,(anonymous_2)
FN:32,(anonymous_3)
FN:38,(anonymous_4)
FN:48,(anonymous_5)
FN:64,(anonymous_6)
FNF:7
FNH:0
FNDA:0,(anonymous_0)
FNDA:0,(anonymous_1)
FNDA:0,(anonymous_2)
FNDA:0,(anonymous_3)
FNDA:0,(anonymous_4)
FNDA:0,(anonymous_5)
FNDA:0,(anonymous_6)
DA:14,0
DA:24,0
DA:26,0
DA:27,0
DA:28,0
DA:29,0
DA:30,0
DA:32,0
DA:34,0
DA:38,0
DA:39,0
DA:45,0
DA:48,0
DA:49,0
DA:55,0
DA:58,0
DA:60,0
DA:65,0
LF:18
LH:0
BRDA:20,0,0,0
BRDA:21,1,0,0
BRDA:22,2,0,0
BRDA:27,3,0,0
BRDA:27,3,1,0
BRDA:58,4,0,0
BRDA:58,4,1,0
BRDA:69,5,0,0
BRDA:69,5,1,0
BRDA:85,6,0,0
BRDA:85,6,1,0
BRDA:113,7,0,0
BRDA:113,7,1,0
BRF:13
BRH:0
end_of_record
TN:
SF:src\components\CoParentManagement.tsx
FN:26,(anonymous_0)
FN:40,(anonymous_1)
FN:50,(anonymous_2)
FN:85,(anonymous_3)
FN:100,(anonymous_4)
FN:128,(anonymous_5)
FN:218,(anonymous_6)
FN:269,(anonymous_7)
FN:282,(anonymous_8)
FN:301,(anonymous_9)
FNF:10
FNH:0
FNDA:0,(anonymous_0)
FNDA:0,(anonymous_1)
FNDA:0,(anonymous_2)
FNDA:0,(anonymous_3)
FNDA:0,(anonymous_4)
FNDA:0,(anonymous_5)
FNDA:0,(anonymous_6)
FNDA:0,(anonymous_7)
FNDA:0,(anonymous_8)
FNDA:0,(anonymous_9)
DA:26,0
DA:31,0
DA:32,0
DA:33,0
DA:34,0
DA:35,0
DA:36,0
DA:37,0
DA:40,0
DA:41,0
DA:42,0
DA:43,0
DA:44,0
DA:45,0
DA:46,0
DA:50,0
DA:51,0
DA:52,0
DA:53,0
DA:56,0
DA:57,0
DA:58,0
DA:68,0
DA:78,0
DA:79,0
DA:80,0
DA:81,0
DA:82,0
DA:85,0
DA:86,0
DA:87,0
DA:90,0
DA:93,0
DA:94,0
DA:96,0
DA:100,0
DA:101,0
DA:103,0
DA:104,0
DA:107,0
DA:108,0
DA:109,0
DA:118,0
DA:124,0
DA:125,0
DA:128,0
DA:129,0
DA:130,0
DA:133,0
DA:136,0
DA:137,0
DA:139,0
DA:143,0
DA:145,0
DA:218,0
DA:269,0
DA:282,0
DA:302,0
DA:303,0
DA:304,0
LF:60
LH:0
BRDA:41,0,0,0
BRDA:41,0,1,0
BRDA:51,1,0,0
BRDA:51,1,1,0
BRDA:51,2,0,0
BRDA:51,2,1,0
BRDA:78,3,0,0
BRDA:78,3,1,0
BRDA:90,4,0,0
BRDA:90,4,1,0
BRDA:94,5,0,0
BRDA:94,5,1,0
BRDA:101,6,0,0
BRDA:101,6,1,0
BRDA:103,7,0,0
BRDA:103,7,1,0
BRDA:124,8,0,0
BRDA:124,8,1,0
BRDA:133,9,0,0
BRDA:133,9,1,0
BRDA:137,10,0,0
BRDA:137,10,1,0
BRDA:143,11,0,0
BRDA:143,11,1,0
BRDA:155,12,0,0
BRDA:155,12,1,0
BRDA:173,13,0,0
BRDA:173,13,1,0
BRDA:182,14,0,0
BRDA:182,14,1,0
BRDA:191,15,0,0
BRDA:191,15,1,0
BRDA:222,16,0,0
BRDA:222,16,1,0
BRDA:257,17,0,0
BRDA:257,17,1,0
BRDA:295,18,0,0
BRDA:295,18,1,0
BRDA:298,19,0,0
BRDA:298,19,1,0
BRF:40
BRH:0
end_of_record
TN:
SF:src\components\DailyTaskCard.tsx
FN:21,(anonymous_0)
FN:29,(anonymous_1)
FN:39,(anonymous_2)
FN:49,(anonymous_3)
FN:59,(anonymous_4)
FN:67,(anonymous_5)
FN:77,(anonymous_6)
FN:211,(anonymous_7)
FN:237,(anonymous_8)
FN:316,(anonymous_9)
FN:322,(anonymous_10)
FN:333,(anonymous_11)
FN:339,(anonymous_12)
FN:348,(anonymous_13)
FN:356,(anonymous_14)
FN:371,(anonymous_15)
FNF:16
FNH:9
FNDA:12,(anonymous_0)
FNDA:24,(anonymous_1)
FNDA:12,(anonymous_2)
FNDA:12,(anonymous_3)
FNDA:3,(anonymous_4)
FNDA:0,(anonymous_5)
FNDA:0,(anonymous_6)
FNDA:1,(anonymous_7)
FNDA:0,(anonymous_8)
FNDA:1,(anonymous_9)
FNDA:2,(anonymous_10)
FNDA:0,(anonymous_11)
FNDA:0,(anonymous_12)
FNDA:0,(anonymous_13)
FNDA:1,(anonymous_14)
FNDA:0,(anonymous_15)
DA:21,1
DA:27,12
DA:29,12
DA:30,24
DA:36,24
DA:39,12
DA:40,12
DA:46,12
DA:49,12
DA:50,12
DA:56,12
DA:59,12
DA:60,3
DA:61,1
DA:63,2
DA:67,12
DA:73,0
DA:74,0
DA:77,12
DA:78,0
DA:79,0
DA:85,12
DA:212,1
DA:238,0
DA:316,1
DA:322,2
DA:333,0
DA:339,0
DA:348,0
DA:356,1
DA:371,0
LF:31
LH:22
BRDA:25,0,0,12
BRDA:36,1,0,24
BRDA:36,1,1,0
BRDA:46,2,0,12
BRDA:46,2,1,0
BRDA:56,3,0,12
BRDA:56,3,1,0
BRDA:60,4,0,1
BRDA:60,4,1,2
BRDA:60,5,0,3
BRDA:60,5,1,2
BRDA:78,6,0,0
BRDA:78,6,1,0
BRDA:87,7,0,4
BRDA:87,7,1,8
BRDA:94,8,0,12
BRDA:94,8,1,0
BRDA:102,9,0,12
BRDA:102,9,1,0
BRDA:108,10,0,12
BRDA:108,10,1,0
BRDA:113,11,0,12
BRDA:113,11,1,0
BRDA:115,12,0,0
BRDA:115,12,1,0
BRDA:116,13,0,0
BRDA:116,13,1,0
BRDA:119,14,0,0
BRDA:119,14,1,0
BRDA:120,15,0,0
BRDA:120,15,1,0
BRDA:123,16,0,12
BRDA:123,16,1,0
BRDA:126,17,0,0
BRDA:126,17,1,0
BRDA:127,18,0,0
BRDA:127,18,1,0
BRDA:128,19,0,0
BRDA:128,19,1,0
BRDA:130,20,0,0
BRDA:130,20,1,0
BRDA:131,21,0,0
BRDA:131,21,1,0
BRDA:132,22,0,0
BRDA:132,22,1,0
BRDA:135,23,0,12
BRDA:135,23,1,0
BRDA:145,24,0,1
BRDA:145,24,1,11
BRDA:145,25,0,12
BRDA:145,25,1,4
BRDA:147,26,0,1
BRDA:147,26,1,0
BRDA:151,27,0,0
BRDA:151,27,1,11
BRDA:151,28,0,11
BRDA:151,28,1,3
BRDA:159,29,0,11
BRDA:159,29,1,0
BRDA:159,29,2,0
BRDA:161,30,0,11
BRDA:161,30,1,3
BRDA:161,30,2,1
BRDA:168,31,0,12
BRDA:168,31,1,1
BRDA:168,31,2,1
BRDA:175,32,0,12
BRDA:175,32,1,0
BRDA:182,33,0,12
BRDA:182,33,1,0
BRDA:182,33,2,0
BRDA:191,34,0,12
BRDA:191,34,1,12
BRDA:198,35,0,12
BRDA:198,35,1,10
BRDA:198,35,2,0
BRDA:198,35,3,2
BRDA:204,36,0,2
BRDA:204,36,1,2
BRDA:209,37,0,2
BRDA:209,37,1,1
BRDA:209,37,2,1
BRDA:213,38,0,1
BRDA:213,38,1,0
BRDA:233,39,0,12
BRDA:233,39,1,0
BRDA:233,39,2,0
BRDA:239,40,0,0
BRDA:239,40,1,0
BRDA:242,41,0,0
BRDA:242,41,1,0
BRDA:242,41,2,0
BRDA:242,41,3,0
BRDA:246,42,0,0
BRDA:246,42,1,0
BRDA:246,43,0,0
BRDA:246,43,1,0
BRDA:247,44,0,0
BRDA:247,44,1,0
BRDA:247,45,0,0
BRDA:247,45,1,0
BRDA:247,46,0,0
BRDA:247,46,1,0
BRDA:260,47,0,12
BRDA:260,47,1,0
BRDA:268,48,0,12
BRDA:268,48,1,4
BRDA:276,49,0,1
BRDA:276,49,1,3
BRDA:278,50,0,0
BRDA:278,50,1,3
BRDA:282,51,0,1
BRDA:282,51,1,3
BRDA:284,52,0,0
BRDA:284,52,1,3
BRDA:288,53,0,4
BRDA:288,53,1,1
BRDA:288,53,2,1
BRDA:294,54,0,4
BRDA:294,54,1,1
BRDA:301,55,0,4
BRDA:301,55,1,1
BRDA:311,56,0,12
BRDA:311,56,1,12
BRDA:311,56,2,8
BRDA:313,57,0,8
BRDA:313,57,1,7
BRDA:330,58,0,8
BRDA:330,58,1,1
BRDA:354,59,0,8
BRDA:354,59,1,8
BRDA:369,60,0,12
BRDA:369,60,1,1
BRDA:369,60,2,1
BRF:134
BRH:73
end_of_record
TN:
SF:src\components\DailyTaskCheckIn.tsx
FN:13,(anonymous_0)
FN:43,(anonymous_1)
FN:48,(anonymous_2)
FN:65,(anonymous_3)
FN:80,(anonymous_4)
FN:82,(anonymous_5)
FN:100,(anonymous_6)
FN:101,(anonymous_7)
FN:115,(anonymous_8)
FN:123,(anonymous_9)
FN:127,(anonymous_10)
FN:144,(anonymous_11)
FN:145,(anonymous_12)
FN:161,(anonymous_13)
FN:169,(anonymous_14)
FN:182,(anonymous_15)
FN:187,(anonymous_16)
FN:188,(anonymous_17)
FN:192,(anonymous_18)
FN:193,(anonymous_19)
FN:197,(anonymous_20)
FN:206,(anonymous_21)
FN:209,(anonymous_22)
FN:211,(anonymous_23)
FN:230,(anonymous_24)
FN:232,(anonymous_25)
FN:233,(anonymous_26)
FN:234,(anonymous_27)
FN:235,(anonymous_28)
FN:236,(anonymous_29)
FN:246,(anonymous_30)
FN:299,(anonymous_31)
FN:302,(anonymous_32)
FN:313,(anonymous_33)
FN:324,(anonymous_34)
FN:357,(anonymous_35)
FN:365,(anonymous_36)
FN:423,(anonymous_37)
FN:431,(anonymous_38)
FN:438,(anonymous_39)
FN:450,(anonymous_40)
FN:457,(anonymous_41)
FN:468,(anonymous_42)
FN:480,(anonymous_43)
FN:509,(anonymous_44)
FN:534,(anonymous_45)
FNF:46
FNH:0
FNDA:0,(anonymous_0)
FNDA:0,(anonymous_1)
FNDA:0,(anonymous_2)
FNDA:0,(anonymous_3)
FNDA:0,(anonymous_4)
FNDA:0,(anonymous_5)
FNDA:0,(anonymous_6)
FNDA:0,(anonymous_7)
FNDA:0,(anonymous_8)
FNDA:0,(anonymous_9)
FNDA:0,(anonymous_10)
FNDA:0,(anonymous_11)
FNDA:0,(anonymous_12)
FNDA:0,(anonymous_13)
FNDA:0,(anonymous_14)
FNDA:0,(anonymous_15)
FNDA:0,(anonymous_16)
FNDA:0,(anonymous_17)
FNDA:0,(anonymous_18)
FNDA:0,(anonymous_19)
FNDA:0,(anonymous_20)
FNDA:0,(anonymous_21)
FNDA:0,(anonymous_22)
FNDA:0,(anonymous_23)
FNDA:0,(anonymous_24)
FNDA:0,(anonymous_25)
FNDA:0,(anonymous_26)
FNDA:0,(anonymous_27)
FNDA:0,(anonymous_28)
FNDA:0,(anonymous_29)
FNDA:0,(anonymous_30)
FNDA:0,(anonymous_31)
FNDA:0,(anonymous_32)
FNDA:0,(anonymous_33)
FNDA:0,(anonymous_34)
FNDA:0,(anonymous_35)
FNDA:0,(anonymous_36)
FNDA:0,(anonymous_37)
FNDA:0,(anonymous_38)
FNDA:0,(anonymous_39)
FNDA:0,(anonymous_40)
FNDA:0,(anonymous_41)
FNDA:0,(anonymous_42)
FNDA:0,(anonymous_43)
FNDA:0,(anonymous_44)
FNDA:0,(anonymous_45)
DA:13,0
DA:18,0
DA:19,0
DA:20,0
DA:21,0
DA:22,0
DA:23,0
DA:24,0
DA:25,0
DA:26,0
DA:27,0
DA:33,0
DA:41,0
DA:43,0
DA:44,0
DA:45,0
DA:48,0
DA:49,0
DA:51,0
DA:52,0
DA:53,0
DA:54,0
DA:61,0
DA:65,0
DA:66,0
DA:67,0
DA:68,0
DA:69,0
DA:70,0
DA:71,0
DA:73,0
DA:74,0
DA:76,0
DA:80,0
DA:81,0
DA:82,0
DA:84,0
DA:87,0
DA:88,0
DA:89,0
DA:90,0
DA:93,0
DA:94,0
DA:99,0
DA:100,0
DA:101,0
DA:104,0
DA:107,0
DA:108,0
DA:112,0
DA:113,0
DA:115,0
DA:116,0
DA:117,0
DA:118,0
DA:123,0
DA:124,0
DA:126,0
DA:127,0
DA:129,0
DA:137,0
DA:138,0
DA:143,0
DA:144,0
DA:145,0
DA:148,0
DA:149,0
DA:150,0
DA:153,0
DA:154,0
DA:158,0
DA:159,0
DA:161,0
DA:162,0
DA:163,0
DA:164,0
DA:169,0
DA:171,0
DA:172,0
DA:173,0
DA:180,0
DA:182,0
DA:183,0
DA:187,0
DA:188,0
DA:189,0
DA:192,0
DA:193,0
DA:194,0
DA:197,0
DA:198,0
DA:203,0
DA:206,0
DA:207,0
DA:209,0
DA:211,0
DA:212,0
DA:214,0
DA:215,0
DA:217,0
DA:219,0
DA:220,0
DA:221,0
DA:223,0
DA:225,0
DA:230,0
DA:231,0
DA:232,0
DA:233,0
DA:234,0
DA:235,0
DA:236,0
DA:237,0
DA:238,0
DA:240,0
DA:244,0
DA:245,0
DA:246,0
DA:253,0
DA:256,0
DA:258,0
DA:259,0
DA:262,0
DA:300,0
DA:302,0
DA:313,0
DA:324,0
DA:357,0
DA:366,0
DA:423,0
DA:431,0
DA:438,0
DA:450,0
DA:457,0
DA:469,0
DA:470,0
DA:480,0
DA:510,0
DA:535,0
DA:536,0
LF:140
LH:0
BRDA:14,0,0,0
BRDA:16,1,0,0
BRDA:53,2,0,0
BRDA:53,2,1,0
BRDA:53,3,0,0
BRDA:53,3,1,0
BRDA:71,4,0,0
BRDA:71,4,1,0
BRDA:74,5,0,0
BRDA:74,5,1,0
BRDA:87,6,0,0
BRDA:87,6,1,0
BRDA:87,7,0,0
BRDA:87,7,1,0
BRDA:101,8,0,0
BRDA:101,8,1,0
BRDA:107,9,0,0
BRDA:107,9,1,0
BRDA:107,10,0,0
BRDA:107,10,1,0
BRDA:113,11,0,0
BRDA:113,11,1,0
BRDA:124,12,0,0
BRDA:124,12,1,0
BRDA:145,13,0,0
BRDA:145,13,1,0
BRDA:153,14,0,0
BRDA:153,14,1,0
BRDA:159,15,0,0
BRDA:159,15,1,0
BRDA:189,16,0,0
BRDA:189,16,1,0
BRDA:194,17,0,0
BRDA:194,17,1,0
BRDA:203,18,0,0
BRDA:203,18,1,0
BRDA:207,19,0,0
BRDA:207,19,1,0
BRDA:212,20,0,0
BRDA:212,20,1,0
BRDA:212,20,2,0
BRDA:212,20,3,0
BRDA:214,21,0,0
BRDA:214,21,1,0
BRDA:214,22,0,0
BRDA:214,22,1,0
BRDA:217,23,0,0
BRDA:217,23,1,0
BRDA:219,24,0,0
BRDA:219,24,1,0
BRDA:220,25,0,0
BRDA:220,25,1,0
BRDA:237,26,0,0
BRDA:237,26,1,0
BRDA:240,27,0,0
BRDA:240,27,1,0
BRDA:244,28,0,0
BRDA:244,28,1,0
BRDA:245,29,0,0
BRDA:245,29,1,0
BRDA:245,30,0,0
BRDA:245,30,1,0
BRDA:258,31,0,0
BRDA:258,31,1,0
BRDA:304,32,0,0
BRDA:304,32,1,0
BRDA:311,33,0,0
BRDA:311,33,1,0
BRDA:313,34,0,0
BRDA:313,34,1,0
BRDA:337,35,0,0
BRDA:337,35,1,0
BRDA:346,36,0,0
BRDA:346,36,1,0
BRDA:351,37,0,0
BRDA:351,37,1,0
BRDA:354,38,0,0
BRDA:354,38,1,0
BRDA:357,39,0,0
BRDA:357,39,1,0
BRDA:360,40,0,0
BRDA:360,40,1,0
BRDA:374,41,0,0
BRDA:374,41,1,0
BRDA:375,42,0,0
BRDA:375,42,1,0
BRDA:381,43,0,0
BRDA:381,43,1,0
BRDA:383,44,0,0
BRDA:383,44,1,0
BRDA:395,45,0,0
BRDA:395,45,1,0
BRDA:403,46,0,0
BRDA:403,46,1,0
BRDA:407,47,0,0
BRDA:407,47,1,0
BRDA:409,48,0,0
BRDA:409,48,1,0
BRDA:423,49,0,0
BRDA:423,49,1,0
BRDA:428,50,0,0
BRDA:428,50,1,0
BRDA:447,51,0,0
BRDA:447,51,1,0
BRDA:466,52,0,0
BRDA:466,52,1,0
BRDA:466,52,2,0
BRDA:478,53,0,0
BRDA:478,53,1,0
BRDA:478,53,2,0
BRDA:489,54,0,0
BRDA:489,54,1,0
BRDA:499,55,0,0
BRDA:499,55,1,0
BRDA:499,55,2,0
BRDA:502,56,0,0
BRDA:502,56,1,0
BRDA:507,57,0,0
BRDA:507,57,1,0
BRDA:511,58,0,0
BRDA:511,58,1,0
BRDA:514,59,0,0
BRDA:514,59,1,0
BRDA:530,60,0,0
BRDA:530,60,1,0
BRDA:530,60,2,0
BRF:126
BRH:0
end_of_record
TN:
SF:src\components\EvidenceModal.tsx
FN:20,(anonymous_0)
FN:36,(anonymous_1)
FN:44,(anonymous_2)
FN:59,(anonymous_3)
FN:60,(anonymous_4)
FN:64,(anonymous_5)
FN:68,(anonymous_6)
FN:69,(anonymous_7)
FN:69,(anonymous_8)
FN:72,(anonymous_9)
FN:86,(anonymous_10)
FN:97,(anonymous_11)
FN:114,(anonymous_12)
FN:120,(anonymous_13)
FN:165,(anonymous_14)
FN:189,(anonymous_15)
FN:252,(anonymous_16)
FN:269,(anonymous_17)
FNF:18
FNH:0
FNDA:0,(anonymous_0)
FNDA:0,(anonymous_1)
FNDA:0,(anonymous_2)
FNDA:0,(anonymous_3)
FNDA:0,(anonymous_4)
FNDA:0,(anonymous_5)
FNDA:0,(anonymous_6)
FNDA:0,(anonymous_7)
FNDA:0,(anonymous_8)
FNDA:0,(anonymous_9)
FNDA:0,(anonymous_10)
FNDA:0,(anonymous_11)
FNDA:0,(anonymous_12)
FNDA:0,(anonymous_13)
FNDA:0,(anonymous_14)
FNDA:0,(anonymous_15)
FNDA:0,(anonymous_16)
FNDA:0,(anonymous_17)
DA:20,1
DA:26,0
DA:27,0
DA:28,0
DA:29,0
DA:30,0
DA:31,0
DA:32,0
DA:33,0
DA:36,0
DA:37,0
DA:38,0
DA:39,0
DA:40,0
DA:43,0
DA:44,0
DA:53,0
DA:54,0
DA:59,0
DA:60,0
DA:61,0
DA:64,0
DA:65,0
DA:68,0
DA:69,0
DA:72,0
DA:73,0
DA:74,0
DA:75,0
DA:77,0
DA:83,0
DA:86,0
DA:87,0
DA:88,0
DA:89,0
DA:90,0
DA:91,0
DA:93,0
DA:94,0
DA:97,0
DA:98,0
DA:100,0
DA:101,0
DA:103,0
DA:104,0
DA:107,0
DA:108,0
DA:111,0
DA:114,0
DA:115,0
DA:120,0
DA:123,0
DA:125,0
DA:165,0
DA:189,0
DA:252,0
DA:269,0
LF:57
LH:1
BRDA:37,0,0,0
BRDA:37,0,1,0
BRDA:38,1,0,0
BRDA:38,1,1,0
BRDA:39,2,0,0
BRDA:39,2,1,0
BRDA:40,3,0,0
BRDA:40,3,1,0
BRDA:43,4,0,0
BRDA:43,4,1,0
BRDA:53,5,0,0
BRDA:53,5,1,0
BRDA:53,6,0,0
BRDA:53,6,1,0
BRDA:53,6,2,0
BRDA:73,7,0,0
BRDA:73,7,1,0
BRDA:73,8,0,0
BRDA:73,8,1,0
BRDA:73,8,2,0
BRDA:87,9,0,0
BRDA:87,9,1,0
BRDA:100,10,0,0
BRDA:100,10,1,0
BRDA:103,11,0,0
BRDA:103,11,1,0
BRDA:107,12,0,0
BRDA:107,12,1,0
BRDA:107,13,0,0
BRDA:107,13,1,0
BRDA:111,14,0,0
BRDA:111,14,1,0
BRDA:120,15,0,0
BRDA:120,15,1,0
BRDA:123,16,0,0
BRDA:123,16,1,0
BRDA:132,17,0,0
BRDA:132,17,1,0
BRDA:137,18,0,0
BRDA:137,18,1,0
BRDA:142,19,0,0
BRDA:142,19,1,0
BRDA:142,19,2,0
BRDA:145,20,0,0
BRDA:145,20,1,0
BRDA:147,21,0,0
BRDA:147,21,1,0
BRDA:149,22,0,0
BRDA:149,22,1,0
BRDA:154,23,0,0
BRDA:154,23,1,0
BRDA:163,24,0,0
BRDA:163,24,1,0
BRDA:182,25,0,0
BRDA:182,25,1,0
BRDA:185,26,0,0
BRDA:185,26,1,0
BRDA:190,27,0,0
BRDA:190,27,1,0
BRDA:192,28,0,0
BRDA:192,28,1,0
BRDA:196,29,0,0
BRDA:196,29,1,0
BRDA:196,30,0,0
BRDA:196,30,1,0
BRDA:199,31,0,0
BRDA:199,31,1,0
BRDA:208,32,0,0
BRDA:208,32,1,0
BRDA:208,32,2,0
BRDA:208,32,3,0
BRDA:217,33,0,0
BRDA:217,33,1,0
BRDA:222,34,0,0
BRDA:222,34,1,0
BRDA:231,35,0,0
BRDA:231,35,1,0
BRDA:238,36,0,0
BRDA:238,36,1,0
BRDA:253,37,0,0
BRDA:253,37,1,0
BRDA:255,38,0,0
BRDA:255,38,1,0
BRDA:274,39,0,0
BRDA:274,39,1,0
BRDA:281,40,0,0
BRDA:281,40,1,0
BRDA:293,41,0,0
BRDA:293,41,1,0
BRDA:299,42,0,0
BRDA:299,42,1,0
BRDA:300,43,0,0
BRDA:300,43,1,0
BRDA:303,44,0,0
BRDA:303,44,1,0
BRDA:306,45,0,0
BRDA:306,45,1,0
BRDA:308,46,0,0
BRDA:308,46,1,0
BRDA:309,47,0,0
BRDA:309,47,1,0
BRDA:324,48,0,0
BRDA:324,48,1,0
BRDA:326,49,0,0
BRDA:326,49,1,0
BRDA:329,50,0,0
BRDA:329,50,1,0
BRDA:329,50,2,0
BRDA:329,50,3,0
BRDA:332,51,0,0
BRDA:332,51,1,0
BRDA:332,52,0,0
BRDA:332,52,1,0
BRF:113
BRH:0
end_of_record
TN:
SF:src\components\FamilyLeaderboard.tsx
FN:27,(anonymous_0)
FN:33,(anonymous_1)
FN:39,(anonymous_2)
FN:58,(anonymous_3)
FN:67,(anonymous_4)
FN:76,(anonymous_5)
FN:120,(anonymous_6)
FN:145,(anonymous_7)
FN:186,(anonymous_8)
FNF:9
FNH:0
FNDA:0,(anonymous_0)
FNDA:0,(anonymous_1)
FNDA:0,(anonymous_2)
FNDA:0,(anonymous_3)
FNDA:0,(anonymous_4)
FNDA:0,(anonymous_5)
FNDA:0,(anonymous_6)
FNDA:0,(anonymous_7)
FNDA:0,(anonymous_8)
DA:27,0
DA:28,0
DA:29,0
DA:30,0
DA:31,0
DA:33,0
DA:34,0
DA:35,0
DA:39,0
DA:40,0
DA:41,0
DA:42,0
DA:44,0
DA:45,0
DA:46,0
DA:48,0
DA:51,0
DA:52,0
DA:54,0
DA:58,0
DA:59,0
DA:64,0
DA:67,0
DA:68,0
DA:73,0
DA:76,0
DA:77,0
DA:78,0
DA:80,0
DA:84,0
DA:85,0
DA:88,0
DA:121,0
DA:145,0
DA:187,0
LF:35
LH:0
BRDA:27,0,0,0
BRDA:34,1,0,0
BRDA:34,1,1,0
BRDA:45,2,0,0
BRDA:45,2,1,0
BRDA:46,3,0,0
BRDA:46,3,1,0
BRDA:52,4,0,0
BRDA:52,4,1,0
BRDA:64,5,0,0
BRDA:64,5,1,0
BRDA:73,6,0,0
BRDA:73,6,1,0
BRDA:77,7,0,0
BRDA:77,7,1,0
BRDA:84,8,0,0
BRDA:84,8,1,0
BRDA:93,9,0,0
BRDA:93,9,1,0
BRDA:94,10,0,0
BRDA:94,10,1,0
BRDA:107,11,0,0
BRDA:107,11,1,0
BRDA:112,12,0,0
BRDA:112,12,1,0
BRDA:126,13,0,0
BRDA:126,13,1,0
BRDA:127,14,0,0
BRDA:127,14,1,0
BRDA:128,15,0,0
BRDA:128,15,1,0
BRDA:138,16,0,0
BRDA:138,16,1,0
BRDA:145,17,0,0
BRDA:145,17,1,0
BRDA:182,18,0,0
BRDA:182,18,1,0
BRDA:191,19,0,0
BRDA:191,19,1,0
BRDA:227,20,0,0
BRDA:227,20,1,0
BRDA:227,20,2,0
BRF:42
BRH:0
end_of_record
TN:
SF:src\components\FamilyManagement.tsx
FN:24,(anonymous_0)
FN:80,(anonymous_1)
FN:91,(anonymous_2)
FN:92,(anonymous_3)
FN:92,(anonymous_4)
FN:95,(anonymous_5)
FN:96,(anonymous_6)
FN:97,(anonymous_7)
FN:105,(anonymous_8)
FN:117,(anonymous_9)
FN:121,(anonymous_10)
FN:153,(anonymous_11)
FN:156,(anonymous_12)
FN:179,(anonymous_13)
FN:187,(anonymous_14)
FN:222,(anonymous_15)
FN:234,(anonymous_16)
FN:246,(anonymous_17)
FN:270,(anonymous_18)
FN:283,(anonymous_19)
FN:295,(anonymous_20)
FN:306,(anonymous_21)
FN:331,(anonymous_22)
FNF:23
FNH:0
FNDA:0,(anonymous_0)
FNDA:0,(anonymous_1)
FNDA:0,(anonymous_2)
FNDA:0,(anonymous_3)
FNDA:0,(anonymous_4)
FNDA:0,(anonymous_5)
FNDA:0,(anonymous_6)
FNDA:0,(anonymous_7)
FNDA:0,(anonymous_8)
FNDA:0,(anonymous_9)
FNDA:0,(anonymous_10)
FNDA:0,(anonymous_11)
FNDA:0,(anonymous_12)
FNDA:0,(anonymous_13)
FNDA:0,(anonymous_14)
FNDA:0,(anonymous_15)
FNDA:0,(anonymous_16)
FNDA:0,(anonymous_17)
FNDA:0,(anonymous_18)
FNDA:0,(anonymous_19)
FNDA:0,(anonymous_20)
FNDA:0,(anonymous_21)
FNDA:0,(anonymous_22)
DA:24,0
DA:25,0
DA:26,0
DA:27,0
DA:28,0
DA:29,0
DA:30,0
DA:33,0
DA:69,0
DA:80,0
DA:81,0
DA:83,0
DA:84,0
DA:85,0
DA:86,0
DA:87,0
DA:91,0
DA:92,0
DA:95,0
DA:96,0
DA:97,0
DA:98,0
DA:105,0
DA:106,0
DA:107,0
DA:108,0
DA:109,0
DA:111,0
DA:112,0
DA:113,0
DA:114,0
DA:117,0
DA:118,0
DA:121,0
DA:122,0
DA:125,0
DA:127,0
DA:154,0
DA:156,0
DA:179,0
DA:188,0
DA:223,0
DA:234,0
DA:246,0
DA:270,0
DA:283,0
DA:295,0
DA:306,0
DA:332,0
LF:49
LH:0
BRDA:74,0,0,0
BRDA:74,0,1,0
BRDA:81,1,0,0
BRDA:81,1,1,0
BRDA:81,2,0,0
BRDA:81,2,1,0
BRDA:98,3,0,0
BRDA:98,3,1,0
BRDA:111,4,0,0
BRDA:111,4,1,0
BRDA:112,5,0,0
BRDA:112,5,1,0
BRDA:113,6,0,0
BRDA:113,6,1,0
BRDA:118,7,0,0
BRDA:118,7,1,0
BRDA:122,8,0,0
BRDA:122,8,1,0
BRDA:125,9,0,0
BRDA:125,9,1,0
BRDA:159,10,0,0
BRDA:159,10,1,0
BRDA:174,11,0,0
BRDA:174,11,1,0
BRDA:200,12,0,0
BRDA:200,12,1,0
BRDA:207,13,0,0
BRDA:207,13,1,0
BRDA:212,14,0,0
BRDA:212,14,1,0
BRDA:237,15,0,0
BRDA:237,15,1,0
BRDA:243,16,0,0
BRDA:243,16,1,0
BRDA:257,17,0,0
BRDA:257,17,1,0
BRDA:325,18,0,0
BRDA:325,18,1,0
BRDA:329,19,0,0
BRDA:329,19,1,0
BRDA:339,20,0,0
BRDA:339,20,1,0
BRDA:365,21,0,0
BRDA:365,21,1,0
BRF:44
BRH:0
end_of_record
TN:
SF:src\components\FileUpload.tsx
FN:14,(anonymous_0)
FN:28,(anonymous_1)
FN:34,(anonymous_2)
FN:37,(anonymous_3)
FN:48,(anonymous_4)
FN:49,(anonymous_5)
FN:64,(anonymous_6)
FN:74,(anonymous_7)
FN:84,(anonymous_8)
FN:90,(anonymous_9)
FN:96,(anonymous_10)
FN:99,(anonymous_11)
FN:105,(anonymous_12)
FN:139,(anonymous_13)
FN:167,(anonymous_14)
FNF:15
FNH:0
FNDA:0,(anonymous_0)
FNDA:0,(anonymous_1)
FNDA:0,(anonymous_2)
FNDA:0,(anonymous_3)
FNDA:0,(anonymous_4)
FNDA:0,(anonymous_5)
FNDA:0,(anonymous_6)
FNDA:0,(anonymous_7)
FNDA:0,(anonymous_8)
FNDA:0,(anonymous_9)
FNDA:0,(anonymous_10)
FNDA:0,(anonymous_11)
FNDA:0,(anonymous_12)
FNDA:0,(anonymous_13)
FNDA:0,(anonymous_14)
DA:14,1
DA:23,0
DA:24,0
DA:25,0
DA:26,0
DA:28,0
DA:29,0
DA:34,0
DA:37,0
DA:38,0
DA:40,0
DA:42,0
DA:43,0
DA:44,0
DA:46,0
DA:49,0
DA:55,0
DA:56,0
DA:58,0
DA:60,0
DA:64,0
DA:65,0
DA:66,0
DA:67,0
DA:68,0
DA:69,0
DA:70,0
DA:74,0
DA:75,0
DA:76,0
DA:77,0
DA:79,0
DA:80,0
DA:84,0
DA:85,0
DA:86,0
DA:90,0
DA:91,0
DA:96,0
DA:99,0
DA:100,0
DA:105,0
DA:108,0
DA:140,0
DA:168,0
DA:169,0
DA:170,0
DA:171,0
LF:48
LH:1
BRDA:20,0,0,0
BRDA:21,1,0,0
BRDA:40,2,0,0
BRDA:40,2,1,0
BRDA:58,3,0,0
BRDA:58,3,1,0
BRDA:67,4,0,0
BRDA:67,4,1,0
BRDA:67,5,0,0
BRDA:67,5,1,0
BRDA:69,6,0,0
BRDA:69,6,1,0
BRDA:79,7,0,0
BRDA:79,7,1,0
BRDA:79,8,0,0
BRDA:79,8,1,0
BRDA:85,9,0,0
BRDA:85,9,1,0
BRDA:85,10,0,0
BRDA:85,10,1,0
BRDA:112,11,0,0
BRDA:112,11,1,0
BRDA:114,12,0,0
BRDA:114,12,1,0
BRDA:133,13,0,0
BRDA:133,13,1,0
BRDA:170,14,0,0
BRDA:170,14,1,0
BRDA:170,15,0,0
BRDA:170,15,1,0
BRDA:176,16,0,0
BRDA:176,16,1,0
BRF:32
BRH:0
end_of_record
TN:
SF:src\components\GameTimeExchange.tsx
FN:10,(anonymous_0)
FN:16,(anonymous_1)
FN:20,(anonymous_2)
FN:24,(anonymous_3)
FN:96,(anonymous_4)
FN:109,(anonymous_5)
FN:131,(anonymous_6)
FN:140,(anonymous_7)
FN:147,(anonymous_8)
FNF:9
FNH:0
FNDA:0,(anonymous_0)
FNDA:0,(anonymous_1)
FNDA:0,(anonymous_2)
FNDA:0,(anonymous_3)
FNDA:0,(anonymous_4)
FNDA:0,(anonymous_5)
FNDA:0,(anonymous_6)
FNDA:0,(anonymous_7)
FNDA:0,(anonymous_8)
DA:10,0
DA:11,0
DA:12,0
DA:13,0
DA:14,0
DA:16,0
DA:17,0
DA:20,0
DA:21,0
DA:24,0
DA:25,0
DA:26,0
DA:27,0
DA:30,0
DA:31,0
DA:32,0
DA:35,0
DA:36,0
DA:38,0
DA:46,0
DA:49,0
DA:50,0
DA:54,0
DA:55,0
DA:58,0
DA:60,0
DA:61,0
DA:63,0
DA:67,0
DA:68,0
DA:71,0
DA:96,0
DA:109,0
DA:131,0
DA:140,0
DA:147,0
LF:36
LH:0
BRDA:17,0,0,0
BRDA:17,0,1,0
BRDA:25,1,0,0
BRDA:25,1,1,0
BRDA:25,2,0,0
BRDA:25,2,1,0
BRDA:30,3,0,0
BRDA:30,3,1,0
BRDA:49,4,0,0
BRDA:49,4,1,0
BRDA:55,5,0,0
BRDA:55,5,1,0
BRDA:67,6,0,0
BRDA:67,6,1,0
BRDA:98,7,0,0
BRDA:98,7,1,0
BRDA:111,8,0,0
BRDA:111,8,1,0
BRDA:140,9,0,0
BRDA:140,9,1,0
BRDA:182,10,0,0
BRDA:182,10,1,0
BRDA:182,10,2,0
BRDA:184,11,0,0
BRDA:184,11,1,0
BRDA:184,12,0,0
BRDA:184,12,1,0
BRDA:184,12,2,0
BRDA:189,13,0,0
BRDA:189,13,1,0
BRDA:193,14,0,0
BRDA:193,14,1,0
BRF:32
BRH:0
end_of_record
TN:
SF:src\components\Layout.tsx
FN:14,(anonymous_0)
FN:21,(anonymous_1)
FN:64,(anonymous_2)
FN:82,(anonymous_3)
FN:96,(anonymous_4)
FN:103,(anonymous_5)
FN:121,(anonymous_6)
FN:156,(anonymous_7)
FN:164,(anonymous_8)
FNF:9
FNH:0
FNDA:0,(anonymous_0)
FNDA:0,(anonymous_1)
FNDA:0,(anonymous_2)
FNDA:0,(anonymous_3)
FNDA:0,(anonymous_4)
FNDA:0,(anonymous_5)
FNDA:0,(anonymous_6)
FNDA:0,(anonymous_7)
FNDA:0,(anonymous_8)
DA:14,0
DA:15,0
DA:16,0
DA:17,0
DA:18,0
DA:19,0
DA:21,0
DA:22,0
DA:23,0
DA:24,0
DA:26,0
DA:30,0
DA:64,0
DA:65,0
DA:68,0
DA:69,0
DA:72,0
DA:82,0
DA:97,0
DA:103,0
DA:121,0
DA:157,0
DA:165,0
DA:166,0
LF:24
LH:0
BRDA:14,0,0,0
BRDA:32,1,0,0
BRDA:32,1,1,0
BRDA:37,2,0,0
BRDA:37,2,1,0
BRDA:68,3,0,0
BRDA:68,3,1,0
BRDA:82,4,0,0
BRDA:82,4,1,0
BRDA:99,5,0,0
BRDA:99,5,1,0
BRDA:105,6,0,0
BRDA:105,6,1,0
BRDA:124,7,0,0
BRDA:124,7,1,0
BRDA:133,8,0,0
BRDA:133,8,1,0
BRDA:149,9,0,0
BRDA:149,9,1,0
BRDA:149,9,2,0
BRDA:154,10,0,0
BRDA:154,10,1,0
BRDA:159,11,0,0
BRDA:159,11,1,0
BRDA:169,12,0,0
BRDA:169,12,1,0
BRF:26
BRH:0
end_of_record
TN:
SF:src\components\MediaPreview.tsx
FN:19,(anonymous_0)
FN:28,(anonymous_1)
FN:29,(anonymous_2)
FN:32,(anonymous_3)
FN:33,(anonymous_4)
FN:36,(anonymous_5)
FN:43,(anonymous_6)
FN:48,(anonymous_7)
FN:59,(anonymous_8)
FN:60,(anonymous_9)
FN:61,(anonymous_10)
FN:72,(anonymous_11)
FN:85,(anonymous_12)
FN:102,(anonymous_13)
FN:134,(anonymous_14)
FN:154,(anonymous_15)
FN:179,(anonymous_16)
FN:188,(anonymous_17)
FNF:18
FNH:0
FNDA:0,(anonymous_0)
FNDA:0,(anonymous_1)
FNDA:0,(anonymous_2)
FNDA:0,(anonymous_3)
FNDA:0,(anonymous_4)
FNDA:0,(anonymous_5)
FNDA:0,(anonymous_6)
FNDA:0,(anonymous_7)
FNDA:0,(anonymous_8)
FNDA:0,(anonymous_9)
FNDA:0,(anonymous_10)
FNDA:0,(anonymous_11)
FNDA:0,(anonymous_12)
FNDA:0,(anonymous_13)
FNDA:0,(anonymous_14)
FNDA:0,(anonymous_15)
FNDA:0,(anonymous_16)
FNDA:0,(anonymous_17)
DA:19,1
DA:25,0
DA:26,0
DA:28,0
DA:29,0
DA:32,0
DA:33,0
DA:36,0
DA:37,0
DA:38,0
DA:39,0
DA:40,0
DA:43,0
DA:44,0
DA:45,0
DA:48,0
DA:49,0
DA:59,0
DA:60,0
DA:61,0
DA:72,0
DA:73,0
DA:85,0
DA:86,0
DA:102,0
DA:103,0
DA:104,0
DA:105,0
DA:106,0
DA:107,0
DA:108,0
DA:110,0
DA:121,0
DA:122,0
DA:125,0
DA:135,0
DA:154,0
DA:179,0
DA:188,0
LF:39
LH:1
BRDA:22,0,0,0
BRDA:23,1,0,0
BRDA:37,2,0,0
BRDA:37,2,1,0
BRDA:38,3,0,0
BRDA:38,3,1,0
BRDA:39,4,0,0
BRDA:39,4,1,0
BRDA:44,5,0,0
BRDA:44,5,1,0
BRDA:50,6,0,0
BRDA:50,6,1,0
BRDA:103,7,0,0
BRDA:103,7,1,0
BRDA:105,8,0,0
BRDA:105,8,1,0
BRDA:107,9,0,0
BRDA:107,9,1,0
BRDA:121,10,0,0
BRDA:121,10,1,0
BRDA:145,11,0,0
BRDA:145,11,1,0
BRDA:152,12,0,0
BRDA:152,12,1,0
BRDA:152,12,2,0
BRDA:176,13,0,0
BRDA:176,13,1,0
BRF:27
BRH:0
end_of_record
TN:
SF:src\components\NotificationBadge.tsx
FN:12,(anonymous_0)
FNF:1
FNH:0
FNDA:0,(anonymous_0)
DA:12,0
DA:20,0
DA:21,0
DA:24,0
DA:26,0
DA:32,0
DA:40,0
DA:55,0
DA:56,0
DA:64,0
LF:10
LH:0
BRDA:14,0,0,0
BRDA:15,1,0,0
BRDA:16,2,0,0
BRDA:17,3,0,0
BRDA:20,4,0,0
BRDA:20,4,1,0
BRDA:21,5,0,0
BRDA:21,5,1,0
BRDA:24,6,0,0
BRDA:24,6,1,0
BRDA:55,7,0,0
BRDA:55,7,1,0
BRF:12
BRH:0
end_of_record
TN:
SF:src\components\NotificationSystem.tsx
FN:28,(anonymous_0)
FN:41,(anonymous_1)
FN:45,(anonymous_2)
FN:47,(anonymous_3)
FN:51,(anonymous_4)
FN:55,(anonymous_5)
FN:59,(anonymous_6)
FN:61,(anonymous_7)
FN:66,(anonymous_8)
FN:81,(anonymous_9)
FN:145,(anonymous_10)
FN:148,(anonymous_11)
FN:152,(anonymous_12)
FN:155,(anonymous_13)
FN:156,(anonymous_14)
FN:156,(anonymous_15)
FN:159,(anonymous_16)
FN:163,(anonymous_17)
FN:167,(anonymous_18)
FN:171,(anonymous_19)
FN:191,(anonymous_20)
FNF:21
FNH:0
FNDA:0,(anonymous_0)
FNDA:0,(anonymous_1)
FNDA:0,(anonymous_2)
FNDA:0,(anonymous_3)
FNDA:0,(anonymous_4)
FNDA:0,(anonymous_5)
FNDA:0,(anonymous_6)
FNDA:0,(anonymous_7)
FNDA:0,(anonymous_8)
FNDA:0,(anonymous_9)
FNDA:0,(anonymous_10)
FNDA:0,(anonymous_11)
FNDA:0,(anonymous_12)
FNDA:0,(anonymous_13)
FNDA:0,(anonymous_14)
FNDA:0,(anonymous_15)
FNDA:0,(anonymous_16)
FNDA:0,(anonymous_17)
FNDA:0,(anonymous_18)
FNDA:0,(anonymous_19)
FNDA:0,(anonymous_20)
DA:26,0
DA:28,0
DA:29,0
DA:30,0
DA:31,0
DA:33,0
DA:41,0
DA:42,0
DA:43,0
DA:45,0
DA:47,0
DA:50,0
DA:51,0
DA:52,0
DA:55,0
DA:59,0
DA:60,0
DA:61,0
DA:62,0
DA:66,0
DA:67,0
DA:69,0
DA:71,0
DA:73,0
DA:75,0
DA:77,0
DA:81,0
DA:82,0
DA:84,0
DA:86,0
DA:88,0
DA:90,0
DA:92,0
DA:96,0
DA:145,0
DA:146,0
DA:148,0
DA:149,0
DA:150,0
DA:152,0
DA:155,0
DA:156,0
DA:159,0
DA:160,0
DA:163,0
DA:164,0
DA:167,0
DA:168,0
DA:171,0
DA:172,0
DA:175,0
DA:185,0
DA:192,0
LF:53
LH:0
BRDA:30,0,0,0
BRDA:30,0,1,0
BRDA:50,1,0,0
BRDA:50,1,1,0
BRDA:53,2,0,0
BRDA:53,2,1,0
BRDA:67,3,0,0
BRDA:67,3,1,0
BRDA:67,3,2,0
BRDA:67,3,3,0
BRDA:67,3,4,0
BRDA:82,4,0,0
BRDA:82,4,1,0
BRDA:82,4,2,0
BRDA:82,4,3,0
BRDA:82,4,4,0
BRDA:101,5,0,0
BRDA:101,5,1,0
BRDA:101,6,0,0
BRDA:101,6,1,0
BRDA:120,7,0,0
BRDA:120,7,1,0
BRF:22
BRH:0
end_of_record
TN:
SF:src\components\ParentApprovalDashboard.tsx
FN:34,(anonymous_0)
FN:51,(anonymous_1)
FN:53,(anonymous_2)
FN:54,(anonymous_3)
FN:58,(anonymous_4)
FN:65,(anonymous_5)
FN:90,(anonymous_6)
FN:106,(anonymous_7)
FN:107,(anonymous_8)
FN:118,(anonymous_9)
FN:122,(anonymous_10)
FN:126,(anonymous_11)
FN:153,(anonymous_12)
FN:197,(anonymous_13)
FN:209,(anonymous_14)
FN:214,(anonymous_15)
FN:215,(anonymous_16)
FN:221,(anonymous_17)
FN:226,(anonymous_18)
FN:238,(anonymous_19)
FN:241,(anonymous_20)
FN:243,(anonymous_21)
FN:307,(anonymous_22)
FN:311,(anonymous_23)
FN:320,(anonymous_24)
FN:338,(anonymous_25)
FN:342,(anonymous_26)
FN:349,(anonymous_27)
FN:400,(anonymous_28)
FN:407,(anonymous_29)
FN:441,(anonymous_30)
FN:456,(anonymous_31)
FN:481,(anonymous_32)
FN:493,(anonymous_33)
FN:499,(anonymous_34)
FN:505,(anonymous_35)
FN:531,(anonymous_36)
FN:535,(anonymous_37)
FNF:38
FNH:25
FNDA:35,(anonymous_0)
FNDA:19,(anonymous_1)
FNDA:16,(anonymous_2)
FNDA:16,(anonymous_3)
FNDA:10,(anonymous_4)
FNDA:12,(anonymous_5)
FNDA:10,(anonymous_6)
FNDA:1,(anonymous_7)
FNDA:1,(anonymous_8)
FNDA:0,(anonymous_9)
FNDA:0,(anonymous_10)
FNDA:2,(anonymous_11)
FNDA:0,(anonymous_12)
FNDA:2,(anonymous_13)
FNDA:0,(anonymous_14)
FNDA:1,(anonymous_15)
FNDA:1,(anonymous_16)
FNDA:0,(anonymous_17)
FNDA:25,(anonymous_18)
FNDA:20,(anonymous_19)
FNDA:2,(anonymous_20)
FNDA:8,(anonymous_21)
FNDA:1,(anonymous_22)
FNDA:26,(anonymous_23)
FNDA:0,(anonymous_24)
FNDA:0,(anonymous_25)
FNDA:0,(anonymous_26)
FNDA:0,(anonymous_27)
FNDA:25,(anonymous_28)
FNDA:1,(anonymous_29)
FNDA:0,(anonymous_30)
FNDA:12,(anonymous_31)
FNDA:1,(anonymous_32)
FNDA:1,(anonymous_33)
FNDA:1,(anonymous_34)
FNDA:0,(anonymous_35)
FNDA:0,(anonymous_36)
FNDA:0,(anonymous_37)
DA:34,1
DA:35,35
DA:36,35
DA:37,35
DA:38,35
DA:39,35
DA:40,35
DA:41,35
DA:42,35
DA:43,35
DA:44,35
DA:45,35
DA:48,35
DA:49,35
DA:51,35
DA:52,19
DA:53,16
DA:54,16
DA:55,19
DA:58,35
DA:59,10
DA:60,10
DA:61,10
DA:65,35
DA:66,12
DA:67,12
DA:68,12
DA:70,12
DA:76,12
DA:77,11
DA:78,11
DA:80,1
DA:83,1
DA:84,1
DA:86,12
DA:90,35
DA:91,10
DA:94,10
DA:100,10
DA:102,0
DA:106,35
DA:107,1
DA:108,1
DA:109,1
DA:110,0
DA:112,1
DA:114,1
DA:118,35
DA:119,0
DA:120,0
DA:122,0
DA:126,35
DA:127,2
DA:128,2
DA:141,2
DA:142,2
DA:143,2
DA:145,0
DA:148,0
DA:149,0
DA:153,35
DA:154,0
DA:155,0
DA:156,0
DA:159,0
DA:160,0
DA:162,0
DA:176,0
DA:177,0
DA:178,0
DA:180,0
DA:181,0
DA:182,0
DA:183,0
DA:185,0
DA:187,0
DA:190,0
DA:191,0
DA:193,0
DA:197,35
DA:198,2
DA:199,2
DA:200,2
DA:207,2
DA:209,2
DA:210,0
DA:214,35
DA:215,1
DA:221,35
DA:222,0
DA:223,0
DA:226,35
DA:227,25
DA:235,25
DA:238,35
DA:239,20
DA:241,2
DA:243,20
DA:244,8
DA:246,8
DA:248,0
DA:250,0
DA:252,0
DA:257,35
DA:258,0
DA:269,35
DA:307,1
DA:312,26
DA:320,0
DA:338,0
DA:342,0
DA:349,0
DA:401,25
DA:407,1
DA:441,0
DA:457,12
DA:481,1
DA:493,1
DA:499,1
DA:505,0
DA:532,0
DA:533,0
DA:537,0
DA:538,0
LF:124
LH:81
BRDA:59,0,0,10
BRDA:59,0,1,0
BRDA:76,1,0,11
BRDA:76,1,1,1
BRDA:78,2,0,11
BRDA:78,2,1,0
BRDA:84,3,0,1
BRDA:84,3,1,0
BRDA:109,4,0,0
BRDA:109,4,1,1
BRDA:119,5,0,0
BRDA:119,5,1,0
BRDA:136,6,0,2
BRDA:136,6,1,2
BRDA:136,7,0,1
BRDA:136,7,1,1
BRDA:137,8,0,2
BRDA:137,8,1,2
BRDA:141,9,0,2
BRDA:141,9,1,0
BRDA:143,10,0,1
BRDA:143,10,1,1
BRDA:149,11,0,0
BRDA:149,11,1,0
BRDA:149,12,0,0
BRDA:149,12,1,0
BRDA:154,13,0,0
BRDA:154,13,1,0
BRDA:171,14,0,0
BRDA:171,14,1,0
BRDA:171,15,0,0
BRDA:171,15,1,0
BRDA:176,16,0,0
BRDA:176,16,1,0
BRDA:191,17,0,0
BRDA:191,17,1,0
BRDA:235,18,0,25
BRDA:235,18,1,0
BRDA:239,19,0,19
BRDA:239,19,1,1
BRDA:244,20,0,8
BRDA:244,20,1,0
BRDA:244,20,2,0
BRDA:244,20,3,0
BRDA:257,21,0,0
BRDA:257,21,1,35
BRDA:257,22,0,35
BRDA:257,22,1,35
BRDA:287,23,0,35
BRDA:287,23,1,25
BRDA:329,24,0,35
BRDA:329,24,1,1
BRDA:360,25,0,35
BRDA:360,25,1,13
BRDA:366,26,0,0
BRDA:366,26,1,13
BRDA:374,27,0,35
BRDA:374,27,1,1
BRDA:383,28,0,10
BRDA:383,28,1,25
BRDA:388,29,0,12
BRDA:388,29,1,13
BRDA:392,30,0,12
BRDA:392,30,1,0
BRDA:395,31,0,12
BRDA:395,31,1,0
BRDA:436,32,0,25
BRDA:436,32,1,0
BRDA:436,32,2,25
BRDA:448,33,0,25
BRDA:448,33,1,25
BRDA:454,34,0,25
BRDA:454,34,1,12
BRDA:458,35,0,12
BRDA:458,35,1,0
BRDA:461,36,0,12
BRDA:461,36,1,0
BRDA:480,37,0,25
BRDA:480,37,1,24
BRDA:481,38,0,1
BRDA:481,38,1,0
BRDA:520,39,0,35
BRDA:520,39,1,0
BRDA:520,39,2,0
BRF:84
BRH:49
end_of_record
TN:
SF:src\components\PointsDisplay.tsx
FN:21,(anonymous_0)
FN:37,(anonymous_1)
FN:50,(anonymous_2)
FN:61,(anonymous_3)
FN:67,(anonymous_4)
FN:73,(anonymous_5)
FN:82,(anonymous_6)
FN:94,(anonymous_7)
FN:106,(anonymous_8)
FNF:9
FNH:6
FNDA:15,(anonymous_0)
FNDA:7,(anonymous_1)
FNDA:0,(anonymous_2)
FNDA:0,(anonymous_3)
FNDA:0,(anonymous_4)
FNDA:15,(anonymous_5)
FNDA:15,(anonymous_6)
FNDA:15,(anonymous_7)
FNDA:15,(anonymous_8)
DA:21,1
DA:33,15
DA:34,15
DA:35,15
DA:37,15
DA:38,7
DA:39,0
DA:40,0
DA:43,0
DA:44,0
DA:45,0
DA:46,0
DA:47,0
DA:49,0
DA:50,0
DA:51,0
DA:52,0
DA:53,0
DA:55,0
DA:56,0
DA:57,0
DA:58,0
DA:61,0
DA:62,0
DA:67,0
DA:69,7
DA:73,15
DA:74,15
DA:79,15
DA:82,15
DA:83,15
DA:88,15
DA:91,15
DA:94,15
DA:95,15
DA:96,15
DA:97,15
DA:98,15
DA:99,15
DA:100,15
DA:103,15
DA:106,15
DA:107,15
DA:108,15
DA:109,15
DA:110,15
DA:111,15
DA:114,15
DA:116,15
LF:49
LH:30
BRDA:23,0,0,15
BRDA:24,1,0,0
BRDA:25,2,0,12
BRDA:26,3,0,13
BRDA:27,4,0,13
BRDA:28,5,0,15
BRDA:29,6,0,15
BRDA:30,7,0,15
BRDA:31,8,0,15
BRDA:38,9,0,0
BRDA:38,9,1,7
BRDA:38,10,0,7
BRDA:38,10,1,7
BRDA:55,11,0,0
BRDA:55,11,1,0
BRDA:96,12,0,0
BRDA:96,12,1,15
BRDA:97,13,0,0
BRDA:97,13,1,15
BRDA:98,14,0,0
BRDA:98,14,1,15
BRDA:99,15,0,0
BRDA:99,15,1,15
BRDA:107,16,0,0
BRDA:107,16,1,15
BRDA:108,17,0,0
BRDA:108,17,1,15
BRDA:109,18,0,0
BRDA:109,18,1,15
BRDA:110,19,0,0
BRDA:110,19,1,15
BRDA:123,20,0,0
BRDA:123,20,1,15
BRDA:136,21,0,15
BRDA:136,21,1,13
BRDA:137,22,0,1
BRDA:137,22,1,12
BRDA:145,23,0,15
BRDA:145,23,1,0
BRDA:145,23,2,0
BRDA:159,24,0,15
BRDA:159,24,1,0
BRDA:168,25,0,15
BRDA:168,25,1,15
BRDA:177,26,0,15
BRDA:177,26,1,0
BRDA:177,26,2,0
BRDA:180,27,0,0
BRDA:180,27,1,0
BRDA:187,28,0,15
BRDA:187,28,1,0
BRDA:187,28,2,0
BRF:52
BRH:30
end_of_record
TN:
SF:src\components\PointsHistory.tsx
FN:33,(anonymous_0)
FN:47,(anonymous_1)
FN:53,(anonymous_2)
FN:70,(anonymous_3)
FN:99,(anonymous_4)
FN:106,(anonymous_5)
FN:115,(anonymous_6)
FN:134,(anonymous_7)
FN:140,(anonymous_8)
FN:142,(anonymous_9)
FN:143,(anonymous_10)
FN:146,(anonymous_11)
FN:147,(anonymous_12)
FN:163,(anonymous_13)
FN:170,(anonymous_14)
FN:234,(anonymous_15)
FN:237,(anonymous_16)
FN:258,(anonymous_17)
FN:261,(anonymous_18)
FN:280,(anonymous_19)
FN:313,(anonymous_20)
FNF:21
FNH:0
FNDA:0,(anonymous_0)
FNDA:0,(anonymous_1)
FNDA:0,(anonymous_2)
FNDA:0,(anonymous_3)
FNDA:0,(anonymous_4)
FNDA:0,(anonymous_5)
FNDA:0,(anonymous_6)
FNDA:0,(anonymous_7)
FNDA:0,(anonymous_8)
FNDA:0,(anonymous_9)
FNDA:0,(anonymous_10)
FNDA:0,(anonymous_11)
FNDA:0,(anonymous_12)
FNDA:0,(anonymous_13)
FNDA:0,(anonymous_14)
FNDA:0,(anonymous_15)
FNDA:0,(anonymous_16)
FNDA:0,(anonymous_17)
FNDA:0,(anonymous_18)
FNDA:0,(anonymous_19)
FNDA:0,(anonymous_20)
DA:33,0
DA:39,0
DA:40,0
DA:41,0
DA:42,0
DA:43,0
DA:44,0
DA:45,0
DA:47,0
DA:48,0
DA:49,0
DA:53,0
DA:54,0
DA:55,0
DA:56,0
DA:58,0
DA:59,0
DA:62,0
DA:68,0
DA:70,0
DA:80,0
DA:83,0
DA:84,0
DA:85,0
DA:89,0
DA:90,0
DA:93,0
DA:95,0
DA:99,0
DA:101,0
DA:102,0
DA:103,0
DA:106,0
DA:107,0
DA:108,0
DA:112,0
DA:115,0
DA:116,0
DA:117,0
DA:118,0
DA:119,0
DA:120,0
DA:121,0
DA:122,0
DA:123,0
DA:126,0
DA:127,0
DA:128,0
DA:129,0
DA:134,0
DA:135,0
DA:140,0
DA:141,0
DA:142,0
DA:143,0
DA:145,0
DA:146,0
DA:147,0
DA:149,0
DA:157,0
DA:159,0
DA:162,0
DA:164,0
DA:171,0
DA:176,0
DA:235,0
DA:237,0
DA:259,0
DA:261,0
DA:280,0
DA:314,0
LF:71
LH:0
BRDA:34,0,0,0
BRDA:36,1,0,0
BRDA:37,2,0,0
BRDA:48,3,0,0
BRDA:48,3,1,0
BRDA:48,4,0,0
BRDA:48,4,1,0
BRDA:65,5,0,0
BRDA:65,5,1,0
BRDA:68,6,0,0
BRDA:68,6,1,0
BRDA:68,7,0,0
BRDA:68,7,1,0
BRDA:68,7,2,0
BRDA:77,8,0,0
BRDA:77,8,1,0
BRDA:84,9,0,0
BRDA:84,9,1,0
BRDA:85,10,0,0
BRDA:85,10,1,0
BRDA:90,11,0,0
BRDA:90,11,1,0
BRDA:101,12,0,0
BRDA:101,12,1,0
BRDA:107,13,0,0
BRDA:107,13,1,0
BRDA:108,14,0,0
BRDA:108,14,1,0
BRDA:108,14,2,0
BRDA:112,15,0,0
BRDA:112,15,1,0
BRDA:116,16,0,0
BRDA:116,16,1,0
BRDA:117,17,0,0
BRDA:117,17,1,0
BRDA:117,17,2,0
BRDA:117,17,3,0
BRDA:117,17,4,0
BRDA:117,17,5,0
BRDA:126,18,0,0
BRDA:126,18,1,0
BRDA:126,18,2,0
BRDA:135,19,0,0
BRDA:135,19,1,0
BRDA:159,20,0,0
BRDA:159,20,1,0
BRDA:159,21,0,0
BRDA:159,21,1,0
BRDA:162,22,0,0
BRDA:162,22,1,0
BRDA:179,23,0,0
BRDA:179,23,1,0
BRDA:182,24,0,0
BRDA:182,24,1,0
BRDA:183,25,0,0
BRDA:183,25,1,0
BRDA:187,26,0,0
BRDA:187,26,1,0
BRDA:187,26,2,0
BRDA:210,27,0,0
BRDA:210,27,1,0
BRDA:211,28,0,0
BRDA:211,28,1,0
BRDA:239,29,0,0
BRDA:239,29,1,0
BRDA:263,30,0,0
BRDA:263,30,1,0
BRDA:289,31,0,0
BRDA:289,31,1,0
BRDA:298,32,0,0
BRDA:298,32,1,0
BRDA:303,33,0,0
BRDA:303,33,1,0
BRDA:308,34,0,0
BRDA:308,34,1,0
BRDA:329,35,0,0
BRDA:329,35,1,0
BRDA:331,36,0,0
BRDA:331,36,1,0
BRDA:346,37,0,0
BRDA:346,37,1,0
BRDA:348,38,0,0
BRDA:348,38,1,0
BRDA:348,38,2,0
BRDA:351,39,0,0
BRDA:351,39,1,0
BRDA:356,40,0,0
BRDA:356,40,1,0
BRDA:358,41,0,0
BRDA:358,41,1,0
BRDA:363,42,0,0
BRDA:363,42,1,0
BRDA:368,43,0,0
BRDA:368,43,1,0
BRDA:368,43,2,0
BRDA:369,44,0,0
BRDA:369,44,1,0
BRF:97
BRH:0
end_of_record
TN:
SF:src\components\ProgressBar.tsx
FN:14,(anonymous_0)
FN:27,(anonymous_1)
FN:29,(anonymous_2)
FN:32,(anonymous_3)
FN:44,(anonymous_4)
FN:54,(anonymous_5)
FN:115,(anonymous_6)
FNF:7
FNH:6
FNDA:11,(anonymous_0)
FNDA:10,(anonymous_1)
FNDA:0,(anonymous_2)
FNDA:10,(anonymous_3)
FNDA:11,(anonymous_4)
FNDA:11,(anonymous_5)
FNDA:35,(anonymous_6)
DA:14,1
DA:24,11
DA:25,11
DA:27,11
DA:28,10
DA:29,10
DA:30,0
DA:32,10
DA:34,0
DA:38,11
DA:44,11
DA:45,11
DA:51,11
DA:54,11
DA:55,11
DA:56,2
DA:58,9
DA:61,11
DA:116,35
DA:117,35
DA:118,35
LF:21
LH:19
BRDA:18,0,0,11
BRDA:19,1,0,9
BRDA:20,2,0,11
BRDA:21,3,0,9
BRDA:22,4,0,10
BRDA:28,5,0,10
BRDA:28,5,1,0
BRDA:55,6,0,2
BRDA:55,6,1,9
BRDA:63,7,0,11
BRDA:63,7,1,7
BRDA:66,8,0,7
BRDA:66,8,1,6
BRDA:68,9,0,6
BRDA:68,9,1,2
BRDA:93,10,0,11
BRDA:93,10,1,2
BRDA:103,11,0,11
BRDA:103,11,1,1
BRDA:103,11,2,1
BRDA:113,12,0,11
BRDA:113,12,1,7
BRDA:123,13,0,21
BRDA:123,13,1,14
BRDA:124,14,0,35
BRDA:124,14,1,21
BRF:26
BRH:25
end_of_record
TN:
SF:src\components\ProtectedRoute.tsx
FN:10,(anonymous_0)
FN:39,(anonymous_1)
FNF:2
FNH:0
FNDA:0,(anonymous_0)
FNDA:0,(anonymous_1)
DA:10,0
DA:11,0
DA:13,0
DA:14,0
DA:24,0
DA:25,0
DA:28,0
DA:29,0
DA:39,0
DA:50,0
LF:10
LH:0
BRDA:13,0,0,0
BRDA:13,0,1,0
BRDA:24,1,0,0
BRDA:24,1,1,0
BRDA:28,2,0,0
BRDA:28,2,1,0
BRDA:28,3,0,0
BRDA:28,3,1,0
BRF:8
BRH:0
end_of_record
TN:
SF:src\components\SpecialRewardApproval.tsx
FN:9,(anonymous_0)
FN:19,(anonymous_1)
FN:53,(anonymous_2)
FN:81,(anonymous_3)
FN:81,(anonymous_4)
FN:94,(anonymous_5)
FN:94,(anonymous_6)
FN:112,(anonymous_7)
FN:112,(anonymous_8)
FN:124,(anonymous_9)
FN:124,(anonymous_10)
FN:135,(anonymous_11)
FNF:12
FNH:0
FNDA:0,(anonymous_0)
FNDA:0,(anonymous_1)
FNDA:0,(anonymous_2)
FNDA:0,(anonymous_3)
FNDA:0,(anonymous_4)
FNDA:0,(anonymous_5)
FNDA:0,(anonymous_6)
FNDA:0,(anonymous_7)
FNDA:0,(anonymous_8)
FNDA:0,(anonymous_9)
FNDA:0,(anonymous_10)
FNDA:0,(anonymous_11)
DA:9,0
DA:10,0
DA:11,0
DA:12,0
DA:19,0
DA:20,0
DA:22,0
DA:23,0
DA:24,0
DA:27,0
DA:28,0
DA:29,0
DA:32,0
DA:39,0
DA:40,0
DA:41,0
DA:43,0
DA:44,0
DA:46,0
DA:50,0
DA:53,0
DA:81,0
DA:94,0
DA:112,0
DA:124,0
DA:135,0
LF:26
LH:0
BRDA:22,0,0,0
BRDA:22,0,1,0
BRDA:59,1,0,0
BRDA:59,1,1,0
BRDA:111,2,0,0
BRDA:111,2,1,0
BRDA:112,3,0,0
BRDA:112,3,1,0
BRDA:142,4,0,0
BRDA:142,4,1,0
BRDA:142,4,2,0
BRDA:145,5,0,0
BRDA:145,5,1,0
BRF:13
BRH:0
end_of_record
TN:
SF:src\components\SpecialRewardRequest.tsx
FN:9,(anonymous_0)
FN:19,(anonymous_1)
FN:53,(anonymous_2)
FN:81,(anonymous_3)
FN:81,(anonymous_4)
FN:94,(anonymous_5)
FN:94,(anonymous_6)
FN:112,(anonymous_7)
FN:112,(anonymous_8)
FN:124,(anonymous_9)
FN:124,(anonymous_10)
FN:135,(anonymous_11)
FNF:12
FNH:0
FNDA:0,(anonymous_0)
FNDA:0,(anonymous_1)
FNDA:0,(anonymous_2)
FNDA:0,(anonymous_3)
FNDA:0,(anonymous_4)
FNDA:0,(anonymous_5)
FNDA:0,(anonymous_6)
FNDA:0,(anonymous_7)
FNDA:0,(anonymous_8)
FNDA:0,(anonymous_9)
FNDA:0,(anonymous_10)
FNDA:0,(anonymous_11)
DA:9,0
DA:10,0
DA:11,0
DA:12,0
DA:19,0
DA:20,0
DA:22,0
DA:23,0
DA:24,0
DA:27,0
DA:28,0
DA:29,0
DA:32,0
DA:39,0
DA:40,0
DA:41,0
DA:43,0
DA:44,0
DA:46,0
DA:50,0
DA:53,0
DA:81,0
DA:94,0
DA:112,0
DA:124,0
DA:135,0
LF:26
LH:0
BRDA:22,0,0,0
BRDA:22,0,1,0
BRDA:59,1,0,0
BRDA:59,1,1,0
BRDA:111,2,0,0
BRDA:111,2,1,0
BRDA:112,3,0,0
BRDA:112,3,1,0
BRDA:142,4,0,0
BRDA:142,4,1,0
BRDA:142,4,2,0
BRDA:145,5,0,0
BRDA:145,5,1,0
BRF:13
BRH:0
end_of_record
TN:
SF:src\components\SummerProgressTracker.tsx
FN:29,(anonymous_0)
FN:35,(anonymous_1)
FN:39,(anonymous_2)
FN:90,(anonymous_3)
FN:232,(anonymous_4)
FNF:5
FNH:0
FNDA:0,(anonymous_0)
FNDA:0,(anonymous_1)
FNDA:0,(anonymous_2)
FNDA:0,(anonymous_3)
FNDA:0,(anonymous_4)
DA:29,0
DA:30,0
DA:31,0
DA:32,0
DA:33,0
DA:35,0
DA:36,0
DA:39,0
DA:40,0
DA:41,0
DA:42,0
DA:45,0
DA:46,0
DA:47,0
DA:48,0
DA:50,0
DA:51,0
DA:52,0
DA:53,0
DA:56,0
DA:57,0
DA:58,0
DA:59,0
DA:61,0
DA:83,0
DA:84,0
DA:86,0
DA:90,0
DA:91,0
DA:93,0
DA:95,0
DA:96,0
DA:97,0
DA:98,0
DA:99,0
DA:100,0
DA:101,0
DA:102,0
DA:104,0
DA:108,0
DA:109,0
DA:120,0
DA:121,0
DA:131,0
DA:233,0
LF:45
LH:0
BRDA:29,0,0,0
BRDA:58,1,0,0
BRDA:58,1,1,0
BRDA:70,2,0,0
BRDA:70,2,1,0
BRDA:71,3,0,0
BRDA:71,3,1,0
BRDA:71,4,0,0
BRDA:71,4,1,0
BRDA:73,5,0,0
BRDA:73,5,1,0
BRDA:91,6,0,0
BRDA:91,6,1,0
BRDA:95,7,0,0
BRDA:95,7,1,0
BRDA:97,8,0,0
BRDA:97,8,1,0
BRDA:99,9,0,0
BRDA:99,9,1,0
BRDA:101,10,0,0
BRDA:101,10,1,0
BRDA:108,11,0,0
BRDA:108,11,1,0
BRDA:120,12,0,0
BRDA:120,12,1,0
BRDA:120,13,0,0
BRDA:120,13,1,0
BRDA:125,14,0,0
BRDA:125,14,1,0
BRF:29
BRH:0
end_of_record
TN:
SF:src\components\TaskApprovalWorkflow.tsx
FN:37,(anonymous_0)
FN:50,(anonymous_1)
FN:56,(anonymous_2)
FN:66,(anonymous_3)
FN:67,(anonymous_4)
FN:68,(anonymous_5)
FN:80,(anonymous_6)
FN:92,(anonymous_7)
FN:95,(anonymous_8)
FN:95,(anonymous_9)
FN:96,(anonymous_10)
FN:113,(anonymous_11)
FN:124,(anonymous_12)
FN:127,(anonymous_13)
FN:127,(anonymous_14)
FN:128,(anonymous_15)
FN:144,(anonymous_16)
FN:156,(anonymous_17)
FN:165,(anonymous_18)
FN:214,(anonymous_19)
FN:217,(anonymous_20)
FN:249,(anonymous_21)
FN:252,(anonymous_22)
FN:315,(anonymous_23)
FN:362,(anonymous_24)
FN:376,(anonymous_25)
FN:389,(anonymous_26)
FN:396,(anonymous_27)
FNF:28
FNH:0
FNDA:0,(anonymous_0)
FNDA:0,(anonymous_1)
FNDA:0,(anonymous_2)
FNDA:0,(anonymous_3)
FNDA:0,(anonymous_4)
FNDA:0,(anonymous_5)
FNDA:0,(anonymous_6)
FNDA:0,(anonymous_7)
FNDA:0,(anonymous_8)
FNDA:0,(anonymous_9)
FNDA:0,(anonymous_10)
FNDA:0,(anonymous_11)
FNDA:0,(anonymous_12)
FNDA:0,(anonymous_13)
FNDA:0,(anonymous_14)
FNDA:0,(anonymous_15)
FNDA:0,(anonymous_16)
FNDA:0,(anonymous_17)
FNDA:0,(anonymous_18)
FNDA:0,(anonymous_19)
FNDA:0,(anonymous_20)
FNDA:0,(anonymous_21)
FNDA:0,(anonymous_22)
FNDA:0,(anonymous_23)
FNDA:0,(anonymous_24)
FNDA:0,(anonymous_25)
FNDA:0,(anonymous_26)
FNDA:0,(anonymous_27)
DA:37,0
DA:38,0
DA:39,0
DA:40,0
DA:41,0
DA:42,0
DA:43,0
DA:44,0
DA:45,0
DA:46,0
DA:47,0
DA:50,0
DA:51,0
DA:52,0
DA:56,0
DA:57,0
DA:58,0
DA:59,0
DA:61,0
DA:62,0
DA:63,0
DA:66,0
DA:67,0
DA:68,0
DA:70,0
DA:73,0
DA:74,0
DA:76,0
DA:80,0
DA:81,0
DA:82,0
DA:84,0
DA:90,0
DA:92,0
DA:93,0
DA:94,0
DA:95,0
DA:96,0
DA:99,0
DA:100,0
DA:101,0
DA:103,0
DA:106,0
DA:107,0
DA:109,0
DA:113,0
DA:114,0
DA:115,0
DA:117,0
DA:122,0
DA:124,0
DA:125,0
DA:126,0
DA:127,0
DA:128,0
DA:131,0
DA:132,0
DA:134,0
DA:137,0
DA:138,0
DA:140,0
DA:144,0
DA:145,0
DA:146,0
DA:147,0
DA:148,0
DA:150,0
DA:151,0
DA:152,0
DA:153,0
DA:156,0
DA:157,0
DA:158,0
DA:159,0
DA:160,0
DA:161,0
DA:165,0
DA:166,0
DA:167,0
DA:168,0
DA:169,0
DA:170,0
DA:174,0
DA:176,0
DA:215,0
DA:217,0
DA:250,0
DA:252,0
DA:316,0
DA:362,0
DA:376,0
DA:389,0
DA:396,0
LF:93
LH:0
BRDA:51,0,0,0
BRDA:51,0,1,0
BRDA:51,1,0,0
BRDA:51,1,1,0
BRDA:62,2,0,0
BRDA:62,2,1,0
BRDA:63,3,0,0
BRDA:63,3,1,0
BRDA:74,4,0,0
BRDA:74,4,1,0
BRDA:87,5,0,0
BRDA:87,5,1,0
BRDA:90,6,0,0
BRDA:90,6,1,0
BRDA:93,7,0,0
BRDA:93,7,1,0
BRDA:107,8,0,0
BRDA:107,8,1,0
BRDA:122,9,0,0
BRDA:122,9,1,0
BRDA:125,10,0,0
BRDA:125,10,1,0
BRDA:138,11,0,0
BRDA:138,11,1,0
BRDA:150,12,0,0
BRDA:150,12,1,0
BRDA:151,13,0,0
BRDA:151,13,1,0
BRDA:152,14,0,0
BRDA:152,14,1,0
BRDA:157,15,0,0
BRDA:157,15,1,0
BRDA:157,15,2,0
BRDA:157,15,3,0
BRDA:166,16,0,0
BRDA:166,16,1,0
BRDA:166,16,2,0
BRDA:166,16,3,0
BRDA:174,17,0,0
BRDA:174,17,1,0
BRDA:185,18,0,0
BRDA:185,18,1,0
BRDA:186,19,0,0
BRDA:186,19,1,0
BRDA:220,20,0,0
BRDA:220,20,1,0
BRDA:227,21,0,0
BRDA:227,21,1,0
BRDA:239,22,0,0
BRDA:239,22,1,0
BRDA:244,23,0,0
BRDA:244,23,1,0
BRDA:245,24,0,0
BRDA:245,24,1,0
BRDA:246,25,0,0
BRDA:246,25,1,0
BRDA:256,26,0,0
BRDA:256,26,1,0
BRDA:276,27,0,0
BRDA:276,27,1,0
BRDA:276,28,0,0
BRDA:276,28,1,0
BRDA:287,29,0,0
BRDA:287,29,1,0
BRDA:309,30,0,0
BRDA:309,30,1,0
BRDA:315,31,0,0
BRDA:315,31,1,0
BRDA:318,32,0,0
BRDA:318,32,1,0
BRDA:319,33,0,0
BRDA:319,33,1,0
BRDA:320,34,0,0
BRDA:320,34,1,0
BRDA:326,35,0,0
BRDA:326,35,1,0
BRDA:333,36,0,0
BRDA:333,36,1,0
BRDA:333,36,2,0
BRDA:333,36,3,0
BRDA:342,37,0,0
BRDA:342,37,1,0
BRDA:352,38,0,0
BRDA:352,38,1,0
BRDA:376,39,0,0
BRDA:376,39,1,0
BRDA:393,40,0,0
BRDA:393,40,1,0
BRDA:400,41,0,0
BRDA:400,41,1,0
BRDA:418,42,0,0
BRDA:418,42,1,0
BRDA:419,43,0,0
BRDA:419,43,1,0
BRDA:420,44,0,0
BRDA:420,44,1,0
BRDA:423,45,0,0
BRDA:423,45,1,0
BRDA:424,46,0,0
BRDA:424,46,1,0
BRDA:425,47,0,0
BRDA:425,47,1,0
BRDA:428,48,0,0
BRDA:428,48,1,0
BRDA:429,49,0,0
BRDA:429,49,1,0
BRDA:430,50,0,0
BRDA:430,50,1,0
BRF:108
BRH:0
end_of_record
TN:
SF:src\components\TaskCard.tsx
FN:14,(anonymous_0)
FN:23,(anonymous_1)
FN:35,(anonymous_2)
FN:44,(anonymous_3)
FN:60,(anonymous_4)
FN:97,(anonymous_5)
FN:135,(anonymous_6)
FN:146,(anonymous_7)
FN:159,(anonymous_8)
FNF:9
FNH:0
FNDA:0,(anonymous_0)
FNDA:0,(anonymous_1)
FNDA:0,(anonymous_2)
FNDA:0,(anonymous_3)
FNDA:0,(anonymous_4)
FNDA:0,(anonymous_5)
FNDA:0,(anonymous_6)
FNDA:0,(anonymous_7)
FNDA:0,(anonymous_8)
DA:14,1
DA:23,0
DA:24,0
DA:32,0
DA:35,0
DA:36,0
DA:41,0
DA:44,0
DA:45,0
DA:50,0
DA:53,0
DA:60,0
DA:98,0
DA:136,0
DA:137,0
DA:147,0
DA:148,0
DA:160,0
DA:161,0
LF:19
LH:1
BRDA:19,0,0,0
BRDA:20,1,0,0
BRDA:21,2,0,0
BRDA:32,3,0,0
BRDA:32,3,1,0
BRDA:41,4,0,0
BRDA:41,4,1,0
BRDA:50,5,0,0
BRDA:50,5,1,0
BRDA:57,6,0,0
BRDA:57,6,1,0
BRDA:95,7,0,0
BRDA:95,7,1,0
BRDA:105,8,0,0
BRDA:105,8,1,0
BRDA:114,9,0,0
BRDA:114,9,1,0
BRDA:118,10,0,0
BRDA:118,10,1,0
BRDA:121,11,0,0
BRDA:121,11,1,0
BRDA:124,12,0,0
BRDA:124,12,1,0
BRDA:132,13,0,0
BRDA:132,13,1,0
BRDA:144,14,0,0
BRDA:144,14,1,0
BRDA:157,15,0,0
BRDA:157,15,1,0
BRF:29
BRH:0
end_of_record
TN:
SF:src\components\TaskCategoryIcon.tsx
FN:10,(anonymous_0)
FN:16,(anonymous_1)
FN:64,(anonymous_2)
FNF:3
FNH:3
FNDA:13,(anonymous_0)
FNDA:13,(anonymous_1)
FNDA:13,(anonymous_2)
DA:10,1
DA:16,13
DA:17,13
DA:61,13
DA:64,13
DA:65,13
DA:70,13
DA:73,13
DA:75,13
LF:9
LH:9
BRDA:12,0,0,11
BRDA:13,1,0,11
BRDA:14,2,0,12
BRDA:61,3,0,13
BRDA:61,3,1,1
BRDA:85,4,0,12
BRDA:85,4,1,1
BRDA:91,5,0,12
BRDA:91,5,1,1
BRDA:92,6,0,1
BRDA:92,6,1,12
BRF:11
BRH:11
end_of_record
TN:
SF:src\components\TaskCreationForm.tsx
FN:24,(anonymous_0)
FN:68,(anonymous_1)
FN:107,(anonymous_2)
FN:140,(anonymous_3)
FN:141,(anonymous_4)
FN:148,(anonymous_5)
FN:157,(anonymous_6)
FN:164,(anonymous_7)
FN:165,(anonymous_8)
FN:168,(anonymous_9)
FN:173,(anonymous_10)
FN:175,(anonymous_11)
FN:183,(anonymous_12)
FN:184,(anonymous_13)
FN:186,(anonymous_14)
FN:190,(anonymous_15)
FN:250,(anonymous_16)
FN:267,(anonymous_17)
FN:289,(anonymous_18)
FN:292,(anonymous_19)
FN:306,(anonymous_20)
FN:313,(anonymous_21)
FN:330,(anonymous_22)
FN:334,(anonymous_23)
FN:354,(anonymous_24)
FN:374,(anonymous_25)
FN:393,(anonymous_26)
FN:397,(anonymous_27)
FN:420,(anonymous_28)
FN:428,(anonymous_29)
FN:440,(anonymous_30)
FN:441,(anonymous_31)
FN:473,(anonymous_32)
FNF:33
FNH:0
FNDA:0,(anonymous_0)
FNDA:0,(anonymous_1)
FNDA:0,(anonymous_2)
FNDA:0,(anonymous_3)
FNDA:0,(anonymous_4)
FNDA:0,(anonymous_5)
FNDA:0,(anonymous_6)
FNDA:0,(anonymous_7)
FNDA:0,(anonymous_8)
FNDA:0,(anonymous_9)
FNDA:0,(anonymous_10)
FNDA:0,(anonymous_11)
FNDA:0,(anonymous_12)
FNDA:0,(anonymous_13)
FNDA:0,(anonymous_14)
FNDA:0,(anonymous_15)
FNDA:0,(anonymous_16)
FNDA:0,(anonymous_17)
FNDA:0,(anonymous_18)
FNDA:0,(anonymous_19)
FNDA:0,(anonymous_20)
FNDA:0,(anonymous_21)
FNDA:0,(anonymous_22)
FNDA:0,(anonymous_23)
FNDA:0,(anonymous_24)
FNDA:0,(anonymous_25)
FNDA:0,(anonymous_26)
FNDA:0,(anonymous_27)
FNDA:0,(anonymous_28)
FNDA:0,(anonymous_29)
FNDA:0,(anonymous_30)
FNDA:0,(anonymous_31)
FNDA:0,(anonymous_32)
DA:24,0
DA:29,0
DA:42,0
DA:43,0
DA:44,0
DA:46,0
DA:55,0
DA:61,0
DA:68,0
DA:69,0
DA:104,0
DA:107,0
DA:108,0
DA:110,0
DA:111,0
DA:112,0
DA:113,0
DA:114,0
DA:115,0
DA:118,0
DA:119,0
DA:122,0
DA:123,0
DA:126,0
DA:127,0
DA:128,0
DA:129,0
DA:132,0
DA:133,0
DA:136,0
DA:137,0
DA:140,0
DA:141,0
DA:147,0
DA:148,0
DA:149,0
DA:150,0
DA:151,0
DA:156,0
DA:157,0
DA:164,0
DA:165,0
DA:168,0
DA:173,0
DA:174,0
DA:175,0
DA:179,0
DA:183,0
DA:184,0
DA:186,0
DA:190,0
DA:191,0
DA:193,0
DA:194,0
DA:197,0
DA:198,0
DA:199,0
DA:200,0
DA:213,0
DA:214,0
DA:215,0
DA:217,0
DA:218,0
DA:220,0
DA:224,0
DA:226,0
DA:250,0
DA:267,0
DA:289,0
DA:293,0
DA:306,0
DA:314,0
DA:331,0
DA:334,0
DA:354,0
DA:374,0
DA:394,0
DA:397,0
DA:421,0
DA:428,0
DA:440,0
DA:442,0
DA:443,0
DA:444,0
DA:473,0
LF:85
LH:0
BRDA:27,0,0,0
BRDA:104,1,0,0
BRDA:104,1,1,0
BRDA:110,2,0,0
BRDA:110,2,1,0
BRDA:112,3,0,0
BRDA:112,3,1,0
BRDA:114,4,0,0
BRDA:114,4,1,0
BRDA:118,5,0,0
BRDA:118,5,1,0
BRDA:122,6,0,0
BRDA:122,6,1,0
BRDA:126,7,0,0
BRDA:126,7,1,0
BRDA:128,8,0,0
BRDA:128,8,1,0
BRDA:132,9,0,0
BRDA:132,9,1,0
BRDA:132,10,0,0
BRDA:132,10,1,0
BRDA:147,11,0,0
BRDA:147,11,1,0
BRDA:156,12,0,0
BRDA:156,12,1,0
BRDA:167,13,0,0
BRDA:167,13,1,0
BRDA:174,14,0,0
BRDA:174,14,1,0
BRDA:174,15,0,0
BRDA:174,15,1,0
BRDA:193,16,0,0
BRDA:193,16,1,0
BRDA:213,17,0,0
BRDA:213,17,1,0
BRDA:218,18,0,0
BRDA:218,18,1,0
BRDA:252,19,0,0
BRDA:252,19,1,0
BRDA:257,20,0,0
BRDA:257,20,1,0
BRDA:269,21,0,0
BRDA:269,21,1,0
BRDA:275,22,0,0
BRDA:275,22,1,0
BRDA:308,23,0,0
BRDA:308,23,1,0
BRDA:319,24,0,0
BRDA:319,24,1,0
BRDA:336,25,0,0
BRDA:336,25,1,0
BRDA:354,26,0,0
BRDA:354,26,1,0
BRDA:356,27,0,0
BRDA:356,27,1,0
BRDA:362,28,0,0
BRDA:362,28,1,0
BRDA:376,29,0,0
BRDA:376,29,1,0
BRDA:381,30,0,0
BRDA:381,30,1,0
BRDA:387,31,0,0
BRDA:387,31,1,0
BRDA:399,32,0,0
BRDA:399,32,1,0
BRDA:409,33,0,0
BRDA:409,33,1,0
BRDA:442,34,0,0
BRDA:442,34,1,0
BRDA:475,35,0,0
BRDA:475,35,1,0
BRDA:480,36,0,0
BRDA:480,36,1,0
BRDA:487,37,0,0
BRDA:487,37,1,0
BRDA:508,38,0,0
BRDA:508,38,1,0
BRF:77
BRH:0
end_of_record
TN:
SF:src\components\TaskLibrary.tsx
FN:28,(anonymous_0)
FN:94,(anonymous_1)
FN:99,(anonymous_2)
FN:100,(anonymous_3)
FN:104,(anonymous_4)
FN:107,(anonymous_5)
FN:149,(anonymous_6)
FN:152,(anonymous_7)
FN:168,(anonymous_8)
FN:175,(anonymous_9)
FN:176,(anonymous_10)
FN:185,(anonymous_11)
FN:186,(anonymous_12)
FN:217,(anonymous_13)
FN:218,(anonymous_14)
FN:224,(anonymous_15)
FN:225,(anonymous_16)
FN:234,(anonymous_17)
FN:235,(anonymous_18)
FN:238,(anonymous_19)
FN:243,(anonymous_20)
FN:259,(anonymous_21)
FN:259,(anonymous_22)
FN:262,(anonymous_23)
FN:272,(anonymous_24)
FN:284,(anonymous_25)
FN:305,(anonymous_26)
FN:321,(anonymous_27)
FN:327,(anonymous_28)
FN:336,(anonymous_29)
FN:337,(anonymous_30)
FN:339,(anonymous_31)
FN:361,(anonymous_32)
FN:369,(anonymous_33)
FN:393,(anonymous_34)
FN:410,(anonymous_35)
FN:413,(anonymous_36)
FN:431,(anonymous_37)
FN:434,(anonymous_38)
FN:458,(anonymous_39)
FN:466,(anonymous_40)
FN:484,(anonymous_41)
FN:493,(anonymous_42)
FN:504,(anonymous_43)
FN:514,(anonymous_44)
FN:524,(anonymous_45)
FN:542,(anonymous_46)
FN:545,(anonymous_47)
FN:552,(anonymous_48)
FN:566,(anonymous_49)
FN:569,(anonymous_50)
FN:637,(anonymous_51)
FN:667,(anonymous_52)
FN:694,(anonymous_53)
FN:694,(anonymous_54)
FN:706,(anonymous_55)
FN:706,(anonymous_56)
FN:720,(anonymous_57)
FN:720,(anonymous_58)
FN:736,(anonymous_59)
FN:736,(anonymous_60)
FN:755,(anonymous_61)
FN:755,(anonymous_62)
FN:769,(anonymous_63)
FN:769,(anonymous_64)
FN:784,(anonymous_65)
FN:784,(anonymous_66)
FN:798,(anonymous_67)
FN:803,(anonymous_68)
FN:805,(anonymous_69)
FN:810,(anonymous_70)
FN:812,(anonymous_71)
FN:841,(anonymous_72)
FN:848,(anonymous_73)
FN:865,(anonymous_74)
FN:865,(anonymous_75)
FN:877,(anonymous_76)
FNF:77
FNH:0
FNDA:0,(anonymous_0)
FNDA:0,(anonymous_1)
FNDA:0,(anonymous_2)
FNDA:0,(anonymous_3)
FNDA:0,(anonymous_4)
FNDA:0,(anonymous_5)
FNDA:0,(anonymous_6)
FNDA:0,(anonymous_7)
FNDA:0,(anonymous_8)
FNDA:0,(anonymous_9)
FNDA:0,(anonymous_10)
FNDA:0,(anonymous_11)
FNDA:0,(anonymous_12)
FNDA:0,(anonymous_13)
FNDA:0,(anonymous_14)
FNDA:0,(anonymous_15)
FNDA:0,(anonymous_16)
FNDA:0,(anonymous_17)
FNDA:0,(anonymous_18)
FNDA:0,(anonymous_19)
FNDA:0,(anonymous_20)
FNDA:0,(anonymous_21)
FNDA:0,(anonymous_22)
FNDA:0,(anonymous_23)
FNDA:0,(anonymous_24)
FNDA:0,(anonymous_25)
FNDA:0,(anonymous_26)
FNDA:0,(anonymous_27)
FNDA:0,(anonymous_28)
FNDA:0,(anonymous_29)
FNDA:0,(anonymous_30)
FNDA:0,(anonymous_31)
FNDA:0,(anonymous_32)
FNDA:0,(anonymous_33)
FNDA:0,(anonymous_34)
FNDA:0,(anonymous_35)
FNDA:0,(anonymous_36)
FNDA:0,(anonymous_37)
FNDA:0,(anonymous_38)
FNDA:0,(anonymous_39)
FNDA:0,(anonymous_40)
FNDA:0,(anonymous_41)
FNDA:0,(anonymous_42)
FNDA:0,(anonymous_43)
FNDA:0,(anonymous_44)
FNDA:0,(anonymous_45)
FNDA:0,(anonymous_46)
FNDA:0,(anonymous_47)
FNDA:0,(anonymous_48)
FNDA:0,(anonymous_49)
FNDA:0,(anonymous_50)
FNDA:0,(anonymous_51)
FNDA:0,(anonymous_52)
FNDA:0,(anonymous_53)
FNDA:0,(anonymous_54)
FNDA:0,(anonymous_55)
FNDA:0,(anonymous_56)
FNDA:0,(anonymous_57)
FNDA:0,(anonymous_58)
FNDA:0,(anonymous_59)
FNDA:0,(anonymous_60)
FNDA:0,(anonymous_61)
FNDA:0,(anonymous_62)
FNDA:0,(anonymous_63)
FNDA:0,(anonymous_64)
FNDA:0,(anonymous_65)
FNDA:0,(anonymous_66)
FNDA:0,(anonymous_67)
FNDA:0,(anonymous_68)
FNDA:0,(anonymous_69)
FNDA:0,(anonymous_70)
FNDA:0,(anonymous_71)
FNDA:0,(anonymous_72)
FNDA:0,(anonymous_73)
FNDA:0,(anonymous_74)
FNDA:0,(anonymous_75)
FNDA:0,(anonymous_76)
DA:28,0
DA:35,0
DA:36,0
DA:37,0
DA:38,0
DA:39,0
DA:40,0
DA:41,0
DA:42,0
DA:43,0
DA:56,0
DA:69,0
DA:79,0
DA:86,0
DA:94,0
DA:95,0
DA:96,0
DA:99,0
DA:100,0
DA:101,0
DA:104,0
DA:107,0
DA:108,0
DA:109,0
DA:110,0
DA:112,0
DA:114,0
DA:115,0
DA:117,0
DA:118,0
DA:120,0
DA:121,0
DA:123,0
DA:124,0
DA:126,0
DA:127,0
DA:129,0
DA:130,0
DA:132,0
DA:133,0
DA:135,0
DA:136,0
DA:138,0
DA:139,0
DA:142,0
DA:143,0
DA:144,0
DA:147,0
DA:148,0
DA:149,0
DA:150,0
DA:152,0
DA:157,0
DA:159,0
DA:161,0
DA:162,0
DA:164,0
DA:168,0
DA:169,0
DA:170,0
DA:171,0
DA:172,0
DA:173,0
DA:175,0
DA:176,0
DA:179,0
DA:181,0
DA:185,0
DA:186,0
DA:187,0
DA:189,0
DA:191,0
DA:192,0
DA:194,0
DA:195,0
DA:197,0
DA:198,0
DA:200,0
DA:201,0
DA:202,0
DA:205,0
DA:206,0
DA:208,0
DA:211,0
DA:214,0
DA:217,0
DA:218,0
DA:224,0
DA:225,0
DA:234,0
DA:235,0
DA:238,0
DA:243,0
DA:244,0
DA:258,0
DA:259,0
DA:260,0
DA:262,0
DA:263,0
DA:264,0
DA:265,0
DA:267,0
DA:268,0
DA:272,0
DA:273,0
DA:274,0
DA:275,0
DA:278,0
DA:279,0
DA:280,0
DA:282,0
DA:284,0
DA:287,0
DA:288,0
DA:291,0
DA:294,0
DA:295,0
DA:298,0
DA:299,0
DA:301,0
DA:305,0
DA:306,0
DA:318,0
DA:321,0
DA:322,0
DA:323,0
DA:324,0
DA:325,0
DA:326,0
DA:327,0
DA:331,0
DA:336,0
DA:337,0
DA:339,0
DA:343,0
DA:361,0
DA:369,0
DA:393,0
DA:411,0
DA:413,0
DA:432,0
DA:434,0
DA:458,0
DA:466,0
DA:484,0
DA:493,0
DA:504,0
DA:514,0
DA:524,0
DA:542,0
DA:546,0
DA:552,0
DA:567,0
DA:569,0
DA:638,0
DA:668,0
DA:669,0
DA:694,0
DA:706,0
DA:720,0
DA:736,0
DA:755,0
DA:769,0
DA:784,0
DA:799,0
DA:804,0
DA:805,0
DA:810,0
DA:812,0
DA:842,0
DA:848,0
DA:865,0
DA:878,0
DA:879,0
LF:174
LH:0
BRDA:30,0,0,0
BRDA:31,1,0,0
BRDA:32,2,0,0
BRDA:33,3,0,0
BRDA:114,4,0,0
BRDA:114,4,1,0
BRDA:117,5,0,0
BRDA:117,5,1,0
BRDA:120,6,0,0
BRDA:120,6,1,0
BRDA:123,7,0,0
BRDA:123,7,1,0
BRDA:126,8,0,0
BRDA:126,8,1,0
BRDA:129,9,0,0
BRDA:129,9,1,0
BRDA:132,10,0,0
BRDA:132,10,1,0
BRDA:135,11,0,0
BRDA:135,11,1,0
BRDA:138,12,0,0
BRDA:138,12,1,0
BRDA:144,13,0,0
BRDA:144,13,1,0
BRDA:147,14,0,0
BRDA:147,14,1,0
BRDA:150,15,0,0
BRDA:150,15,1,0
BRDA:150,15,2,0
BRDA:162,16,0,0
BRDA:162,16,1,0
BRDA:172,17,0,0
BRDA:172,17,1,0
BRDA:189,18,0,0
BRDA:189,18,1,0
BRDA:189,18,2,0
BRDA:189,18,3,0
BRDA:189,18,4,0
BRDA:189,18,5,0
BRDA:211,19,0,0
BRDA:211,19,1,0
BRDA:237,20,0,0
BRDA:237,20,1,0
BRDA:263,21,0,0
BRDA:263,21,1,0
BRDA:263,22,0,0
BRDA:263,22,1,0
BRDA:264,23,0,0
BRDA:264,23,1,0
BRDA:264,24,0,0
BRDA:264,24,1,0
BRDA:267,25,0,0
BRDA:267,25,1,0
BRDA:273,26,0,0
BRDA:273,26,1,0
BRDA:273,27,0,0
BRDA:273,27,1,0
BRDA:299,28,0,0
BRDA:299,28,1,0
BRDA:322,29,0,0
BRDA:322,29,1,0
BRDA:326,30,0,0
BRDA:326,30,1,0
BRDA:326,31,0,0
BRDA:326,31,1,0
BRDA:359,32,0,0
BRDA:359,32,1,0
BRDA:359,32,2,0
BRDA:371,33,0,0
BRDA:371,33,1,0
BRDA:379,34,0,0
BRDA:379,34,1,0
BRDA:403,35,0,0
BRDA:403,35,1,0
BRDA:415,36,0,0
BRDA:415,36,1,0
BRDA:436,37,0,0
BRDA:436,37,1,0
BRDA:506,38,0,0
BRDA:506,38,1,0
BRDA:516,39,0,0
BRDA:516,39,1,0
BRDA:526,40,0,0
BRDA:526,40,1,0
BRDA:552,41,0,0
BRDA:552,41,1,0
BRDA:555,42,0,0
BRDA:555,42,1,0
BRDA:562,43,0,0
BRDA:562,43,1,0
BRDA:571,44,0,0
BRDA:571,44,1,0
BRDA:597,45,0,0
BRDA:597,45,1,0
BRDA:606,46,0,0
BRDA:606,46,1,0
BRDA:611,47,0,0
BRDA:611,47,1,0
BRDA:615,48,0,0
BRDA:615,48,1,0
BRDA:615,49,0,0
BRDA:615,49,1,0
BRDA:615,49,2,0
BRDA:615,49,3,0
BRDA:621,50,0,0
BRDA:621,50,1,0
BRDA:621,51,0,0
BRDA:621,51,1,0
BRDA:621,51,2,0
BRDA:621,51,3,0
BRDA:626,52,0,0
BRDA:626,52,1,0
BRDA:626,52,2,0
BRDA:626,52,3,0
BRDA:626,52,4,0
BRDA:645,53,0,0
BRDA:645,53,1,0
BRDA:646,54,0,0
BRDA:646,54,1,0
BRDA:648,55,0,0
BRDA:648,55,1,0
BRDA:660,56,0,0
BRDA:660,56,1,0
BRDA:679,57,0,0
BRDA:679,57,1,0
BRDA:755,58,0,0
BRDA:755,58,1,0
BRDA:769,59,0,0
BRDA:769,59,1,0
BRDA:792,60,0,0
BRDA:792,60,1,0
BRDA:804,61,0,0
BRDA:804,61,1,0
BRDA:819,62,0,0
BRDA:819,62,1,0
BRDA:819,63,0,0
BRDA:819,63,1,0
BRDA:839,64,0,0
BRDA:839,64,1,0
BRDA:887,65,0,0
BRDA:887,65,1,0
BRDA:887,65,2,0
BRDA:890,66,0,0
BRDA:890,66,1,0
BRF:144
BRH:0
end_of_record
TN:
SF:src\components\TaskTimeline.tsx
FN:34,(anonymous_0)
FN:55,(anonymous_1)
FN:75,(anonymous_2)
FN:78,(anonymous_3)
FN:88,(anonymous_4)
FN:106,(anonymous_5)
FN:129,(anonymous_6)
FN:135,(anonymous_7)
FN:253,(anonymous_8)
FN:272,(anonymous_9)
FN:292,(anonymous_10)
FN:305,(anonymous_11)
FN:339,(anonymous_12)
FN:356,(anonymous_13)
FN:364,(anonymous_14)
FN:403,(anonymous_15)
FN:442,(anonymous_16)
FN:470,(anonymous_17)
FN:473,(anonymous_18)
FN:488,(anonymous_19)
FN:492,(anonymous_20)
FN:501,(anonymous_21)
FN:507,(anonymous_22)
FN:516,(anonymous_23)
FN:546,(anonymous_24)
FN:572,(anonymous_25)
FN:585,(anonymous_26)
FN:596,(anonymous_27)
FN:684,(anonymous_28)
FN:690,(anonymous_29)
FN:711,(anonymous_30)
FN:752,(anonymous_31)
FN:770,(anonymous_32)
FN:770,(anonymous_33)
FN:793,(anonymous_34)
FN:811,(anonymous_35)
FN:817,(anonymous_36)
FN:819,(anonymous_37)
FN:820,(anonymous_38)
FN:829,(anonymous_39)
FN:854,(anonymous_40)
FN:862,(anonymous_41)
FN:864,(anonymous_42)
FN:897,(anonymous_43)
FN:912,(anonymous_44)
FN:946,(anonymous_45)
FN:953,(anonymous_46)
FN:985,(anonymous_47)
FN:1003,(anonymous_48)
FN:1011,(anonymous_49)
FN:1014,(anonymous_50)
FN:1030,(anonymous_51)
FN:1052,(anonymous_52)
FNF:53
FNH:19
FNDA:46,(anonymous_0)
FNDA:46,(anonymous_1)
FNDA:167,(anonymous_2)
FNDA:0,(anonymous_3)
FNDA:0,(anonymous_4)
FNDA:0,(anonymous_5)
FNDA:0,(anonymous_6)
FNDA:0,(anonymous_7)
FNDA:0,(anonymous_8)
FNDA:0,(anonymous_9)
FNDA:0,(anonymous_10)
FNDA:0,(anonymous_11)
FNDA:0,(anonymous_12)
FNDA:0,(anonymous_13)
FNDA:0,(anonymous_14)
FNDA:0,(anonymous_15)
FNDA:0,(anonymous_16)
FNDA:2660,(anonymous_17)
FNDA:5320,(anonymous_18)
FNDA:164,(anonymous_19)
FNDA:2824,(anonymous_20)
FNDA:385,(anonymous_21)
FNDA:147,(anonymous_22)
FNDA:164,(anonymous_23)
FNDA:328,(anonymous_24)
FNDA:0,(anonymous_25)
FNDA:0,(anonymous_26)
FNDA:328,(anonymous_27)
FNDA:164,(anonymous_28)
FNDA:0,(anonymous_29)
FNDA:0,(anonymous_30)
FNDA:0,(anonymous_31)
FNDA:1518,(anonymous_32)
FNDA:782,(anonymous_33)
FNDA:1518,(anonymous_34)
FNDA:1518,(anonymous_35)
FNDA:0,(anonymous_36)
FNDA:0,(anonymous_37)
FNDA:0,(anonymous_38)
FNDA:1140,(anonymous_39)
FNDA:164,(anonymous_40)
FNDA:0,(anonymous_41)
FNDA:0,(anonymous_42)
FNDA:0,(anonymous_43)
FNDA:0,(anonymous_44)
FNDA:0,(anonymous_45)
FNDA:0,(anonymous_46)
FNDA:0,(anonymous_47)
FNDA:0,(anonymous_48)
FNDA:0,(anonymous_49)
FNDA:0,(anonymous_50)
FNDA:0,(anonymous_51)
FNDA:0,(anonymous_52)
DA:34,2
DA:40,46
DA:41,46
DA:42,46
DA:43,46
DA:44,46
DA:45,46
DA:46,46
DA:47,46
DA:48,46
DA:49,46
DA:50,46
DA:51,46
DA:52,46
DA:55,46
DA:56,46
DA:57,46
DA:58,782
DA:60,1564
DA:62,1518
DA:63,1518
DA:64,1518
DA:65,1518
DA:66,1518
DA:69,46
DA:72,46
DA:75,167
DA:78,46
DA:79,0
DA:80,0
DA:81,0
DA:83,0
DA:84,0
DA:88,46
DA:89,0
DA:90,0
DA:91,0
DA:97,0
DA:99,0
DA:100,0
DA:106,46
DA:107,0
DA:108,0
DA:109,0
DA:112,0
DA:113,0
DA:114,0
DA:115,0
DA:117,0
DA:120,0
DA:124,0
DA:129,46
DA:130,0
DA:131,0
DA:135,46
DA:136,0
DA:137,0
DA:138,0
DA:140,0
DA:142,0
DA:143,0
DA:146,0
DA:147,0
DA:149,0
DA:151,0
DA:152,0
DA:153,0
DA:155,0
DA:158,0
DA:160,0
DA:161,0
DA:162,0
DA:163,0
DA:167,0
DA:172,0
DA:173,0
DA:176,0
DA:177,0
DA:181,0
DA:182,0
DA:183,0
DA:185,0
DA:188,0
DA:190,0
DA:191,0
DA:192,0
DA:193,0
DA:197,0
DA:199,0
DA:206,0
DA:209,0
DA:211,0
DA:212,0
DA:214,0
DA:217,0
DA:219,0
DA:220,0
DA:221,0
DA:222,0
DA:226,0
DA:231,0
DA:232,0
DA:235,0
DA:236,0
DA:240,0
DA:241,0
DA:247,0
DA:248,0
DA:253,46
DA:254,0
DA:255,0
DA:257,0
DA:258,0
DA:261,0
DA:262,0
DA:263,0
DA:264,0
DA:268,0
DA:269,0
DA:272,46
DA:273,0
DA:275,0
DA:276,0
DA:279,0
DA:282,0
DA:286,0
DA:287,0
DA:288,0
DA:292,46
DA:293,0
DA:295,0
DA:296,0
DA:299,0
DA:300,0
DA:303,0
DA:305,0
DA:306,0
DA:308,0
DA:312,0
DA:316,0
DA:317,0
DA:320,0
DA:321,0
DA:325,0
DA:327,0
DA:331,0
DA:332,0
DA:333,0
DA:334,0
DA:335,0
DA:339,46
DA:340,0
DA:341,0
DA:346,0
DA:347,0
DA:348,0
DA:349,0
DA:351,0
DA:356,46
DA:357,0
DA:358,0
DA:359,0
DA:360,0
DA:364,46
DA:365,0
DA:367,0
DA:368,0
DA:370,0
DA:373,0
DA:383,0
DA:384,0
DA:385,0
DA:393,0
DA:394,0
DA:396,0
DA:398,0
DA:403,46
DA:405,0
DA:406,0
DA:407,0
DA:408,0
DA:409,0
DA:410,0
DA:412,0
DA:415,0
DA:417,0
DA:437,0
DA:438,0
DA:442,46
DA:448,0
DA:450,0
DA:451,0
DA:452,0
DA:453,0
DA:459,0
DA:460,0
DA:461,0
DA:463,0
DA:465,0
DA:470,46
DA:471,2660
DA:473,2660
DA:474,5320
DA:475,5320
DA:478,2660
DA:479,2660
DA:481,2660
DA:482,2660
DA:484,2660
DA:488,46
DA:489,164
DA:492,164
DA:493,2824
DA:496,164
DA:497,114
DA:501,50
DA:502,385
DA:503,385
DA:506,50
DA:507,147
DA:509,50
DA:510,50
DA:512,50
DA:516,46
DA:517,164
DA:519,164
DA:522,164
DA:523,0
DA:527,164
DA:528,164
DA:531,164
DA:534,164
DA:536,164
DA:546,46
DA:548,328
DA:556,328
DA:557,328
DA:561,0
DA:567,0
DA:568,0
DA:572,46
DA:573,0
DA:581,0
DA:585,46
DA:586,0
DA:592,0
DA:596,46
DA:597,328
DA:602,328
DA:605,46
DA:685,164
DA:686,164
DA:690,0
DA:712,0
DA:713,0
DA:752,0
DA:770,1518
DA:771,782
DA:794,1518
DA:812,1518
DA:817,0
DA:819,0
DA:820,0
DA:830,1140
DA:831,1140
DA:832,1140
DA:833,1140
DA:855,164
DA:856,164
DA:862,0
DA:865,0
DA:867,0
DA:869,0
DA:875,0
DA:898,0
DA:899,0
DA:912,0
DA:947,0
DA:953,0
DA:985,0
DA:1003,0
DA:1012,0
DA:1014,0
DA:1030,0
DA:1053,0
DA:1054,0
LF:286
LH:95
BRDA:60,0,0,46
BRDA:60,0,1,1518
BRDA:60,1,0,1564
BRDA:60,1,1,92
BRDA:63,2,0,0
BRDA:63,2,1,1518
BRDA:63,3,0,874
BRDA:63,3,1,644
BRDA:64,4,0,966
BRDA:64,4,1,552
BRDA:114,5,0,0
BRDA:114,5,1,0
BRDA:117,6,0,0
BRDA:117,6,1,0
BRDA:120,7,0,0
BRDA:120,7,1,0
BRDA:146,8,0,0
BRDA:146,8,1,0
BRDA:149,9,0,0
BRDA:149,9,1,0
BRDA:152,10,0,0
BRDA:152,10,1,0
BRDA:160,11,0,0
BRDA:160,11,1,0
BRDA:182,12,0,0
BRDA:182,12,1,0
BRDA:190,13,0,0
BRDA:190,13,1,0
BRDA:209,14,0,0
BRDA:209,14,1,0
BRDA:209,15,0,0
BRDA:209,15,1,0
BRDA:211,16,0,0
BRDA:211,16,1,0
BRDA:219,17,0,0
BRDA:219,17,1,0
BRDA:261,18,0,0
BRDA:261,18,1,0
BRDA:273,19,0,0
BRDA:273,19,1,0
BRDA:287,20,0,0
BRDA:287,20,1,0
BRDA:293,21,0,0
BRDA:293,21,1,0
BRDA:306,22,0,0
BRDA:306,22,1,0
BRDA:306,23,0,0
BRDA:306,23,1,0
BRDA:365,24,0,0
BRDA:365,24,1,0
BRDA:384,25,0,0
BRDA:384,25,1,0
BRDA:384,25,2,0
BRDA:405,26,0,0
BRDA:405,26,1,0
BRDA:405,27,0,0
BRDA:405,27,1,0
BRDA:410,28,0,0
BRDA:410,28,1,0
BRDA:418,29,0,0
BRDA:418,29,1,0
BRDA:448,30,0,0
BRDA:448,30,1,0
BRDA:471,31,0,0
BRDA:471,31,1,2660
BRDA:471,32,0,2660
BRDA:471,32,1,2660
BRDA:479,33,0,0
BRDA:479,33,1,2660
BRDA:479,34,0,2660
BRDA:479,34,1,2660
BRDA:482,35,0,0
BRDA:482,35,1,2660
BRDA:482,36,0,2660
BRDA:482,36,1,2660
BRDA:484,37,0,2660
BRDA:484,37,1,1427
BRDA:489,38,0,0
BRDA:489,38,1,164
BRDA:493,39,0,2824
BRDA:493,39,1,2660
BRDA:496,40,0,114
BRDA:496,40,1,50
BRDA:503,41,0,385
BRDA:503,41,1,0
BRDA:517,42,0,0
BRDA:517,42,1,164
BRDA:522,43,0,0
BRDA:522,43,1,164
BRDA:522,44,0,164
BRDA:522,44,1,164
BRDA:528,45,0,164
BRDA:528,45,1,164
BRDA:556,46,0,328
BRDA:556,46,1,0
BRDA:556,47,0,328
BRDA:556,47,1,328
BRDA:567,48,0,0
BRDA:567,48,1,0
BRDA:568,49,0,0
BRDA:568,49,1,0
BRDA:581,50,0,0
BRDA:581,50,1,0
BRDA:592,51,0,0
BRDA:592,51,1,0
BRDA:602,52,0,328
BRDA:602,52,1,0
BRDA:677,53,0,4
BRDA:677,53,1,42
BRDA:685,54,0,164
BRDA:685,54,1,0
BRDA:696,55,0,164
BRDA:696,55,1,164
BRDA:797,56,0,782
BRDA:797,56,1,736
BRDA:803,57,0,1518
BRDA:803,57,1,782
BRDA:815,58,0,0
BRDA:815,58,1,1518
BRDA:824,59,0,1518
BRDA:824,59,1,782
BRDA:829,60,0,1518
BRDA:829,60,1,368
BRDA:829,60,2,322
BRDA:830,61,0,0
BRDA:830,61,1,1140
BRDA:833,62,0,1140
BRDA:833,62,1,83
BRDA:841,63,0,1518
BRDA:841,63,1,0
BRDA:855,64,0,164
BRDA:855,64,1,0
BRDA:884,65,0,164
BRDA:884,65,1,164
BRDA:924,66,0,46
BRDA:924,66,1,0
BRDA:937,67,0,46
BRDA:937,67,1,0
BRDA:937,67,2,0
BRDA:965,68,0,46
BRDA:965,68,1,0
BRDA:969,69,0,0
BRDA:969,69,1,0
BRDA:1016,70,0,0
BRDA:1016,70,1,0
BRDA:1037,71,0,0
BRDA:1037,71,1,0
BRDA:1040,72,0,0
BRDA:1040,72,1,0
BRDA:1048,73,0,46
BRDA:1048,73,1,0
BRDA:1048,73,2,0
BRDA:1048,73,3,0
BRF:153
BRH:62
end_of_record
TN:
SF:src\components\TopNavigation.tsx
FN:12,(anonymous_0)
FN:55,(anonymous_1)
FN:60,(anonymous_2)
FN:64,(anonymous_3)
FN:112,(anonymous_4)
FN:115,(anonymous_5)
FNF:6
FNH:0
FNDA:0,(anonymous_0)
FNDA:0,(anonymous_1)
FNDA:0,(anonymous_2)
FNDA:0,(anonymous_3)
FNDA:0,(anonymous_4)
FNDA:0,(anonymous_5)
DA:12,0
DA:13,0
DA:14,0
DA:15,0
DA:18,0
DA:21,0
DA:29,0
DA:30,0
DA:34,0
DA:55,0
DA:56,0
DA:60,0
DA:61,0
DA:64,0
DA:65,0
DA:66,0
DA:67,0
DA:69,0
DA:73,0
DA:113,0
DA:115,0
LF:21
LH:0
BRDA:18,0,0,0
BRDA:18,0,1,0
BRDA:21,1,0,0
BRDA:21,1,1,0
BRDA:21,2,0,0
BRDA:21,2,1,0
BRDA:23,3,0,0
BRDA:23,3,1,0
BRDA:24,4,0,0
BRDA:24,4,1,0
BRDA:26,5,0,0
BRDA:26,5,1,0
BRDA:29,6,0,0
BRDA:29,6,1,0
BRDA:29,7,0,0
BRDA:29,7,1,0
BRDA:56,8,0,0
BRDA:56,8,1,0
BRDA:56,8,2,0
BRDA:95,9,0,0
BRDA:95,9,1,0
BRDA:119,10,0,0
BRDA:119,10,1,0
BRDA:135,11,0,0
BRDA:135,11,1,0
BRF:25
BRH:0
end_of_record
TN:
SF:src\components\WeatherWidget.tsx
FN:17,(anonymous_0)
FN:22,(anonymous_1)
FN:26,(anonymous_2)
FN:31,(anonymous_3)
FN:32,(anonymous_4)
FN:63,(anonymous_5)
FN:85,(anonymous_6)
FN:198,(anonymous_7)
FNF:8
FNH:0
FNDA:0,(anonymous_0)
FNDA:0,(anonymous_1)
FNDA:0,(anonymous_2)
FNDA:0,(anonymous_3)
FNDA:0,(anonymous_4)
FNDA:0,(anonymous_5)
FNDA:0,(anonymous_6)
FNDA:0,(anonymous_7)
DA:17,0
DA:18,0
DA:19,0
DA:20,0
DA:22,0
DA:23,0
DA:26,0
DA:27,0
DA:28,0
DA:31,0
DA:32,0
DA:33,0
DA:34,0
DA:35,0
DA:38,0
DA:46,0
DA:49,0
DA:52,0
DA:56,0
DA:57,0
DA:59,0
DA:63,0
DA:64,0
DA:72,0
DA:74,0
DA:85,0
DA:86,0
DA:88,0
DA:90,0
DA:91,0
DA:97,0
DA:98,0
DA:105,0
DA:114,0
DA:115,0
DA:131,0
DA:132,0
DA:142,0
DA:199,0
LF:39
LH:0
BRDA:17,0,0,0
BRDA:33,1,0,0
BRDA:33,1,1,0
BRDA:86,2,0,0
BRDA:86,2,1,0
BRDA:90,3,0,0
BRDA:90,3,1,0
BRDA:90,4,0,0
BRDA:90,4,1,0
BRDA:97,5,0,0
BRDA:97,5,1,0
BRDA:114,6,0,0
BRDA:114,6,1,0
BRDA:131,7,0,0
BRDA:131,7,1,0
BRDA:131,8,0,0
BRDA:131,8,1,0
BRDA:136,9,0,0
BRDA:136,9,1,0
BRF:19
BRH:0
end_of_record
TN:
SF:src\components\dashboard\AchievementGrid.tsx
FN:25,(anonymous_0)
FN:42,(anonymous_1)
FN:52,(anonymous_2)
FN:140,(anonymous_3)
FN:174,(anonymous_4)
FNF:5
FNH:0
FNDA:0,(anonymous_0)
FNDA:0,(anonymous_1)
FNDA:0,(anonymous_2)
FNDA:0,(anonymous_3)
FNDA:0,(anonymous_4)
DA:25,0
DA:35,0
DA:39,0
DA:42,0
DA:43,0
DA:44,0
DA:45,0
DA:46,0
DA:47,0
DA:48,0
DA:52,0
DA:53,0
DA:54,0
DA:55,0
DA:56,0
DA:57,0
DA:60,0
DA:62,0
DA:141,0
DA:174,0
LF:20
LH:0
BRDA:32,0,0,0
BRDA:35,1,0,0
BRDA:35,1,1,0
BRDA:43,2,0,0
BRDA:43,2,1,0
BRDA:44,3,0,0
BRDA:44,3,1,0
BRDA:45,4,0,0
BRDA:45,4,1,0
BRDA:46,5,0,0
BRDA:46,5,1,0
BRDA:47,6,0,0
BRDA:47,6,1,0
BRDA:53,7,0,0
BRDA:53,7,1,0
BRDA:54,8,0,0
BRDA:54,8,1,0
BRDA:55,9,0,0
BRDA:55,9,1,0
BRDA:56,10,0,0
BRDA:56,10,1,0
BRDA:75,11,0,0
BRDA:75,11,1,0
BRDA:101,12,0,0
BRDA:101,12,1,0
BRDA:139,13,0,0
BRDA:139,13,1,0
BRDA:153,14,0,0
BRDA:153,14,1,0
BRDA:153,14,2,0
BRDA:188,15,0,0
BRDA:188,15,1,0
BRF:32
BRH:0
end_of_record
TN:
SF:src\components\dashboard\FeedbackAnimations.tsx
FN:35,(anonymous_0)
FN:57,(anonymous_1)
FN:67,(anonymous_2)
FN:77,(anonymous_3)
FN:87,(anonymous_4)
FN:97,(anonymous_5)
FN:105,(anonymous_6)
FN:110,(anonymous_7)
FN:187,(anonymous_8)
FNF:9
FNH:0
FNDA:0,(anonymous_0)
FNDA:0,(anonymous_1)
FNDA:0,(anonymous_2)
FNDA:0,(anonymous_3)
FNDA:0,(anonymous_4)
FNDA:0,(anonymous_5)
FNDA:0,(anonymous_6)
FNDA:0,(anonymous_7)
FNDA:0,(anonymous_8)
DA:35,0
DA:46,0
DA:47,0
DA:57,0
DA:58,0
DA:59,0
DA:67,0
DA:68,0
DA:69,0
DA:77,0
DA:78,0
DA:79,0
DA:87,0
DA:88,0
DA:89,0
DA:97,0
DA:98,0
DA:99,0
DA:100,0
DA:105,0
DA:106,0
DA:110,0
DA:111,0
DA:113,0
DA:115,0
DA:128,0
DA:141,0
DA:154,0
DA:167,0
DA:171,0
DA:188,0
LF:31
LH:0
BRDA:36,0,0,0
BRDA:37,1,0,0
BRDA:38,2,0,0
BRDA:39,3,0,0
BRDA:58,4,0,0
BRDA:58,4,1,0
BRDA:58,5,0,0
BRDA:58,5,1,0
BRDA:68,6,0,0
BRDA:68,6,1,0
BRDA:68,7,0,0
BRDA:68,7,1,0
BRDA:78,8,0,0
BRDA:78,8,1,0
BRDA:78,9,0,0
BRDA:78,9,1,0
BRDA:88,10,0,0
BRDA:88,10,1,0
BRDA:88,11,0,0
BRDA:88,11,1,0
BRDA:98,12,0,0
BRDA:98,12,1,0
BRDA:111,13,0,0
BRDA:111,13,1,0
BRDA:113,14,0,0
BRDA:113,14,1,0
BRDA:113,14,2,0
BRDA:113,14,3,0
BRDA:113,14,4,0
BRDA:122,15,0,0
BRDA:122,15,1,0
BRDA:162,16,0,0
BRDA:162,16,1,0
BRDA:176,17,0,0
BRDA:176,17,1,0
BRDA:176,17,2,0
BRDA:185,18,0,0
BRDA:185,18,1,0
BRF:38
BRH:0
end_of_record
TN:
SF:src\components\dashboard\ProgressStats.tsx
FN:21,(anonymous_0)
FNF:1
FNH:0
FNDA:0,(anonymous_0)
DA:21,0
DA:28,0
DA:32,0
DA:36,0
DA:40,0
LF:5
LH:0
BRDA:26,0,0,0
BRDA:28,1,0,0
BRDA:28,1,1,0
BRDA:32,2,0,0
BRDA:32,2,1,0
BRDA:36,3,0,0
BRDA:36,3,1,0
BRDA:96,4,0,0
BRDA:96,4,1,0
BRDA:100,5,0,0
BRDA:100,5,1,0
BRDA:100,6,0,0
BRDA:100,6,1,0
BRDA:168,7,0,0
BRDA:168,7,1,0
BRDA:169,8,0,0
BRDA:169,8,1,0
BRDA:170,9,0,0
BRDA:170,9,1,0
BRF:19
BRH:0
end_of_record
TN:
SF:src\components\dashboard\TodayTaskList.tsx
FN:21,(anonymous_0)
FN:28,(anonymous_1)
FN:60,(anonymous_2)
FN:72,(anonymous_3)
FN:74,(anonymous_4)
FN:74,(anonymous_5)
FN:75,(anonymous_6)
FN:93,(anonymous_7)
FN:125,(anonymous_8)
FNF:9
FNH:0
FNDA:0,(anonymous_0)
FNDA:0,(anonymous_1)
FNDA:0,(anonymous_2)
FNDA:0,(anonymous_3)
FNDA:0,(anonymous_4)
FNDA:0,(anonymous_5)
FNDA:0,(anonymous_6)
FNDA:0,(anonymous_7)
FNDA:0,(anonymous_8)
DA:21,0
DA:28,0
DA:29,0
DA:31,0
DA:40,0
DA:49,0
DA:60,0
DA:61,0
DA:69,0
DA:72,0
DA:73,0
DA:74,0
DA:75,0
DA:76,0
DA:78,0
DA:94,0
DA:95,0
DA:125,0
LF:18
LH:0
BRDA:26,0,0,0
BRDA:29,1,0,0
BRDA:29,1,1,0
BRDA:29,1,2,0
BRDA:69,2,0,0
BRDA:69,2,1,0
BRDA:76,3,0,0
BRDA:76,3,1,0
BRDA:92,4,0,0
BRDA:92,4,1,0
BRDA:119,5,0,0
BRDA:119,5,1,0
BRDA:125,6,0,0
BRDA:125,6,1,0
BRF:14
BRH:0
end_of_record
TN:
SF:src\components\dashboard\WelcomeBanner.tsx
FN:16,(anonymous_0)
FN:23,(anonymous_1)
FNF:2
FNH:0
FNDA:0,(anonymous_0)
FNDA:0,(anonymous_1)
DA:16,0
DA:23,0
DA:24,0
DA:25,0
DA:26,0
DA:27,0
DA:30,0
LF:7
LH:0
BRDA:19,0,0,0
BRDA:20,1,0,0
BRDA:25,2,0,0
BRDA:25,2,1,0
BRDA:26,3,0,0
BRDA:26,3,1,0
BRDA:35,4,0,0
BRDA:35,4,1,0
BRDA:51,5,0,0
BRDA:51,5,1,0
BRF:10
BRH:0
end_of_record
TN:
SF:src\components\dashboard\index.tsx
FNF:0
FNH:0
LF:0
LH:0
BRF:0
BRH:0
end_of_record
TN:
SF:src\config\firebase.ts
FNF:0
FNH:0
DA:4,0
DA:14,0
DA:17,0
LF:3
LH:0
BRDA:5,0,0,0
BRDA:5,0,1,0
BRDA:6,1,0,0
BRDA:6,1,1,0
BRDA:7,2,0,0
BRDA:7,2,1,0
BRDA:8,3,0,0
BRDA:8,3,1,0
BRDA:9,4,0,0
BRDA:9,4,1,0
BRDA:10,5,0,0
BRDA:10,5,1,0
BRF:12
BRH:0
end_of_record
TN:
SF:src\contexts\AuthContext.tsx
FN:7,(anonymous_0)
FN:19,(anonymous_1)
FN:23,(anonymous_2)
FN:24,(anonymous_3)
FN:50,(anonymous_4)
FN:74,(anonymous_5)
FN:95,(anonymous_6)
FN:110,(anonymous_7)
FN:119,(anonymous_8)
FNF:9
FNH:1
FNDA:9,(anonymous_0)
FNDA:0,(anonymous_1)
FNDA:0,(anonymous_2)
FNDA:0,(anonymous_3)
FNDA:0,(anonymous_4)
FNDA:0,(anonymous_5)
FNDA:0,(anonymous_6)
FNDA:0,(anonymous_7)
FNDA:0,(anonymous_8)
DA:5,2
DA:7,2
DA:8,9
DA:9,9
DA:10,2
DA:12,7
DA:19,2
DA:20,0
DA:21,0
DA:23,0
DA:24,0
DA:25,0
DA:26,0
DA:27,0
DA:28,0
DA:31,0
DA:32,0
DA:33,0
DA:36,0
DA:39,0
DA:40,0
DA:42,0
DA:44,0
DA:47,0
DA:50,0
DA:51,0
DA:52,0
DA:53,0
DA:56,0
DA:57,0
DA:58,0
DA:60,0
DA:65,0
DA:66,0
DA:67,0
DA:70,0
DA:74,0
DA:81,0
DA:82,0
DA:83,0
DA:86,0
DA:87,0
DA:88,0
DA:91,0
DA:95,0
DA:96,0
DA:97,0
DA:98,0
DA:101,0
DA:102,0
DA:103,0
DA:106,0
DA:110,0
DA:111,0
DA:112,0
DA:113,0
DA:115,0
DA:119,0
DA:120,0
DA:121,0
DA:122,0
DA:123,0
DA:126,0
DA:131,0
DA:143,0
LF:65
LH:7
BRDA:9,0,0,2
BRDA:9,0,1,7
BRDA:26,1,0,0
BRDA:26,1,1,0
BRDA:32,2,0,0
BRDA:32,2,1,0
BRDA:56,3,0,0
BRDA:56,3,1,0
BRDA:57,4,0,0
BRDA:57,4,1,0
BRDA:66,5,0,0
BRDA:66,5,1,0
BRDA:87,6,0,0
BRDA:87,6,1,0
BRDA:102,7,0,0
BRDA:102,7,1,0
BRDA:121,8,0,0
BRDA:121,8,1,0
BRF:18
BRH:2
end_of_record
TN:
SF:src\hooks\usePendingApprovalCount.ts
FN:12,(anonymous_0)
FN:18,(anonymous_1)
FN:32,(anonymous_2)
FN:46,(anonymous_3)
FN:51,(anonymous_4)
FN:54,(anonymous_5)
FN:58,(anonymous_6)
FNF:7
FNH:0
FNDA:0,(anonymous_0)
FNDA:0,(anonymous_1)
FNDA:0,(anonymous_2)
FNDA:0,(anonymous_3)
FNDA:0,(anonymous_4)
FNDA:0,(anonymous_5)
FNDA:0,(anonymous_6)
DA:12,0
DA:13,0
DA:14,0
DA:15,0
DA:16,0
DA:18,0
DA:19,0
DA:20,0
DA:21,0
DA:22,0
DA:25,0
DA:26,0
DA:27,0
DA:29,0
DA:30,0
DA:31,0
DA:32,0
DA:33,0
DA:35,0
DA:38,0
DA:39,0
DA:41,0
DA:46,0
DA:47,0
DA:51,0
DA:52,0
DA:53,0
DA:54,0
DA:58,0
DA:59,0
DA:62,0
LF:31
LH:0
BRDA:19,0,0,0
BRDA:19,0,1,0
BRDA:19,1,0,0
BRDA:19,1,1,0
BRDA:30,2,0,0
BRDA:30,2,1,0
BRDA:31,3,0,0
BRDA:31,3,1,0
BRDA:39,4,0,0
BRDA:39,4,1,0
BRDA:52,5,0,0
BRDA:52,5,1,0
BRF:12
BRH:0
end_of_record
TN:
SF:src\pages\AchievementSquare.tsx
FN:9,(anonymous_0)
FN:17,(anonymous_1)
FN:22,(anonymous_2)
FN:26,(anonymous_3)
FN:36,(anonymous_4)
FN:42,(anonymous_5)
FN:51,(anonymous_6)
FN:116,(anonymous_7)
FN:146,(anonymous_8)
FNF:9
FNH:0
FNDA:0,(anonymous_0)
FNDA:0,(anonymous_1)
FNDA:0,(anonymous_2)
FNDA:0,(anonymous_3)
FNDA:0,(anonymous_4)
FNDA:0,(anonymous_5)
FNDA:0,(anonymous_6)
FNDA:0,(anonymous_7)
FNDA:0,(anonymous_8)
DA:7,0
DA:9,0
DA:10,0
DA:11,0
DA:12,0
DA:13,0
DA:14,0
DA:15,0
DA:17,0
DA:18,0
DA:22,0
DA:23,0
DA:24,0
DA:25,0
DA:26,0
DA:27,0
DA:28,0
DA:32,0
DA:36,0
DA:37,0
DA:38,0
DA:42,0
DA:43,0
DA:44,0
DA:45,0
DA:47,0
DA:51,0
DA:52,0
DA:55,0
DA:116,0
DA:147,0
LF:31
LH:0
BRDA:26,0,0,0
BRDA:26,0,1,0
BRDA:37,1,0,0
BRDA:37,1,1,0
BRDA:73,2,0,0
BRDA:73,2,1,0
BRDA:77,3,0,0
BRDA:77,3,1,0
BRDA:107,4,0,0
BRDA:107,4,1,0
BRDA:112,5,0,0
BRDA:112,5,1,0
BRDA:112,6,0,0
BRDA:112,6,1,0
BRDA:147,7,0,0
BRDA:147,7,1,0
BRDA:150,8,0,0
BRDA:150,8,1,0
BRDA:153,9,0,0
BRDA:153,9,1,0
BRDA:156,10,0,0
BRDA:156,10,1,0
BRDA:158,11,0,0
BRDA:158,11,1,0
BRDA:161,12,0,0
BRDA:161,12,1,0
BRDA:161,12,2,0
BRDA:173,13,0,0
BRDA:173,13,1,0
BRDA:180,14,0,0
BRDA:180,14,1,0
BRDA:184,15,0,0
BRDA:184,15,1,0
BRDA:184,15,2,0
BRF:34
BRH:0
end_of_record
TN:
SF:src\pages\Dashboard.tsx
FN:14,(anonymous_0)
FN:31,(anonymous_1)
FN:107,(anonymous_2)
FN:225,(anonymous_3)
FN:231,(anonymous_4)
FN:234,(anonymous_5)
FN:238,(anonymous_6)
FN:269,(anonymous_7)
FN:271,(anonymous_8)
FN:277,(anonymous_9)
FN:281,(anonymous_10)
FN:360,(anonymous_11)
FN:360,(anonymous_12)
FN:367,(anonymous_13)
FN:397,(anonymous_14)
FNF:15
FNH:0
FNDA:0,(anonymous_0)
FNDA:0,(anonymous_1)
FNDA:0,(anonymous_2)
FNDA:0,(anonymous_3)
FNDA:0,(anonymous_4)
FNDA:0,(anonymous_5)
FNDA:0,(anonymous_6)
FNDA:0,(anonymous_7)
FNDA:0,(anonymous_8)
FNDA:0,(anonymous_9)
FNDA:0,(anonymous_10)
FNDA:0,(anonymous_11)
FNDA:0,(anonymous_12)
FNDA:0,(anonymous_13)
FNDA:0,(anonymous_14)
DA:14,0
DA:15,0
DA:16,0
DA:17,0
DA:18,0
DA:19,0
DA:20,0
DA:21,0
DA:22,0
DA:25,0
DA:26,0
DA:27,0
DA:28,0
DA:31,0
DA:32,0
DA:33,0
DA:35,0
DA:36,0
DA:38,0
DA:40,0
DA:41,0
DA:70,0
DA:73,0
DA:74,0
DA:76,0
DA:77,0
DA:80,0
DA:83,0
DA:84,0
DA:87,0
DA:102,0
DA:107,0
DA:108,0
DA:109,0
DA:111,0
DA:113,0
DA:115,0
DA:116,0
DA:203,0
DA:206,0
DA:207,0
DA:208,0
DA:210,0
DA:211,0
DA:213,0
DA:214,0
DA:218,0
DA:219,0
DA:221,0
DA:225,0
DA:226,0
DA:227,0
DA:231,0
DA:232,0
DA:234,0
DA:235,0
DA:238,0
DA:239,0
DA:241,0
DA:244,0
DA:248,0
DA:251,0
DA:252,0
DA:253,0
DA:255,0
DA:262,0
DA:265,0
DA:269,0
DA:271,0
DA:272,0
DA:274,0
DA:277,0
DA:278,0
DA:281,0
DA:282,0
DA:284,0
DA:285,0
DA:286,0
DA:288,0
DA:289,0
DA:290,0
DA:295,0
DA:298,0
DA:307,0
DA:326,0
DA:327,0
DA:337,0
DA:360,0
DA:367,0
DA:397,0
LF:90
LH:0
BRDA:33,0,0,0
BRDA:33,0,1,0
BRDA:33,1,0,0
BRDA:33,1,1,0
BRDA:40,2,0,0
BRDA:40,2,1,0
BRDA:76,3,0,0
BRDA:76,3,1,0
BRDA:77,4,0,0
BRDA:77,4,1,0
BRDA:84,5,0,0
BRDA:84,5,1,0
BRDA:109,6,0,0
BRDA:109,6,1,0
BRDA:109,7,0,0
BRDA:109,7,1,0
BRDA:115,8,0,0
BRDA:115,8,1,0
BRDA:210,9,0,0
BRDA:210,9,1,0
BRDA:211,10,0,0
BRDA:211,10,1,0
BRDA:235,11,0,0
BRDA:235,11,1,0
BRDA:239,12,0,0
BRDA:239,12,1,0
BRDA:245,13,0,0
BRDA:245,13,1,0
BRDA:246,14,0,0
BRDA:246,14,1,0
BRDA:252,15,0,0
BRDA:252,15,1,0
BRDA:258,16,0,0
BRDA:258,16,1,0
BRDA:272,17,0,0
BRDA:272,17,1,0
BRDA:282,18,0,0
BRDA:282,18,1,0
BRDA:298,19,0,0
BRDA:298,19,1,0
BRDA:298,20,0,0
BRDA:298,20,1,0
BRDA:300,21,0,0
BRDA:300,21,1,0
BRDA:301,22,0,0
BRDA:301,22,1,0
BRDA:309,23,0,0
BRDA:309,23,1,0
BRDA:310,24,0,0
BRDA:310,24,1,0
BRDA:311,25,0,0
BRDA:311,25,1,0
BRDA:312,26,0,0
BRDA:312,26,1,0
BRDA:316,27,0,0
BRDA:316,27,1,0
BRDA:317,28,0,0
BRDA:317,28,1,0
BRDA:318,29,0,0
BRDA:318,29,1,0
BRDA:321,30,0,0
BRDA:321,30,1,0
BRDA:322,31,0,0
BRDA:322,31,1,0
BRDA:326,32,0,0
BRDA:326,32,1,0
BRDA:352,33,0,0
BRDA:352,33,1,0
BRDA:360,34,0,0
BRDA:360,34,1,0
BRDA:369,35,0,0
BRDA:369,35,1,0
BRDA:370,36,0,0
BRDA:370,36,1,0
BRDA:371,37,0,0
BRDA:371,37,1,0
BRDA:372,38,0,0
BRDA:372,38,1,0
BRDA:372,39,0,0
BRDA:372,39,1,0
BRDA:373,40,0,0
BRDA:373,40,1,0
BRF:82
BRH:0
end_of_record
TN:
SF:src\pages\EnhancedTaskPlanning.tsx
[...]
FNDA:0,(anonymous_27)
FNDA:0,(anonymous_28)
FNDA:0,(anonymous_29)
FNDA:0,(anonymous_30)
FNDA:0,(anonymous_31)
FNDA:0,(anonymous_32)
FNDA:0,(anonymous_33)
FNDA:0,(anonymous_34)
FNDA:0,(anonymous_35)
FNDA:0,(anonymous_36)
FNDA:0,(anonymous_37)
FNDA:0,(anonymous_38)
FNDA:0,(anonymous_39)
FNDA:0,(anonymous_40)
FNDA:0,(anonymous_41)
FNDA:0,(anonymous_42)
FNDA:0,(anonymous_43)
FNDA:0,(anonymous_44)
FNDA:0,(anonymous_45)
FNDA:0,(anonymous_46)
FNDA:0,(anonymous_47)
FNDA:0,(anonymous_48)
FNDA:0,(anonymous_49)
FNDA:0,(anonymous_50)
FNDA:0,(anonymous_51)
FNDA:0,(anonymous_52)
FNDA:0,(anonymous_53)
FNDA:0,(anonymous_54)
DA:5,0
DA:84,0
DA:132,0
DA:133,0
DA:134,0
DA:137,0
DA:138,0
DA:139,0
DA:140,0
DA:143,0
DA:144,0
DA:145,0
DA:146,0
DA:148,0
DA:166,0
DA:179,0
DA:182,0
DA:185,0
DA:188,0
DA:191,0
DA:193,0
DA:194,0
DA:220,0
DA:222,0
DA:235,0
DA:238,0
DA:240,0
DA:259,0
DA:261,0
DA:274,0
DA:277,0
DA:279,0
DA:287,0
DA:289,0
DA:291,0
DA:303,0
DA:306,0
DA:307,0
DA:314,0
DA:324,0
DA:325,0
DA:327,0
DA:330,0
DA:343,0
DA:351,0
DA:358,0
DA:359,0
DA:366,0
DA:376,0
DA:378,0
DA:393,0
DA:395,0
DA:398,0
DA:399,0
DA:400,0
DA:405,0
DA:406,0
DA:408,0
DA:409,0
DA:410,0
DA:411,0
DA:412,0
DA:413,0
DA:415,0
DA:418,0
DA:420,0
DA:425,0
DA:426,0
DA:430,0
DA:431,0
DA:432,0
DA:437,0
DA:438,0
DA:441,0
DA:449,0
DA:451,0
DA:462,0
DA:464,0
DA:471,0
DA:472,0
DA:473,0
DA:476,0
DA:482,0
DA:483,0
DA:484,0
DA:487,0
DA:489,0
DA:497,0
DA:498,0
DA:499,0
DA:502,0
DA:508,0
DA:509,0
DA:510,0
DA:513,0
DA:515,0
DA:528,0
DA:530,0
DA:531,0
DA:532,0
DA:535,0
DA:536,0
DA:540,0
DA:541,0
DA:542,0
DA:543,0
DA:544,0
DA:546,0
DA:549,0
DA:551,0
DA:557,0
DA:570,0
DA:578,0
DA:622,0
DA:623,0
DA:624,0
DA:627,0
DA:629,0
DA:630,0
DA:635,0
DA:637,0
DA:654,0
DA:657,0
DA:673,0
DA:675,0
DA:691,0
DA:693,0
DA:711,0
DA:721,0
DA:723,0
DA:731,0
DA:738,0
DA:740,0
DA:741,0
DA:742,0
DA:744,0
DA:755,0
DA:757,0
DA:784,0
DA:791,0
DA:793,0
DA:807,0
DA:809,0
DA:826,0
DA:833,0
DA:835,0
DA:850,0
DA:857,0
DA:859,0
DA:875,0
DA:883,0
DA:886,0
DA:895,0
DA:902,0
DA:907,0
DA:908,0
DA:909,0
DA:910,0
DA:913,0
DA:917,0
DA:926,0
DA:927,0
DA:929,0
DA:932,0
DA:933,0
DA:934,0
DA:935,0
DA:938,0
DA:945,0
DA:947,0
DA:949,0
DA:950,0
DA:954,0
DA:955,0
DA:956,0
DA:958,0
DA:959,0
DA:962,0
DA:968,0
DA:969,0
DA:972,0
DA:973,0
DA:980,0
DA:983,0
DA:988,0
DA:994,0
DA:998,0
DA:1000,0
DA:1003,0
DA:1011,0
DA:1016,0
DA:1017,0
DA:1018,0
DA:1019,0
DA:1023,0
DA:1025,0
DA:1026,0
DA:1027,0
DA:1030,0
DA:1031,0
DA:1034,0
DA:1035,0
DA:1039,0
DA:1040,0
DA:1041,0
DA:1044,0
DA:1045,0
DA:1052,0
DA:1055,0
DA:1063,0
DA:1068,0
DA:1069,0
DA:1070,0
DA:1071,0
DA:1077,0
DA:1081,0
DA:1082,0
DA:1083,0
DA:1087,0
DA:1088,0
DA:1089,0
DA:1090,0
DA:1091,0
DA:1096,0
DA:1097,0
DA:1103,0
DA:1104,0
DA:1109,0
DA:1110,0
DA:1116,0
DA:1117,0
DA:1118,0
DA:1119,0
DA:1122,0
DA:1123,0
DA:1124,0
DA:1125,0
DA:1130,0
LF:238
LH:0
BRDA:193,0,0,0
BRDA:193,0,1,0
BRDA:195,1,0,0
BRDA:195,1,1,0
BRDA:196,2,0,0
BRDA:196,2,1,0
BRDA:197,3,0,0
BRDA:197,3,1,0
BRDA:199,4,0,0
BRDA:199,4,1,0
BRDA:200,5,0,0
BRDA:200,5,1,0
BRDA:201,6,0,0
BRDA:201,6,1,0
BRDA:202,7,0,0
BRDA:202,7,1,0
BRDA:209,8,0,0
BRDA:209,8,1,0
BRDA:230,9,0,0
BRDA:230,9,1,0
BRDA:242,10,0,0
BRDA:242,10,1,0
BRDA:243,11,0,0
BRDA:243,11,1,0
BRDA:244,12,0,0
BRDA:244,12,1,0
BRDA:245,13,0,0
BRDA:245,13,1,0
BRDA:306,14,0,0
BRDA:306,14,1,0
BRDA:324,15,0,0
BRDA:324,15,1,0
BRDA:325,16,0,0
BRDA:325,16,1,0
BRDA:334,17,0,0
BRDA:334,17,1,0
BRDA:334,18,0,0
BRDA:334,18,1,0
BRDA:335,19,0,0
BRDA:335,19,1,0
BRDA:335,20,0,0
BRDA:335,20,1,0
BRDA:336,21,0,0
BRDA:336,21,1,0
BRDA:336,22,0,0
BRDA:336,22,1,0
BRDA:337,23,0,0
BRDA:337,23,1,0
BRDA:337,24,0,0
BRDA:337,24,1,0
BRDA:338,25,0,0
BRDA:338,25,1,0
BRDA:338,26,0,0
BRDA:338,26,1,0
BRDA:339,27,0,0
BRDA:339,27,1,0
BRDA:339,28,0,0
BRDA:339,28,1,0
BRDA:369,29,0,0
BRDA:369,29,1,0
BRDA:370,30,0,0
BRDA:370,30,1,0
BRDA:371,31,0,0
BRDA:371,31,1,0
BRDA:372,32,0,0
BRDA:372,32,1,0
BRDA:398,33,0,0
BRDA:398,33,1,0
BRDA:405,34,0,0
BRDA:405,34,1,0
BRDA:405,35,0,0
BRDA:405,35,1,0
BRDA:409,36,0,0
BRDA:409,36,1,0
BRDA:410,37,0,0
BRDA:410,37,1,0
BRDA:412,38,0,0
BRDA:412,38,1,0
BRDA:420,39,0,0
BRDA:420,39,1,0
BRDA:425,40,0,0
BRDA:425,40,1,0
BRDA:430,41,0,0
BRDA:430,41,1,0
BRDA:437,42,0,0
BRDA:437,42,1,0
BRDA:472,43,0,0
BRDA:472,43,1,0
BRDA:482,44,0,0
BRDA:482,44,1,0
BRDA:484,45,0,0
BRDA:484,45,1,0
BRDA:498,46,0,0
BRDA:498,46,1,0
BRDA:508,47,0,0
BRDA:508,47,1,0
BRDA:510,48,0,0
BRDA:510,48,1,0
BRDA:531,49,0,0
BRDA:531,49,1,0
BRDA:531,50,0,0
BRDA:531,50,1,0
BRDA:535,51,0,0
BRDA:535,51,1,0
BRDA:535,52,0,0
BRDA:535,52,1,0
BRDA:541,53,0,0
BRDA:541,53,1,0
BRDA:546,54,0,0
BRDA:546,54,1,0
BRDA:555,55,0,0
BRDA:555,55,1,0
BRDA:559,56,0,0
BRDA:559,56,1,0
BRDA:561,57,0,0
BRDA:561,57,1,0
BRDA:623,58,0,0
BRDA:623,58,1,0
BRDA:623,59,0,0
BRDA:623,59,1,0
BRDA:632,60,0,0
BRDA:632,60,1,0
BRDA:633,61,0,0
BRDA:633,61,1,0
BRDA:644,62,0,0
BRDA:644,62,1,0
BRDA:645,63,0,0
BRDA:645,63,1,0
BRDA:660,64,0,0
BRDA:660,64,1,0
BRDA:663,65,0,0
BRDA:663,65,1,0
BRDA:664,66,0,0
BRDA:664,66,1,0
BRDA:679,67,0,0
BRDA:679,67,1,0
BRDA:714,68,0,0
BRDA:714,68,1,0
BRDA:740,69,0,0
BRDA:740,69,1,0
BRDA:742,70,0,0
BRDA:742,70,1,0
BRDA:748,71,0,0
BRDA:748,71,1,0
BRDA:882,72,0,0
BRDA:907,73,0,0
BRDA:913,74,0,0
BRDA:913,74,1,0
BRDA:932,75,0,0
BRDA:932,75,1,0
BRDA:934,76,0,0
BRDA:934,76,1,0
BRDA:934,77,0,0
BRDA:934,77,1,0
BRDA:949,78,0,0
BRDA:949,78,1,0
BRDA:968,79,0,0
BRDA:972,80,0,0
BRDA:972,80,1,0
BRDA:972,81,0,0
BRDA:972,81,1,0
BRDA:994,82,0,0
BRDA:998,83,0,0
BRDA:1003,84,0,0
BRDA:1003,84,1,0
BRDA:1003,84,2,0
BRDA:1003,84,3,0
BRDA:1003,84,4,0
BRDA:1003,84,5,0
BRDA:1008,85,0,0
BRDA:1008,85,1,0
BRDA:1011,86,0,0
BRDA:1011,86,1,0
BRDA:1011,86,2,0
BRDA:1011,86,3,0
BRDA:1016,87,0,0
BRDA:1016,87,1,0
BRDA:1017,88,0,0
BRDA:1017,88,1,0
BRDA:1025,89,0,0
BRDA:1025,89,1,0
BRDA:1030,90,0,0
BRDA:1030,90,1,0
BRDA:1055,91,0,0
BRDA:1055,91,1,0
BRDA:1055,91,2,0
BRDA:1055,91,3,0
BRDA:1055,91,4,0
BRDA:1055,91,5,0
BRDA:1060,92,0,0
BRDA:1060,92,1,0
BRDA:1063,93,0,0
BRDA:1063,93,1,0
BRDA:1063,93,2,0
BRDA:1063,93,3,0
BRDA:1068,94,0,0
BRDA:1068,94,1,0
BRDA:1069,95,0,0
BRDA:1069,95,1,0
BRDA:1081,96,0,0
BRDA:1081,96,1,0
BRDA:1088,97,0,0
BRDA:1088,97,1,0
BRDA:1089,98,0,0
BRDA:1089,98,1,0
BRDA:1116,99,0,0
BRDA:1116,99,1,0
BRF:207
BRH:0
end_of_record
TN:
SF:src\services\compatibleAuth.ts
FN:6,(anonymous_0)
FN:19,(anonymous_1)
FN:20,(anonymous_2)
FN:59,(anonymous_3)
FN:62,(anonymous_4)
FN:109,(anonymous_5)
FN:122,(anonymous_6)
FN:123,(anonymous_7)
FN:139,(anonymous_8)
FN:151,(anonymous_9)
FN:152,(anonymous_10)
FN:186,(anonymous_11)
FN:198,(anonymous_12)
FN:228,(anonymous_13)
FN:249,(anonymous_14)
FN:258,(anonymous_15)
FN:263,(anonymous_16)
FN:269,(anonymous_17)
FN:276,(anonymous_18)
FN:289,(anonymous_19)
FNF:20
FNH:0
FNDA:0,(anonymous_0)
FNDA:0,(anonymous_1)
FNDA:0,(anonymous_2)
FNDA:0,(anonymous_3)
FNDA:0,(anonymous_4)
FNDA:0,(anonymous_5)
FNDA:0,(anonymous_6)
FNDA:0,(anonymous_7)
FNDA:0,(anonymous_8)
FNDA:0,(anonymous_9)
FNDA:0,(anonymous_10)
FNDA:0,(anonymous_11)
FNDA:0,(anonymous_12)
FNDA:0,(anonymous_13)
FNDA:0,(anonymous_14)
FNDA:0,(anonymous_15)
FNDA:0,(anonymous_16)
FNDA:0,(anonymous_17)
FNDA:0,(anonymous_18)
FNDA:0,(anonymous_19)
DA:3,2
DA:6,2
DA:7,0
DA:8,0
DA:9,0
DA:11,0
DA:17,2
DA:20,0
DA:22,0
DA:23,0
DA:26,0
DA:27,0
DA:28,0
DA:31,0
DA:32,0
DA:33,0
DA:34,0
DA:37,0
DA:38,0
DA:39,0
DA:40,0
DA:41,0
DA:43,0
DA:44,0
DA:45,0
DA:46,0
DA:47,0
DA:50,0
DA:51,0
DA:52,0
DA:53,0
DA:54,0
DA:56,0
DA:59,0
DA:60,0
DA:62,0
DA:63,0
DA:66,0
DA:88,0
DA:89,0
DA:90,0
DA:92,0
DA:94,0
DA:98,0
DA:99,0
DA:102,0
DA:104,0
DA:105,0
DA:109,0
DA:110,0
DA:112,0
DA:113,0
DA:117,0
DA:123,0
DA:125,0
DA:126,0
DA:128,0
DA:129,0
DA:130,0
DA:132,0
DA:133,0
DA:134,0
DA:135,0
DA:138,0
DA:139,0
DA:140,0
DA:141,0
DA:142,0
DA:143,0
DA:144,0
DA:145,0
DA:149,0
DA:151,0
DA:152,0
DA:153,0
DA:174,0
DA:175,0
DA:176,0
DA:178,0
DA:181,0
DA:182,0
DA:186,0
DA:187,0
DA:189,0
DA:190,0
DA:193,0
DA:200,0
DA:201,0
DA:202,0
DA:204,0
DA:205,0
DA:208,0
DA:229,0
DA:232,0
DA:240,0
DA:241,0
DA:242,0
DA:245,0
DA:250,0
DA:251,0
DA:252,0
DA:253,0
DA:254,0
DA:259,0
DA:264,0
DA:269,2
DA:271,0
DA:274,0
DA:276,0
DA:277,0
DA:278,0
DA:282,0
DA:284,0
DA:289,0
DA:290,0
DA:291,0
DA:297,0
LF:117
LH:4
BRDA:3,0,0,2
BRDA:3,0,1,0
BRDA:7,1,0,0
BRDA:7,1,1,0
BRDA:7,2,0,0
BRDA:7,2,1,0
BRDA:70,3,0,0
BRDA:70,3,1,0
BRDA:70,4,0,0
BRDA:70,4,1,0
BRDA:70,5,0,0
BRDA:70,5,1,0
BRDA:71,6,0,0
BRDA:71,6,1,0
BRDA:71,7,0,0
BRDA:71,7,1,0
BRDA:71,7,2,0
BRDA:138,8,0,0
BRDA:138,8,1,0
BRDA:140,9,0,0
BRDA:140,9,1,0
BRDA:204,10,0,0
BRDA:204,10,1,0
BRDA:204,11,0,0
BRDA:204,11,1,0
BRDA:204,11,2,0
BRDA:211,12,0,0
BRDA:211,12,1,0
BRDA:211,13,0,0
BRDA:211,13,1,0
BRDA:211,14,0,0
BRDA:211,14,1,0
BRDA:234,15,0,0
BRDA:234,15,1,0
BRDA:235,16,0,0
BRDA:235,16,1,0
BRDA:241,17,0,0
BRDA:241,17,1,0
BRDA:274,18,0,0
BRDA:274,18,1,0
BRDA:290,19,0,0
BRDA:290,19,1,0
BRF:42
BRH:1
end_of_record
TN:
SF:src\services\mongoAuth.ts
FN:7,(anonymous_0)
FN:39,(anonymous_1)
FN:65,(anonymous_2)
FN:74,(anonymous_3)
FN:102,(anonymous_4)
FN:131,(anonymous_5)
FN:136,(anonymous_6)
FNF:7
FNH:0
FNDA:0,(anonymous_0)
FNDA:0,(anonymous_1)
FNDA:0,(anonymous_2)
FNDA:0,(anonymous_3)
FNDA:0,(anonymous_4)
FNDA:0,(anonymous_5)
FNDA:0,(anonymous_6)
DA:3,0
DA:5,0
DA:8,0
DA:9,0
DA:23,0
DA:25,0
DA:26,0
DA:30,0
DA:32,0
DA:34,0
DA:40,0
DA:41,0
DA:49,0
DA:51,0
DA:52,0
DA:56,0
DA:58,0
DA:60,0
DA:66,0
DA:67,0
DA:69,0
DA:75,0
DA:76,0
DA:77,0
DA:78,0
DA:81,0
DA:89,0
DA:91,0
DA:92,0
DA:95,0
DA:97,0
DA:103,0
DA:104,0
DA:105,0
DA:106,0
DA:109,0
DA:118,0
DA:120,0
DA:121,0
DA:124,0
DA:126,0
DA:132,0
DA:137,0
LF:43
LH:0
BRDA:3,0,0,0
BRDA:3,0,1,0
BRDA:25,1,0,0
BRDA:25,1,1,0
BRDA:26,2,0,0
BRDA:26,2,1,0
BRDA:51,3,0,0
BRDA:51,3,1,0
BRDA:52,4,0,0
BRDA:52,4,1,0
BRDA:77,5,0,0
BRDA:77,5,1,0
BRDA:91,6,0,0
BRDA:91,6,1,0
BRDA:92,7,0,0
BRDA:92,7,1,0
BRDA:105,8,0,0
BRDA:105,8,1,0
BRDA:120,9,0,0
BRDA:120,9,1,0
BRDA:121,10,0,0
BRDA:121,10,1,0
BRF:22
BRH:0
end_of_record
TN:
SF:src\services\pointsConfigService.ts
FN:7,(anonymous_0)
FN:19,(anonymous_1)
FN:33,(anonymous_2)
FN:47,(anonymous_3)
FN:59,(anonymous_4)
FN:73,(anonymous_5)
FNF:6
FNH:0
FNDA:0,(anonymous_0)
FNDA:0,(anonymous_1)
FNDA:0,(anonymous_2)
FNDA:0,(anonymous_3)
FNDA:0,(anonymous_4)
FNDA:0,(anonymous_5)
DA:3,0
DA:5,0
DA:8,0
DA:9,0
DA:15,0
DA:20,0
DA:21,0
DA:29,0
DA:34,0
DA:35,0
DA:43,0
DA:48,0
DA:49,0
DA:55,0
DA:60,0
DA:61,0
DA:69,0
DA:74,0
DA:75,0
DA:82,0
LF:20
LH:0
BRDA:3,0,0,0
BRDA:3,0,1,0
BRF:2
BRH:0
end_of_record
TN:
SF:src\services\upload.ts
FN:19,(anonymous_0)
FN:25,(anonymous_1)
FN:61,(anonymous_2)
FN:97,(anonymous_3)
FN:112,(anonymous_4)
FN:124,(anonymous_5)
FN:144,(anonymous_6)
FN:147,(anonymous_7)
FN:154,(anonymous_8)
FN:156,(anonymous_9)
FN:170,(anonymous_10)
FN:180,(anonymous_11)
FN:190,(anonymous_12)
FN:200,(anonymous_13)
FN:213,(anonymous_14)
FNF:15
FNH:4
FNDA:2,(anonymous_0)
FNDA:5,(anonymous_1)
FNDA:0,(anonymous_2)
FNDA:0,(anonymous_3)
FNDA:0,(anonymous_4)
FNDA:0,(anonymous_5)
FNDA:0,(anonymous_6)
FNDA:0,(anonymous_7)
FNDA:0,(anonymous_8)
FNDA:0,(anonymous_9)
FNDA:0,(anonymous_10)
FNDA:0,(anonymous_11)
FNDA:0,(anonymous_12)
FNDA:14,(anonymous_13)
FNDA:9,(anonymous_14)
DA:20,2
DA:21,2
DA:22,2
DA:27,5
DA:28,5
DA:29,1
DA:33,4
DA:54,4
DA:55,1
DA:58,3
DA:68,0
DA:69,0
DA:70,0
DA:73,0
DA:75,0
DA:76,0
DA:79,0
DA:82,0
DA:84,0
DA:92,0
DA:93,0
DA:103,0
DA:105,0
DA:106,0
DA:107,0
DA:108,0
DA:112,0
DA:114,0
DA:116,0
DA:117,0
DA:121,0
DA:129,0
DA:130,0
DA:134,0
DA:135,0
DA:137,0
DA:138,0
DA:140,0
DA:141,0
DA:143,0
DA:144,0
DA:145,0
DA:146,0
DA:147,0
DA:148,0
DA:149,0
DA:151,0
DA:154,0
DA:155,0
DA:156,0
DA:157,0
DA:158,0
DA:166,0
DA:174,0
DA:175,0
DA:176,0
DA:177,0
DA:178,0
DA:180,0
DA:182,0
DA:184,0
DA:187,0
DA:191,0
DA:192,0
DA:193,0
DA:195,0
DA:196,0
DA:201,14
DA:203,14
DA:204,14
DA:205,14
DA:207,14
DA:208,10
DA:209,6
DA:210,3
DA:214,9
DA:215,8
DA:216,8
DA:217,8
DA:218,8
DA:222,2
LF:81
LH:24
BRDA:28,0,0,1
BRDA:28,0,1,4
BRDA:54,1,0,1
BRDA:54,1,1,3
BRDA:69,2,0,0
BRDA:69,2,1,0
BRDA:112,3,0,0
BRDA:112,3,1,0
BRDA:134,4,0,0
BRDA:134,4,1,0
BRDA:137,5,0,0
BRDA:137,5,1,0
BRDA:148,6,0,0
BRDA:148,6,1,0
BRDA:148,7,0,0
BRDA:148,7,1,0
BRDA:151,8,0,0
BRDA:151,8,1,0
BRDA:155,9,0,0
BRDA:155,9,1,0
BRDA:155,10,0,0
BRDA:155,10,1,0
BRDA:157,11,0,0
BRDA:157,11,1,0
BRDA:180,12,0,0
BRDA:180,12,1,0
BRDA:201,13,0,14
BRDA:201,13,1,0
BRDA:207,14,0,4
BRDA:207,14,1,10
BRDA:208,15,0,4
BRDA:208,15,1,6
BRDA:209,16,0,3
BRDA:209,16,1,3
BRDA:214,17,0,1
BRDA:214,17,1,8
BRF:36
BRH:13
end_of_record
TN:
SF:src\types\index.ts
FNF:0
FNH:0
LF:0
LH:0
BRF:0
BRH:0
end_of_record
TN:
SF:src\utils\errorHandling.tsx
FN:47,(anonymous_0)
FN:61,(anonymous_1)
FN:79,(anonymous_2)
FN:98,(anonymous_3)
FN:118,(anonymous_4)
FN:155,(anonymous_5)
FN:181,(anonymous_6)
FN:201,(anonymous_7)
FN:222,(anonymous_8)
FN:258,(anonymous_9)
FN:310,(anonymous_10)
FN:326,(anonymous_11)
FN:329,(anonymous_12)
FN:330,(anonymous_13)
FN:333,(anonymous_14)
FN:335,(anonymous_15)
FN:338,(anonymous_16)
FN:339,(anonymous_17)
FN:342,(anonymous_18)
FN:358,(anonymous_19)
FN:392,(anonymous_20)
FNF:21
FNH:15
FNDA:9,(anonymous_0)
FNDA:3,(anonymous_1)
FNDA:103,(anonymous_2)
FNDA:1,(anonymous_3)
FNDA:213,(anonymous_4)
FNDA:6,(anonymous_5)
FNDA:107,(anonymous_6)
FNDA:100,(anonymous_7)
FNDA:6,(anonymous_8)
FNDA:6,(anonymous_9)
FNDA:0,(anonymous_10)
FNDA:4,(anonymous_11)
FNDA:0,(anonymous_12)
FNDA:0,(anonymous_13)
FNDA:100,(anonymous_14)
FNDA:100,(anonymous_15)
FNDA:0,(anonymous_16)
FNDA:0,(anonymous_17)
FNDA:0,(anonymous_18)
FNDA:6,(anonymous_19)
FNDA:7,(anonymous_20)
DA:47,9
DA:61,1
DA:64,3
DA:79,1
DA:82,103
DA:98,1
DA:101,1
DA:118,1
DA:119,213
DA:121,213
DA:122,213
DA:125,213
DA:126,0
DA:128,213
DA:129,0
DA:131,213
DA:132,1
DA:136,212
DA:137,0
DA:139,212
DA:140,0
DA:142,212
DA:143,0
DA:145,212
DA:146,0
DA:149,212
DA:155,1
DA:156,6
DA:157,6
DA:159,6
DA:161,0
DA:163,0
DA:165,0
DA:167,0
DA:169,0
DA:171,0
DA:173,6
DA:174,6
DA:181,1
DA:182,107
DA:184,107
DA:188,1
DA:192,0
DA:194,106
DA:201,1
DA:205,100
DA:222,1
DA:223,6
DA:229,6
DA:258,1
DA:259,6
DA:261,6
DA:263,6
DA:269,6
DA:275,6
DA:310,1
DA:311,0
DA:326,1
DA:327,4
DA:329,4
DA:330,0
DA:333,4
DA:334,100
DA:335,100
DA:338,4
DA:339,0
DA:342,4
DA:343,0
DA:346,4
DA:358,1
DA:372,6
DA:376,6
DA:377,13
DA:378,13
DA:380,9
DA:382,9
DA:383,2
DA:386,7
DA:388,7
DA:389,1
DA:392,7
DA:396,0
LF:82
LH:64
BRDA:47,0,0,7
BRDA:119,1,0,0
BRDA:119,1,1,213
BRDA:121,2,0,0
BRDA:121,2,1,213
BRDA:121,3,0,213
BRDA:121,3,1,0
BRDA:122,4,0,213
BRDA:122,4,1,0
BRDA:125,5,0,0
BRDA:125,5,1,213
BRDA:125,6,0,213
BRDA:125,6,1,0
BRDA:128,7,0,0
BRDA:128,7,1,213
BRDA:128,8,0,213
BRDA:128,8,1,213
BRDA:131,9,0,1
BRDA:131,9,1,212
BRDA:131,10,0,213
BRDA:131,10,1,212
BRDA:136,11,0,0
BRDA:136,11,1,212
BRDA:136,12,0,212
BRDA:136,12,1,212
BRDA:136,12,2,212
BRDA:139,13,0,0
BRDA:139,13,1,212
BRDA:139,14,0,212
BRDA:139,14,1,212
BRDA:139,14,2,212
BRDA:142,15,0,0
BRDA:142,15,1,212
BRDA:142,16,0,212
BRDA:142,16,1,0
BRDA:145,17,0,0
BRDA:145,17,1,212
BRDA:157,18,0,6
BRDA:157,18,1,0
BRDA:159,19,0,0
BRDA:159,19,1,0
BRDA:159,19,2,0
BRDA:159,19,3,0
BRDA:159,19,4,0
BRDA:159,19,5,0
BRDA:159,19,6,6
BRDA:173,20,0,0
BRDA:173,20,1,6
BRDA:174,21,0,6
BRDA:174,21,1,0
BRDA:184,22,0,1
BRDA:184,22,1,1
BRDA:184,22,2,1
BRDA:184,22,3,0
BRDA:184,22,4,0
BRDA:184,22,5,0
BRDA:184,22,6,106
BRDA:207,23,0,0
BRDA:207,23,1,100
BRDA:207,24,0,100
BRDA:207,24,1,0
BRDA:222,25,0,5
BRDA:222,26,0,5
BRDA:232,27,0,6
BRDA:232,27,1,1
BRDA:235,28,0,6
BRDA:235,28,1,1
BRDA:258,29,0,6
BRDA:258,30,0,6
BRDA:258,31,0,5
BRDA:259,32,0,0
BRDA:259,32,1,6
BRDA:283,33,0,6
BRDA:283,33,1,0
BRDA:287,34,0,6
BRDA:287,34,1,6
BRDA:287,34,2,5
BRDA:287,34,3,5
BRDA:310,35,0,0
BRDA:310,36,0,0
BRDA:315,37,0,0
BRDA:315,37,1,0
BRDA:360,38,0,1
BRDA:368,39,0,1
BRDA:369,40,0,1
BRDA:370,41,0,6
BRDA:382,42,0,2
BRDA:382,42,1,7
BRDA:382,43,0,9
BRDA:382,43,1,7
BRDA:388,44,0,1
BRDA:388,44,1,6
BRF:92
BRH:60
end_of_record
TN:
SF:src\utils\playwright-helpers.ts
FN:11,clickByTestId
FN:23,clickByRole
FN:35,expectVisibleText
FN:38,(anonymous_3)
FN:51,typeByTestId
FN:63,getTextByTestId
FN:80,waitForVisible
FN:92,checkExists
FN:104,setupResourceBlocking
FN:106,(anonymous_9)
FN:123,evaluateScalar
FN:142,checkLoginStatus
FNF:12
FNH:0
FNDA:0,clickByTestId
FNDA:0,clickByRole
FNDA:0,expectVisibleText
FNDA:0,(anonymous_3)
FNDA:0,typeByTestId
FNDA:0,getTextByTestId
FNDA:0,waitForVisible
FNDA:0,checkExists
FNDA:0,setupResourceBlocking
FNDA:0,(anonymous_9)
FNDA:0,evaluateScalar
FNDA:0,checkLoginStatus
DA:12,0
DA:13,0
DA:14,0
DA:16,0
DA:24,0
DA:25,0
DA:26,0
DA:28,0
DA:36,0
DA:37,0
DA:38,0
DA:42,0
DA:44,0
DA:52,0
DA:53,0
DA:54,0
DA:56,0
DA:64,0
DA:65,0
DA:66,0
DA:68,0
DA:69,0
DA:73,0
DA:81,0
DA:82,0
DA:83,0
DA:85,0
DA:93,0
DA:94,0
DA:95,0
DA:97,0
DA:105,0
DA:106,0
DA:107,0
DA:108,0
DA:109,0
DA:111,0
DA:114,0
DA:116,0
DA:124,0
DA:125,0
DA:128,0
DA:129,0
DA:130,0
DA:133,0
DA:135,0
DA:143,0
DA:145,0
DA:146,0
DA:147,0
DA:151,0
DA:152,0
DA:153,0
DA:156,0
DA:158,0
LF:55
LH:0
BRDA:35,0,0,0
BRDA:63,1,0,0
BRDA:66,2,0,0
BRDA:66,2,1,0
BRDA:69,3,0,0
BRDA:69,3,1,0
BRDA:80,4,0,0
BRDA:95,5,0,0
BRDA:95,5,1,0
BRDA:108,6,0,0
BRDA:108,6,1,0
BRDA:128,7,0,0
BRDA:128,7,1,0
BRDA:128,8,0,0
BRDA:128,8,1,0
BRDA:130,9,0,0
BRDA:130,9,1,0
BRDA:146,10,0,0
BRDA:146,10,1,0
BRDA:152,11,0,0
BRDA:152,11,1,0
BRF:21
BRH:0
end_of_record
TN:
SF:src\utils\statisticsService.ts
FN:28,(anonymous_0)
FN:38,(anonymous_1)
FN:47,(anonymous_2)
FN:75,(anonymous_3)
FN:90,(anonymous_4)
FN:161,(anonymous_5)
FN:169,(anonymous_6)
FN:171,(anonymous_7)
FN:178,(anonymous_8)
FN:185,(anonymous_9)
FN:221,(anonymous_10)
FN:229,(anonymous_11)
FN:252,(anonymous_12)
FN:275,(anonymous_13)
FN:278,(anonymous_14)
FN:291,(anonymous_15)
FN:301,(anonymous_16)
FN:315,(anonymous_17)
FNF:18
FNH:10
FNDA:1027,(anonymous_0)
FNDA:2,(anonymous_1)
FNDA:1006,(anonymous_2)
FNDA:1007,(anonymous_3)
FNDA:10,(anonymous_4)
FNDA:8,(anonymous_5)
FNDA:7,(anonymous_6)
FNDA:10011,(anonymous_7)
FNDA:5,(anonymous_8)
FNDA:6,(anonymous_9)
FNDA:0,(anonymous_10)
FNDA:0,(anonymous_11)
FNDA:0,(anonymous_12)
FNDA:0,(anonymous_13)
FNDA:0,(anonymous_14)
FNDA:0,(anonymous_15)
FNDA:0,(anonymous_16)
FNDA:0,(anonymous_17)
DA:28,1
DA:29,1027
DA:30,1027
DA:31,1027
DA:32,1027
DA:38,1
DA:39,2
DA:40,2
DA:47,1
DA:48,1006
DA:49,1006
DA:52,1006
DA:53,1006
DA:54,1006
DA:57,1006
DA:58,1006
DA:59,1006
DA:62,1006
DA:64,1006
DA:75,1
DA:76,1007
DA:77,1007
DA:78,1007
DA:79,1007
DA:80,1007
DA:81,1007
DA:82,1007
DA:84,1007
DA:90,1
DA:91,10
DA:92,10
DA:94,10
DA:96,1
DA:106,2
DA:107,2
DA:118,3
DA:119,3
DA:120,3
DA:131,2
DA:132,2
DA:133,2
DA:144,1
DA:154,1
DA:161,1
DA:162,8
DA:163,6
DA:169,1
DA:170,7
DA:171,10011
DA:172,6
DA:178,1
DA:179,5
DA:185,1
DA:191,6
DA:192,6
DA:193,6
DA:195,6
DA:196,19
DA:197,14
DA:198,14
DA:200,5
DA:201,5
DA:204,6
DA:205,1
DA:208,6
DA:210,6
DA:221,1
DA:222,0
DA:223,0
DA:229,1
DA:230,0
DA:231,0
DA:232,0
DA:233,0
DA:235,0
DA:236,0
DA:237,0
DA:238,0
DA:239,0
DA:242,0
DA:243,0
DA:244,0
DA:246,0
DA:252,1
DA:259,0
DA:260,0
DA:261,0
DA:263,0
DA:275,1
DA:278,0
DA:279,0
DA:280,0
DA:281,0
DA:283,0
DA:284,0
DA:291,1
DA:296,0
DA:297,0
DA:300,0
DA:301,0
DA:302,0
DA:303,0
DA:304,0
DA:305,0
DA:306,0
DA:308,0
DA:314,0
DA:315,0
DA:316,0
DA:317,0
DA:318,0
DA:319,0
DA:320,0
DA:322,0
DA:325,0
DA:330,0
LF:116
LH:71
BRDA:48,0,0,1006
BRDA:48,0,1,3
BRDA:53,1,0,130
BRDA:53,1,1,876
BRDA:81,2,0,1007
BRDA:81,2,1,0
BRDA:94,3,0,1
BRDA:94,3,1,2
BRDA:94,3,2,3
BRDA:94,3,3,2
BRDA:94,3,4,1
BRDA:94,3,5,1
BRDA:147,4,0,1
BRDA:147,4,1,0
BRDA:162,5,0,2
BRDA:162,5,1,6
BRDA:170,6,0,1
BRDA:170,6,1,6
BRDA:196,7,0,14
BRDA:196,7,1,5
BRDA:204,8,0,1
BRDA:204,8,1,5
BRDA:222,9,0,0
BRDA:222,9,1,0
BRDA:223,10,0,0
BRDA:223,10,1,0
BRDA:230,11,0,0
BRDA:230,11,1,0
BRDA:235,12,0,0
BRDA:235,12,1,0
BRDA:236,13,0,0
BRDA:236,13,1,0
BRDA:237,14,0,0
BRDA:237,14,1,0
BRDA:238,15,0,0
BRDA:238,15,1,0
BRDA:238,16,0,0
BRDA:238,16,1,0
BRDA:239,17,0,0
BRDA:239,17,1,0
BRDA:242,18,0,0
BRDA:242,18,1,0
BRDA:243,19,0,0
BRDA:243,19,1,0
BRDA:244,20,0,0
BRDA:244,20,1,0
BRDA:252,21,0,0
BRDA:279,22,0,0
BRDA:279,22,1,0
BRDA:280,23,0,0
BRDA:280,23,1,0
BRDA:302,24,0,0
BRDA:302,24,1,0
BRDA:304,25,0,0
BRDA:304,25,1,0
BRDA:304,26,0,0
BRDA:304,26,1,0
BRDA:316,27,0,0
BRDA:316,27,1,0
BRDA:318,28,0,0
BRDA:318,28,1,0
BRDA:319,29,0,0
BRDA:319,29,1,0
BRF:63
BRH:20
end_of_record
