TN:
SF:src\App.tsx
FN:16,(anonymous_0)
FN:103,App
FNF:2
FNH:0
FNDA:0,(anonymous_0)
FNDA:0,App
DA:16,0
DA:17,0
DA:19,0
DA:20,0
DA:30,0
DA:104,0
LF:6
LH:0
BRDA:19,0,0,0
BRDA:19,0,1,0
BRDA:34,1,0,0
BRDA:34,1,1,0
BRDA:34,2,0,0
BRDA:34,2,1,0
BRDA:38,3,0,0
BRDA:38,3,1,0
BRDA:38,4,0,0
BRDA:38,4,1,0
BRDA:42,5,0,0
BRDA:42,5,1,0
BRDA:42,6,0,0
BRDA:42,6,1,0
BRF:14
BRH:0
end_of_record
TN:
SF:src\index.tsx
FNF:0
FNH:0
DA:7,0
DA:10,0
DA:19,0
LF:3
LH:0
BRF:0
BRH:0
end_of_record
TN:
SF:src\reportWebVitals.ts
FN:3,(anonymous_0)
FN:5,(anonymous_1)
FNF:2
FNH:0
FNDA:0,(anonymous_0)
FNDA:0,(anonymous_1)
DA:3,0
DA:4,0
DA:5,0
DA:6,0
DA:7,0
DA:8,0
DA:9,0
DA:10,0
LF:8
LH:0
BRDA:4,0,0,0
BRDA:4,0,1,0
BRDA:4,1,0,0
BRDA:4,1,1,0
BRF:4
BRH:0
end_of_record
TN:
SF:src\components\AchievementBadge.tsx
FN:18,(anonymous_0)
FN:32,(anonymous_1)
FN:44,(anonymous_2)
FN:54,(anonymous_3)
FN:63,(anonymous_4)
FNF:5
FNH:5
FNDA:13,(anonymous_0)
FNDA:13,(anonymous_1)
FNDA:13,(anonymous_2)
FNDA:13,(anonymous_3)
FNDA:9,(anonymous_4)
DA:18,1
DA:32,13
DA:33,13
DA:41,13
DA:44,13
DA:45,13
DA:51,13
DA:54,13
DA:55,13
DA:60,13
DA:63,13
DA:64,9
DA:65,9
DA:66,11
DA:76,9
DA:79,13
DA:80,13
DA:82,13
LF:18
LH:18
BRDA:24,0,0,10
BRDA:25,1,0,10
BRDA:26,2,0,11
BRDA:27,3,0,11
BRDA:28,4,0,12
BRDA:51,5,0,13
BRDA:51,5,1,13
BRDA:94,6,0,9
BRDA:94,6,1,4
BRDA:101,7,0,9
BRDA:101,7,1,4
BRDA:106,8,0,13
BRDA:106,8,1,4
BRDA:113,9,0,13
BRDA:113,9,1,1
BRDA:113,9,2,1
BRDA:113,9,3,1
BRDA:120,10,0,13
BRDA:120,10,1,0
BRDA:120,10,2,0
BRDA:127,11,0,13
BRDA:127,11,1,9
BRDA:134,12,0,9
BRDA:134,12,1,4
BRDA:137,13,0,9
BRDA:137,13,1,4
BRDA:143,14,0,13
BRDA:143,14,1,13
BRDA:143,14,2,9
BRDA:150,15,0,13
BRDA:150,15,1,4
BRDA:150,15,2,3
BRDA:150,15,3,3
BRDA:165,16,0,13
BRDA:165,16,1,9
BRF:35
BRH:33
end_of_record
TN:
SF:src\components\CelebrationModal.tsx
FN:14,(anonymous_0)
FN:26,(anonymous_1)
FN:29,(anonymous_2)
FN:32,(anonymous_3)
FN:38,(anonymous_4)
FN:48,(anonymous_5)
FN:64,(anonymous_6)
FNF:7
FNH:0
FNDA:0,(anonymous_0)
FNDA:0,(anonymous_1)
FNDA:0,(anonymous_2)
FNDA:0,(anonymous_3)
FNDA:0,(anonymous_4)
FNDA:0,(anonymous_5)
FNDA:0,(anonymous_6)
DA:14,0
DA:24,0
DA:26,0
DA:27,0
DA:28,0
DA:29,0
DA:30,0
DA:32,0
DA:34,0
DA:38,0
DA:39,0
DA:45,0
DA:48,0
DA:49,0
DA:55,0
DA:58,0
DA:60,0
DA:65,0
LF:18
LH:0
BRDA:20,0,0,0
BRDA:21,1,0,0
BRDA:22,2,0,0
BRDA:27,3,0,0
BRDA:27,3,1,0
BRDA:58,4,0,0
BRDA:58,4,1,0
BRDA:69,5,0,0
BRDA:69,5,1,0
BRDA:85,6,0,0
BRDA:85,6,1,0
BRDA:113,7,0,0
BRDA:113,7,1,0
BRF:13
BRH:0
end_of_record
TN:
SF:src\components\DailyTaskCard.tsx
FN:21,(anonymous_0)
FN:29,(anonymous_1)
FN:39,(anonymous_2)
FN:49,(anonymous_3)
FN:59,(anonymous_4)
FN:67,(anonymous_5)
FN:77,(anonymous_6)
FN:141,(anonymous_7)
FN:177,(anonymous_8)
FN:183,(anonymous_9)
FN:194,(anonymous_10)
FN:200,(anonymous_11)
FN:209,(anonymous_12)
FN:217,(anonymous_13)
FN:232,(anonymous_14)
FNF:15
FNH:0
FNDA:0,(anonymous_0)
FNDA:0,(anonymous_1)
FNDA:0,(anonymous_2)
FNDA:0,(anonymous_3)
FNDA:0,(anonymous_4)
FNDA:0,(anonymous_5)
FNDA:0,(anonymous_6)
FNDA:0,(anonymous_7)
FNDA:0,(anonymous_8)
FNDA:0,(anonymous_9)
FNDA:0,(anonymous_10)
FNDA:0,(anonymous_11)
FNDA:0,(anonymous_12)
FNDA:0,(anonymous_13)
FNDA:0,(anonymous_14)
DA:21,0
DA:27,0
DA:29,0
DA:30,0
DA:36,0
DA:39,0
DA:40,0
DA:46,0
DA:49,0
DA:50,0
DA:56,0
DA:59,0
DA:60,0
DA:61,0
DA:63,0
DA:67,0
DA:73,0
DA:74,0
DA:77,0
DA:78,0
DA:79,0
DA:85,0
DA:142,0
DA:177,0
DA:183,0
DA:194,0
DA:200,0
DA:209,0
DA:217,0
DA:232,0
LF:30
LH:0
BRDA:25,0,0,0
BRDA:36,1,0,0
BRDA:36,1,1,0
BRDA:46,2,0,0
BRDA:46,2,1,0
BRDA:56,3,0,0
BRDA:56,3,1,0
BRDA:60,4,0,0
BRDA:60,4,1,0
BRDA:60,5,0,0
BRDA:60,5,1,0
BRDA:78,6,0,0
BRDA:78,6,1,0
BRDA:87,7,0,0
BRDA:87,7,1,0
BRDA:94,8,0,0
BRDA:94,8,1,0
BRDA:102,9,0,0
BRDA:102,9,1,0
BRDA:108,10,0,0
BRDA:108,10,1,0
BRDA:118,11,0,0
BRDA:118,11,1,0
BRDA:118,11,2,0
BRDA:121,12,0,0
BRDA:121,12,1,0
BRDA:130,13,0,0
BRDA:130,13,1,0
BRDA:137,14,0,0
BRDA:137,14,1,0
BRDA:137,14,2,0
BRDA:143,15,0,0
BRDA:143,15,1,0
BRDA:146,16,0,0
BRDA:146,16,1,0
BRDA:146,16,2,0
BRDA:146,16,3,0
BRDA:150,17,0,0
BRDA:150,17,1,0
BRDA:150,18,0,0
BRDA:150,18,1,0
BRDA:151,19,0,0
BRDA:151,19,1,0
BRDA:151,20,0,0
BRDA:151,20,1,0
BRDA:151,21,0,0
BRDA:151,21,1,0
BRDA:164,22,0,0
BRDA:164,22,1,0
BRDA:172,23,0,0
BRDA:172,23,1,0
BRDA:172,23,2,0
BRDA:174,24,0,0
BRDA:174,24,1,0
BRDA:191,25,0,0
BRDA:191,25,1,0
BRDA:215,26,0,0
BRDA:215,26,1,0
BRDA:230,27,0,0
BRDA:230,27,1,0
BRDA:230,27,2,0
BRF:61
BRH:0
end_of_record
TN:
SF:src\components\DailyTaskCheckIn.tsx
FN:13,(anonymous_0)
FN:43,(anonymous_1)
FN:48,(anonymous_2)
FN:64,(anonymous_3)
FN:78,(anonymous_4)
FN:80,(anonymous_5)
FN:97,(anonymous_6)
FN:98,(anonymous_7)
FN:112,(anonymous_8)
FN:120,(anonymous_9)
FN:124,(anonymous_10)
FN:140,(anonymous_11)
FN:141,(anonymous_12)
FN:157,(anonymous_13)
FN:165,(anonymous_14)
FN:178,(anonymous_15)
FN:183,(anonymous_16)
FN:184,(anonymous_17)
FN:188,(anonymous_18)
FN:189,(anonymous_19)
FN:193,(anonymous_20)
FN:202,(anonymous_21)
FN:205,(anonymous_22)
FN:207,(anonymous_23)
FN:226,(anonymous_24)
FN:228,(anonymous_25)
FN:229,(anonymous_26)
FN:230,(anonymous_27)
FN:231,(anonymous_28)
FN:232,(anonymous_29)
FN:242,(anonymous_30)
FN:295,(anonymous_31)
FN:298,(anonymous_32)
FN:309,(anonymous_33)
FN:320,(anonymous_34)
FN:353,(anonymous_35)
FN:361,(anonymous_36)
FN:419,(anonymous_37)
FN:427,(anonymous_38)
FN:434,(anonymous_39)
FN:446,(anonymous_40)
FN:453,(anonymous_41)
FN:464,(anonymous_42)
FN:476,(anonymous_43)
FN:505,(anonymous_44)
FN:530,(anonymous_45)
FNF:46
FNH:0
FNDA:0,(anonymous_0)
FNDA:0,(anonymous_1)
FNDA:0,(anonymous_2)
FNDA:0,(anonymous_3)
FNDA:0,(anonymous_4)
FNDA:0,(anonymous_5)
FNDA:0,(anonymous_6)
FNDA:0,(anonymous_7)
FNDA:0,(anonymous_8)
FNDA:0,(anonymous_9)
FNDA:0,(anonymous_10)
FNDA:0,(anonymous_11)
FNDA:0,(anonymous_12)
FNDA:0,(anonymous_13)
FNDA:0,(anonymous_14)
FNDA:0,(anonymous_15)
FNDA:0,(anonymous_16)
FNDA:0,(anonymous_17)
FNDA:0,(anonymous_18)
FNDA:0,(anonymous_19)
FNDA:0,(anonymous_20)
FNDA:0,(anonymous_21)
FNDA:0,(anonymous_22)
FNDA:0,(anonymous_23)
FNDA:0,(anonymous_24)
FNDA:0,(anonymous_25)
FNDA:0,(anonymous_26)
FNDA:0,(anonymous_27)
FNDA:0,(anonymous_28)
FNDA:0,(anonymous_29)
FNDA:0,(anonymous_30)
FNDA:0,(anonymous_31)
FNDA:0,(anonymous_32)
FNDA:0,(anonymous_33)
FNDA:0,(anonymous_34)
FNDA:0,(anonymous_35)
FNDA:0,(anonymous_36)
FNDA:0,(anonymous_37)
FNDA:0,(anonymous_38)
FNDA:0,(anonymous_39)
FNDA:0,(anonymous_40)
FNDA:0,(anonymous_41)
FNDA:0,(anonymous_42)
FNDA:0,(anonymous_43)
FNDA:0,(anonymous_44)
FNDA:0,(anonymous_45)
DA:13,0
DA:18,0
DA:19,0
DA:20,0
DA:21,0
DA:22,0
DA:23,0
DA:24,0
DA:25,0
DA:26,0
DA:27,0
DA:33,0
DA:41,0
DA:43,0
DA:44,0
DA:45,0
DA:48,0
DA:49,0
DA:51,0
DA:52,0
DA:53,0
DA:60,0
DA:64,0
DA:65,0
DA:66,0
DA:67,0
DA:68,0
DA:69,0
DA:71,0
DA:72,0
DA:74,0
DA:78,0
DA:79,0
DA:80,0
DA:82,0
DA:85,0
DA:86,0
DA:87,0
DA:88,0
DA:91,0
DA:96,0
DA:97,0
DA:98,0
DA:101,0
DA:104,0
DA:105,0
DA:109,0
DA:110,0
DA:112,0
DA:113,0
DA:114,0
DA:115,0
DA:120,0
DA:121,0
DA:123,0
DA:124,0
DA:126,0
DA:134,0
DA:139,0
DA:140,0
DA:141,0
DA:144,0
DA:145,0
DA:146,0
DA:149,0
DA:150,0
DA:154,0
DA:155,0
DA:157,0
DA:158,0
DA:159,0
DA:160,0
DA:165,0
DA:167,0
DA:168,0
DA:169,0
DA:176,0
DA:178,0
DA:179,0
DA:183,0
DA:184,0
DA:185,0
DA:188,0
DA:189,0
DA:190,0
DA:193,0
DA:194,0
DA:199,0
DA:202,0
DA:203,0
DA:205,0
DA:207,0
DA:208,0
DA:210,0
DA:211,0
DA:213,0
DA:215,0
DA:216,0
DA:217,0
DA:219,0
DA:221,0
DA:226,0
DA:227,0
DA:228,0
DA:229,0
DA:230,0
DA:231,0
DA:232,0
DA:233,0
DA:234,0
DA:236,0
DA:240,0
DA:241,0
DA:242,0
DA:249,0
DA:252,0
DA:254,0
DA:255,0
DA:258,0
DA:296,0
DA:298,0
DA:309,0
DA:320,0
DA:353,0
DA:362,0
DA:419,0
DA:427,0
DA:434,0
DA:446,0
DA:453,0
DA:465,0
DA:466,0
DA:476,0
DA:506,0
DA:531,0
DA:532,0
LF:136
LH:0
BRDA:14,0,0,0
BRDA:16,1,0,0
BRDA:52,2,0,0
BRDA:52,2,1,0
BRDA:52,3,0,0
BRDA:52,3,1,0
BRDA:69,4,0,0
BRDA:69,4,1,0
BRDA:72,5,0,0
BRDA:72,5,1,0
BRDA:85,6,0,0
BRDA:85,6,1,0
BRDA:85,7,0,0
BRDA:85,7,1,0
BRDA:98,8,0,0
BRDA:98,8,1,0
BRDA:104,9,0,0
BRDA:104,9,1,0
BRDA:104,10,0,0
BRDA:104,10,1,0
BRDA:110,11,0,0
BRDA:110,11,1,0
BRDA:121,12,0,0
BRDA:121,12,1,0
BRDA:141,13,0,0
BRDA:141,13,1,0
BRDA:149,14,0,0
BRDA:149,14,1,0
BRDA:155,15,0,0
BRDA:155,15,1,0
BRDA:185,16,0,0
BRDA:185,16,1,0
BRDA:190,17,0,0
BRDA:190,17,1,0
BRDA:199,18,0,0
BRDA:199,18,1,0
BRDA:203,19,0,0
BRDA:203,19,1,0
BRDA:208,20,0,0
BRDA:208,20,1,0
BRDA:208,20,2,0
BRDA:208,20,3,0
BRDA:210,21,0,0
BRDA:210,21,1,0
BRDA:210,22,0,0
BRDA:210,22,1,0
BRDA:213,23,0,0
BRDA:213,23,1,0
BRDA:215,24,0,0
BRDA:215,24,1,0
BRDA:216,25,0,0
BRDA:216,25,1,0
BRDA:233,26,0,0
BRDA:233,26,1,0
BRDA:236,27,0,0
BRDA:236,27,1,0
BRDA:240,28,0,0
BRDA:240,28,1,0
BRDA:241,29,0,0
BRDA:241,29,1,0
BRDA:241,30,0,0
BRDA:241,30,1,0
BRDA:254,31,0,0
BRDA:254,31,1,0
BRDA:300,32,0,0
BRDA:300,32,1,0
BRDA:307,33,0,0
BRDA:307,33,1,0
BRDA:309,34,0,0
BRDA:309,34,1,0
BRDA:333,35,0,0
BRDA:333,35,1,0
BRDA:342,36,0,0
BRDA:342,36,1,0
BRDA:347,37,0,0
BRDA:347,37,1,0
BRDA:350,38,0,0
BRDA:350,38,1,0
BRDA:353,39,0,0
BRDA:353,39,1,0
BRDA:356,40,0,0
BRDA:356,40,1,0
BRDA:370,41,0,0
BRDA:370,41,1,0
BRDA:371,42,0,0
BRDA:371,42,1,0
BRDA:377,43,0,0
BRDA:377,43,1,0
BRDA:379,44,0,0
BRDA:379,44,1,0
BRDA:391,45,0,0
BRDA:391,45,1,0
BRDA:399,46,0,0
BRDA:399,46,1,0
BRDA:403,47,0,0
BRDA:403,47,1,0
BRDA:405,48,0,0
BRDA:405,48,1,0
BRDA:419,49,0,0
BRDA:419,49,1,0
BRDA:424,50,0,0
BRDA:424,50,1,0
BRDA:443,51,0,0
BRDA:443,51,1,0
BRDA:462,52,0,0
BRDA:462,52,1,0
BRDA:462,52,2,0
BRDA:474,53,0,0
BRDA:474,53,1,0
BRDA:474,53,2,0
BRDA:485,54,0,0
BRDA:485,54,1,0
BRDA:495,55,0,0
BRDA:495,55,1,0
BRDA:495,55,2,0
BRDA:498,56,0,0
BRDA:498,56,1,0
BRDA:503,57,0,0
BRDA:503,57,1,0
BRDA:507,58,0,0
BRDA:507,58,1,0
BRDA:510,59,0,0
BRDA:510,59,1,0
BRDA:526,60,0,0
BRDA:526,60,1,0
BRDA:526,60,2,0
BRF:126
BRH:0
end_of_record
TN:
SF:src\components\EvidenceModal.tsx
FN:20,(anonymous_0)
FN:36,(anonymous_1)
FN:44,(anonymous_2)
FN:59,(anonymous_3)
FN:60,(anonymous_4)
FN:64,(anonymous_5)
FN:68,(anonymous_6)
FN:69,(anonymous_7)
FN:69,(anonymous_8)
FN:72,(anonymous_9)
FN:86,(anonymous_10)
FN:97,(anonymous_11)
FN:114,(anonymous_12)
FN:120,(anonymous_13)
FN:165,(anonymous_14)
FN:189,(anonymous_15)
FN:252,(anonymous_16)
FN:269,(anonymous_17)
FNF:18
FNH:0
FNDA:0,(anonymous_0)
FNDA:0,(anonymous_1)
FNDA:0,(anonymous_2)
FNDA:0,(anonymous_3)
FNDA:0,(anonymous_4)
FNDA:0,(anonymous_5)
FNDA:0,(anonymous_6)
FNDA:0,(anonymous_7)
FNDA:0,(anonymous_8)
FNDA:0,(anonymous_9)
FNDA:0,(anonymous_10)
FNDA:0,(anonymous_11)
FNDA:0,(anonymous_12)
FNDA:0,(anonymous_13)
FNDA:0,(anonymous_14)
FNDA:0,(anonymous_15)
FNDA:0,(anonymous_16)
FNDA:0,(anonymous_17)
DA:20,0
DA:26,0
DA:27,0
DA:28,0
DA:29,0
DA:30,0
DA:31,0
DA:32,0
DA:33,0
DA:36,0
DA:37,0
DA:38,0
DA:39,0
DA:40,0
DA:43,0
DA:44,0
DA:53,0
DA:54,0
DA:59,0
DA:60,0
DA:61,0
DA:64,0
DA:65,0
DA:68,0
DA:69,0
DA:72,0
DA:73,0
DA:74,0
DA:75,0
DA:77,0
DA:83,0
DA:86,0
DA:87,0
DA:88,0
DA:89,0
DA:90,0
DA:91,0
DA:93,0
DA:94,0
DA:97,0
DA:98,0
DA:100,0
DA:101,0
DA:103,0
DA:104,0
DA:107,0
DA:108,0
DA:111,0
DA:114,0
DA:115,0
DA:120,0
DA:123,0
DA:125,0
DA:165,0
DA:189,0
DA:252,0
DA:269,0
LF:57
LH:0
BRDA:37,0,0,0
BRDA:37,0,1,0
BRDA:38,1,0,0
BRDA:38,1,1,0
BRDA:39,2,0,0
BRDA:39,2,1,0
BRDA:40,3,0,0
BRDA:40,3,1,0
BRDA:43,4,0,0
BRDA:43,4,1,0
BRDA:53,5,0,0
BRDA:53,5,1,0
BRDA:53,6,0,0
BRDA:53,6,1,0
BRDA:53,6,2,0
BRDA:73,7,0,0
BRDA:73,7,1,0
BRDA:73,8,0,0
BRDA:73,8,1,0
BRDA:87,9,0,0
BRDA:87,9,1,0
BRDA:100,10,0,0
BRDA:100,10,1,0
BRDA:103,11,0,0
BRDA:103,11,1,0
BRDA:107,12,0,0
BRDA:107,12,1,0
BRDA:107,13,0,0
BRDA:107,13,1,0
BRDA:111,14,0,0
BRDA:111,14,1,0
BRDA:120,15,0,0
BRDA:120,15,1,0
BRDA:123,16,0,0
BRDA:123,16,1,0
BRDA:132,17,0,0
BRDA:132,17,1,0
BRDA:137,18,0,0
BRDA:137,18,1,0
BRDA:142,19,0,0
BRDA:142,19,1,0
BRDA:142,19,2,0
BRDA:145,20,0,0
BRDA:145,20,1,0
BRDA:147,21,0,0
BRDA:147,21,1,0
BRDA:149,22,0,0
BRDA:149,22,1,0
BRDA:154,23,0,0
BRDA:154,23,1,0
BRDA:163,24,0,0
BRDA:163,24,1,0
BRDA:182,25,0,0
BRDA:182,25,1,0
BRDA:185,26,0,0
BRDA:185,26,1,0
BRDA:190,27,0,0
BRDA:190,27,1,0
BRDA:192,28,0,0
BRDA:192,28,1,0
BRDA:196,29,0,0
BRDA:196,29,1,0
BRDA:196,30,0,0
BRDA:196,30,1,0
BRDA:199,31,0,0
BRDA:199,31,1,0
BRDA:208,32,0,0
BRDA:208,32,1,0
BRDA:208,32,2,0
BRDA:208,32,3,0
BRDA:217,33,0,0
BRDA:217,33,1,0
BRDA:222,34,0,0
BRDA:222,34,1,0
BRDA:231,35,0,0
BRDA:231,35,1,0
BRDA:238,36,0,0
BRDA:238,36,1,0
BRDA:253,37,0,0
BRDA:253,37,1,0
BRDA:255,38,0,0
BRDA:255,38,1,0
BRDA:274,39,0,0
BRDA:274,39,1,0
BRDA:281,40,0,0
BRDA:281,40,1,0
BRDA:293,41,0,0
BRDA:293,41,1,0
BRDA:299,42,0,0
BRDA:299,42,1,0
BRDA:300,43,0,0
BRDA:300,43,1,0
BRDA:303,44,0,0
BRDA:303,44,1,0
BRDA:306,45,0,0
BRDA:306,45,1,0
BRDA:308,46,0,0
BRDA:308,46,1,0
BRDA:309,47,0,0
BRDA:309,47,1,0
BRDA:324,48,0,0
BRDA:324,48,1,0
BRDA:326,49,0,0
BRDA:326,49,1,0
BRDA:329,50,0,0
BRDA:329,50,1,0
BRDA:329,50,2,0
BRDA:332,51,0,0
BRDA:332,51,1,0
BRDA:332,52,0,0
BRDA:332,52,1,0
BRF:111
BRH:0
end_of_record
TN:
SF:src\components\FamilyLeaderboard.tsx
FN:27,(anonymous_0)
FN:33,(anonymous_1)
FN:39,(anonymous_2)
FN:58,(anonymous_3)
FN:67,(anonymous_4)
FN:76,(anonymous_5)
FN:120,(anonymous_6)
FN:145,(anonymous_7)
FN:186,(anonymous_8)
FNF:9
FNH:0
FNDA:0,(anonymous_0)
FNDA:0,(anonymous_1)
FNDA:0,(anonymous_2)
FNDA:0,(anonymous_3)
FNDA:0,(anonymous_4)
FNDA:0,(anonymous_5)
FNDA:0,(anonymous_6)
FNDA:0,(anonymous_7)
FNDA:0,(anonymous_8)
DA:27,0
DA:28,0
DA:29,0
DA:30,0
DA:31,0
DA:33,0
DA:34,0
DA:35,0
DA:39,0
DA:40,0
DA:41,0
DA:42,0
DA:44,0
DA:45,0
DA:46,0
DA:48,0
DA:51,0
DA:52,0
DA:54,0
DA:58,0
DA:59,0
DA:64,0
DA:67,0
DA:68,0
DA:73,0
DA:76,0
DA:77,0
DA:78,0
DA:80,0
DA:84,0
DA:85,0
DA:88,0
DA:121,0
DA:145,0
DA:187,0
LF:35
LH:0
BRDA:27,0,0,0
BRDA:34,1,0,0
BRDA:34,1,1,0
BRDA:45,2,0,0
BRDA:45,2,1,0
BRDA:46,3,0,0
BRDA:46,3,1,0
BRDA:52,4,0,0
BRDA:52,4,1,0
BRDA:64,5,0,0
BRDA:64,5,1,0
BRDA:73,6,0,0
BRDA:73,6,1,0
BRDA:77,7,0,0
BRDA:77,7,1,0
BRDA:84,8,0,0
BRDA:84,8,1,0
BRDA:93,9,0,0
BRDA:93,9,1,0
BRDA:94,10,0,0
BRDA:94,10,1,0
BRDA:107,11,0,0
BRDA:107,11,1,0
BRDA:112,12,0,0
BRDA:112,12,1,0
BRDA:126,13,0,0
BRDA:126,13,1,0
BRDA:127,14,0,0
BRDA:127,14,1,0
BRDA:128,15,0,0
BRDA:128,15,1,0
BRDA:138,16,0,0
BRDA:138,16,1,0
BRDA:145,17,0,0
BRDA:145,17,1,0
BRDA:182,18,0,0
BRDA:182,18,1,0
BRDA:191,19,0,0
BRDA:191,19,1,0
BRDA:227,20,0,0
BRDA:227,20,1,0
BRDA:227,20,2,0
BRF:42
BRH:0
end_of_record
TN:
SF:src\components\FamilyManagement.tsx
FN:24,(anonymous_0)
FN:80,(anonymous_1)
FN:91,(anonymous_2)
FN:92,(anonymous_3)
FN:92,(anonymous_4)
FN:95,(anonymous_5)
FN:96,(anonymous_6)
FN:97,(anonymous_7)
FN:105,(anonymous_8)
FN:117,(anonymous_9)
FN:121,(anonymous_10)
FN:153,(anonymous_11)
FN:156,(anonymous_12)
FN:179,(anonymous_13)
FN:187,(anonymous_14)
FN:222,(anonymous_15)
FN:234,(anonymous_16)
FN:246,(anonymous_17)
FN:270,(anonymous_18)
FN:283,(anonymous_19)
FN:295,(anonymous_20)
FN:306,(anonymous_21)
FN:331,(anonymous_22)
FNF:23
FNH:0
FNDA:0,(anonymous_0)
FNDA:0,(anonymous_1)
FNDA:0,(anonymous_2)
FNDA:0,(anonymous_3)
FNDA:0,(anonymous_4)
FNDA:0,(anonymous_5)
FNDA:0,(anonymous_6)
FNDA:0,(anonymous_7)
FNDA:0,(anonymous_8)
FNDA:0,(anonymous_9)
FNDA:0,(anonymous_10)
FNDA:0,(anonymous_11)
FNDA:0,(anonymous_12)
FNDA:0,(anonymous_13)
FNDA:0,(anonymous_14)
FNDA:0,(anonymous_15)
FNDA:0,(anonymous_16)
FNDA:0,(anonymous_17)
FNDA:0,(anonymous_18)
FNDA:0,(anonymous_19)
FNDA:0,(anonymous_20)
FNDA:0,(anonymous_21)
FNDA:0,(anonymous_22)
DA:24,0
DA:25,0
DA:26,0
DA:27,0
DA:28,0
DA:29,0
DA:30,0
DA:33,0
DA:69,0
DA:80,0
DA:81,0
DA:83,0
DA:84,0
DA:85,0
DA:86,0
DA:87,0
DA:91,0
DA:92,0
DA:95,0
DA:96,0
DA:97,0
DA:98,0
DA:105,0
DA:106,0
DA:107,0
DA:108,0
DA:109,0
DA:111,0
DA:112,0
DA:113,0
DA:114,0
DA:117,0
DA:118,0
DA:121,0
DA:122,0
DA:125,0
DA:127,0
DA:154,0
DA:156,0
DA:179,0
DA:188,0
DA:223,0
DA:234,0
DA:246,0
DA:270,0
DA:283,0
DA:295,0
DA:306,0
DA:332,0
LF:49
LH:0
BRDA:74,0,0,0
BRDA:74,0,1,0
BRDA:81,1,0,0
BRDA:81,1,1,0
BRDA:81,2,0,0
BRDA:81,2,1,0
BRDA:98,3,0,0
BRDA:98,3,1,0
BRDA:111,4,0,0
BRDA:111,4,1,0
BRDA:112,5,0,0
BRDA:112,5,1,0
BRDA:113,6,0,0
BRDA:113,6,1,0
BRDA:118,7,0,0
BRDA:118,7,1,0
BRDA:122,8,0,0
BRDA:122,8,1,0
BRDA:125,9,0,0
BRDA:125,9,1,0
BRDA:159,10,0,0
BRDA:159,10,1,0
BRDA:174,11,0,0
BRDA:174,11,1,0
BRDA:200,12,0,0
BRDA:200,12,1,0
BRDA:207,13,0,0
BRDA:207,13,1,0
BRDA:212,14,0,0
BRDA:212,14,1,0
BRDA:237,15,0,0
BRDA:237,15,1,0
BRDA:243,16,0,0
BRDA:243,16,1,0
BRDA:257,17,0,0
BRDA:257,17,1,0
BRDA:325,18,0,0
BRDA:325,18,1,0
BRDA:329,19,0,0
BRDA:329,19,1,0
BRDA:339,20,0,0
BRDA:339,20,1,0
BRDA:365,21,0,0
BRDA:365,21,1,0
BRF:44
BRH:0
end_of_record
TN:
SF:src\components\FileUpload.tsx
FN:14,(anonymous_0)
FN:28,(anonymous_1)
FN:34,(anonymous_2)
FN:37,(anonymous_3)
FN:48,(anonymous_4)
FN:49,(anonymous_5)
FN:64,(anonymous_6)
FN:74,(anonymous_7)
FN:84,(anonymous_8)
FN:90,(anonymous_9)
FN:96,(anonymous_10)
FN:99,(anonymous_11)
FN:105,(anonymous_12)
FN:139,(anonymous_13)
FN:167,(anonymous_14)
FNF:15
FNH:0
FNDA:0,(anonymous_0)
FNDA:0,(anonymous_1)
FNDA:0,(anonymous_2)
FNDA:0,(anonymous_3)
FNDA:0,(anonymous_4)
FNDA:0,(anonymous_5)
FNDA:0,(anonymous_6)
FNDA:0,(anonymous_7)
FNDA:0,(anonymous_8)
FNDA:0,(anonymous_9)
FNDA:0,(anonymous_10)
FNDA:0,(anonymous_11)
FNDA:0,(anonymous_12)
FNDA:0,(anonymous_13)
FNDA:0,(anonymous_14)
DA:14,0
DA:23,0
DA:24,0
DA:25,0
DA:26,0
DA:28,0
DA:29,0
DA:34,0
DA:37,0
DA:38,0
DA:40,0
DA:42,0
DA:43,0
DA:44,0
DA:46,0
DA:49,0
DA:55,0
DA:56,0
DA:58,0
DA:60,0
DA:64,0
DA:65,0
DA:66,0
DA:67,0
DA:68,0
DA:69,0
DA:70,0
DA:74,0
DA:75,0
DA:76,0
DA:77,0
DA:79,0
DA:80,0
DA:84,0
DA:85,0
DA:86,0
DA:90,0
DA:91,0
DA:96,0
DA:99,0
DA:100,0
DA:105,0
DA:108,0
DA:140,0
DA:168,0
DA:169,0
DA:170,0
DA:171,0
LF:48
LH:0
BRDA:20,0,0,0
BRDA:21,1,0,0
BRDA:40,2,0,0
BRDA:40,2,1,0
BRDA:58,3,0,0
BRDA:58,3,1,0
BRDA:67,4,0,0
BRDA:67,4,1,0
BRDA:67,5,0,0
BRDA:67,5,1,0
BRDA:69,6,0,0
BRDA:69,6,1,0
BRDA:79,7,0,0
BRDA:79,7,1,0
BRDA:79,8,0,0
BRDA:79,8,1,0
BRDA:85,9,0,0
BRDA:85,9,1,0
BRDA:85,10,0,0
BRDA:85,10,1,0
BRDA:112,11,0,0
BRDA:112,11,1,0
BRDA:114,12,0,0
BRDA:114,12,1,0
BRDA:133,13,0,0
BRDA:133,13,1,0
BRDA:170,14,0,0
BRDA:170,14,1,0
BRDA:170,15,0,0
BRDA:170,15,1,0
BRDA:176,16,0,0
BRDA:176,16,1,0
BRF:32
BRH:0
end_of_record
TN:
SF:src\components\GameTimeExchange.tsx
FN:10,(anonymous_0)
FN:16,(anonymous_1)
FN:20,(anonymous_2)
FN:24,(anonymous_3)
FN:93,(anonymous_4)
FN:106,(anonymous_5)
FN:128,(anonymous_6)
FN:137,(anonymous_7)
FN:144,(anonymous_8)
FNF:9
FNH:0
FNDA:0,(anonymous_0)
FNDA:0,(anonymous_1)
FNDA:0,(anonymous_2)
FNDA:0,(anonymous_3)
FNDA:0,(anonymous_4)
FNDA:0,(anonymous_5)
FNDA:0,(anonymous_6)
FNDA:0,(anonymous_7)
FNDA:0,(anonymous_8)
DA:10,0
DA:11,0
DA:12,0
DA:13,0
DA:14,0
DA:16,0
DA:17,0
DA:20,0
DA:21,0
DA:24,0
DA:25,0
DA:26,0
DA:27,0
DA:30,0
DA:31,0
DA:32,0
DA:35,0
DA:36,0
DA:38,0
DA:44,0
DA:47,0
DA:48,0
DA:52,0
DA:55,0
DA:57,0
DA:58,0
DA:60,0
DA:64,0
DA:65,0
DA:68,0
DA:93,0
DA:106,0
DA:128,0
DA:137,0
DA:144,0
LF:35
LH:0
BRDA:17,0,0,0
BRDA:17,0,1,0
BRDA:25,1,0,0
BRDA:25,1,1,0
BRDA:25,2,0,0
BRDA:25,2,1,0
BRDA:30,3,0,0
BRDA:30,3,1,0
BRDA:47,4,0,0
BRDA:47,4,1,0
BRDA:52,5,0,0
BRDA:52,5,1,0
BRDA:64,6,0,0
BRDA:64,6,1,0
BRDA:95,7,0,0
BRDA:95,7,1,0
BRDA:108,8,0,0
BRDA:108,8,1,0
BRDA:137,9,0,0
BRDA:137,9,1,0
BRDA:179,10,0,0
BRDA:179,10,1,0
BRDA:179,10,2,0
BRDA:181,11,0,0
BRDA:181,11,1,0
BRDA:181,12,0,0
BRDA:181,12,1,0
BRDA:181,12,2,0
BRDA:186,13,0,0
BRDA:186,13,1,0
BRDA:190,14,0,0
BRDA:190,14,1,0
BRF:32
BRH:0
end_of_record
TN:
SF:src\components\MediaPreview.tsx
FN:19,(anonymous_0)
FN:28,(anonymous_1)
FN:29,(anonymous_2)
FN:32,(anonymous_3)
FN:33,(anonymous_4)
FN:36,(anonymous_5)
FN:43,(anonymous_6)
FN:48,(anonymous_7)
FN:59,(anonymous_8)
FN:60,(anonymous_9)
FN:61,(anonymous_10)
FN:72,(anonymous_11)
FN:85,(anonymous_12)
FN:102,(anonymous_13)
FN:134,(anonymous_14)
FN:154,(anonymous_15)
FN:179,(anonymous_16)
FN:188,(anonymous_17)
FNF:18
FNH:0
FNDA:0,(anonymous_0)
FNDA:0,(anonymous_1)
FNDA:0,(anonymous_2)
FNDA:0,(anonymous_3)
FNDA:0,(anonymous_4)
FNDA:0,(anonymous_5)
FNDA:0,(anonymous_6)
FNDA:0,(anonymous_7)
FNDA:0,(anonymous_8)
FNDA:0,(anonymous_9)
FNDA:0,(anonymous_10)
FNDA:0,(anonymous_11)
FNDA:0,(anonymous_12)
FNDA:0,(anonymous_13)
FNDA:0,(anonymous_14)
FNDA:0,(anonymous_15)
FNDA:0,(anonymous_16)
FNDA:0,(anonymous_17)
DA:19,0
DA:25,0
DA:26,0
DA:28,0
DA:29,0
DA:32,0
DA:33,0
DA:36,0
DA:37,0
DA:38,0
DA:39,0
DA:40,0
DA:43,0
DA:44,0
DA:45,0
DA:48,0
DA:49,0
DA:59,0
DA:60,0
DA:61,0
DA:72,0
DA:73,0
DA:85,0
DA:86,0
DA:102,0
DA:103,0
DA:104,0
DA:105,0
DA:106,0
DA:107,0
DA:108,0
DA:110,0
DA:121,0
DA:122,0
DA:125,0
DA:135,0
DA:154,0
DA:179,0
DA:188,0
LF:39
LH:0
BRDA:22,0,0,0
BRDA:23,1,0,0
BRDA:37,2,0,0
BRDA:37,2,1,0
BRDA:38,3,0,0
BRDA:38,3,1,0
BRDA:39,4,0,0
BRDA:39,4,1,0
BRDA:44,5,0,0
BRDA:44,5,1,0
BRDA:50,6,0,0
BRDA:50,6,1,0
BRDA:103,7,0,0
BRDA:103,7,1,0
BRDA:105,8,0,0
BRDA:105,8,1,0
BRDA:107,9,0,0
BRDA:107,9,1,0
BRDA:121,10,0,0
BRDA:121,10,1,0
BRDA:145,11,0,0
BRDA:145,11,1,0
BRDA:152,12,0,0
BRDA:152,12,1,0
BRDA:152,12,2,0
BRDA:176,13,0,0
BRDA:176,13,1,0
BRF:27
BRH:0
end_of_record
TN:
SF:src\components\NotificationSystem.tsx
FN:28,(anonymous_0)
FN:41,(anonymous_1)
FN:45,(anonymous_2)
FN:47,(anonymous_3)
FN:51,(anonymous_4)
FN:55,(anonymous_5)
FN:59,(anonymous_6)
FN:61,(anonymous_7)
FN:66,(anonymous_8)
FN:81,(anonymous_9)
FN:145,(anonymous_10)
FN:148,(anonymous_11)
FN:152,(anonymous_12)
FN:155,(anonymous_13)
FN:156,(anonymous_14)
FN:156,(anonymous_15)
FN:159,(anonymous_16)
FN:163,(anonymous_17)
FN:167,(anonymous_18)
FN:171,(anonymous_19)
FN:191,(anonymous_20)
FNF:21
FNH:0
FNDA:0,(anonymous_0)
FNDA:0,(anonymous_1)
FNDA:0,(anonymous_2)
FNDA:0,(anonymous_3)
FNDA:0,(anonymous_4)
FNDA:0,(anonymous_5)
FNDA:0,(anonymous_6)
FNDA:0,(anonymous_7)
FNDA:0,(anonymous_8)
FNDA:0,(anonymous_9)
FNDA:0,(anonymous_10)
FNDA:0,(anonymous_11)
FNDA:0,(anonymous_12)
FNDA:0,(anonymous_13)
FNDA:0,(anonymous_14)
FNDA:0,(anonymous_15)
FNDA:0,(anonymous_16)
FNDA:0,(anonymous_17)
FNDA:0,(anonymous_18)
FNDA:0,(anonymous_19)
FNDA:0,(anonymous_20)
DA:26,0
DA:28,0
DA:29,0
DA:30,0
DA:31,0
DA:33,0
DA:41,0
DA:42,0
DA:43,0
DA:45,0
DA:47,0
DA:50,0
DA:51,0
DA:52,0
DA:55,0
DA:59,0
DA:60,0
DA:61,0
DA:62,0
DA:66,0
DA:67,0
DA:69,0
DA:71,0
DA:73,0
DA:75,0
DA:77,0
DA:81,0
DA:82,0
DA:84,0
DA:86,0
DA:88,0
DA:90,0
DA:92,0
DA:96,0
DA:145,0
DA:146,0
DA:148,0
DA:149,0
DA:150,0
DA:152,0
DA:155,0
DA:156,0
DA:159,0
DA:160,0
DA:163,0
DA:164,0
DA:167,0
DA:168,0
DA:171,0
DA:172,0
DA:175,0
DA:185,0
DA:192,0
LF:53
LH:0
BRDA:30,0,0,0
BRDA:30,0,1,0
BRDA:50,1,0,0
BRDA:50,1,1,0
BRDA:53,2,0,0
BRDA:53,2,1,0
BRDA:67,3,0,0
BRDA:67,3,1,0
BRDA:67,3,2,0
BRDA:67,3,3,0
BRDA:67,3,4,0
BRDA:82,4,0,0
BRDA:82,4,1,0
BRDA:82,4,2,0
BRDA:82,4,3,0
BRDA:82,4,4,0
BRDA:101,5,0,0
BRDA:101,5,1,0
BRDA:101,6,0,0
BRDA:101,6,1,0
BRDA:120,7,0,0
BRDA:120,7,1,0
BRF:22
BRH:0
end_of_record
TN:
SF:src\components\ParentApprovalDashboard.tsx
FN:34,(anonymous_0)
FN:51,(anonymous_1)
FN:53,(anonymous_2)
FN:54,(anonymous_3)
FN:58,(anonymous_4)
FN:65,(anonymous_5)
FN:90,(anonymous_6)
FN:106,(anonymous_7)
FN:107,(anonymous_8)
FN:118,(anonymous_9)
FN:122,(anonymous_10)
FN:126,(anonymous_11)
FN:153,(anonymous_12)
FN:197,(anonymous_13)
FN:209,(anonymous_14)
FN:214,(anonymous_15)
FN:215,(anonymous_16)
FN:221,(anonymous_17)
FN:226,(anonymous_18)
FN:238,(anonymous_19)
FN:241,(anonymous_20)
FN:243,(anonymous_21)
FN:307,(anonymous_22)
FN:311,(anonymous_23)
FN:320,(anonymous_24)
FN:338,(anonymous_25)
FN:342,(anonymous_26)
FN:349,(anonymous_27)
FN:400,(anonymous_28)
FN:407,(anonymous_29)
FN:441,(anonymous_30)
FN:456,(anonymous_31)
FN:481,(anonymous_32)
FN:493,(anonymous_33)
FN:499,(anonymous_34)
FN:505,(anonymous_35)
FN:531,(anonymous_36)
FN:535,(anonymous_37)
FNF:38
FNH:0
FNDA:0,(anonymous_0)
FNDA:0,(anonymous_1)
FNDA:0,(anonymous_2)
FNDA:0,(anonymous_3)
FNDA:0,(anonymous_4)
FNDA:0,(anonymous_5)
FNDA:0,(anonymous_6)
FNDA:0,(anonymous_7)
FNDA:0,(anonymous_8)
FNDA:0,(anonymous_9)
FNDA:0,(anonymous_10)
FNDA:0,(anonymous_11)
FNDA:0,(anonymous_12)
FNDA:0,(anonymous_13)
FNDA:0,(anonymous_14)
FNDA:0,(anonymous_15)
FNDA:0,(anonymous_16)
FNDA:0,(anonymous_17)
FNDA:0,(anonymous_18)
FNDA:0,(anonymous_19)
FNDA:0,(anonymous_20)
FNDA:0,(anonymous_21)
FNDA:0,(anonymous_22)
FNDA:0,(anonymous_23)
FNDA:0,(anonymous_24)
FNDA:0,(anonymous_25)
FNDA:0,(anonymous_26)
FNDA:0,(anonymous_27)
FNDA:0,(anonymous_28)
FNDA:0,(anonymous_29)
FNDA:0,(anonymous_30)
FNDA:0,(anonymous_31)
FNDA:0,(anonymous_32)
FNDA:0,(anonymous_33)
FNDA:0,(anonymous_34)
FNDA:0,(anonymous_35)
FNDA:0,(anonymous_36)
FNDA:0,(anonymous_37)
DA:34,0
DA:35,0
DA:36,0
DA:37,0
DA:38,0
DA:39,0
DA:40,0
DA:41,0
DA:42,0
DA:43,0
DA:44,0
DA:45,0
DA:48,0
DA:49,0
DA:51,0
DA:52,0
DA:53,0
DA:54,0
DA:55,0
DA:58,0
DA:59,0
DA:60,0
DA:61,0
DA:65,0
DA:66,0
DA:67,0
DA:68,0
DA:70,0
DA:76,0
DA:77,0
DA:78,0
DA:80,0
DA:83,0
DA:84,0
DA:86,0
DA:90,0
DA:91,0
DA:94,0
DA:100,0
DA:102,0
DA:106,0
DA:107,0
DA:108,0
DA:109,0
DA:110,0
DA:112,0
DA:114,0
DA:118,0
DA:119,0
DA:120,0
DA:122,0
DA:126,0
DA:127,0
DA:128,0
DA:141,0
DA:142,0
DA:143,0
DA:145,0
DA:148,0
DA:149,0
DA:153,0
DA:154,0
DA:155,0
DA:156,0
DA:159,0
DA:160,0
DA:162,0
DA:176,0
DA:177,0
DA:178,0
DA:180,0
DA:181,0
DA:182,0
DA:183,0
DA:185,0
DA:187,0
DA:190,0
DA:191,0
DA:193,0
DA:197,0
DA:198,0
DA:199,0
DA:200,0
DA:207,0
DA:209,0
DA:210,0
DA:214,0
DA:215,0
DA:221,0
DA:222,0
DA:223,0
DA:226,0
DA:227,0
DA:235,0
DA:238,0
DA:239,0
DA:241,0
DA:243,0
DA:244,0
DA:246,0
DA:248,0
DA:250,0
DA:252,0
DA:257,0
DA:258,0
DA:269,0
DA:307,0
DA:312,0
DA:320,0
DA:338,0
DA:342,0
DA:349,0
DA:401,0
DA:407,0
DA:441,0
DA:457,0
DA:481,0
DA:493,0
DA:499,0
DA:505,0
DA:532,0
DA:533,0
DA:537,0
DA:538,0
LF:124
LH:0
BRDA:59,0,0,0
BRDA:59,0,1,0
BRDA:76,1,0,0
BRDA:76,1,1,0
BRDA:78,2,0,0
BRDA:78,2,1,0
BRDA:84,3,0,0
BRDA:84,3,1,0
BRDA:109,4,0,0
BRDA:109,4,1,0
BRDA:119,5,0,0
BRDA:119,5,1,0
BRDA:136,6,0,0
BRDA:136,6,1,0
BRDA:136,7,0,0
BRDA:136,7,1,0
BRDA:137,8,0,0
BRDA:137,8,1,0
BRDA:141,9,0,0
BRDA:141,9,1,0
BRDA:143,10,0,0
BRDA:143,10,1,0
BRDA:149,11,0,0
BRDA:149,11,1,0
BRDA:149,12,0,0
BRDA:149,12,1,0
BRDA:154,13,0,0
BRDA:154,13,1,0
BRDA:171,14,0,0
BRDA:171,14,1,0
BRDA:171,15,0,0
BRDA:171,15,1,0
BRDA:176,16,0,0
BRDA:176,16,1,0
BRDA:191,17,0,0
BRDA:191,17,1,0
BRDA:235,18,0,0
BRDA:235,18,1,0
BRDA:239,19,0,0
BRDA:239,19,1,0
BRDA:244,20,0,0
BRDA:244,20,1,0
BRDA:244,20,2,0
BRDA:244,20,3,0
BRDA:257,21,0,0
BRDA:257,21,1,0
BRDA:257,22,0,0
BRDA:257,22,1,0
BRDA:287,23,0,0
BRDA:287,23,1,0
BRDA:329,24,0,0
BRDA:329,24,1,0
BRDA:360,25,0,0
BRDA:360,25,1,0
BRDA:366,26,0,0
BRDA:366,26,1,0
BRDA:374,27,0,0
BRDA:374,27,1,0
BRDA:383,28,0,0
BRDA:383,28,1,0
BRDA:388,29,0,0
BRDA:388,29,1,0
BRDA:392,30,0,0
BRDA:392,30,1,0
BRDA:395,31,0,0
BRDA:395,31,1,0
BRDA:436,32,0,0
BRDA:436,32,1,0
BRDA:436,32,2,0
BRDA:448,33,0,0
BRDA:448,33,1,0
BRDA:454,34,0,0
BRDA:454,34,1,0
BRDA:458,35,0,0
BRDA:458,35,1,0
BRDA:461,36,0,0
BRDA:461,36,1,0
BRDA:480,37,0,0
BRDA:480,37,1,0
BRDA:481,38,0,0
BRDA:481,38,1,0
BRDA:520,39,0,0
BRDA:520,39,1,0
BRDA:520,39,2,0
BRF:84
BRH:0
end_of_record
TN:
SF:src\components\PointsDisplay.tsx
FN:21,(anonymous_0)
FN:37,(anonymous_1)
FN:50,(anonymous_2)
FN:61,(anonymous_3)
FN:67,(anonymous_4)
FN:73,(anonymous_5)
FN:82,(anonymous_6)
FN:94,(anonymous_7)
FN:106,(anonymous_8)
FNF:9
FNH:6
FNDA:15,(anonymous_0)
FNDA:7,(anonymous_1)
FNDA:0,(anonymous_2)
FNDA:0,(anonymous_3)
FNDA:0,(anonymous_4)
FNDA:15,(anonymous_5)
FNDA:15,(anonymous_6)
FNDA:15,(anonymous_7)
FNDA:15,(anonymous_8)
DA:21,1
DA:33,15
DA:34,15
DA:35,15
DA:37,15
DA:38,7
DA:39,0
DA:40,0
DA:43,0
DA:44,0
DA:45,0
DA:46,0
DA:47,0
DA:49,0
DA:50,0
DA:51,0
DA:52,0
DA:53,0
DA:55,0
DA:56,0
DA:57,0
DA:58,0
DA:61,0
DA:62,0
DA:67,0
DA:69,7
DA:73,15
DA:74,15
DA:79,15
DA:82,15
DA:83,15
DA:88,15
DA:91,15
DA:94,15
DA:95,15
DA:96,15
DA:97,15
DA:98,15
DA:99,15
DA:100,15
DA:103,15
DA:106,15
DA:107,15
DA:108,15
DA:109,15
DA:110,15
DA:111,15
DA:114,15
DA:116,15
LF:49
LH:30
BRDA:23,0,0,15
BRDA:24,1,0,0
BRDA:25,2,0,12
BRDA:26,3,0,13
BRDA:27,4,0,13
BRDA:28,5,0,15
BRDA:29,6,0,15
BRDA:30,7,0,15
BRDA:31,8,0,15
BRDA:38,9,0,0
BRDA:38,9,1,7
BRDA:38,10,0,7
BRDA:38,10,1,7
BRDA:55,11,0,0
BRDA:55,11,1,0
BRDA:96,12,0,0
BRDA:96,12,1,15
BRDA:97,13,0,0
BRDA:97,13,1,15
BRDA:98,14,0,0
BRDA:98,14,1,15
BRDA:99,15,0,0
BRDA:99,15,1,15
BRDA:107,16,0,0
BRDA:107,16,1,15
BRDA:108,17,0,0
BRDA:108,17,1,15
BRDA:109,18,0,0
BRDA:109,18,1,15
BRDA:110,19,0,0
BRDA:110,19,1,15
BRDA:123,20,0,0
BRDA:123,20,1,15
BRDA:136,21,0,15
BRDA:136,21,1,13
BRDA:137,22,0,1
BRDA:137,22,1,12
BRDA:145,23,0,15
BRDA:145,23,1,0
BRDA:145,23,2,0
BRDA:159,24,0,15
BRDA:159,24,1,0
BRDA:168,25,0,15
BRDA:168,25,1,15
BRDA:177,26,0,15
BRDA:177,26,1,0
BRDA:177,26,2,0
BRDA:180,27,0,0
BRDA:180,27,1,0
BRDA:187,28,0,15
BRDA:187,28,1,0
BRDA:187,28,2,0
BRF:52
BRH:30
end_of_record
TN:
SF:src\components\PointsHistory.tsx
FN:31,(anonymous_0)
FN:40,(anonymous_1)
FN:46,(anonymous_2)
FN:63,(anonymous_3)
FN:92,(anonymous_4)
FN:99,(anonymous_5)
FN:108,(anonymous_6)
FN:127,(anonymous_7)
FN:133,(anonymous_8)
FN:135,(anonymous_9)
FN:136,(anonymous_10)
FN:139,(anonymous_11)
FN:140,(anonymous_12)
FN:209,(anonymous_13)
FN:212,(anonymous_14)
FN:233,(anonymous_15)
FN:236,(anonymous_16)
FN:255,(anonymous_17)
FN:288,(anonymous_18)
FNF:19
FNH:0
FNDA:0,(anonymous_0)
FNDA:0,(anonymous_1)
FNDA:0,(anonymous_2)
FNDA:0,(anonymous_3)
FNDA:0,(anonymous_4)
FNDA:0,(anonymous_5)
FNDA:0,(anonymous_6)
FNDA:0,(anonymous_7)
FNDA:0,(anonymous_8)
FNDA:0,(anonymous_9)
FNDA:0,(anonymous_10)
FNDA:0,(anonymous_11)
FNDA:0,(anonymous_12)
FNDA:0,(anonymous_13)
FNDA:0,(anonymous_14)
FNDA:0,(anonymous_15)
FNDA:0,(anonymous_16)
FNDA:0,(anonymous_17)
FNDA:0,(anonymous_18)
DA:31,0
DA:32,0
DA:33,0
DA:34,0
DA:35,0
DA:36,0
DA:37,0
DA:38,0
DA:40,0
DA:41,0
DA:42,0
DA:46,0
DA:47,0
DA:48,0
DA:49,0
DA:51,0
DA:52,0
DA:55,0
DA:61,0
DA:63,0
DA:73,0
DA:76,0
DA:77,0
DA:78,0
DA:82,0
DA:83,0
DA:86,0
DA:88,0
DA:92,0
DA:94,0
DA:95,0
DA:96,0
DA:99,0
DA:100,0
DA:101,0
DA:105,0
DA:108,0
DA:109,0
DA:110,0
DA:111,0
DA:112,0
DA:113,0
DA:114,0
DA:115,0
DA:116,0
DA:119,0
DA:120,0
DA:121,0
DA:122,0
DA:127,0
DA:128,0
DA:133,0
DA:134,0
DA:135,0
DA:136,0
DA:138,0
DA:139,0
DA:140,0
DA:142,0
DA:150,0
DA:152,0
DA:154,0
DA:210,0
DA:212,0
DA:234,0
DA:236,0
DA:255,0
DA:289,0
LF:68
LH:0
BRDA:41,0,0,0
BRDA:41,0,1,0
BRDA:58,1,0,0
BRDA:58,1,1,0
BRDA:61,2,0,0
BRDA:61,2,1,0
BRDA:61,3,0,0
BRDA:61,3,1,0
BRDA:61,3,2,0
BRDA:70,4,0,0
BRDA:70,4,1,0
BRDA:77,5,0,0
BRDA:77,5,1,0
BRDA:78,6,0,0
BRDA:78,6,1,0
BRDA:83,7,0,0
BRDA:83,7,1,0
BRDA:94,8,0,0
BRDA:94,8,1,0
BRDA:100,9,0,0
BRDA:100,9,1,0
BRDA:101,10,0,0
BRDA:101,10,1,0
BRDA:101,10,2,0
BRDA:105,11,0,0
BRDA:105,11,1,0
BRDA:109,12,0,0
BRDA:109,12,1,0
BRDA:110,13,0,0
BRDA:110,13,1,0
BRDA:110,13,2,0
BRDA:110,13,3,0
BRDA:110,13,4,0
BRDA:110,13,5,0
BRDA:119,14,0,0
BRDA:119,14,1,0
BRDA:119,14,2,0
BRDA:128,15,0,0
BRDA:128,15,1,0
BRDA:152,16,0,0
BRDA:152,16,1,0
BRDA:185,17,0,0
BRDA:185,17,1,0
BRDA:186,18,0,0
BRDA:186,18,1,0
BRDA:214,19,0,0
BRDA:214,19,1,0
BRDA:238,20,0,0
BRDA:238,20,1,0
BRDA:264,21,0,0
BRDA:264,21,1,0
BRDA:273,22,0,0
BRDA:273,22,1,0
BRDA:278,23,0,0
BRDA:278,23,1,0
BRDA:283,24,0,0
BRDA:283,24,1,0
BRDA:304,25,0,0
BRDA:304,25,1,0
BRDA:306,26,0,0
BRDA:306,26,1,0
BRDA:321,27,0,0
BRDA:321,27,1,0
BRDA:323,28,0,0
BRDA:323,28,1,0
BRDA:323,28,2,0
BRDA:326,29,0,0
BRDA:326,29,1,0
BRDA:331,30,0,0
BRDA:331,30,1,0
BRDA:333,31,0,0
BRDA:333,31,1,0
BRDA:338,32,0,0
BRDA:338,32,1,0
BRDA:343,33,0,0
BRDA:343,33,1,0
BRDA:343,33,2,0
BRDA:344,34,0,0
BRDA:344,34,1,0
BRF:79
BRH:0
end_of_record
TN:
SF:src\components\ProgressBar.tsx
FN:14,(anonymous_0)
FN:27,(anonymous_1)
FN:29,(anonymous_2)
FN:32,(anonymous_3)
FN:44,(anonymous_4)
FN:54,(anonymous_5)
FN:115,(anonymous_6)
FNF:7
FNH:6
FNDA:11,(anonymous_0)
FNDA:10,(anonymous_1)
FNDA:0,(anonymous_2)
FNDA:10,(anonymous_3)
FNDA:11,(anonymous_4)
FNDA:11,(anonymous_5)
FNDA:35,(anonymous_6)
DA:14,1
DA:24,11
DA:25,11
DA:27,11
DA:28,10
DA:29,10
DA:30,0
DA:32,10
DA:34,0
DA:38,11
DA:44,11
DA:45,11
DA:51,11
DA:54,11
DA:55,11
DA:56,2
DA:58,9
DA:61,11
DA:116,35
DA:117,35
DA:118,35
LF:21
LH:19
BRDA:18,0,0,11
BRDA:19,1,0,9
BRDA:20,2,0,11
BRDA:21,3,0,9
BRDA:22,4,0,10
BRDA:28,5,0,10
BRDA:28,5,1,0
BRDA:55,6,0,2
BRDA:55,6,1,9
BRDA:63,7,0,11
BRDA:63,7,1,7
BRDA:66,8,0,7
BRDA:66,8,1,6
BRDA:68,9,0,6
BRDA:68,9,1,2
BRDA:93,10,0,11
BRDA:93,10,1,2
BRDA:103,11,0,11
BRDA:103,11,1,1
BRDA:103,11,2,1
BRDA:113,12,0,11
BRDA:113,12,1,7
BRDA:123,13,0,21
BRDA:123,13,1,14
BRDA:124,14,0,35
BRDA:124,14,1,21
BRF:26
BRH:25
end_of_record
TN:
SF:src\components\ProtectedRoute.tsx
FN:10,(anonymous_0)
FN:39,(anonymous_1)
FNF:2
FNH:0
FNDA:0,(anonymous_0)
FNDA:0,(anonymous_1)
DA:10,0
DA:11,0
DA:13,0
DA:14,0
DA:24,0
DA:25,0
DA:28,0
DA:29,0
DA:39,0
DA:50,0
LF:10
LH:0
BRDA:13,0,0,0
BRDA:13,0,1,0
BRDA:24,1,0,0
BRDA:24,1,1,0
BRDA:28,2,0,0
BRDA:28,2,1,0
BRDA:28,3,0,0
BRDA:28,3,1,0
BRF:8
BRH:0
end_of_record
TN:
SF:src\components\SummerProgressTracker.tsx
FN:29,(anonymous_0)
FN:35,(anonymous_1)
FN:39,(anonymous_2)
FN:89,(anonymous_3)
FN:231,(anonymous_4)
FNF:5
FNH:0
FNDA:0,(anonymous_0)
FNDA:0,(anonymous_1)
FNDA:0,(anonymous_2)
FNDA:0,(anonymous_3)
FNDA:0,(anonymous_4)
DA:29,0
DA:30,0
DA:31,0
DA:32,0
DA:33,0
DA:35,0
DA:36,0
DA:39,0
DA:40,0
DA:41,0
DA:42,0
DA:45,0
DA:46,0
DA:47,0
DA:48,0
DA:50,0
DA:51,0
DA:52,0
DA:53,0
DA:56,0
DA:57,0
DA:58,0
DA:60,0
DA:82,0
DA:83,0
DA:85,0
DA:89,0
DA:90,0
DA:92,0
DA:94,0
DA:95,0
DA:96,0
DA:97,0
DA:98,0
DA:99,0
DA:100,0
DA:101,0
DA:103,0
DA:107,0
DA:108,0
DA:119,0
DA:120,0
DA:130,0
DA:232,0
LF:44
LH:0
BRDA:29,0,0,0
BRDA:57,1,0,0
BRDA:57,1,1,0
BRDA:69,2,0,0
BRDA:69,2,1,0
BRDA:70,3,0,0
BRDA:70,3,1,0
BRDA:70,4,0,0
BRDA:70,4,1,0
BRDA:72,5,0,0
BRDA:72,5,1,0
BRDA:90,6,0,0
BRDA:90,6,1,0
BRDA:94,7,0,0
BRDA:94,7,1,0
BRDA:96,8,0,0
BRDA:96,8,1,0
BRDA:98,9,0,0
BRDA:98,9,1,0
BRDA:100,10,0,0
BRDA:100,10,1,0
BRDA:107,11,0,0
BRDA:107,11,1,0
BRDA:119,12,0,0
BRDA:119,12,1,0
BRDA:119,13,0,0
BRDA:119,13,1,0
BRDA:124,14,0,0
BRDA:124,14,1,0
BRF:29
BRH:0
end_of_record
TN:
SF:src\components\TaskApprovalWorkflow.tsx
FN:37,(anonymous_0)
FN:50,(anonymous_1)
FN:56,(anonymous_2)
FN:66,(anonymous_3)
FN:67,(anonymous_4)
FN:68,(anonymous_5)
FN:80,(anonymous_6)
FN:92,(anonymous_7)
FN:95,(anonymous_8)
FN:95,(anonymous_9)
FN:96,(anonymous_10)
FN:113,(anonymous_11)
FN:124,(anonymous_12)
FN:127,(anonymous_13)
FN:127,(anonymous_14)
FN:128,(anonymous_15)
FN:144,(anonymous_16)
FN:156,(anonymous_17)
FN:165,(anonymous_18)
FN:214,(anonymous_19)
FN:217,(anonymous_20)
FN:249,(anonymous_21)
FN:252,(anonymous_22)
FN:315,(anonymous_23)
FN:362,(anonymous_24)
FN:376,(anonymous_25)
FN:389,(anonymous_26)
FN:396,(anonymous_27)
FNF:28
FNH:0
FNDA:0,(anonymous_0)
FNDA:0,(anonymous_1)
FNDA:0,(anonymous_2)
FNDA:0,(anonymous_3)
FNDA:0,(anonymous_4)
FNDA:0,(anonymous_5)
FNDA:0,(anonymous_6)
FNDA:0,(anonymous_7)
FNDA:0,(anonymous_8)
FNDA:0,(anonymous_9)
FNDA:0,(anonymous_10)
FNDA:0,(anonymous_11)
FNDA:0,(anonymous_12)
FNDA:0,(anonymous_13)
FNDA:0,(anonymous_14)
FNDA:0,(anonymous_15)
FNDA:0,(anonymous_16)
FNDA:0,(anonymous_17)
FNDA:0,(anonymous_18)
FNDA:0,(anonymous_19)
FNDA:0,(anonymous_20)
FNDA:0,(anonymous_21)
FNDA:0,(anonymous_22)
FNDA:0,(anonymous_23)
FNDA:0,(anonymous_24)
FNDA:0,(anonymous_25)
FNDA:0,(anonymous_26)
FNDA:0,(anonymous_27)
DA:37,0
DA:38,0
DA:39,0
DA:40,0
DA:41,0
DA:42,0
DA:43,0
DA:44,0
DA:45,0
DA:46,0
DA:47,0
DA:50,0
DA:51,0
DA:52,0
DA:56,0
DA:57,0
DA:58,0
DA:59,0
DA:61,0
DA:62,0
DA:63,0
DA:66,0
DA:67,0
DA:68,0
DA:70,0
DA:73,0
DA:74,0
DA:76,0
DA:80,0
DA:81,0
DA:82,0
DA:84,0
DA:90,0
DA:92,0
DA:93,0
DA:94,0
DA:95,0
DA:96,0
DA:99,0
DA:100,0
DA:101,0
DA:103,0
DA:106,0
DA:107,0
DA:109,0
DA:113,0
DA:114,0
DA:115,0
DA:117,0
DA:122,0
DA:124,0
DA:125,0
DA:126,0
DA:127,0
DA:128,0
DA:131,0
DA:132,0
DA:134,0
DA:137,0
DA:138,0
DA:140,0
DA:144,0
DA:145,0
DA:146,0
DA:147,0
DA:148,0
DA:150,0
DA:151,0
DA:152,0
DA:153,0
DA:156,0
DA:157,0
DA:158,0
DA:159,0
DA:160,0
DA:161,0
DA:165,0
DA:166,0
DA:167,0
DA:168,0
DA:169,0
DA:170,0
DA:174,0
DA:176,0
DA:215,0
DA:217,0
DA:250,0
DA:252,0
DA:316,0
DA:362,0
DA:376,0
DA:389,0
DA:396,0
LF:93
LH:0
BRDA:51,0,0,0
BRDA:51,0,1,0
BRDA:51,1,0,0
BRDA:51,1,1,0
BRDA:62,2,0,0
BRDA:62,2,1,0
BRDA:63,3,0,0
BRDA:63,3,1,0
BRDA:74,4,0,0
BRDA:74,4,1,0
BRDA:87,5,0,0
BRDA:87,5,1,0
BRDA:90,6,0,0
BRDA:90,6,1,0
BRDA:93,7,0,0
BRDA:93,7,1,0
BRDA:107,8,0,0
BRDA:107,8,1,0
BRDA:122,9,0,0
BRDA:122,9,1,0
BRDA:125,10,0,0
BRDA:125,10,1,0
BRDA:138,11,0,0
BRDA:138,11,1,0
BRDA:150,12,0,0
BRDA:150,12,1,0
BRDA:151,13,0,0
BRDA:151,13,1,0
BRDA:152,14,0,0
BRDA:152,14,1,0
BRDA:157,15,0,0
BRDA:157,15,1,0
BRDA:157,15,2,0
BRDA:157,15,3,0
BRDA:166,16,0,0
BRDA:166,16,1,0
BRDA:166,16,2,0
BRDA:166,16,3,0
BRDA:174,17,0,0
BRDA:174,17,1,0
BRDA:185,18,0,0
BRDA:185,18,1,0
BRDA:186,19,0,0
BRDA:186,19,1,0
BRDA:220,20,0,0
BRDA:220,20,1,0
BRDA:227,21,0,0
BRDA:227,21,1,0
BRDA:239,22,0,0
BRDA:239,22,1,0
BRDA:244,23,0,0
BRDA:244,23,1,0
BRDA:245,24,0,0
BRDA:245,24,1,0
BRDA:246,25,0,0
BRDA:246,25,1,0
BRDA:256,26,0,0
BRDA:256,26,1,0
BRDA:276,27,0,0
BRDA:276,27,1,0
BRDA:276,28,0,0
BRDA:276,28,1,0
BRDA:287,29,0,0
BRDA:287,29,1,0
BRDA:309,30,0,0
BRDA:309,30,1,0
BRDA:315,31,0,0
BRDA:315,31,1,0
BRDA:318,32,0,0
BRDA:318,32,1,0
BRDA:319,33,0,0
BRDA:319,33,1,0
BRDA:320,34,0,0
BRDA:320,34,1,0
BRDA:326,35,0,0
BRDA:326,35,1,0
BRDA:333,36,0,0
BRDA:333,36,1,0
BRDA:333,36,2,0
BRDA:333,36,3,0
BRDA:342,37,0,0
BRDA:342,37,1,0
BRDA:352,38,0,0
BRDA:352,38,1,0
BRDA:376,39,0,0
BRDA:376,39,1,0
BRDA:393,40,0,0
BRDA:393,40,1,0
BRDA:400,41,0,0
BRDA:400,41,1,0
BRDA:418,42,0,0
BRDA:418,42,1,0
BRDA:419,43,0,0
BRDA:419,43,1,0
BRDA:420,44,0,0
BRDA:420,44,1,0
BRDA:423,45,0,0
BRDA:423,45,1,0
BRDA:424,46,0,0
BRDA:424,46,1,0
BRDA:425,47,0,0
BRDA:425,47,1,0
BRDA:428,48,0,0
BRDA:428,48,1,0
BRDA:429,49,0,0
BRDA:429,49,1,0
BRDA:430,50,0,0
BRDA:430,50,1,0
BRF:108
BRH:0
end_of_record
TN:
SF:src\components\TaskCard.tsx
FN:14,(anonymous_0)
FN:23,(anonymous_1)
FN:35,(anonymous_2)
FN:44,(anonymous_3)
FN:60,(anonymous_4)
FN:97,(anonymous_5)
FN:135,(anonymous_6)
FN:146,(anonymous_7)
FN:159,(anonymous_8)
FNF:9
FNH:0
FNDA:0,(anonymous_0)
FNDA:0,(anonymous_1)
FNDA:0,(anonymous_2)
FNDA:0,(anonymous_3)
FNDA:0,(anonymous_4)
FNDA:0,(anonymous_5)
FNDA:0,(anonymous_6)
FNDA:0,(anonymous_7)
FNDA:0,(anonymous_8)
DA:14,0
DA:23,0
DA:24,0
DA:32,0
DA:35,0
DA:36,0
DA:41,0
DA:44,0
DA:45,0
DA:50,0
DA:53,0
DA:60,0
DA:98,0
DA:136,0
DA:137,0
DA:147,0
DA:148,0
DA:160,0
DA:161,0
LF:19
LH:0
BRDA:19,0,0,0
BRDA:20,1,0,0
BRDA:21,2,0,0
BRDA:32,3,0,0
BRDA:32,3,1,0
BRDA:41,4,0,0
BRDA:41,4,1,0
BRDA:50,5,0,0
BRDA:50,5,1,0
BRDA:57,6,0,0
BRDA:57,6,1,0
BRDA:95,7,0,0
BRDA:95,7,1,0
BRDA:105,8,0,0
BRDA:105,8,1,0
BRDA:114,9,0,0
BRDA:114,9,1,0
BRDA:118,10,0,0
BRDA:118,10,1,0
BRDA:121,11,0,0
BRDA:121,11,1,0
BRDA:124,12,0,0
BRDA:124,12,1,0
BRDA:132,13,0,0
BRDA:132,13,1,0
BRDA:144,14,0,0
BRDA:144,14,1,0
BRDA:157,15,0,0
BRDA:157,15,1,0
BRF:29
BRH:0
end_of_record
TN:
SF:src\components\TaskCategoryIcon.tsx
FN:10,(anonymous_0)
FN:16,(anonymous_1)
FN:64,(anonymous_2)
FNF:3
FNH:3
FNDA:13,(anonymous_0)
FNDA:13,(anonymous_1)
FNDA:13,(anonymous_2)
DA:10,1
DA:16,13
DA:17,13
DA:61,13
DA:64,13
DA:65,13
DA:70,13
DA:73,13
DA:75,13
LF:9
LH:9
BRDA:12,0,0,11
BRDA:13,1,0,11
BRDA:14,2,0,12
BRDA:61,3,0,13
BRDA:61,3,1,1
BRDA:85,4,0,12
BRDA:85,4,1,1
BRDA:91,5,0,12
BRDA:91,5,1,1
BRDA:92,6,0,1
BRDA:92,6,1,12
BRF:11
BRH:11
end_of_record
TN:
SF:src\components\TaskLibrary.tsx
FN:27,(anonymous_0)
FN:78,(anonymous_1)
FN:83,(anonymous_2)
FN:84,(anonymous_3)
FN:88,(anonymous_4)
FN:91,(anonymous_5)
FN:132,(anonymous_6)
FN:135,(anonymous_7)
FN:151,(anonymous_8)
FN:157,(anonymous_9)
FN:158,(anonymous_10)
FN:167,(anonymous_11)
FN:168,(anonymous_12)
FN:199,(anonymous_13)
FN:200,(anonymous_14)
FN:206,(anonymous_15)
FN:207,(anonymous_16)
FN:216,(anonymous_17)
FN:217,(anonymous_18)
FN:220,(anonymous_19)
FN:225,(anonymous_20)
FN:241,(anonymous_21)
FN:241,(anonymous_22)
FN:244,(anonymous_23)
FN:270,(anonymous_24)
FN:294,(anonymous_25)
FN:311,(anonymous_26)
FN:314,(anonymous_27)
FN:332,(anonymous_28)
FN:335,(anonymous_29)
FN:359,(anonymous_30)
FN:367,(anonymous_31)
FN:385,(anonymous_32)
FN:394,(anonymous_33)
FN:405,(anonymous_34)
FN:415,(anonymous_35)
FN:425,(anonymous_36)
FN:443,(anonymous_37)
FN:446,(anonymous_38)
FN:453,(anonymous_39)
FN:467,(anonymous_40)
FN:470,(anonymous_41)
FN:538,(anonymous_42)
FNF:43
FNH:0
FNDA:0,(anonymous_0)
FNDA:0,(anonymous_1)
FNDA:0,(anonymous_2)
FNDA:0,(anonymous_3)
FNDA:0,(anonymous_4)
FNDA:0,(anonymous_5)
FNDA:0,(anonymous_6)
FNDA:0,(anonymous_7)
FNDA:0,(anonymous_8)
FNDA:0,(anonymous_9)
FNDA:0,(anonymous_10)
FNDA:0,(anonymous_11)
FNDA:0,(anonymous_12)
FNDA:0,(anonymous_13)
FNDA:0,(anonymous_14)
FNDA:0,(anonymous_15)
FNDA:0,(anonymous_16)
FNDA:0,(anonymous_17)
FNDA:0,(anonymous_18)
FNDA:0,(anonymous_19)
FNDA:0,(anonymous_20)
FNDA:0,(anonymous_21)
FNDA:0,(anonymous_22)
FNDA:0,(anonymous_23)
FNDA:0,(anonymous_24)
FNDA:0,(anonymous_25)
FNDA:0,(anonymous_26)
FNDA:0,(anonymous_27)
FNDA:0,(anonymous_28)
FNDA:0,(anonymous_29)
FNDA:0,(anonymous_30)
FNDA:0,(anonymous_31)
FNDA:0,(anonymous_32)
FNDA:0,(anonymous_33)
FNDA:0,(anonymous_34)
FNDA:0,(anonymous_35)
FNDA:0,(anonymous_36)
FNDA:0,(anonymous_37)
FNDA:0,(anonymous_38)
FNDA:0,(anonymous_39)
FNDA:0,(anonymous_40)
FNDA:0,(anonymous_41)
FNDA:0,(anonymous_42)
DA:27,0
DA:34,0
DA:35,0
DA:36,0
DA:37,0
DA:38,0
DA:40,0
DA:53,0
DA:63,0
DA:70,0
DA:78,0
DA:79,0
DA:80,0
DA:83,0
DA:84,0
DA:85,0
DA:88,0
DA:91,0
DA:92,0
DA:93,0
DA:94,0
DA:96,0
DA:98,0
DA:99,0
DA:101,0
DA:102,0
DA:104,0
DA:105,0
DA:107,0
DA:108,0
DA:110,0
DA:111,0
DA:113,0
DA:114,0
DA:116,0
DA:117,0
DA:119,0
DA:120,0
DA:122,0
DA:123,0
DA:126,0
DA:127,0
DA:130,0
DA:131,0
DA:132,0
DA:133,0
DA:135,0
DA:140,0
DA:142,0
DA:144,0
DA:145,0
DA:147,0
DA:151,0
DA:152,0
DA:153,0
DA:154,0
DA:155,0
DA:157,0
DA:158,0
DA:161,0
DA:163,0
DA:167,0
DA:168,0
DA:169,0
DA:171,0
DA:173,0
DA:174,0
DA:176,0
DA:177,0
DA:179,0
DA:180,0
DA:182,0
DA:183,0
DA:184,0
DA:187,0
DA:188,0
DA:190,0
DA:193,0
DA:196,0
DA:199,0
DA:200,0
DA:206,0
DA:207,0
DA:216,0
DA:217,0
DA:220,0
DA:225,0
DA:226,0
DA:240,0
DA:241,0
DA:242,0
DA:244,0
DA:245,0
DA:246,0
DA:247,0
DA:249,0
DA:250,0
DA:254,0
DA:270,0
DA:294,0
DA:312,0
DA:314,0
DA:333,0
DA:335,0
DA:359,0
DA:367,0
DA:385,0
DA:394,0
DA:405,0
DA:415,0
DA:425,0
DA:443,0
DA:447,0
DA:453,0
DA:468,0
DA:470,0
DA:539,0
LF:117
LH:0
BRDA:29,0,0,0
BRDA:30,1,0,0
BRDA:31,2,0,0
BRDA:32,3,0,0
BRDA:98,4,0,0
BRDA:98,4,1,0
BRDA:101,5,0,0
BRDA:101,5,1,0
BRDA:104,6,0,0
BRDA:104,6,1,0
BRDA:107,7,0,0
BRDA:107,7,1,0
BRDA:110,8,0,0
BRDA:110,8,1,0
BRDA:113,9,0,0
BRDA:113,9,1,0
BRDA:116,10,0,0
BRDA:116,10,1,0
BRDA:119,11,0,0
BRDA:119,11,1,0
BRDA:122,12,0,0
BRDA:122,12,1,0
BRDA:127,13,0,0
BRDA:127,13,1,0
BRDA:130,14,0,0
BRDA:130,14,1,0
BRDA:133,15,0,0
BRDA:133,15,1,0
BRDA:133,15,2,0
BRDA:145,16,0,0
BRDA:145,16,1,0
BRDA:154,17,0,0
BRDA:154,17,1,0
BRDA:171,18,0,0
BRDA:171,18,1,0
BRDA:171,18,2,0
BRDA:171,18,3,0
BRDA:171,18,4,0
BRDA:171,18,5,0
BRDA:193,19,0,0
BRDA:193,19,1,0
BRDA:219,20,0,0
BRDA:219,20,1,0
BRDA:245,21,0,0
BRDA:245,21,1,0
BRDA:245,22,0,0
BRDA:245,22,1,0
BRDA:246,23,0,0
BRDA:246,23,1,0
BRDA:246,24,0,0
BRDA:246,24,1,0
BRDA:249,25,0,0
BRDA:249,25,1,0
BRDA:272,26,0,0
BRDA:272,26,1,0
BRDA:280,27,0,0
BRDA:280,27,1,0
BRDA:304,28,0,0
BRDA:304,28,1,0
BRDA:316,29,0,0
BRDA:316,29,1,0
BRDA:337,30,0,0
BRDA:337,30,1,0
BRDA:407,31,0,0
BRDA:407,31,1,0
BRDA:417,32,0,0
BRDA:417,32,1,0
BRDA:427,33,0,0
BRDA:427,33,1,0
BRDA:453,34,0,0
BRDA:453,34,1,0
BRDA:456,35,0,0
BRDA:456,35,1,0
BRDA:463,36,0,0
BRDA:463,36,1,0
BRDA:472,37,0,0
BRDA:472,37,1,0
BRDA:498,38,0,0
BRDA:498,38,1,0
BRDA:507,39,0,0
BRDA:507,39,1,0
BRDA:512,40,0,0
BRDA:512,40,1,0
BRDA:516,41,0,0
BRDA:516,41,1,0
BRDA:516,42,0,0
BRDA:516,42,1,0
BRDA:516,42,2,0
BRDA:516,42,3,0
BRDA:522,43,0,0
BRDA:522,43,1,0
BRDA:522,44,0,0
BRDA:522,44,1,0
BRDA:522,44,2,0
BRDA:522,44,3,0
BRDA:527,45,0,0
BRDA:527,45,1,0
BRDA:527,45,2,0
BRDA:527,45,3,0
BRDA:527,45,4,0
BRDA:546,46,0,0
BRDA:546,46,1,0
BRDA:547,47,0,0
BRDA:547,47,1,0
BRDA:549,48,0,0
BRDA:549,48,1,0
BRF:106
BRH:0
end_of_record
TN:
SF:src\components\WeatherWidget.tsx
FN:17,(anonymous_0)
FN:22,(anonymous_1)
FN:26,(anonymous_2)
FN:31,(anonymous_3)
FN:32,(anonymous_4)
FN:63,(anonymous_5)
FN:85,(anonymous_6)
FN:198,(anonymous_7)
FNF:8
FNH:0
FNDA:0,(anonymous_0)
FNDA:0,(anonymous_1)
FNDA:0,(anonymous_2)
FNDA:0,(anonymous_3)
FNDA:0,(anonymous_4)
FNDA:0,(anonymous_5)
FNDA:0,(anonymous_6)
FNDA:0,(anonymous_7)
DA:17,0
DA:18,0
DA:19,0
DA:20,0
DA:22,0
DA:23,0
DA:26,0
DA:27,0
DA:28,0
DA:31,0
DA:32,0
DA:33,0
DA:34,0
DA:35,0
DA:38,0
DA:46,0
DA:49,0
DA:52,0
DA:56,0
DA:57,0
DA:59,0
DA:63,0
DA:64,0
DA:72,0
DA:74,0
DA:85,0
DA:86,0
DA:88,0
DA:90,0
DA:91,0
DA:97,0
DA:98,0
DA:105,0
DA:114,0
DA:115,0
DA:131,0
DA:132,0
DA:142,0
DA:199,0
LF:39
LH:0
BRDA:17,0,0,0
BRDA:33,1,0,0
BRDA:33,1,1,0
BRDA:86,2,0,0
BRDA:86,2,1,0
BRDA:90,3,0,0
BRDA:90,3,1,0
BRDA:90,4,0,0
BRDA:90,4,1,0
BRDA:97,5,0,0
BRDA:97,5,1,0
BRDA:114,6,0,0
BRDA:114,6,1,0
BRDA:131,7,0,0
BRDA:131,7,1,0
BRDA:131,8,0,0
BRDA:131,8,1,0
BRDA:136,9,0,0
BRDA:136,9,1,0
BRF:19
BRH:0
end_of_record
TN:
SF:src\config\firebase.ts
FNF:0
FNH:0
DA:4,0
DA:14,0
DA:17,0
LF:3
LH:0
BRDA:5,0,0,0
BRDA:5,0,1,0
BRDA:6,1,0,0
BRDA:6,1,1,0
BRDA:7,2,0,0
BRDA:7,2,1,0
BRDA:8,3,0,0
BRDA:8,3,1,0
BRDA:9,4,0,0
BRDA:9,4,1,0
BRDA:10,5,0,0
BRDA:10,5,1,0
BRF:12
BRH:0
end_of_record
TN:
SF:src\contexts\AuthContext.tsx
FN:7,(anonymous_0)
FN:19,(anonymous_1)
FN:23,(anonymous_2)
FN:24,(anonymous_3)
FN:44,(anonymous_4)
FN:53,(anonymous_5)
FN:68,(anonymous_6)
FN:77,(anonymous_7)
FN:86,(anonymous_8)
FNF:9
FNH:1
FNDA:9,(anonymous_0)
FNDA:0,(anonymous_1)
FNDA:0,(anonymous_2)
FNDA:0,(anonymous_3)
FNDA:0,(anonymous_4)
FNDA:0,(anonymous_5)
FNDA:0,(anonymous_6)
FNDA:0,(anonymous_7)
FNDA:0,(anonymous_8)
DA:5,1
DA:7,1
DA:8,9
DA:9,9
DA:10,2
DA:12,7
DA:19,1
DA:20,0
DA:21,0
DA:23,0
DA:24,0
DA:25,0
DA:26,0
DA:27,0
DA:28,0
DA:30,0
DA:33,0
DA:34,0
DA:36,0
DA:38,0
DA:41,0
DA:44,0
DA:45,0
DA:46,0
DA:47,0
DA:49,0
DA:53,0
DA:60,0
DA:61,0
DA:62,0
DA:64,0
DA:68,0
DA:69,0
DA:70,0
DA:71,0
DA:73,0
DA:77,0
DA:78,0
DA:79,0
DA:80,0
DA:82,0
DA:86,0
DA:87,0
DA:88,0
DA:89,0
DA:90,0
DA:93,0
DA:97,0
DA:107,0
LF:49
LH:7
BRDA:9,0,0,2
BRDA:9,0,1,7
BRDA:26,1,0,0
BRDA:26,1,1,0
BRDA:88,2,0,0
BRDA:88,2,1,0
BRF:6
BRH:2
end_of_record
TN:
SF:src\pages\AchievementSquare.tsx
FN:7,(anonymous_0)
FN:13,(anonymous_1)
FN:18,(anonymous_2)
FN:22,(anonymous_3)
FN:32,(anonymous_4)
FN:43,(anonymous_5)
FNF:6
FNH:0
FNDA:0,(anonymous_0)
FNDA:0,(anonymous_1)
FNDA:0,(anonymous_2)
FNDA:0,(anonymous_3)
FNDA:0,(anonymous_4)
FNDA:0,(anonymous_5)
DA:5,0
DA:7,0
DA:8,0
DA:9,0
DA:10,0
DA:11,0
DA:13,0
DA:14,0
DA:18,0
DA:19,0
DA:20,0
DA:21,0
DA:22,0
DA:23,0
DA:24,0
DA:28,0
DA:32,0
DA:33,0
DA:34,0
DA:38,0
DA:44,0
LF:21
LH:0
BRDA:22,0,0,0
BRDA:22,0,1,0
BRDA:33,1,0,0
BRDA:33,1,1,0
BRDA:44,2,0,0
BRDA:44,2,1,0
BRDA:47,3,0,0
BRDA:47,3,1,0
BRDA:50,4,0,0
BRDA:50,4,1,0
BRDA:53,5,0,0
BRDA:53,5,1,0
BRDA:55,6,0,0
BRDA:55,6,1,0
BRDA:58,7,0,0
BRDA:58,7,1,0
BRDA:58,7,2,0
BRDA:68,8,0,0
BRDA:68,8,1,0
BRDA:75,9,0,0
BRDA:75,9,1,0
BRDA:79,10,0,0
BRDA:79,10,1,0
BRDA:79,10,2,0
BRF:24
BRH:0
end_of_record
TN:
SF:src\pages\Dashboard.tsx
FN:13,(anonymous_0)
FN:23,(anonymous_1)
FN:29,(anonymous_2)
FN:37,(anonymous_3)
FN:50,(anonymous_4)
FN:67,(anonymous_5)
FN:158,(anonymous_6)
FN:195,(anonymous_7)
FN:201,(anonymous_8)
FN:207,(anonymous_9)
FN:213,(anonymous_10)
FN:219,(anonymous_11)
FN:225,(anonymous_12)
FN:263,(anonymous_13)
FN:293,(anonymous_14)
FN:304,(anonymous_15)
FNF:16
FNH:0
FNDA:0,(anonymous_0)
FNDA:0,(anonymous_1)
FNDA:0,(anonymous_2)
FNDA:0,(anonymous_3)
FNDA:0,(anonymous_4)
FNDA:0,(anonymous_5)
FNDA:0,(anonymous_6)
FNDA:0,(anonymous_7)
FNDA:0,(anonymous_8)
FNDA:0,(anonymous_9)
FNDA:0,(anonymous_10)
FNDA:0,(anonymous_11)
FNDA:0,(anonymous_12)
FNDA:0,(anonymous_13)
FNDA:0,(anonymous_14)
FNDA:0,(anonymous_15)
DA:13,0
DA:14,0
DA:15,0
DA:16,0
DA:17,0
DA:20,0
DA:23,0
DA:24,0
DA:25,0
DA:29,0
DA:30,0
DA:35,0
DA:36,0
DA:38,0
DA:39,0
DA:41,0
DA:42,0
DA:45,0
DA:51,0
DA:52,0
DA:60,0
DA:62,0
DA:63,0
DA:67,0
DA:68,0
DA:69,0
DA:70,0
DA:72,0
DA:77,0
DA:78,0
DA:90,0
DA:91,0
DA:104,0
DA:106,0
DA:159,0
DA:160,0
DA:161,0
DA:162,0
DA:195,0
DA:201,0
DA:207,0
DA:213,0
DA:219,0
DA:225,0
DA:264,0
DA:293,0
DA:304,0
LF:47
LH:0
BRDA:24,0,0,0
BRDA:24,0,1,0
BRDA:41,1,0,0
BRDA:41,1,1,0
BRDA:42,2,0,0
BRDA:42,2,1,0
BRDA:77,3,0,0
BRDA:77,3,1,0
BRDA:77,4,0,0
BRDA:77,4,1,0
BRDA:82,5,0,0
BRDA:82,5,1,0
BRDA:90,6,0,0
BRDA:90,6,1,0
BRDA:90,7,0,0
BRDA:90,7,1,0
BRDA:124,8,0,0
BRDA:124,8,1,0
BRDA:145,9,0,0
BRDA:145,9,1,0
BRDA:151,10,0,0
BRDA:151,10,1,0
BRDA:160,11,0,0
BRDA:160,11,1,0
BRDA:161,12,0,0
BRDA:161,12,1,0
BRDA:262,13,0,0
BRDA:262,13,1,0
BRF:28
BRH:0
end_of_record
TN:
SF:src\pages\EnhancedTaskPlanning.tsx
FN:36,(anonymous_0)
FN:75,(anonymous_1)
FN:80,(anonymous_2)
FN:90,(anonymous_3)
FN:109,(anonymous_4)
FN:116,(anonymous_5)
FN:117,(anonymous_6)
FN:118,(anonymous_7)
FN:124,(anonymous_8)
FN:127,(anonymous_9)
FN:139,(anonymous_10)
FN:140,(anonymous_11)
FN:154,(anonymous_12)
FN:156,(anonymous_13)
FN:179,(anonymous_14)
FN:188,(anonymous_15)
FN:216,(anonymous_16)
FN:217,(anonymous_17)
FN:220,(anonymous_18)
FN:221,(anonymous_19)
FN:224,(anonymous_20)
FN:225,(anonymous_21)
FN:228,(anonymous_22)
FN:290,(anonymous_23)
FN:293,(anonymous_24)
FN:337,(anonymous_25)
FN:354,(anonymous_26)
FN:378,(anonymous_27)
FN:389,(anonymous_28)
FN:439,(anonymous_29)
FN:476,(anonymous_30)
FN:498,(anonymous_31)
FN:511,(anonymous_32)
FN:522,(anonymous_33)
FN:525,(anonymous_34)
FN:545,(anonymous_35)
FN:548,(anonymous_36)
FN:569,(anonymous_37)
FNF:38
FNH:0
FNDA:0,(anonymous_0)
FNDA:0,(anonymous_1)
FNDA:0,(anonymous_2)
FNDA:0,(anonymous_3)
FNDA:0,(anonymous_4)
FNDA:0,(anonymous_5)
FNDA:0,(anonymous_6)
FNDA:0,(anonymous_7)
FNDA:0,(anonymous_8)
FNDA:0,(anonymous_9)
FNDA:0,(anonymous_10)
FNDA:0,(anonymous_11)
FNDA:0,(anonymous_12)
FNDA:0,(anonymous_13)
FNDA:0,(anonymous_14)
FNDA:0,(anonymous_15)
FNDA:0,(anonymous_16)
FNDA:0,(anonymous_17)
FNDA:0,(anonymous_18)
FNDA:0,(anonymous_19)
FNDA:0,(anonymous_20)
FNDA:0,(anonymous_21)
FNDA:0,(anonymous_22)
FNDA:0,(anonymous_23)
FNDA:0,(anonymous_24)
FNDA:0,(anonymous_25)
FNDA:0,(anonymous_26)
FNDA:0,(anonymous_27)
FNDA:0,(anonymous_28)
FNDA:0,(anonymous_29)
FNDA:0,(anonymous_30)
FNDA:0,(anonymous_31)
FNDA:0,(anonymous_32)
FNDA:0,(anonymous_33)
FNDA:0,(anonymous_34)
FNDA:0,(anonymous_35)
FNDA:0,(anonymous_36)
FNDA:0,(anonymous_37)
DA:36,0
DA:37,0
DA:38,0
DA:39,0
DA:40,0
DA:41,0
DA:42,0
DA:43,0
DA:44,0
DA:45,0
DA:46,0
DA:49,0
DA:60,0
DA:62,0
DA:68,0
DA:75,0
DA:76,0
DA:77,0
DA:80,0
DA:81,0
DA:82,0
DA:83,0
DA:85,0
DA:86,0
DA:90,0
DA:91,0
DA:92,0
DA:100,0
DA:101,0
DA:102,0
DA:105,0
DA:109,0
DA:111,0
DA:112,0
DA:113,0
DA:116,0
DA:117,0
DA:118,0
DA:119,0
DA:121,0
DA:122,0
DA:123,0
DA:124,0
DA:127,0
DA:134,0
DA:139,0
DA:140,0
DA:149,0
DA:150,0
DA:154,0
DA:155,0
DA:156,0
DA:157,0
DA:159,0
DA:170,0
DA:171,0
DA:172,0
DA:175,0
DA:179,0
DA:180,0
DA:182,0
DA:183,0
DA:184,0
DA:186,0
DA:188,0
DA:189,0
DA:190,0
DA:192,0
DA:201,0
DA:202,0
DA:203,0
DA:204,0
DA:205,0
DA:207,0
DA:209,0
DA:210,0
DA:212,0
DA:216,0
DA:217,0
DA:220,0
DA:221,0
DA:224,0
DA:225,0
DA:228,0
DA:229,0
DA:230,0
DA:232,0
DA:233,0
DA:234,0
DA:235,0
DA:244,0
DA:247,0
DA:248,0
DA:256,0
DA:291,0
DA:293,0
DA:337,0
DA:354,0
DA:379,0
DA:389,0
DA:440,0
DA:477,0
DA:498,0
DA:511,0
DA:523,0
DA:525,0
DA:546,0
DA:548,0
DA:569,0
LF:109
LH:0
BRDA:86,0,0,0
BRDA:86,0,1,0
BRDA:100,1,0,0
BRDA:100,1,1,0
BRDA:111,2,0,0
BRDA:111,2,1,0
BRDA:119,3,0,0
BRDA:119,3,1,0
BRDA:149,4,0,0
BRDA:149,4,1,0
BRDA:149,5,0,0
BRDA:149,5,1,0
BRDA:157,6,0,0
BRDA:157,6,1,0
BRDA:170,7,0,0
BRDA:170,7,1,0
BRDA:180,8,0,0
BRDA:180,8,1,0
BRDA:189,9,0,0
BRDA:189,9,1,0
BRDA:190,10,0,0
BRDA:190,10,1,0
BRDA:247,11,0,0
BRDA:247,11,1,0
BRDA:295,12,0,0
BRDA:295,12,1,0
BRDA:297,13,0,0
BRDA:297,13,1,0
BRDA:308,14,0,0
BRDA:308,14,1,0
BRDA:339,15,0,0
BRDA:339,15,1,0
BRDA:356,16,0,0
BRDA:356,16,1,0
BRDA:373,17,0,0
BRDA:373,17,1,0
BRDA:382,18,0,0
BRDA:382,18,1,0
BRDA:382,18,2,0
BRDA:410,19,0,0
BRDA:410,19,1,0
BRDA:426,20,0,0
BRDA:426,20,1,0
BRDA:426,20,2,0
BRDA:429,21,0,0
BRDA:429,21,1,0
BRDA:435,22,0,0
BRDA:435,22,1,0
BRDA:446,23,0,0
BRDA:446,23,1,0
BRDA:453,24,0,0
BRDA:453,24,1,0
BRDA:454,25,0,0
BRDA:454,25,1,0
BRDA:457,26,0,0
BRDA:457,26,1,0
BRDA:458,27,0,0
BRDA:458,27,1,0
BRDA:472,28,0,0
BRDA:472,28,1,0
BRDA:472,28,2,0
BRDA:497,29,0,0
BRDA:497,29,1,0
BRDA:510,30,0,0
BRDA:510,30,1,0
BRDA:527,31,0,0
BRDA:527,31,1,0
BRDA:550,32,0,0
BRDA:550,32,1,0
BRDA:568,33,0,0
BRDA:568,33,1,0
BRF:71
BRH:0
end_of_record
TN:
SF:src\pages\LiteDashboard.tsx
FN:15,(anonymous_0)
FN:22,(anonymous_1)
FN:26,(anonymous_2)
FN:41,(anonymous_3)
FN:52,(anonymous_4)
FN:56,(anonymous_5)
FN:57,(anonymous_6)
FN:57,(anonymous_7)
FN:64,(anonymous_8)
FN:76,(anonymous_9)
FN:77,(anonymous_10)
FN:100,(anonymous_11)
FN:126,(anonymous_12)
FN:128,(anonymous_13)
FN:141,(anonymous_14)
FN:141,(anonymous_15)
FN:150,(anonymous_16)
FN:158,(anonymous_17)
FN:221,(anonymous_18)
FN:221,(anonymous_19)
FN:233,(anonymous_20)
FNF:21
FNH:0
FNDA:0,(anonymous_0)
FNDA:0,(anonymous_1)
FNDA:0,(anonymous_2)
FNDA:0,(anonymous_3)
FNDA:0,(anonymous_4)
FNDA:0,(anonymous_5)
FNDA:0,(anonymous_6)
FNDA:0,(anonymous_7)
FNDA:0,(anonymous_8)
FNDA:0,(anonymous_9)
FNDA:0,(anonymous_10)
FNDA:0,(anonymous_11)
FNDA:0,(anonymous_12)
FNDA:0,(anonymous_13)
FNDA:0,(anonymous_14)
FNDA:0,(anonymous_15)
FNDA:0,(anonymous_16)
FNDA:0,(anonymous_17)
FNDA:0,(anonymous_18)
FNDA:0,(anonymous_19)
FNDA:0,(anonymous_20)
DA:15,0
DA:16,0
DA:17,0
DA:18,0
DA:19,0
DA:20,0
DA:22,0
DA:23,0
DA:26,0
DA:27,0
DA:28,0
DA:30,0
DA:35,0
DA:37,0
DA:41,0
DA:42,0
DA:44,0
DA:52,0
DA:53,0
DA:56,0
DA:57,0
DA:58,0
DA:64,0
DA:65,0
DA:73,0
DA:76,0
DA:77,0
DA:79,0
DA:100,0
DA:126,0
DA:128,0
DA:141,0
DA:142,0
DA:150,0
DA:158,0
DA:221,0
DA:222,0
DA:233,0
LF:38
LH:0
BRDA:42,0,0,0
BRDA:42,0,1,0
BRDA:58,1,0,0
BRDA:58,1,1,0
BRDA:73,2,0,0
BRDA:73,2,1,0
BRDA:128,3,0,0
BRDA:128,3,1,0
BRDA:158,4,0,0
BRDA:158,4,1,0
BRDA:233,5,0,0
BRDA:233,5,1,0
BRF:12
BRH:0
end_of_record
TN:
SF:src\pages\Login.tsx
FN:5,(anonymous_0)
FN:13,(anonymous_1)
FN:28,(anonymous_2)
FN:92,(anonymous_3)
FN:108,(anonymous_4)
FN:156,(anonymous_5)
FN:164,(anonymous_6)
FNF:7
FNH:0
FNDA:0,(anonymous_0)
FNDA:0,(anonymous_1)
FNDA:0,(anonymous_2)
FNDA:0,(anonymous_3)
FNDA:0,(anonymous_4)
FNDA:0,(anonymous_5)
FNDA:0,(anonymous_6)
DA:5,0
DA:6,0
DA:7,0
DA:8,0
DA:9,0
DA:10,0
DA:11,0
DA:13,0
DA:14,0
DA:15,0
DA:16,0
DA:18,0
DA:19,0
DA:20,0
DA:22,0
DA:24,0
DA:28,0
DA:29,0
DA:30,0
DA:32,0
DA:37,0
DA:39,0
DA:40,0
DA:41,0
DA:42,0
DA:43,0
DA:45,0
DA:47,0
DA:51,0
DA:92,0
DA:108,0
DA:156,0
DA:164,0
LF:33
LH:0
BRDA:22,0,0,0
BRDA:22,0,1,0
BRDA:45,1,0,0
BRDA:45,1,1,0
BRDA:113,2,0,0
BRDA:113,2,1,0
BRDA:125,3,0,0
BRDA:125,3,1,0
BRF:8
BRH:0
end_of_record
TN:
SF:src\pages\ParentDashboard.tsx
FN:39,(anonymous_0)
FN:55,(anonymous_1)
FN:56,(anonymous_2)
FN:75,(anonymous_3)
FN:90,(anonymous_4)
FN:111,(anonymous_5)
FN:117,(anonymous_6)
FN:126,(anonymous_7)
FN:127,(anonymous_8)
FN:130,(anonymous_9)
FN:134,(anonymous_10)
FN:177,(anonymous_11)
FN:183,(anonymous_12)
FN:213,(anonymous_13)
FN:229,(anonymous_14)
FN:243,(anonymous_15)
FN:246,(anonymous_16)
FN:327,(anonymous_17)
FN:349,(anonymous_18)
FN:368,(anonymous_19)
FN:371,(anonymous_20)
FN:395,(anonymous_21)
FN:415,(anonymous_22)
FN:439,(anonymous_23)
FN:448,(anonymous_24)
FN:453,(anonymous_25)
FNF:26
FNH:0
FNDA:0,(anonymous_0)
FNDA:0,(anonymous_1)
FNDA:0,(anonymous_2)
FNDA:0,(anonymous_3)
FNDA:0,(anonymous_4)
FNDA:0,(anonymous_5)
FNDA:0,(anonymous_6)
FNDA:0,(anonymous_7)
FNDA:0,(anonymous_8)
FNDA:0,(anonymous_9)
FNDA:0,(anonymous_10)
FNDA:0,(anonymous_11)
FNDA:0,(anonymous_12)
FNDA:0,(anonymous_13)
FNDA:0,(anonymous_14)
FNDA:0,(anonymous_15)
FNDA:0,(anonymous_16)
FNDA:0,(anonymous_17)
FNDA:0,(anonymous_18)
FNDA:0,(anonymous_19)
FNDA:0,(anonymous_20)
FNDA:0,(anonymous_21)
FNDA:0,(anonymous_22)
FNDA:0,(anonymous_23)
FNDA:0,(anonymous_24)
FNDA:0,(anonymous_25)
DA:39,0
DA:40,0
DA:41,0
DA:42,0
DA:43,0
DA:44,0
DA:45,0
DA:46,0
DA:47,0
DA:48,0
DA:51,0
DA:52,0
DA:55,0
DA:56,0
DA:57,0
DA:59,0
DA:60,0
DA:61,0
DA:64,0
DA:65,0
DA:66,0
DA:67,0
DA:70,0
DA:71,0
DA:75,0
DA:76,0
DA:77,0
DA:78,0
DA:79,0
DA:82,0
DA:84,0
DA:87,0
DA:88,0
DA:90,0
DA:91,0
DA:92,0
DA:96,0
DA:98,0
DA:101,0
DA:102,0
DA:104,0
DA:108,0
DA:111,0
DA:112,0
DA:113,0
DA:117,0
DA:118,0
DA:119,0
DA:120,0
DA:122,0
DA:126,0
DA:127,0
DA:130,0
DA:131,0
DA:134,0
DA:135,0
DA:140,0
DA:143,0
DA:144,0
DA:155,0
DA:156,0
DA:158,0
DA:177,0
DA:183,0
DA:213,0
DA:229,0
DA:244,0
DA:246,0
DA:328,0
DA:350,0
DA:369,0
DA:371,0
DA:396,0
DA:416,0
DA:439,0
DA:448,0
DA:453,0
LF:77
LH:0
BRDA:57,0,0,0
BRDA:57,0,1,0
BRDA:57,1,0,0
BRDA:57,1,1,0
BRDA:65,2,0,0
BRDA:65,2,1,0
BRDA:70,3,0,0
BRDA:70,3,1,0
BRDA:70,4,0,0
BRDA:70,4,1,0
BRDA:78,5,0,0
BRDA:78,5,1,0
BRDA:91,6,0,0
BRDA:91,6,1,0
BRDA:102,7,0,0
BRDA:102,7,1,0
BRDA:112,8,0,0
BRDA:112,8,1,0
BRDA:112,9,0,0
BRDA:112,9,1,0
BRDA:131,10,0,0
BRDA:131,10,1,0
BRDA:143,11,0,0
BRDA:143,11,1,0
BRDA:143,12,0,0
BRDA:143,12,1,0
BRDA:207,13,0,0
BRDA:207,13,1,0
BRDA:223,14,0,0
BRDA:223,14,1,0
BRDA:223,14,2,0
BRDA:223,14,3,0
BRDA:238,15,0,0
BRDA:238,15,1,0
BRDA:249,16,0,0
BRDA:249,16,1,0
BRDA:274,17,0,0
BRDA:274,17,1,0
BRDA:332,18,0,0
BRDA:332,18,1,0
BRDA:338,19,0,0
BRDA:338,19,1,0
BRDA:374,20,0,0
BRDA:374,20,1,0
BRDA:394,21,0,0
BRDA:394,21,1,0
BRF:46
BRH:0
end_of_record
TN:
SF:src\pages\Register.tsx
FN:5,(anonymous_0)
FN:17,(anonymous_1)
FN:77,(anonymous_2)
FN:94,(anonymous_3)
FN:111,(anonymous_4)
FN:128,(anonymous_5)
FN:144,(anonymous_6)
FN:155,(anonymous_7)
FN:175,(anonymous_8)
FNF:9
FNH:0
FNDA:0,(anonymous_0)
FNDA:0,(anonymous_1)
FNDA:0,(anonymous_2)
FNDA:0,(anonymous_3)
FNDA:0,(anonymous_4)
FNDA:0,(anonymous_5)
FNDA:0,(anonymous_6)
FNDA:0,(anonymous_7)
FNDA:0,(anonymous_8)
DA:5,0
DA:6,0
DA:7,0
DA:8,0
DA:9,0
DA:10,0
DA:11,0
DA:12,0
DA:13,0
DA:14,0
DA:15,0
DA:17,0
DA:18,0
DA:19,0
DA:21,0
DA:22,0
DA:23,0
DA:26,0
DA:27,0
DA:28,0
DA:31,0
DA:32,0
DA:33,0
DA:36,0
DA:38,0
DA:39,0
DA:40,0
DA:42,0
DA:44,0
DA:48,0
DA:77,0
DA:94,0
DA:111,0
DA:128,0
DA:144,0
DA:155,0
DA:175,0
LF:37
LH:0
BRDA:21,0,0,0
BRDA:21,0,1,0
BRDA:26,1,0,0
BRDA:26,1,1,0
BRDA:31,2,0,0
BRDA:31,2,1,0
BRDA:31,3,0,0
BRDA:31,3,1,0
BRDA:39,4,0,0
BRDA:39,4,1,0
BRDA:42,5,0,0
BRDA:42,5,1,0
BRDA:162,6,0,0
BRDA:162,6,1,0
BRDA:184,7,0,0
BRDA:184,7,1,0
BRDA:196,8,0,0
BRDA:196,8,1,0
BRF:18
BRH:0
end_of_record
TN:
SF:src\pages\Rewards.tsx
FN:5,(anonymous_0)
FN:14,(anonymous_1)
FN:18,(anonymous_2)
FN:35,(anonymous_3)
FN:65,(anonymous_4)
FN:88,(anonymous_5)
FN:92,(anonymous_6)
FN:196,(anonymous_7)
FN:202,(anonymous_8)
FN:213,(anonymous_9)
FN:219,(anonymous_10)
FN:235,(anonymous_11)
FN:245,(anonymous_12)
FN:249,(anonymous_13)
FN:284,(anonymous_14)
FN:316,(anonymous_15)
FNF:16
FNH:0
FNDA:0,(anonymous_0)
FNDA:0,(anonymous_1)
FNDA:0,(anonymous_2)
FNDA:0,(anonymous_3)
FNDA:0,(anonymous_4)
FNDA:0,(anonymous_5)
FNDA:0,(anonymous_6)
FNDA:0,(anonymous_7)
FNDA:0,(anonymous_8)
FNDA:0,(anonymous_9)
FNDA:0,(anonymous_10)
FNDA:0,(anonymous_11)
FNDA:0,(anonymous_12)
FNDA:0,(anonymous_13)
FNDA:0,(anonymous_14)
FNDA:0,(anonymous_15)
DA:5,0
DA:6,0
DA:7,0
DA:8,0
DA:9,0
DA:10,0
DA:11,0
DA:12,0
DA:14,0
DA:15,0
DA:18,0
DA:19,0
DA:20,0
DA:21,0
DA:26,0
DA:27,0
DA:29,0
DA:31,0
DA:35,0
DA:36,0
DA:37,0
DA:38,0
DA:41,0
DA:42,0
DA:43,0
DA:48,0
DA:55,0
DA:56,0
DA:58,0
DA:59,0
DA:61,0
DA:65,0
DA:66,0
DA:67,0
DA:68,0
DA:71,0
DA:72,0
DA:73,0
DA:79,0
DA:80,0
DA:82,0
DA:83,0
DA:88,0
DA:89,0
DA:92,0
DA:93,0
DA:96,0
DA:97,0
DA:105,0
DA:196,0
DA:202,0
DA:213,0
DA:219,0
DA:235,0
DA:245,0
DA:249,0
DA:285,0
DA:316,0
LF:58
LH:0
BRDA:36,0,0,0
BRDA:36,0,1,0
BRDA:36,1,0,0
BRDA:36,1,1,0
BRDA:50,2,0,0
BRDA:50,2,1,0
BRDA:59,3,0,0
BRDA:59,3,1,0
BRDA:66,4,0,0
BRDA:66,4,1,0
BRDA:71,5,0,0
BRDA:71,5,1,0
BRDA:89,6,0,0
BRDA:89,6,1,0
BRDA:96,7,0,0
BRDA:96,7,1,0
BRDA:131,8,0,0
BRDA:131,8,1,0
BRDA:141,9,0,0
BRDA:141,9,1,0
BRDA:195,10,0,0
BRDA:195,10,1,0
BRDA:212,11,0,0
BRDA:212,11,1,0
BRDA:245,12,0,0
BRDA:245,12,1,0
BRDA:266,13,0,0
BRDA:266,13,1,0
BRDA:269,14,0,0
BRDA:269,14,1,0
BRDA:288,15,0,0
BRDA:288,15,1,0
BRDA:292,16,0,0
BRDA:292,16,1,0
BRDA:296,17,0,0
BRDA:296,17,1,0
BRDA:297,18,0,0
BRDA:297,18,1,0
BRDA:298,19,0,0
BRDA:298,19,1,0
BRDA:301,20,0,0
BRDA:301,20,1,0
BRDA:302,21,0,0
BRDA:302,21,1,0
BRDA:303,22,0,0
BRDA:303,22,1,0
BRDA:307,23,0,0
BRDA:307,23,1,0
BRDA:312,24,0,0
BRDA:312,24,1,0
BRDA:319,25,0,0
BRDA:319,25,1,0
BRDA:324,26,0,0
BRDA:324,26,1,0
BRF:54
BRH:0
end_of_record
TN:
SF:src\pages\TaskPlanning.tsx
FN:7,(anonymous_0)
FN:29,(anonymous_1)
FN:35,(anonymous_2)
FN:49,(anonymous_3)
FN:59,(anonymous_4)
FN:72,(anonymous_5)
FN:73,(anonymous_6)
FN:74,(anonymous_7)
FN:76,(anonymous_8)
FN:83,(anonymous_9)
FN:94,(anonymous_10)
FN:119,(anonymous_11)
FN:121,(anonymous_12)
FN:122,(anonymous_13)
FN:125,(anonymous_14)
FN:126,(anonymous_15)
FN:129,(anonymous_16)
FN:130,(anonymous_17)
FN:176,(anonymous_18)
FN:185,(anonymous_19)
FN:189,(anonymous_20)
FN:224,(anonymous_21)
FN:250,(anonymous_22)
FN:253,(anonymous_23)
FN:285,(anonymous_24)
FN:315,(anonymous_25)
FN:316,(anonymous_26)
FN:318,(anonymous_27)
FN:323,(anonymous_28)
FN:356,(anonymous_29)
FN:361,(anonymous_30)
FNF:31
FNH:0
FNDA:0,(anonymous_0)
FNDA:0,(anonymous_1)
FNDA:0,(anonymous_2)
FNDA:0,(anonymous_3)
FNDA:0,(anonymous_4)
FNDA:0,(anonymous_5)
FNDA:0,(anonymous_6)
FNDA:0,(anonymous_7)
FNDA:0,(anonymous_8)
FNDA:0,(anonymous_9)
FNDA:0,(anonymous_10)
FNDA:0,(anonymous_11)
FNDA:0,(anonymous_12)
FNDA:0,(anonymous_13)
FNDA:0,(anonymous_14)
FNDA:0,(anonymous_15)
FNDA:0,(anonymous_16)
FNDA:0,(anonymous_17)
FNDA:0,(anonymous_18)
FNDA:0,(anonymous_19)
FNDA:0,(anonymous_20)
FNDA:0,(anonymous_21)
FNDA:0,(anonymous_22)
FNDA:0,(anonymous_23)
FNDA:0,(anonymous_24)
FNDA:0,(anonymous_25)
FNDA:0,(anonymous_26)
FNDA:0,(anonymous_27)
FNDA:0,(anonymous_28)
FNDA:0,(anonymous_29)
FNDA:0,(anonymous_30)
DA:7,0
DA:8,0
DA:9,0
DA:10,0
DA:11,0
DA:12,0
DA:13,0
DA:14,0
DA:15,0
DA:16,0
DA:17,0
DA:18,0
DA:20,0
DA:29,0
DA:30,0
DA:31,0
DA:32,0
DA:35,0
DA:36,0
DA:37,0
DA:38,0
DA:39,0
DA:40,0
DA:42,0
DA:43,0
DA:45,0
DA:49,0
DA:50,0
DA:51,0
DA:52,0
DA:54,0
DA:55,0
DA:59,0
DA:60,0
DA:61,0
DA:62,0
DA:63,0
DA:65,0
DA:68,0
DA:72,0
DA:73,0
DA:74,0
DA:75,0
DA:76,0
DA:78,0
DA:83,0
DA:84,0
DA:86,0
DA:87,0
DA:90,0
DA:92,0
DA:94,0
DA:95,0
DA:96,0
DA:104,0
DA:105,0
DA:108,0
DA:110,0
DA:111,0
DA:113,0
DA:117,0
DA:119,0
DA:121,0
DA:122,0
DA:125,0
DA:126,0
DA:129,0
DA:130,0
DA:133,0
DA:134,0
DA:142,0
DA:176,0
DA:186,0
DA:189,0
DA:225,0
DA:251,0
DA:253,0
DA:286,0
DA:315,0
DA:316,0
DA:318,0
DA:323,0
DA:357,0
DA:361,0
LF:84
LH:0
BRDA:43,0,0,0
BRDA:43,0,1,0
BRDA:55,1,0,0
BRDA:55,1,1,0
BRDA:63,2,0,0
BRDA:63,2,1,0
BRDA:75,3,0,0
BRDA:75,3,1,0
BRDA:84,4,0,0
BRDA:84,4,1,0
BRDA:95,5,0,0
BRDA:95,5,1,0
BRDA:117,6,0,0
BRDA:117,6,1,0
BRDA:133,7,0,0
BRDA:133,7,1,0
BRDA:181,8,0,0
BRDA:181,8,1,0
BRDA:214,9,0,0
BRDA:214,9,1,0
BRDA:220,10,0,0
BRDA:220,10,1,0
BRDA:229,11,0,0
BRDA:229,11,1,0
BRDA:230,12,0,0
BRDA:230,12,1,0
BRDA:233,13,0,0
BRDA:233,13,1,0
BRDA:234,14,0,0
BRDA:234,14,1,0
BRDA:255,15,0,0
BRDA:255,15,1,0
BRDA:268,16,0,0
BRDA:268,16,1,0
BRDA:278,17,0,0
BRDA:278,17,1,0
BRDA:301,18,0,0
BRDA:301,18,1,0
BRDA:302,19,0,0
BRDA:302,19,1,0
BRDA:305,20,0,0
BRDA:305,20,1,0
BRDA:306,21,0,0
BRDA:306,21,1,0
BRDA:316,22,0,0
BRDA:316,22,1,0
BRDA:318,23,0,0
BRDA:318,23,1,0
BRDA:318,24,0,0
BRDA:318,24,1,0
BRDA:323,25,0,0
BRDA:323,25,1,0
BRDA:324,26,0,0
BRDA:324,26,1,0
BRDA:343,27,0,0
BRDA:343,27,1,0
BRDA:348,28,0,0
BRDA:348,28,1,0
BRDA:361,29,0,0
BRDA:361,29,1,0
BRDA:363,30,0,0
BRDA:363,30,1,0
BRF:62
BRH:0
end_of_record
TN:
SF:src\pages\TodayTasks.tsx
FN:13,(anonymous_0)
FN:25,(anonymous_1)
FN:30,(anonymous_2)
FN:44,(anonymous_3)
FN:53,(anonymous_4)
FN:68,(anonymous_5)
FN:76,(anonymous_6)
FN:87,(anonymous_7)
FN:100,(anonymous_8)
FN:115,(anonymous_9)
FN:116,(anonymous_10)
FN:119,(anonymous_11)
FN:120,(anonymous_12)
FN:125,(anonymous_13)
FN:165,(anonymous_14)
FN:239,(anonymous_15)
FN:245,(anonymous_16)
FN:251,(anonymous_17)
FN:277,(anonymous_18)
FN:297,(anonymous_19)
FN:317,(anonymous_20)
FN:336,(anonymous_21)
FN:351,(anonymous_22)
FNF:23
FNH:0
FNDA:0,(anonymous_0)
FNDA:0,(anonymous_1)
FNDA:0,(anonymous_2)
FNDA:0,(anonymous_3)
FNDA:0,(anonymous_4)
FNDA:0,(anonymous_5)
FNDA:0,(anonymous_6)
FNDA:0,(anonymous_7)
FNDA:0,(anonymous_8)
FNDA:0,(anonymous_9)
FNDA:0,(anonymous_10)
FNDA:0,(anonymous_11)
FNDA:0,(anonymous_12)
FNDA:0,(anonymous_13)
FNDA:0,(anonymous_14)
FNDA:0,(anonymous_15)
FNDA:0,(anonymous_16)
FNDA:0,(anonymous_17)
FNDA:0,(anonymous_18)
FNDA:0,(anonymous_19)
FNDA:0,(anonymous_20)
FNDA:0,(anonymous_21)
FNDA:0,(anonymous_22)
DA:13,0
DA:14,0
DA:15,0
DA:16,0
DA:17,0
DA:18,0
DA:19,0
DA:20,0
DA:21,0
DA:22,0
DA:23,0
DA:25,0
DA:26,0
DA:27,0
DA:30,0
DA:31,0
DA:32,0
DA:33,0
DA:34,0
DA:35,0
DA:37,0
DA:38,0
DA:40,0
DA:44,0
DA:45,0
DA:46,0
DA:47,0
DA:49,0
DA:53,0
DA:58,0
DA:59,0
DA:60,0
DA:65,0
DA:66,0
DA:67,0
DA:68,0
DA:69,0
DA:70,0
DA:71,0
DA:76,0
DA:82,0
DA:83,0
DA:87,0
DA:88,0
DA:89,0
DA:90,0
DA:91,0
DA:92,0
DA:94,0
DA:95,0
DA:100,0
DA:101,0
DA:102,0
DA:104,0
DA:106,0
DA:107,0
DA:108,0
DA:110,0
DA:111,0
DA:115,0
DA:116,0
DA:119,0
DA:120,0
DA:121,0
DA:125,0
DA:126,0
DA:127,0
DA:128,0
DA:131,0
DA:132,0
DA:142,0
DA:165,0
DA:239,0
DA:245,0
DA:251,0
DA:278,0
DA:298,0
DA:318,0
DA:336,0
DA:352,0
DA:353,0
LF:81
LH:0
BRDA:38,0,0,0
BRDA:38,0,1,0
BRDA:59,1,0,0
BRDA:59,1,1,0
BRDA:67,2,0,0
BRDA:67,2,1,0
BRDA:69,3,0,0
BRDA:69,3,1,0
BRDA:70,4,0,0
BRDA:70,4,1,0
BRDA:70,4,2,0
BRDA:88,5,0,0
BRDA:88,5,1,0
BRDA:102,6,0,0
BRDA:102,6,1,0
BRDA:121,7,0,0
BRDA:121,7,1,0
BRDA:121,7,2,0
BRDA:126,8,0,0
BRDA:126,8,1,0
BRDA:131,9,0,0
BRDA:131,9,1,0
BRDA:161,10,0,0
BRDA:161,10,1,0
BRDA:161,11,0,0
BRDA:161,11,1,0
BRDA:177,12,0,0
BRDA:177,12,1,0
BRDA:226,13,0,0
BRDA:226,13,1,0
BRDA:229,14,0,0
BRDA:229,14,1,0
BRDA:270,15,0,0
BRDA:270,15,1,0
BRDA:290,16,0,0
BRDA:290,16,1,0
BRDA:310,17,0,0
BRDA:310,17,1,0
BRDA:330,18,0,0
BRDA:330,18,1,0
BRDA:349,19,0,0
BRDA:349,19,1,0
BRDA:349,19,2,0
BRDA:349,19,3,0
BRF:44
BRH:0
end_of_record
TN:
SF:src\services\api.ts
FN:4,(anonymous_0)
FN:8,(anonymous_1)
FN:26,(anonymous_2)
FN:34,(anonymous_3)
FN:39,(anonymous_4)
FN:43,(anonymous_5)
FN:50,(anonymous_6)
FN:57,(anonymous_7)
FN:64,(anonymous_8)
FN:69,(anonymous_9)
FN:76,(anonymous_10)
FN:83,(anonymous_11)
FN:89,(anonymous_12)
FN:95,(anonymous_13)
FN:102,(anonymous_14)
FN:107,(anonymous_15)
FN:115,(anonymous_16)
FN:122,(anonymous_17)
FN:127,(anonymous_18)
FN:132,(anonymous_19)
FN:137,(anonymous_20)
FN:144,(anonymous_21)
FN:151,(anonymous_22)
FN:156,(anonymous_23)
FN:162,(anonymous_24)
FN:167,(anonymous_25)
FN:173,(anonymous_26)
FN:177,(anonymous_27)
FN:181,(anonymous_28)
FN:186,(anonymous_29)
FN:190,(anonymous_30)
FN:198,(anonymous_31)
FNF:32
FNH:0
FNDA:0,(anonymous_0)
FNDA:0,(anonymous_1)
FNDA:0,(anonymous_2)
FNDA:0,(anonymous_3)
FNDA:0,(anonymous_4)
FNDA:0,(anonymous_5)
FNDA:0,(anonymous_6)
FNDA:0,(anonymous_7)
FNDA:0,(anonymous_8)
FNDA:0,(anonymous_9)
FNDA:0,(anonymous_10)
FNDA:0,(anonymous_11)
FNDA:0,(anonymous_12)
FNDA:0,(anonymous_13)
FNDA:0,(anonymous_14)
FNDA:0,(anonymous_15)
FNDA:0,(anonymous_16)
FNDA:0,(anonymous_17)
FNDA:0,(anonymous_18)
FNDA:0,(anonymous_19)
FNDA:0,(anonymous_20)
FNDA:0,(anonymous_21)
FNDA:0,(anonymous_22)
FNDA:0,(anonymous_23)
FNDA:0,(anonymous_24)
FNDA:0,(anonymous_25)
FNDA:0,(anonymous_26)
FNDA:0,(anonymous_27)
FNDA:0,(anonymous_28)
FNDA:0,(anonymous_29)
FNDA:0,(anonymous_30)
FNDA:0,(anonymous_31)
DA:1,0
DA:5,0
DA:12,0
DA:14,0
DA:23,0
DA:25,0
DA:26,0
DA:27,0
DA:30,0
DA:35,0
DA:36,0
DA:40,0
DA:44,0
DA:51,0
DA:58,0
DA:65,0
DA:66,0
DA:70,0
DA:77,0
DA:84,0
DA:90,0
DA:91,0
DA:96,0
DA:103,0
DA:104,0
DA:108,0
DA:116,0
DA:123,0
DA:124,0
DA:128,0
DA:133,0
DA:134,0
DA:138,0
DA:145,0
DA:152,0
DA:153,0
DA:157,0
DA:158,0
DA:163,0
DA:168,0
DA:169,0
DA:174,0
DA:178,0
DA:182,0
DA:187,0
DA:191,0
DA:199,0
DA:200,0
DA:204,0
LF:49
LH:0
BRDA:1,0,0,0
BRDA:1,0,1,0
BRDA:1,0,2,0
BRDA:10,1,0,0
BRDA:17,2,0,0
BRDA:17,2,1,0
BRDA:25,3,0,0
BRDA:25,3,1,0
BRDA:27,4,0,0
BRDA:27,4,1,0
BRDA:36,5,0,0
BRDA:36,5,1,0
BRDA:66,6,0,0
BRDA:66,6,1,0
BRDA:91,7,0,0
BRDA:91,7,1,0
BRDA:104,8,0,0
BRDA:104,8,1,0
BRDA:124,9,0,0
BRDA:124,9,1,0
BRDA:134,10,0,0
BRDA:134,10,1,0
BRDA:153,11,0,0
BRDA:153,11,1,0
BRDA:158,12,0,0
BRDA:158,12,1,0
BRDA:169,13,0,0
BRDA:169,13,1,0
BRDA:200,14,0,0
BRDA:200,14,1,0
BRF:30
BRH:0
end_of_record
TN:
SF:src\services\compatibleApi.ts
FN:149,(anonymous_0)
FN:157,(anonymous_1)
FN:164,(anonymous_2)
FN:165,(anonymous_3)
FN:172,(anonymous_4)
FN:188,(anonymous_5)
FN:195,(anonymous_6)
FN:214,(anonymous_7)
FN:215,(anonymous_8)
FN:240,(anonymous_9)
FN:248,(anonymous_10)
FN:295,(anonymous_11)
FN:300,(anonymous_12)
FN:300,(anonymous_13)
FN:301,(anonymous_14)
FN:301,(anonymous_15)
FN:324,(anonymous_16)
FN:349,(anonymous_17)
FN:352,(anonymous_18)
FN:387,(anonymous_19)
FN:410,(anonymous_20)
FN:436,(anonymous_21)
FN:484,(anonymous_22)
FN:519,(anonymous_23)
FN:533,(anonymous_24)
FN:538,(anonymous_25)
FNF:26
FNH:0
FNDA:0,(anonymous_0)
FNDA:0,(anonymous_1)
FNDA:0,(anonymous_2)
FNDA:0,(anonymous_3)
FNDA:0,(anonymous_4)
FNDA:0,(anonymous_5)
FNDA:0,(anonymous_6)
FNDA:0,(anonymous_7)
FNDA:0,(anonymous_8)
FNDA:0,(anonymous_9)
FNDA:0,(anonymous_10)
FNDA:0,(anonymous_11)
FNDA:0,(anonymous_12)
FNDA:0,(anonymous_13)
FNDA:0,(anonymous_14)
FNDA:0,(anonymous_15)
FNDA:0,(anonymous_16)
FNDA:0,(anonymous_17)
FNDA:0,(anonymous_18)
FNDA:0,(anonymous_19)
FNDA:0,(anonymous_20)
FNDA:0,(anonymous_21)
FNDA:0,(anonymous_22)
FNDA:0,(anonymous_23)
FNDA:0,(anonymous_24)
FNDA:0,(anonymous_25)
DA:5,0
DA:84,0
DA:117,0
DA:147,0
DA:150,0
DA:158,0
DA:165,0
DA:166,0
DA:173,0
DA:179,0
DA:181,0
DA:189,0
DA:196,0
DA:206,0
DA:208,0
DA:215,0
DA:216,0
DA:217,0
DA:220,0
DA:226,0
DA:227,0
DA:228,0
DA:231,0
DA:233,0
DA:241,0
DA:249,0
DA:293,0
DA:294,0
DA:295,0
DA:298,0
DA:300,0
DA:301,0
DA:306,0
DA:308,0
DA:325,0
DA:328,0
DA:337,0
DA:344,0
DA:349,0
DA:350,0
DA:351,0
DA:352,0
DA:355,0
DA:359,0
DA:368,0
DA:369,0
DA:371,0
DA:374,0
DA:375,0
DA:376,0
DA:377,0
DA:380,0
DA:387,0
DA:389,0
DA:391,0
DA:392,0
DA:396,0
DA:397,0
DA:398,0
DA:400,0
DA:401,0
DA:404,0
DA:410,0
DA:411,0
DA:414,0
DA:415,0
DA:422,0
DA:425,0
DA:430,0
DA:436,0
DA:440,0
DA:442,0
DA:445,0
DA:449,0
DA:450,0
DA:451,0
DA:455,0
DA:457,0
DA:458,0
DA:459,0
DA:462,0
DA:463,0
DA:466,0
DA:467,0
DA:471,0
DA:472,0
DA:473,0
DA:476,0
DA:477,0
DA:484,0
DA:487,0
DA:491,0
DA:492,0
DA:493,0
DA:497,0
DA:498,0
DA:499,0
DA:503,0
DA:504,0
DA:505,0
DA:506,0
DA:507,0
DA:512,0
DA:513,0
DA:519,0
DA:520,0
DA:525,0
DA:526,0
DA:532,0
DA:533,0
DA:534,0
DA:535,0
DA:538,0
DA:539,0
DA:540,0
DA:541,0
DA:546,0
LF:117
LH:0
BRDA:216,0,0,0
BRDA:216,0,1,0
BRDA:226,1,0,0
BRDA:226,1,1,0
BRDA:228,2,0,0
BRDA:228,2,1,0
BRDA:294,3,0,0
BRDA:294,3,1,0
BRDA:294,4,0,0
BRDA:294,4,1,0
BRDA:303,5,0,0
BRDA:303,5,1,0
BRDA:304,6,0,0
BRDA:304,6,1,0
BRDA:315,7,0,0
BRDA:315,7,1,0
BRDA:316,8,0,0
BRDA:316,8,1,0
BRDA:324,9,0,0
BRDA:349,10,0,0
BRDA:355,11,0,0
BRDA:355,11,1,0
BRDA:374,12,0,0
BRDA:374,12,1,0
BRDA:376,13,0,0
BRDA:376,13,1,0
BRDA:376,14,0,0
BRDA:376,14,1,0
BRDA:391,15,0,0
BRDA:391,15,1,0
BRDA:410,16,0,0
BRDA:414,17,0,0
BRDA:414,17,1,0
BRDA:414,18,0,0
BRDA:414,18,1,0
BRDA:436,19,0,0
BRDA:440,20,0,0
BRDA:440,21,0,0
BRDA:445,22,0,0
BRDA:445,22,1,0
BRDA:445,22,2,0
BRDA:449,23,0,0
BRDA:449,23,1,0
BRDA:457,24,0,0
BRDA:457,24,1,0
BRDA:462,25,0,0
BRDA:462,25,1,0
BRDA:487,26,0,0
BRDA:487,26,1,0
BRDA:487,26,2,0
BRDA:491,27,0,0
BRDA:491,27,1,0
BRDA:497,28,0,0
BRDA:497,28,1,0
BRDA:504,29,0,0
BRDA:504,29,1,0
BRDA:505,30,0,0
BRDA:505,30,1,0
BRDA:532,31,0,0
BRDA:532,31,1,0
BRF:60
BRH:0
end_of_record
TN:
SF:src\services\compatibleAuth.ts
FN:8,(anonymous_0)
FN:9,(anonymous_1)
FN:48,(anonymous_2)
FN:51,(anonymous_3)
FN:98,(anonymous_4)
FN:111,(anonymous_5)
FN:112,(anonymous_6)
FN:128,(anonymous_7)
FN:140,(anonymous_8)
FN:141,(anonymous_9)
FN:175,(anonymous_10)
FN:186,(anonymous_11)
FN:216,(anonymous_12)
FN:237,(anonymous_13)
FN:246,(anonymous_14)
FN:251,(anonymous_15)
FN:257,(anonymous_16)
FN:264,(anonymous_17)
FN:277,(anonymous_18)
FNF:19
FNH:0
FNDA:0,(anonymous_0)
FNDA:0,(anonymous_1)
FNDA:0,(anonymous_2)
FNDA:0,(anonymous_3)
FNDA:0,(anonymous_4)
FNDA:0,(anonymous_5)
FNDA:0,(anonymous_6)
FNDA:0,(anonymous_7)
FNDA:0,(anonymous_8)
FNDA:0,(anonymous_9)
FNDA:0,(anonymous_10)
FNDA:0,(anonymous_11)
FNDA:0,(anonymous_12)
FNDA:0,(anonymous_13)
FNDA:0,(anonymous_14)
FNDA:0,(anonymous_15)
FNDA:0,(anonymous_16)
FNDA:0,(anonymous_17)
FNDA:0,(anonymous_18)
DA:3,1
DA:6,1
DA:9,0
DA:11,0
DA:12,0
DA:15,0
DA:16,0
DA:17,0
DA:20,0
DA:21,0
DA:22,0
DA:23,0
DA:26,0
DA:27,0
DA:28,0
DA:29,0
DA:30,0
DA:32,0
DA:33,0
DA:34,0
DA:35,0
DA:36,0
DA:39,0
DA:40,0
DA:41,0
DA:42,0
DA:43,0
DA:45,0
DA:48,0
DA:49,0
DA:51,0
DA:52,0
DA:55,0
DA:77,0
DA:78,0
DA:79,0
DA:81,0
DA:83,0
DA:87,0
DA:88,0
DA:91,0
DA:93,0
DA:94,0
DA:98,0
DA:99,0
DA:101,0
DA:102,0
DA:106,0
DA:112,0
DA:114,0
DA:115,0
DA:117,0
DA:118,0
DA:119,0
DA:121,0
DA:122,0
DA:123,0
DA:124,0
DA:127,0
DA:128,0
DA:129,0
DA:130,0
DA:131,0
DA:132,0
DA:133,0
DA:134,0
DA:138,0
DA:140,0
DA:141,0
DA:142,0
DA:163,0
DA:164,0
DA:165,0
DA:167,0
DA:170,0
DA:171,0
DA:175,0
DA:176,0
DA:177,0
DA:178,0
DA:181,0
DA:188,0
DA:189,0
DA:190,0
DA:192,0
DA:193,0
DA:196,0
DA:217,0
DA:220,0
DA:228,0
DA:229,0
DA:230,0
DA:233,0
DA:238,0
DA:239,0
DA:240,0
DA:241,0
DA:242,0
DA:247,0
DA:252,0
DA:257,1
DA:259,0
DA:262,0
DA:264,0
DA:265,0
DA:266,0
DA:270,0
DA:272,0
DA:277,0
DA:278,0
DA:279,0
DA:285,0
LF:112
LH:3
BRDA:3,0,0,0
BRDA:3,0,1,1
BRDA:59,1,0,0
BRDA:59,1,1,0
BRDA:60,2,0,0
BRDA:60,2,1,0
BRDA:127,3,0,0
BRDA:127,3,1,0
BRDA:129,4,0,0
BRDA:129,4,1,0
BRDA:192,5,0,0
BRDA:192,5,1,0
BRDA:192,6,0,0
BRDA:192,6,1,0
BRDA:192,6,2,0
BRDA:199,7,0,0
BRDA:199,7,1,0
BRDA:222,8,0,0
BRDA:222,8,1,0
BRDA:223,9,0,0
BRDA:223,9,1,0
BRDA:229,10,0,0
BRDA:229,10,1,0
BRDA:262,11,0,0
BRDA:262,11,1,0
BRDA:278,12,0,0
BRDA:278,12,1,0
BRF:27
BRH:1
end_of_record
TN:
SF:src\services\mongoAuth.ts
FN:7,(anonymous_0)
FN:39,(anonymous_1)
FN:65,(anonymous_2)
FN:74,(anonymous_3)
FN:102,(anonymous_4)
FN:131,(anonymous_5)
FN:136,(anonymous_6)
FNF:7
FNH:0
FNDA:0,(anonymous_0)
FNDA:0,(anonymous_1)
FNDA:0,(anonymous_2)
FNDA:0,(anonymous_3)
FNDA:0,(anonymous_4)
FNDA:0,(anonymous_5)
FNDA:0,(anonymous_6)
DA:3,0
DA:5,0
DA:8,0
DA:9,0
DA:23,0
DA:25,0
DA:26,0
DA:30,0
DA:32,0
DA:34,0
DA:40,0
DA:41,0
DA:49,0
DA:51,0
DA:52,0
DA:56,0
DA:58,0
DA:60,0
DA:66,0
DA:67,0
DA:69,0
DA:75,0
DA:76,0
DA:77,0
DA:78,0
DA:81,0
DA:89,0
DA:91,0
DA:92,0
DA:95,0
DA:97,0
DA:103,0
DA:104,0
DA:105,0
DA:106,0
DA:109,0
DA:118,0
DA:120,0
DA:121,0
DA:124,0
DA:126,0
DA:132,0
DA:137,0
LF:43
LH:0
BRDA:3,0,0,0
BRDA:3,0,1,0
BRDA:25,1,0,0
BRDA:25,1,1,0
BRDA:26,2,0,0
BRDA:26,2,1,0
BRDA:51,3,0,0
BRDA:51,3,1,0
BRDA:52,4,0,0
BRDA:52,4,1,0
BRDA:77,5,0,0
BRDA:77,5,1,0
BRDA:91,6,0,0
BRDA:91,6,1,0
BRDA:92,7,0,0
BRDA:92,7,1,0
BRDA:105,8,0,0
BRDA:105,8,1,0
BRDA:120,9,0,0
BRDA:120,9,1,0
BRDA:121,10,0,0
BRDA:121,10,1,0
BRF:22
BRH:0
end_of_record
TN:
SF:src\services\upload.ts
FN:19,(anonymous_0)
FN:25,(anonymous_1)
FN:61,(anonymous_2)
FN:97,(anonymous_3)
FN:112,(anonymous_4)
FN:124,(anonymous_5)
FN:144,(anonymous_6)
FN:147,(anonymous_7)
FN:154,(anonymous_8)
FN:156,(anonymous_9)
FN:170,(anonymous_10)
FN:180,(anonymous_11)
FN:190,(anonymous_12)
FN:200,(anonymous_13)
FN:213,(anonymous_14)
FNF:15
FNH:4
FNDA:2,(anonymous_0)
FNDA:5,(anonymous_1)
FNDA:0,(anonymous_2)
FNDA:0,(anonymous_3)
FNDA:0,(anonymous_4)
FNDA:0,(anonymous_5)
FNDA:0,(anonymous_6)
FNDA:0,(anonymous_7)
FNDA:0,(anonymous_8)
FNDA:0,(anonymous_9)
FNDA:0,(anonymous_10)
FNDA:0,(anonymous_11)
FNDA:0,(anonymous_12)
FNDA:14,(anonymous_13)
FNDA:9,(anonymous_14)
DA:20,2
DA:21,2
DA:22,2
DA:27,5
DA:28,5
DA:29,1
DA:33,4
DA:54,4
DA:55,1
DA:58,3
DA:68,0
DA:69,0
DA:70,0
DA:73,0
DA:75,0
DA:76,0
DA:79,0
DA:82,0
DA:84,0
DA:92,0
DA:93,0
DA:103,0
DA:105,0
DA:106,0
DA:107,0
DA:108,0
DA:112,0
DA:114,0
DA:116,0
DA:117,0
DA:121,0
DA:129,0
DA:130,0
DA:134,0
DA:135,0
DA:137,0
DA:138,0
DA:140,0
DA:141,0
DA:143,0
DA:144,0
DA:145,0
DA:146,0
DA:147,0
DA:148,0
DA:149,0
DA:151,0
DA:154,0
DA:155,0
DA:156,0
DA:157,0
DA:158,0
DA:166,0
DA:174,0
DA:175,0
DA:176,0
DA:177,0
DA:178,0
DA:180,0
DA:182,0
DA:184,0
DA:187,0
DA:191,0
DA:192,0
DA:193,0
DA:195,0
DA:196,0
DA:201,14
DA:203,14
DA:204,14
DA:205,14
DA:207,14
DA:208,10
DA:209,6
DA:210,3
DA:214,9
DA:215,8
DA:216,8
DA:217,8
DA:218,8
DA:222,1
LF:81
LH:24
BRDA:28,0,0,1
BRDA:28,0,1,4
BRDA:54,1,0,1
BRDA:54,1,1,3
BRDA:69,2,0,0
BRDA:69,2,1,0
BRDA:112,3,0,0
BRDA:112,3,1,0
BRDA:134,4,0,0
BRDA:134,4,1,0
BRDA:137,5,0,0
BRDA:137,5,1,0
BRDA:148,6,0,0
BRDA:148,6,1,0
BRDA:148,7,0,0
BRDA:148,7,1,0
BRDA:151,8,0,0
BRDA:151,8,1,0
BRDA:155,9,0,0
BRDA:155,9,1,0
BRDA:155,10,0,0
BRDA:155,10,1,0
BRDA:157,11,0,0
BRDA:157,11,1,0
BRDA:180,12,0,0
BRDA:180,12,1,0
BRDA:201,13,0,14
BRDA:201,13,1,0
BRDA:207,14,0,4
BRDA:207,14,1,10
BRDA:208,15,0,4
BRDA:208,15,1,6
BRDA:209,16,0,3
BRDA:209,16,1,3
BRDA:214,17,0,1
BRDA:214,17,1,8
BRF:36
BRH:13
end_of_record
TN:
SF:src\types\index.ts
FNF:0
FNH:0
LF:0
LH:0
BRF:0
BRH:0
end_of_record
TN:
SF:src\utils\errorHandling.tsx
FN:47,(anonymous_0)
FN:63,(anonymous_1)
FN:83,(anonymous_2)
FN:104,(anonymous_3)
FN:126,(anonymous_4)
FN:163,(anonymous_5)
FN:189,(anonymous_6)
FN:209,(anonymous_7)
FN:230,(anonymous_8)
FN:266,(anonymous_9)
FN:318,(anonymous_10)
FN:334,(anonymous_11)
FN:337,(anonymous_12)
FN:338,(anonymous_13)
FN:341,(anonymous_14)
FN:343,(anonymous_15)
FN:346,(anonymous_16)
FN:347,(anonymous_17)
FN:350,(anonymous_18)
FN:366,(anonymous_19)
FN:400,(anonymous_20)
FNF:21
FNH:15
FNDA:9,(anonymous_0)
FNDA:3,(anonymous_1)
FNDA:103,(anonymous_2)
FNDA:1,(anonymous_3)
FNDA:213,(anonymous_4)
FNDA:6,(anonymous_5)
FNDA:107,(anonymous_6)
FNDA:100,(anonymous_7)
FNDA:6,(anonymous_8)
FNDA:6,(anonymous_9)
FNDA:0,(anonymous_10)
FNDA:4,(anonymous_11)
FNDA:0,(anonymous_12)
FNDA:0,(anonymous_13)
FNDA:100,(anonymous_14)
FNDA:100,(anonymous_15)
FNDA:0,(anonymous_16)
FNDA:0,(anonymous_17)
FNDA:0,(anonymous_18)
FNDA:6,(anonymous_19)
FNDA:7,(anonymous_20)
DA:47,1
DA:48,9
DA:63,1
DA:67,3
DA:83,1
DA:87,103
DA:104,1
DA:108,1
DA:126,1
DA:127,213
DA:129,213
DA:130,213
DA:133,213
DA:134,0
DA:136,213
DA:137,0
DA:139,213
DA:140,1
DA:144,212
DA:145,0
DA:147,212
DA:148,0
DA:150,212
DA:151,0
DA:153,212
DA:154,0
DA:157,212
DA:163,1
DA:164,6
DA:165,6
DA:167,6
DA:169,0
DA:171,0
DA:173,0
DA:175,0
DA:177,0
DA:179,0
DA:181,6
DA:182,6
DA:189,1
DA:190,107
DA:192,107
DA:196,1
DA:200,0
DA:202,106
DA:209,1
DA:213,100
DA:230,1
DA:231,6
DA:237,6
DA:266,1
DA:267,6
DA:269,6
DA:271,6
DA:277,6
DA:283,6
DA:318,1
DA:319,0
DA:334,1
DA:335,4
DA:337,4
DA:338,0
DA:341,4
DA:342,100
DA:343,100
DA:346,4
DA:347,0
DA:350,4
DA:351,0
DA:354,4
DA:366,1
DA:380,6
DA:384,6
DA:385,13
DA:386,13
DA:388,9
DA:390,9
DA:391,2
DA:394,7
DA:396,7
DA:397,1
DA:400,7
DA:404,0
LF:83
LH:65
BRDA:47,0,0,7
BRDA:127,1,0,0
BRDA:127,1,1,213
BRDA:129,2,0,0
BRDA:129,2,1,213
BRDA:129,3,0,213
BRDA:129,3,1,0
BRDA:130,4,0,213
BRDA:130,4,1,0
BRDA:133,5,0,0
BRDA:133,5,1,213
BRDA:133,6,0,213
BRDA:133,6,1,0
BRDA:136,7,0,0
BRDA:136,7,1,213
BRDA:136,8,0,213
BRDA:136,8,1,213
BRDA:139,9,0,1
BRDA:139,9,1,212
BRDA:139,10,0,213
BRDA:139,10,1,212
BRDA:144,11,0,0
BRDA:144,11,1,212
BRDA:144,12,0,212
BRDA:144,12,1,212
BRDA:144,12,2,212
BRDA:147,13,0,0
BRDA:147,13,1,212
BRDA:147,14,0,212
BRDA:147,14,1,212
BRDA:147,14,2,212
BRDA:150,15,0,0
BRDA:150,15,1,212
BRDA:150,16,0,212
BRDA:150,16,1,0
BRDA:153,17,0,0
BRDA:153,17,1,212
BRDA:165,18,0,6
BRDA:165,18,1,0
BRDA:167,19,0,0
BRDA:167,19,1,0
BRDA:167,19,2,0
BRDA:167,19,3,0
BRDA:167,19,4,0
BRDA:167,19,5,0
BRDA:167,19,6,6
BRDA:181,20,0,0
BRDA:181,20,1,6
BRDA:182,21,0,6
BRDA:182,21,1,0
BRDA:192,22,0,1
BRDA:192,22,1,1
BRDA:192,22,2,1
BRDA:192,22,3,0
BRDA:192,22,4,0
BRDA:192,22,5,0
BRDA:192,22,6,106
BRDA:215,23,0,0
BRDA:215,23,1,100
BRDA:215,24,0,100
BRDA:215,24,1,0
BRDA:230,25,0,5
BRDA:230,26,0,5
BRDA:240,27,0,6
BRDA:240,27,1,1
BRDA:243,28,0,6
BRDA:243,28,1,1
BRDA:266,29,0,6
BRDA:266,30,0,6
BRDA:266,31,0,5
BRDA:267,32,0,0
BRDA:267,32,1,6
BRDA:291,33,0,6
BRDA:291,33,1,0
BRDA:295,34,0,6
BRDA:295,34,1,6
BRDA:295,34,2,5
BRDA:295,34,3,5
BRDA:318,35,0,0
BRDA:318,36,0,0
BRDA:323,37,0,0
BRDA:323,37,1,0
BRDA:368,38,0,1
BRDA:376,39,0,1
BRDA:377,40,0,1
BRDA:378,41,0,6
BRDA:390,42,0,2
BRDA:390,42,1,7
BRDA:390,43,0,9
BRDA:390,43,1,7
BRDA:396,44,0,1
BRDA:396,44,1,6
BRF:92
BRH:60
end_of_record
TN:
SF:src\utils\statisticsService.ts
FN:28,(anonymous_0)
FN:38,(anonymous_1)
FN:47,(anonymous_2)
FN:75,(anonymous_3)
FN:90,(anonymous_4)
FN:161,(anonymous_5)
FN:169,(anonymous_6)
FN:171,(anonymous_7)
FN:178,(anonymous_8)
FN:185,(anonymous_9)
FN:221,(anonymous_10)
FN:229,(anonymous_11)
FN:252,(anonymous_12)
FN:275,(anonymous_13)
FN:278,(anonymous_14)
FN:291,(anonymous_15)
FN:301,(anonymous_16)
FN:315,(anonymous_17)
FNF:18
FNH:10
FNDA:1027,(anonymous_0)
FNDA:2,(anonymous_1)
FNDA:1006,(anonymous_2)
FNDA:1007,(anonymous_3)
FNDA:10,(anonymous_4)
FNDA:8,(anonymous_5)
FNDA:7,(anonymous_6)
FNDA:10011,(anonymous_7)
FNDA:5,(anonymous_8)
FNDA:6,(anonymous_9)
FNDA:0,(anonymous_10)
FNDA:0,(anonymous_11)
FNDA:0,(anonymous_12)
FNDA:0,(anonymous_13)
FNDA:0,(anonymous_14)
FNDA:0,(anonymous_15)
FNDA:0,(anonymous_16)
FNDA:0,(anonymous_17)
DA:28,1
DA:29,1027
DA:30,1027
DA:31,1027
DA:32,1027
DA:38,1
DA:39,2
DA:40,2
DA:47,1
DA:48,1006
DA:49,1006
DA:52,1006
DA:53,1006
DA:54,1006
DA:57,1006
DA:58,1006
DA:59,1006
DA:62,1006
DA:64,1006
DA:75,1
DA:76,1007
DA:77,1007
DA:78,1007
DA:79,1007
DA:80,1007
DA:81,1007
DA:82,1007
DA:84,1007
DA:90,1
DA:91,10
DA:92,10
DA:94,10
DA:96,1
DA:106,2
DA:107,2
DA:118,3
DA:119,3
DA:120,3
DA:131,2
DA:132,2
DA:133,2
DA:144,1
DA:154,1
DA:161,1
DA:162,8
DA:163,6
DA:169,1
DA:170,7
DA:171,10011
DA:172,6
DA:178,1
DA:179,5
DA:185,1
DA:191,6
DA:192,6
DA:193,6
DA:195,6
DA:196,19
DA:197,14
DA:198,14
DA:200,5
DA:201,5
DA:204,6
DA:205,1
DA:208,6
DA:210,6
DA:221,1
DA:222,0
DA:223,0
DA:229,1
DA:230,0
DA:231,0
DA:232,0
DA:233,0
DA:235,0
DA:236,0
DA:237,0
DA:238,0
DA:239,0
DA:242,0
DA:243,0
DA:244,0
DA:246,0
DA:252,1
DA:259,0
DA:260,0
DA:261,0
DA:263,0
DA:275,1
DA:278,0
DA:279,0
DA:280,0
DA:281,0
DA:283,0
DA:284,0
DA:291,1
DA:296,0
DA:297,0
DA:300,0
DA:301,0
DA:302,0
DA:303,0
DA:304,0
DA:305,0
DA:306,0
DA:308,0
DA:314,0
DA:315,0
DA:316,0
DA:317,0
DA:318,0
DA:319,0
DA:320,0
DA:322,0
DA:325,0
DA:330,0
LF:116
LH:71
BRDA:48,0,0,1006
BRDA:48,0,1,3
BRDA:53,1,0,130
BRDA:53,1,1,876
BRDA:81,2,0,1007
BRDA:81,2,1,0
BRDA:94,3,0,1
BRDA:94,3,1,2
BRDA:94,3,2,3
BRDA:94,3,3,2
BRDA:94,3,4,1
BRDA:94,3,5,1
BRDA:147,4,0,1
BRDA:147,4,1,0
BRDA:162,5,0,2
BRDA:162,5,1,6
BRDA:170,6,0,1
BRDA:170,6,1,6
BRDA:196,7,0,14
BRDA:196,7,1,5
BRDA:204,8,0,1
BRDA:204,8,1,5
BRDA:222,9,0,0
BRDA:222,9,1,0
BRDA:223,10,0,0
BRDA:223,10,1,0
BRDA:230,11,0,0
BRDA:230,11,1,0
BRDA:235,12,0,0
BRDA:235,12,1,0
BRDA:236,13,0,0
BRDA:236,13,1,0
BRDA:237,14,0,0
BRDA:237,14,1,0
BRDA:238,15,0,0
BRDA:238,15,1,0
BRDA:238,16,0,0
BRDA:238,16,1,0
BRDA:239,17,0,0
BRDA:239,17,1,0
BRDA:242,18,0,0
BRDA:242,18,1,0
BRDA:243,19,0,0
BRDA:243,19,1,0
BRDA:244,20,0,0
BRDA:244,20,1,0
BRDA:252,21,0,0
BRDA:279,22,0,0
BRDA:279,22,1,0
BRDA:280,23,0,0
BRDA:280,23,1,0
BRDA:302,24,0,0
BRDA:302,24,1,0
BRDA:304,25,0,0
BRDA:304,25,1,0
BRDA:304,26,0,0
BRDA:304,26,1,0
BRDA:316,27,0,0
BRDA:316,27,1,0
BRDA:318,28,0,0
BRDA:318,28,1,0
BRDA:319,29,0,0
BRDA:319,29,1,0
BRF:63
BRH:20
end_of_record
