TN:
SF:src\app.ts
FN:47,(anonymous_1)
FN:57,(anonymous_2)
FN:66,(anonymous_3)
FN:81,(anonymous_4)
FN:99,(anonymous_5)
FN:108,(anonymous_6)
FNF:6
FNH:0
FNDA:0,(anonymous_1)
FNDA:0,(anonymous_2)
FNDA:0,(anonymous_3)
FNDA:0,(anonymous_4)
FNDA:0,(anonymous_5)
FNDA:0,(anonymous_6)
DA:1,0
DA:2,0
DA:4,0
DA:5,0
DA:6,0
DA:7,0
DA:8,0
DA:9,0
DA:16,0
DA:18,0
DA:22,0
DA:28,0
DA:31,0
DA:36,0
DA:39,0
DA:40,0
DA:41,0
DA:44,0
DA:45,0
DA:47,0
DA:53,0
DA:54,0
DA:57,0
DA:58,0
DA:66,0
DA:67,0
DA:73,0
DA:74,0
DA:75,0
DA:76,0
DA:77,0
DA:78,0
DA:81,0
DA:82,0
DA:83,0
DA:86,0
DA:87,0
DA:88,0
DA:89,0
DA:90,0
DA:91,0
DA:94,0
DA:97,0
DA:99,0
DA:101,0
DA:108,0
DA:109,0
DA:115,0
LF:48
LH:0
BRDA:44,0,0,0
BRDA:44,0,1,0
BRDA:101,1,0,0
BRDA:101,1,1,0
BRDA:103,2,0,0
BRDA:103,2,1,0
BRF:6
BRH:0
end_of_record
TN:
SF:src\server-demo.ts
FN:24,(anonymous_1)
FN:33,(anonymous_2)
FN:50,(anonymous_3)
FN:59,(anonymous_4)
FN:64,(anonymous_5)
FN:66,(anonymous_6)
FN:72,(anonymous_7)
FN:95,(anonymous_8)
FN:99,(anonymous_9)
FN:122,(anonymous_10)
FN:124,(anonymous_11)
FN:125,(anonymous_12)
FN:129,(anonymous_13)
FN:130,(anonymous_14)
FN:131,(anonymous_15)
FN:131,(anonymous_16)
FN:144,(anonymous_17)
FN:148,(anonymous_18)
FN:170,(anonymous_19)
FN:176,(anonymous_20)
FNF:20
FNH:0
FNDA:0,(anonymous_1)
FNDA:0,(anonymous_2)
FNDA:0,(anonymous_3)
FNDA:0,(anonymous_4)
FNDA:0,(anonymous_5)
FNDA:0,(anonymous_6)
FNDA:0,(anonymous_7)
FNDA:0,(anonymous_8)
FNDA:0,(anonymous_9)
FNDA:0,(anonymous_10)
FNDA:0,(anonymous_11)
FNDA:0,(anonymous_12)
FNDA:0,(anonymous_13)
FNDA:0,(anonymous_14)
FNDA:0,(anonymous_15)
FNDA:0,(anonymous_16)
FNDA:0,(anonymous_17)
FNDA:0,(anonymous_18)
FNDA:0,(anonymous_19)
FNDA:0,(anonymous_20)
DA:1,0
DA:2,0
DA:3,0
DA:5,0
DA:6,0
DA:9,0
DA:13,0
DA:16,0
DA:24,0
DA:25,0
DA:33,0
DA:34,0
DA:50,0
DA:51,0
DA:59,0
DA:60,0
DA:61,0
DA:64,0
DA:66,0
DA:72,0
DA:73,0
DA:74,0
DA:86,0
DA:88,0
DA:95,0
DA:96,0
DA:97,0
DA:99,0
DA:100,0
DA:101,0
DA:104,0
DA:105,0
DA:106,0
DA:107,0
DA:108,0
DA:109,0
DA:110,0
DA:111,0
DA:114,0
DA:122,0
DA:123,0
DA:124,0
DA:125,0
DA:129,0
DA:130,0
DA:131,0
DA:138,0
DA:144,0
DA:145,0
DA:146,0
DA:148,0
DA:149,0
DA:150,0
DA:153,0
DA:154,0
DA:155,0
DA:156,0
DA:157,0
DA:158,0
DA:159,0
DA:162,0
DA:170,0
DA:171,0
DA:172,0
DA:176,0
DA:177,0
DA:178,0
DA:179,0
DA:182,0
LF:69
LH:0
BRDA:6,0,0,0
BRDA:6,0,1,0
BRDA:10,1,0,0
BRDA:10,1,1,0
BRDA:100,2,0,0
BRDA:100,2,1,0
BRDA:106,3,0,0
BRDA:106,3,1,0
BRDA:107,4,0,0
BRDA:107,4,1,0
BRDA:107,5,0,0
BRDA:107,5,1,0
BRDA:108,6,0,0
BRDA:108,6,1,0
BRDA:110,7,0,0
BRDA:110,7,1,0
BRDA:110,8,0,0
BRDA:110,8,1,0
BRDA:130,9,0,0
BRDA:130,9,1,0
BRDA:131,10,0,0
BRDA:131,10,1,0
BRDA:132,11,0,0
BRDA:132,11,1,0
BRDA:149,12,0,0
BRDA:149,12,1,0
BRDA:154,13,0,0
BRDA:154,13,1,0
BRDA:157,14,0,0
BRDA:157,14,1,0
BRDA:157,15,0,0
BRDA:157,15,1,0
BRDA:159,16,0,0
BRDA:159,16,1,0
BRF:34
BRH:0
end_of_record
TN:
SF:src\server.ts
FN:12,(anonymous_1)
FN:36,(anonymous_2)
FN:45,(anonymous_3)
FN:54,(anonymous_4)
FN:76,(anonymous_5)
FN:104,(anonymous_6)
FN:113,(anonymous_7)
FN:123,(anonymous_8)
FN:131,(anonymous_9)
FN:145,(anonymous_10)
FN:151,(anonymous_11)
FNF:11
FNH:0
FNDA:0,(anonymous_1)
FNDA:0,(anonymous_2)
FNDA:0,(anonymous_3)
FNDA:0,(anonymous_4)
FNDA:0,(anonymous_5)
FNDA:0,(anonymous_6)
FNDA:0,(anonymous_7)
FNDA:0,(anonymous_8)
FNDA:0,(anonymous_9)
FNDA:0,(anonymous_10)
FNDA:0,(anonymous_11)
DA:1,0
DA:3,0
DA:4,0
DA:7,0
DA:9,0
DA:12,0
DA:13,0
DA:16,0
DA:17,0
DA:18,0
DA:19,0
DA:20,0
DA:22,0
DA:23,0
DA:24,0
DA:27,0
DA:28,0
DA:32,0
DA:33,0
DA:36,0
DA:37,0
DA:38,0
DA:45,0
DA:46,0
DA:47,0
DA:54,0
DA:55,0
DA:56,0
DA:66,0
DA:67,0
DA:68,0
DA:69,0
DA:70,0
DA:71,0
DA:72,0
DA:73,0
DA:76,0
DA:77,0
DA:78,0
DA:82,0
DA:83,0
DA:84,0
DA:85,0
DA:86,0
DA:87,0
DA:88,0
DA:91,0
DA:92,0
DA:93,0
DA:94,0
DA:95,0
DA:96,0
DA:97,0
DA:98,0
DA:101,0
DA:104,0
DA:105,0
DA:106,0
DA:113,0
DA:114,0
DA:115,0
DA:121,0
DA:123,0
DA:124,0
DA:125,0
DA:126,0
DA:129,0
DA:131,0
DA:132,0
DA:133,0
DA:134,0
DA:137,0
DA:138,0
DA:142,0
DA:145,0
DA:146,0
DA:147,0
DA:148,0
DA:151,0
DA:152,0
DA:153,0
DA:154,0
LF:82
LH:0
BRDA:16,0,0,0
BRDA:16,0,1,0
BRDA:22,1,0,0
BRDA:22,1,1,0
BRDA:108,2,0,0
BRDA:108,2,1,0
BRDA:121,3,0,0
BRDA:121,3,1,0
BRF:8
BRH:0
end_of_record
TN:
SF:src\config\firebase.ts
FNF:0
FNH:0
DA:1,0
DA:4,0
DA:5,0
DA:11,0
DA:18,0
DA:20,0
LF:6
LH:0
BRDA:4,0,0,0
BRDA:4,0,1,0
BRF:2
BRH:0
end_of_record
TN:
SF:src\config\logger.ts
FN:36,(anonymous_1)
FN:52,(anonymous_2)
FN:143,(anonymous_3)
FN:156,(anonymous_4)
FN:170,(anonymous_5)
FN:184,(anonymous_6)
FN:198,(anonymous_7)
FN:210,(anonymous_8)
FN:223,(anonymous_9)
FN:236,(anonymous_10)
FNF:10
FNH:0
FNDA:0,(anonymous_1)
FNDA:0,(anonymous_2)
FNDA:0,(anonymous_3)
FNDA:0,(anonymous_4)
FNDA:0,(anonymous_5)
FNDA:0,(anonymous_6)
FNDA:0,(anonymous_7)
FNDA:0,(anonymous_8)
FNDA:0,(anonymous_9)
FNDA:0,(anonymous_10)
DA:1,0
DA:2,0
DA:3,0
DA:4,0
DA:7,0
DA:8,0
DA:9,0
DA:13,0
DA:22,0
DA:30,0
DA:33,0
DA:37,0
DA:38,0
DA:40,0
DA:45,0
DA:52,0
DA:58,0
DA:71,0
DA:110,0
DA:119,0
DA:129,0
DA:139,0
DA:144,0
DA:157,0
DA:171,0
DA:185,0
DA:199,0
DA:211,0
DA:224,0
DA:237,0
DA:249,0
LF:31
LH:0
BRDA:8,0,0,0
BRDA:8,0,1,0
BRDA:37,1,0,0
BRDA:37,1,1,0
BRDA:61,2,0,0
BRDA:61,2,1,0
BRDA:63,3,0,0
BRDA:63,3,1,0
BRDA:64,4,0,0
BRDA:64,4,1,0
BRDA:75,5,0,0
BRDA:75,5,1,0
BRDA:111,6,0,0
BRDA:111,6,1,0
BRF:14
BRH:0
end_of_record
TN:
SF:src\config\mongodb.ts
FN:27,(anonymous_0)
FN:32,(anonymous_1)
FN:43,(anonymous_2)
FN:47,(anonymous_3)
FN:71,(anonymous_4)
FNF:5
FNH:1
FNDA:1,(anonymous_0)
FNDA:0,(anonymous_1)
FNDA:0,(anonymous_2)
FNDA:0,(anonymous_3)
FNDA:0,(anonymous_4)
DA:1,1
DA:28,1
DA:29,1
DA:33,0
DA:34,0
DA:35,0
DA:36,0
DA:38,0
DA:39,0
DA:44,0
DA:48,0
DA:49,0
DA:51,0
DA:66,1
DA:71,1
DA:72,0
LF:16
LH:5
BRDA:28,0,0,1
BRDA:28,0,1,1
BRDA:48,1,0,0
BRDA:48,1,1,0
BRF:4
BRH:2
end_of_record
TN:
SF:src\controllers\adminController.ts
FN:4,(anonymous_0)
FNF:1
FNH:0
FNDA:0,(anonymous_0)
DA:2,0
DA:4,0
DA:5,0
DA:7,0
DA:9,0
DA:10,0
DA:17,0
DA:19,0
DA:21,0
DA:26,0
DA:27,0
LF:11
LH:0
BRDA:9,0,0,0
BRDA:9,0,1,0
BRDA:29,1,0,0
BRDA:29,1,1,0
BRF:4
BRH:0
end_of_record
TN:
SF:src\controllers\evidenceController.ts
FN:19,(anonymous_1)
FN:22,(anonymous_2)
FN:31,fileFilter
FN:49,(anonymous_4)
FNF:4
FNH:0
FNDA:0,(anonymous_1)
FNDA:0,(anonymous_2)
FNDA:0,fileFilter
FNDA:0,(anonymous_4)
DA:2,0
DA:3,0
DA:4,0
DA:7,0
DA:8,0
DA:9,0
DA:12,0
DA:13,0
DA:14,0
DA:18,0
DA:20,0
DA:23,0
DA:24,0
DA:25,0
DA:26,0
DA:32,0
DA:36,0
DA:38,0
DA:42,0
DA:49,0
DA:50,0
DA:51,0
DA:52,0
DA:54,0
DA:56,0
DA:57,0
DA:58,0
DA:59,0
LF:28
LH:0
BRDA:13,0,0,0
BRDA:13,0,1,0
BRDA:32,1,0,0
BRDA:32,1,1,0
BRDA:33,2,0,0
BRDA:33,2,1,0
BRDA:51,3,0,0
BRDA:51,3,1,0
BRDA:58,4,0,0
BRDA:58,4,1,0
BRF:10
BRH:0
end_of_record
TN:
SF:src\controllers\mongoAuthController.ts
FN:10,(anonymous_1)
FN:133,(anonymous_2)
FN:198,(anonymous_3)
FN:221,(anonymous_4)
FN:280,(anonymous_5)
FN:308,(anonymous_6)
FN:316,(anonymous_7)
FN:345,(anonymous_8)
FN:395,(anonymous_9)
FN:415,(anonymous_10)
FN:416,(anonymous_11)
FN:417,(anonymous_12)
FN:455,(anonymous_13)
FN:487,(anonymous_14)
FN:488,(anonymous_15)
FN:489,(anonymous_16)
FN:490,(anonymous_17)
FN:492,(anonymous_18)
FN:493,(anonymous_19)
FN:494,(anonymous_20)
FN:509,(anonymous_21)
FN:510,(anonymous_22)
FN:511,(anonymous_23)
FN:512,(anonymous_24)
FN:599,(anonymous_25)
FN:676,(anonymous_26)
FN:708,(anonymous_27)
FN:731,(anonymous_28)
FN:735,(anonymous_29)
FN:744,(anonymous_30)
FN:744,(anonymous_31)
FN:745,(anonymous_32)
FN:745,(anonymous_33)
FN:775,(anonymous_34)
FN:807,(anonymous_35)
FN:820,(anonymous_36)
FN:821,(anonymous_37)
FN:822,(anonymous_38)
FN:839,(anonymous_39)
FN:840,(anonymous_40)
FNF:40
FNH:1
FNDA:0,(anonymous_1)
FNDA:3,(anonymous_2)
FNDA:0,(anonymous_3)
FNDA:0,(anonymous_4)
FNDA:0,(anonymous_5)
FNDA:0,(anonymous_6)
FNDA:0,(anonymous_7)
FNDA:0,(anonymous_8)
FNDA:0,(anonymous_9)
FNDA:0,(anonymous_10)
FNDA:0,(anonymous_11)
FNDA:0,(anonymous_12)
FNDA:0,(anonymous_13)
FNDA:0,(anonymous_14)
FNDA:0,(anonymous_15)
FNDA:0,(anonymous_16)
FNDA:0,(anonymous_17)
FNDA:0,(anonymous_18)
FNDA:0,(anonymous_19)
FNDA:0,(anonymous_20)
FNDA:0,(anonymous_21)
FNDA:0,(anonymous_22)
FNDA:0,(anonymous_23)
FNDA:0,(anonymous_24)
FNDA:0,(anonymous_25)
FNDA:0,(anonymous_26)
FNDA:0,(anonymous_27)
FNDA:0,(anonymous_28)
FNDA:0,(anonymous_29)
FNDA:0,(anonymous_30)
FNDA:0,(anonymous_31)
FNDA:0,(anonymous_32)
FNDA:0,(anonymous_33)
FNDA:0,(anonymous_34)
FNDA:0,(anonymous_35)
FNDA:0,(anonymous_36)
FNDA:0,(anonymous_37)
FNDA:0,(anonymous_38)
FNDA:0,(anonymous_39)
FNDA:0,(anonymous_40)
DA:2,1
DA:3,1
DA:4,1
DA:6,1
DA:8,1
DA:10,1
DA:11,0
DA:12,0
DA:15,0
DA:16,0
DA:22,0
DA:23,0
DA:30,0
DA:31,0
DA:32,0
DA:39,0
DA:42,0
DA:45,0
DA:46,0
DA:47,0
DA:54,0
DA:59,0
DA:60,0
DA:66,0
DA:70,0
DA:82,0
DA:83,0
DA:86,0
DA:87,0
DA:89,0
DA:101,0
DA:114,0
DA:116,0
DA:125,0
DA:126,0
DA:133,1
DA:134,3
DA:135,3
DA:137,3
DA:138,1
DA:145,2
DA:147,0
DA:148,0
DA:155,0
DA:157,0
DA:158,0
DA:165,0
DA:179,0
DA:181,0
DA:190,2
DA:191,2
DA:198,1
DA:199,0
DA:200,0
DA:201,0
DA:207,0
DA:213,0
DA:214,0
DA:221,1
DA:222,0
DA:223,0
DA:224,0
DA:230,0
DA:232,0
DA:234,0
DA:235,0
DA:237,0
DA:243,0
DA:245,0
DA:246,0
DA:252,0
DA:265,0
DA:271,0
DA:272,0
DA:280,1
DA:281,0
DA:282,0
DA:283,0
DA:290,0
DA:291,0
DA:298,0
DA:300,0
DA:301,0
DA:308,0
DA:311,0
DA:316,0
DA:331,0
DA:336,0
DA:337,0
DA:345,1
DA:346,0
DA:347,0
DA:348,0
DA:355,0
DA:356,0
DA:362,0
DA:365,0
DA:366,0
DA:373,0
DA:374,0
DA:375,0
DA:382,0
DA:383,0
DA:385,0
DA:394,0
DA:396,0
DA:397,0
DA:414,0
DA:415,0
DA:416,0
DA:417,0
DA:421,0
DA:422,0
DA:423,0
DA:424,0
DA:425,0
DA:426,0
DA:432,0
DA:434,0
DA:441,0
DA:446,0
DA:447,0
DA:455,1
DA:456,0
DA:457,0
DA:458,0
DA:464,0
DA:467,0
DA:468,0
DA:469,0
DA:476,0
DA:477,0
DA:480,0
DA:486,0
DA:487,0
DA:488,0
DA:489,0
DA:490,0
DA:492,0
DA:493,0
DA:494,0
DA:498,0
DA:501,0
DA:502,0
DA:507,0
DA:509,0
DA:510,0
DA:511,0
DA:512,0
DA:515,0
DA:536,0
DA:541,0
DA:544,0
DA:545,0
DA:548,0
DA:583,0
DA:584,0
DA:590,0
DA:599,1
DA:600,0
DA:601,0
DA:602,0
DA:608,0
DA:609,0
DA:612,0
DA:613,0
DA:614,0
DA:615,0
DA:616,0
DA:619,0
DA:622,0
DA:628,0
DA:629,0
DA:632,0
DA:637,0
DA:638,0
DA:639,0
DA:641,0
DA:660,0
DA:665,0
DA:666,0
DA:676,0
DA:677,0
DA:692,0
DA:696,0
DA:697,0
DA:708,0
DA:709,0
DA:725,0
DA:729,0
DA:730,0
DA:731,0
DA:735,0
DA:738,0
DA:739,0
DA:742,0
DA:744,0
DA:745,0
DA:750,0
DA:752,0
DA:766,0
DA:767,0
DA:775,1
DA:776,0
DA:777,0
DA:778,0
DA:785,0
DA:786,0
DA:792,0
DA:795,0
DA:800,0
DA:801,0
DA:807,0
DA:810,0
DA:811,0
DA:814,0
DA:820,0
DA:821,0
DA:822,0
DA:825,0
DA:827,0
DA:839,0
DA:840,0
DA:841,0
DA:844,0
DA:849,0
DA:850,0
LF:227
LH:21
BRDA:15,0,0,0
BRDA:15,0,1,0
BRDA:15,1,0,0
BRDA:15,1,1,0
BRDA:15,1,2,0
BRDA:15,1,3,0
BRDA:22,2,0,0
BRDA:22,2,1,0
BRDA:31,3,0,0
BRDA:31,3,1,0
BRDA:45,4,0,0
BRDA:45,4,1,0
BRDA:46,5,0,0
BRDA:46,5,1,0
BRDA:59,6,0,0
BRDA:59,6,1,0
BRDA:76,7,0,0
BRDA:76,7,1,0
BRDA:86,8,0,0
BRDA:86,8,1,0
BRDA:86,9,0,0
BRDA:86,9,1,0
BRDA:87,10,0,0
BRDA:87,10,1,0
BRDA:107,11,0,0
BRDA:107,11,1,0
BRDA:128,12,0,0
BRDA:128,12,1,0
BRDA:137,13,0,1
BRDA:137,13,1,2
BRDA:137,14,0,3
BRDA:137,14,1,3
BRDA:147,15,0,0
BRDA:147,15,1,0
BRDA:157,16,0,0
BRDA:157,16,1,0
BRDA:193,17,0,2
BRDA:193,17,1,0
BRDA:200,18,0,0
BRDA:200,18,1,0
BRDA:216,19,0,0
BRDA:216,19,1,0
BRDA:223,20,0,0
BRDA:223,20,1,0
BRDA:234,21,0,0
BRDA:234,21,1,0
BRDA:235,22,0,0
BRDA:235,22,1,0
BRDA:245,23,0,0
BRDA:245,23,1,0
BRDA:274,24,0,0
BRDA:274,24,1,0
BRDA:282,25,0,0
BRDA:282,25,1,0
BRDA:290,26,0,0
BRDA:290,26,1,0
BRDA:298,27,0,0
BRDA:298,27,1,0
BRDA:300,28,0,0
BRDA:300,28,1,0
BRDA:320,29,0,0
BRDA:320,29,1,0
BRDA:321,30,0,0
BRDA:321,30,1,0
BRDA:339,31,0,0
BRDA:339,31,1,0
BRDA:347,32,0,0
BRDA:347,32,1,0
BRDA:355,33,0,0
BRDA:355,33,1,0
BRDA:365,34,0,0
BRDA:365,34,1,0
BRDA:374,35,0,0
BRDA:374,35,1,0
BRDA:399,36,0,0
BRDA:399,36,1,0
BRDA:405,37,0,0
BRDA:405,37,1,0
BRDA:423,38,0,0
BRDA:423,38,1,0
BRDA:425,39,0,0
BRDA:425,39,1,0
BRDA:426,40,0,0
BRDA:426,40,1,0
BRDA:449,41,0,0
BRDA:449,41,1,0
BRDA:457,42,0,0
BRDA:457,42,1,0
BRDA:468,43,0,0
BRDA:468,43,1,0
BRDA:492,44,0,0
BRDA:492,44,1,0
BRDA:493,45,0,0
BRDA:493,45,1,0
BRDA:494,46,0,0
BRDA:494,46,1,0
BRDA:494,47,0,0
BRDA:494,47,1,0
BRDA:512,48,0,0
BRDA:512,48,1,0
BRDA:520,49,0,0
BRDA:520,49,1,0
BRDA:521,50,0,0
BRDA:521,50,1,0
BRDA:531,51,0,0
BRDA:531,51,1,0
BRDA:532,52,0,0
BRDA:532,52,1,0
BRDA:532,53,0,0
BRDA:532,53,1,0
BRDA:544,54,0,0
BRDA:544,54,1,0
BRDA:553,55,0,0
BRDA:553,55,1,0
BRDA:554,56,0,0
BRDA:554,56,1,0
BRDA:578,57,0,0
BRDA:578,57,1,0
BRDA:578,58,0,0
BRDA:578,58,1,0
BRDA:583,59,0,0
BRDA:583,59,1,0
BRDA:583,60,0,0
BRDA:583,60,1,0
BRDA:592,61,0,0
BRDA:592,61,1,0
BRDA:601,62,0,0
BRDA:601,62,1,0
BRDA:608,63,0,0
BRDA:608,64,0,0
BRDA:613,65,0,0
BRDA:613,65,1,0
BRDA:613,66,0,0
BRDA:613,66,1,0
BRDA:615,67,0,0
BRDA:615,67,1,0
BRDA:616,68,0,0
BRDA:616,68,1,0
BRDA:628,69,0,0
BRDA:628,69,1,0
BRDA:644,70,0,0
BRDA:644,70,1,0
BRDA:646,71,0,0
BRDA:646,71,1,0
BRDA:647,72,0,0
BRDA:647,72,1,0
BRDA:654,73,0,0
BRDA:654,73,1,0
BRDA:655,74,0,0
BRDA:655,74,1,0
BRDA:655,74,2,0
BRDA:666,75,0,0
BRDA:666,75,1,0
BRDA:668,76,0,0
BRDA:668,76,1,0
BRDA:670,77,0,0
BRDA:670,77,1,0
BRDA:671,78,0,0
BRDA:671,78,1,0
BRDA:680,79,0,0
BRDA:680,79,1,0
BRDA:682,80,0,0
BRDA:682,80,1,0
BRDA:682,81,0,0
BRDA:682,81,1,0
BRDA:697,82,0,0
BRDA:697,82,1,0
BRDA:700,83,0,0
BRDA:700,83,1,0
BRDA:702,84,0,0
BRDA:702,84,1,0
BRDA:703,85,0,0
BRDA:703,85,1,0
BRDA:712,86,0,0
BRDA:712,86,1,0
BRDA:714,87,0,0
BRDA:714,87,1,0
BRDA:730,88,0,0
BRDA:730,88,1,0
BRDA:730,89,0,0
BRDA:730,89,1,0
BRDA:747,90,0,0
BRDA:747,90,1,0
BRDA:748,91,0,0
BRDA:748,91,1,0
BRDA:769,92,0,0
BRDA:769,92,1,0
BRDA:777,93,0,0
BRDA:777,93,1,0
BRDA:785,94,0,0
BRDA:785,94,1,0
BRDA:800,95,0,0
BRDA:800,95,1,0
BRDA:830,96,0,0
BRDA:830,96,1,0
BRDA:831,97,0,0
BRDA:831,97,1,0
BRDA:852,98,0,0
BRDA:852,98,1,0
BRF:199
BRH:5
end_of_record
TN:
SF:src\controllers\pointsConfigController.ts
FN:10,(anonymous_0)
FN:77,(anonymous_1)
FN:101,(anonymous_2)
FN:122,(anonymous_3)
FN:183,(anonymous_4)
FN:249,(anonymous_5)
FN:283,(anonymous_6)
FN:384,(anonymous_7)
FN:521,(anonymous_8)
FNF:9
FNH:0
FNDA:0,(anonymous_0)
FNDA:0,(anonymous_1)
FNDA:0,(anonymous_2)
FNDA:0,(anonymous_3)
FNDA:0,(anonymous_4)
FNDA:0,(anonymous_5)
FNDA:0,(anonymous_6)
FNDA:0,(anonymous_7)
FNDA:0,(anonymous_8)
DA:2,1
DA:5,1
DA:10,1
DA:11,0
DA:12,0
DA:13,0
DA:20,0
DA:21,0
DA:35,0
DA:38,0
DA:39,0
DA:45,0
DA:57,0
DA:58,0
DA:60,0
DA:66,0
DA:67,0
DA:77,1
DA:78,0
DA:79,0
DA:80,0
DA:86,0
DA:88,0
DA:89,0
DA:90,0
DA:92,0
DA:93,0
DA:96,0
DA:101,0
DA:106,0
DA:111,0
DA:112,0
DA:122,1
DA:123,0
DA:124,0
DA:125,0
DA:131,0
DA:132,0
DA:138,0
DA:139,0
DA:149,0
DA:151,0
DA:152,0
DA:153,0
DA:154,0
DA:155,0
DA:156,0
DA:157,0
DA:159,0
DA:164,0
DA:166,0
DA:172,0
DA:173,0
DA:183,1
DA:184,0
DA:185,0
DA:186,0
DA:192,0
DA:193,0
DA:208,0
DA:211,0
DA:216,0
DA:229,0
DA:230,0
DA:232,0
DA:238,0
DA:239,0
DA:249,1
DA:250,0
DA:251,0
DA:252,0
DA:258,0
DA:260,0
DA:261,0
DA:267,0
DA:272,0
DA:273,0
DA:283,1
DA:294,0
DA:296,0
DA:302,0
DA:304,0
DA:311,0
DA:312,0
DA:315,0
DA:316,0
DA:317,0
DA:319,0
DA:320,0
DA:321,0
DA:323,0
DA:325,0
DA:326,0
DA:327,0
DA:329,0
DA:331,0
DA:332,0
DA:334,0
DA:340,0
DA:342,0
DA:344,0
DA:345,0
DA:346,0
DA:350,0
DA:351,0
DA:352,0
DA:356,0
DA:357,0
DA:358,0
DA:359,0
DA:360,0
DA:361,0
DA:362,0
DA:366,0
DA:372,0
DA:373,0
DA:384,1
DA:385,0
DA:386,0
DA:387,0
DA:393,0
DA:395,0
DA:396,0
DA:402,0
DA:403,0
DA:406,0
DA:411,0
DA:412,0
DA:413,0
DA:415,0
DA:427,0
DA:428,0
DA:432,0
DA:433,0
DA:434,0
DA:447,0
DA:448,0
DA:451,0
DA:456,0
DA:457,0
DA:458,0
DA:460,0
DA:461,0
DA:474,0
DA:476,0
DA:495,0
DA:510,0
DA:511,0
DA:521,1
DA:522,0
DA:523,0
DA:524,0
DA:530,0
DA:531,0
DA:538,0
DA:539,0
DA:540,0
DA:547,0
DA:730,0
DA:733,0
DA:746,0
DA:748,0
DA:757,0
DA:758,0
LF:164
LH:10
BRDA:12,0,0,0
BRDA:12,0,1,0
BRDA:20,1,0,0
BRDA:20,1,1,0
BRDA:34,2,0,0
BRDA:38,3,0,0
BRDA:38,3,1,0
BRDA:38,4,0,0
BRDA:38,4,1,0
BRDA:38,4,2,0
BRDA:49,5,0,0
BRDA:49,5,1,0
BRDA:69,6,0,0
BRDA:69,6,1,0
BRDA:79,7,0,0
BRDA:79,7,1,0
BRDA:86,8,0,0
BRDA:89,9,0,0
BRDA:89,9,1,0
BRDA:92,10,0,0
BRDA:92,10,1,0
BRDA:114,11,0,0
BRDA:114,11,1,0
BRDA:124,12,0,0
BRDA:124,12,1,0
BRDA:131,13,0,0
BRDA:131,13,1,0
BRDA:151,14,0,0
BRDA:151,14,1,0
BRDA:152,15,0,0
BRDA:152,15,1,0
BRDA:153,16,0,0
BRDA:153,16,1,0
BRDA:154,17,0,0
BRDA:154,17,1,0
BRDA:155,18,0,0
BRDA:155,18,1,0
BRDA:156,19,0,0
BRDA:156,19,1,0
BRDA:157,20,0,0
BRDA:157,20,1,0
BRDA:175,21,0,0
BRDA:175,21,1,0
BRDA:185,22,0,0
BRDA:185,22,1,0
BRDA:192,23,0,0
BRDA:192,23,1,0
BRDA:200,24,0,0
BRDA:201,25,0,0
BRDA:202,26,0,0
BRDA:203,27,0,0
BRDA:204,28,0,0
BRDA:205,29,0,0
BRDA:206,30,0,0
BRDA:207,31,0,0
BRDA:241,32,0,0
BRDA:241,32,1,0
BRDA:251,33,0,0
BRDA:251,33,1,0
BRDA:260,34,0,0
BRDA:260,34,1,0
BRDA:275,35,0,0
BRDA:275,35,1,0
BRDA:302,36,0,0
BRDA:302,36,1,0
BRDA:315,37,0,0
BRDA:315,37,1,0
BRDA:317,38,0,0
BRDA:317,38,1,0
BRDA:317,38,2,0
BRDA:319,39,0,0
BRDA:319,39,1,0
BRDA:319,40,0,0
BRDA:319,40,1,0
BRDA:321,41,0,0
BRDA:321,41,1,0
BRDA:325,42,0,0
BRDA:325,42,1,0
BRDA:325,43,0,0
BRDA:325,43,1,0
BRDA:327,44,0,0
BRDA:327,44,1,0
BRDA:331,45,0,0
BRDA:331,45,1,0
BRDA:331,46,0,0
BRDA:331,46,1,0
BRDA:342,47,0,0
BRDA:342,47,1,0
BRDA:344,48,0,0
BRDA:344,48,1,0
BRDA:344,49,0,0
BRDA:344,49,1,0
BRDA:345,50,0,0
BRDA:345,50,1,0
BRDA:350,51,0,0
BRDA:350,51,1,0
BRDA:350,52,0,0
BRDA:350,52,1,0
BRDA:351,53,0,0
BRDA:351,53,1,0
BRDA:356,54,0,0
BRDA:356,54,1,0
BRDA:356,55,0,0
BRDA:356,55,1,0
BRDA:358,56,0,0
BRDA:358,56,1,0
BRDA:358,57,0,0
BRDA:358,57,1,0
BRDA:359,58,0,0
BRDA:359,58,1,0
BRDA:359,59,0,0
BRDA:359,59,1,0
BRDA:360,60,0,0
BRDA:360,60,1,0
BRDA:360,61,0,0
BRDA:360,61,1,0
BRDA:361,62,0,0
BRDA:361,62,1,0
BRDA:361,63,0,0
BRDA:361,63,1,0
BRDA:386,64,0,0
BRDA:386,64,1,0
BRDA:395,65,0,0
BRDA:395,65,1,0
BRDA:395,66,0,0
BRDA:395,66,1,0
BRDA:395,66,2,0
BRDA:402,67,0,0
BRDA:402,67,1,0
BRDA:411,68,0,0
BRDA:411,68,1,0
BRDA:413,69,0,0
BRDA:413,69,1,0
BRDA:432,70,0,0
BRDA:432,70,1,0
BRDA:433,71,0,0
BRDA:433,71,1,0
BRDA:456,72,0,0
BRDA:456,72,1,0
BRDA:456,73,0,0
BRDA:456,73,1,0
BRDA:457,74,0,0
BRDA:457,74,1,0
BRDA:460,75,0,0
BRDA:460,75,1,0
BRDA:489,76,0,0
BRDA:489,76,1,0
BRDA:490,77,0,0
BRDA:490,77,1,0
BRDA:513,78,0,0
BRDA:513,78,1,0
BRDA:523,79,0,0
BRDA:523,79,1,0
BRDA:530,80,0,0
BRDA:530,80,1,0
BRDA:539,81,0,0
BRDA:539,81,1,0
BRDA:760,82,0,0
BRDA:760,82,1,0
BRF:159
BRH:0
end_of_record
TN:
SF:src\controllers\recurringTaskController.ts
FN:8,(anonymous_9)
FN:30,(anonymous_10)
FN:52,(anonymous_11)
FN:82,(anonymous_12)
FN:111,(anonymous_13)
FN:120,(anonymous_14)
FNF:6
FNH:0
FNDA:0,(anonymous_9)
FNDA:0,(anonymous_10)
FNDA:0,(anonymous_11)
FNDA:0,(anonymous_12)
FNDA:0,(anonymous_13)
FNDA:0,(anonymous_14)
DA:2,0
DA:8,0
DA:9,0
DA:10,0
DA:12,0
DA:14,0
DA:19,0
DA:20,0
DA:30,0
DA:31,0
DA:32,0
DA:34,0
DA:36,0
DA:41,0
DA:42,0
DA:52,0
DA:53,0
DA:54,0
DA:55,0
DA:61,0
DA:62,0
DA:64,0
DA:66,0
DA:71,0
DA:72,0
DA:82,0
DA:83,0
DA:84,0
DA:85,0
DA:91,0
DA:93,0
DA:95,0
DA:100,0
DA:101,0
DA:111,0
DA:112,0
DA:113,0
DA:114,0
DA:120,0
DA:122,0
DA:129,0
DA:131,0
DA:132,0
DA:133,0
DA:144,0
DA:151,0
DA:159,0
DA:160,0
LF:48
LH:0
BRDA:10,0,0,0
BRDA:22,1,0,0
BRDA:22,1,1,0
BRDA:32,2,0,0
BRDA:44,3,0,0
BRDA:44,3,1,0
BRDA:54,4,0,0
BRDA:54,4,1,0
BRDA:62,5,0,0
BRDA:74,6,0,0
BRDA:74,6,1,0
BRDA:84,7,0,0
BRDA:84,7,1,0
BRDA:91,8,0,0
BRDA:103,9,0,0
BRDA:103,9,1,0
BRDA:113,10,0,0
BRDA:113,10,1,0
BRDA:132,11,0,0
BRDA:132,11,1,0
BRDA:162,12,0,0
BRDA:162,12,1,0
BRF:22
BRH:0
end_of_record
TN:
SF:src\controllers\redemptionController.ts
FN:7,(anonymous_0)
FN:39,(anonymous_1)
FN:83,(anonymous_2)
FN:112,(anonymous_3)
FN:130,(anonymous_4)
FN:181,(anonymous_5)
FN:266,(anonymous_6)
FN:296,(anonymous_7)
FN:338,(anonymous_8)
FN:371,(anonymous_9)
FN:387,(anonymous_10)
FN:399,(anonymous_11)
FN:425,(anonymous_12)
FN:426,(anonymous_13)
FN:427,(anonymous_14)
FN:429,(anonymous_15)
FN:430,(anonymous_16)
FNF:17
FNH:0
FNDA:0,(anonymous_0)
FNDA:0,(anonymous_1)
FNDA:0,(anonymous_2)
FNDA:0,(anonymous_3)
FNDA:0,(anonymous_4)
FNDA:0,(anonymous_5)
FNDA:0,(anonymous_6)
FNDA:0,(anonymous_7)
FNDA:0,(anonymous_8)
FNDA:0,(anonymous_9)
FNDA:0,(anonymous_10)
FNDA:0,(anonymous_11)
FNDA:0,(anonymous_12)
FNDA:0,(anonymous_13)
FNDA:0,(anonymous_14)
FNDA:0,(anonymous_15)
FNDA:0,(anonymous_16)
DA:2,1
DA:5,1
DA:7,1
DA:8,0
DA:9,0
DA:10,0
DA:16,0
DA:19,0
DA:20,0
DA:27,0
DA:28,0
DA:35,0
DA:36,0
DA:39,0
DA:41,0
DA:51,0
DA:54,0
DA:63,0
DA:66,0
DA:72,0
DA:75,0
DA:76,0
DA:83,1
DA:84,0
DA:85,0
DA:86,0
DA:92,0
DA:93,0
DA:96,0
DA:97,0
DA:98,0
DA:105,0
DA:107,0
DA:108,0
DA:111,0
DA:112,0
DA:117,0
DA:122,0
DA:123,0
DA:130,1
DA:131,0
DA:132,0
DA:133,0
DA:139,0
DA:140,0
DA:142,0
DA:143,0
DA:144,0
DA:151,0
DA:152,0
DA:159,0
DA:160,0
DA:161,0
DA:167,0
DA:174,0
DA:175,0
DA:179,0
DA:180,0
DA:181,0
DA:183,0
DA:184,0
DA:195,0
DA:196,0
DA:206,0
DA:207,0
DA:212,0
DA:213,0
DA:216,0
DA:227,0
DA:235,0
DA:237,0
DA:238,0
DA:239,0
DA:240,0
DA:241,0
DA:244,0
DA:255,0
DA:258,0
DA:259,0
DA:266,1
DA:267,0
DA:268,0
DA:269,0
DA:275,0
DA:276,0
DA:278,0
DA:279,0
DA:286,0
DA:287,0
DA:294,0
DA:295,0
DA:296,0
DA:298,0
DA:299,0
DA:310,0
DA:316,0
DA:317,0
DA:318,0
DA:321,0
DA:326,0
DA:329,0
DA:330,0
DA:338,1
DA:339,0
DA:340,0
DA:341,0
DA:348,0
DA:349,0
DA:355,0
DA:356,0
DA:364,0
DA:370,0
DA:372,0
DA:373,0
DA:382,0
DA:387,0
DA:391,0
DA:392,0
DA:399,1
DA:400,0
DA:401,0
DA:402,0
DA:408,0
DA:409,0
DA:412,0
DA:413,0
DA:414,0
DA:421,0
DA:423,0
DA:425,0
DA:426,0
DA:427,0
DA:429,0
DA:430,0
DA:433,0
DA:438,0
DA:439,0
LF:137
LH:8
BRDA:9,0,0,0
BRDA:9,0,1,0
BRDA:19,1,0,0
BRDA:19,1,1,0
BRDA:19,2,0,0
BRDA:19,2,1,0
BRDA:27,3,0,0
BRDA:27,3,1,0
BRDA:44,4,0,0
BRDA:44,4,1,0
BRDA:78,5,0,0
BRDA:78,5,1,0
BRDA:85,6,0,0
BRDA:85,6,1,0
BRDA:93,7,0,0
BRDA:93,7,1,0
BRDA:96,8,0,0
BRDA:96,8,1,0
BRDA:97,9,0,0
BRDA:97,9,1,0
BRDA:97,10,0,0
BRDA:97,10,1,0
BRDA:107,11,0,0
BRDA:107,11,1,0
BRDA:125,12,0,0
BRDA:125,12,1,0
BRDA:132,13,0,0
BRDA:132,13,1,0
BRDA:143,14,0,0
BRDA:143,14,1,0
BRDA:151,15,0,0
BRDA:151,15,1,0
BRDA:160,16,0,0
BRDA:160,16,1,0
BRDA:160,17,0,0
BRDA:160,17,1,0
BRDA:174,18,0,0
BRDA:174,18,1,0
BRDA:183,19,0,0
BRDA:183,19,1,0
BRDA:183,20,0,0
BRDA:183,20,1,0
BRDA:195,21,0,0
BRDA:195,21,1,0
BRDA:195,22,0,0
BRDA:195,22,1,0
BRDA:206,23,0,0
BRDA:206,23,1,0
BRDA:206,24,0,0
BRDA:206,24,1,0
BRDA:212,25,0,0
BRDA:212,25,1,0
BRDA:212,26,0,0
BRDA:212,26,1,0
BRDA:238,27,0,0
BRDA:238,27,1,0
BRDA:240,28,0,0
BRDA:240,28,1,0
BRDA:261,29,0,0
BRDA:261,29,1,0
BRDA:268,30,0,0
BRDA:268,30,1,0
BRDA:278,31,0,0
BRDA:278,31,1,0
BRDA:286,32,0,0
BRDA:286,32,1,0
BRDA:286,33,0,0
BRDA:286,33,1,0
BRDA:298,34,0,0
BRDA:298,34,1,0
BRDA:298,35,0,0
BRDA:298,35,1,0
BRDA:317,36,0,0
BRDA:317,36,1,0
BRDA:317,37,0,0
BRDA:317,37,1,0
BRDA:332,38,0,0
BRDA:332,38,1,0
BRDA:340,39,0,0
BRDA:340,39,1,0
BRDA:348,40,0,0
BRDA:348,40,1,0
BRDA:355,41,0,0
BRDA:355,41,1,0
BRDA:355,42,0,0
BRDA:355,42,1,0
BRDA:376,43,0,0
BRDA:376,43,1,0
BRDA:377,44,0,0
BRDA:377,44,1,0
BRDA:394,45,0,0
BRDA:394,45,1,0
BRDA:401,46,0,0
BRDA:401,46,1,0
BRDA:409,47,0,0
BRDA:409,47,1,0
BRDA:412,48,0,0
BRDA:412,48,1,0
BRDA:413,49,0,0
BRDA:413,49,1,0
BRDA:413,50,0,0
BRDA:413,50,1,0
BRDA:441,51,0,0
BRDA:441,51,1,0
BRF:104
BRH:0
end_of_record
TN:
SF:src\controllers\rewardsController.ts
FN:26,(anonymous_0)
FN:93,(anonymous_1)
FN:148,(anonymous_2)
FN:187,(anonymous_3)
FN:247,(anonymous_4)
FN:248,(anonymous_5)
FN:249,(anonymous_6)
FN:258,(anonymous_7)
FN:277,(anonymous_8)
FN:302,(anonymous_9)
FN:303,(anonymous_10)
FN:375,(anonymous_11)
FN:444,(anonymous_12)
FN:498,(anonymous_13)
FN:535,(anonymous_14)
FN:573,(anonymous_15)
FNF:16
FNH:0
FNDA:0,(anonymous_0)
FNDA:0,(anonymous_1)
FNDA:0,(anonymous_2)
FNDA:0,(anonymous_3)
FNDA:0,(anonymous_4)
FNDA:0,(anonymous_5)
FNDA:0,(anonymous_6)
FNDA:0,(anonymous_7)
FNDA:0,(anonymous_8)
FNDA:0,(anonymous_9)
FNDA:0,(anonymous_10)
FNDA:0,(anonymous_11)
FNDA:0,(anonymous_12)
FNDA:0,(anonymous_13)
FNDA:0,(anonymous_14)
FNDA:0,(anonymous_15)
DA:2,1
DA:5,1
DA:8,1
DA:14,1
DA:26,1
DA:27,0
DA:28,0
DA:29,0
DA:36,0
DA:37,0
DA:38,0
DA:39,0
DA:41,0
DA:55,0
DA:56,0
DA:59,0
DA:60,0
DA:66,0
DA:67,0
DA:74,0
DA:75,0
DA:82,0
DA:83,0
DA:86,0
DA:87,0
DA:93,0
DA:94,0
DA:98,0
DA:99,0
DA:100,0
DA:102,0
DA:103,0
DA:105,0
DA:115,0
DA:117,0
DA:132,0
DA:135,0
DA:146,0
DA:147,0
DA:148,0
DA:150,0
DA:153,0
DA:163,0
DA:166,0
DA:179,0
DA:180,0
DA:187,1
DA:188,0
DA:189,0
DA:190,0
DA:197,0
DA:198,0
DA:227,0
DA:228,0
DA:229,0
DA:232,0
DA:233,0
DA:234,0
DA:242,0
DA:247,0
DA:248,0
DA:249,0
DA:251,0
DA:258,0
DA:264,0
DA:269,0
DA:270,0
DA:277,1
DA:278,0
DA:279,0
DA:280,0
DA:286,0
DA:287,0
DA:289,0
DA:290,0
DA:297,0
DA:302,0
DA:303,0
DA:304,0
DA:306,0
DA:307,0
DA:318,0
DA:327,0
DA:330,0
DA:333,0
DA:334,0
DA:335,0
DA:339,0
DA:340,0
DA:342,0
DA:343,0
DA:345,0
DA:346,0
DA:352,0
DA:356,0
DA:367,0
DA:368,0
DA:375,1
DA:376,0
DA:377,0
DA:378,0
DA:385,0
DA:428,0
DA:436,0
DA:437,0
DA:444,1
DA:445,0
DA:446,0
DA:447,0
DA:453,0
DA:454,0
DA:457,0
DA:458,0
DA:464,0
DA:465,0
DA:472,0
DA:473,0
DA:480,0
DA:481,0
DA:484,0
DA:495,0
DA:497,0
DA:498,0
DA:500,0
DA:501,0
DA:504,0
DA:511,0
DA:514,0
DA:527,0
DA:528,0
DA:535,1
DA:536,0
DA:537,0
DA:538,0
DA:544,0
DA:545,0
DA:548,0
DA:549,0
DA:550,0
DA:558,0
DA:559,0
DA:560,0
DA:564,0
DA:570,0
DA:573,0
DA:580,0
DA:581,0
LF:147
LH:10
BRDA:28,0,0,0
BRDA:28,0,1,0
BRDA:36,1,0,0
BRDA:36,1,1,0
BRDA:37,2,0,0
BRDA:38,3,0,0
BRDA:38,3,1,0
BRDA:55,4,0,0
BRDA:56,5,0,0
BRDA:56,5,1,0
BRDA:59,6,0,0
BRDA:59,6,1,0
BRDA:59,7,0,0
BRDA:59,7,1,0
BRDA:66,8,0,0
BRDA:66,8,1,0
BRDA:74,9,0,0
BRDA:74,9,1,0
BRDA:83,10,0,0
BRDA:83,10,1,0
BRDA:86,11,0,0
BRDA:86,11,1,0
BRDA:98,12,0,0
BRDA:98,12,1,0
BRDA:102,13,0,0
BRDA:102,13,1,0
BRDA:182,14,0,0
BRDA:182,14,1,0
BRDA:189,15,0,0
BRDA:189,15,1,0
BRDA:197,16,0,0
BRDA:197,16,1,0
BRDA:228,17,0,0
BRDA:228,17,1,0
BRDA:229,18,0,0
BRDA:229,18,1,0
BRDA:232,19,0,0
BRDA:232,19,1,0
BRDA:233,20,0,0
BRDA:233,20,1,0
BRDA:233,21,0,0
BRDA:233,21,1,0
BRDA:272,22,0,0
BRDA:272,22,1,0
BRDA:279,23,0,0
BRDA:279,23,1,0
BRDA:289,24,0,0
BRDA:289,24,1,0
BRDA:289,25,0,0
BRDA:289,25,1,0
BRDA:306,26,0,0
BRDA:306,26,1,0
BRDA:322,27,0,0
BRDA:322,27,1,0
BRDA:333,28,0,0
BRDA:333,28,1,0
BRDA:340,29,0,0
BRDA:340,29,1,0
BRDA:345,30,0,0
BRDA:345,30,1,0
BRDA:370,31,0,0
BRDA:370,31,1,0
BRDA:377,32,0,0
BRDA:377,32,1,0
BRDA:439,33,0,0
BRDA:439,33,1,0
BRDA:446,34,0,0
BRDA:446,34,1,0
BRDA:457,35,0,0
BRDA:457,35,1,0
BRDA:457,36,0,0
BRDA:457,36,1,0
BRDA:464,37,0,0
BRDA:464,37,1,0
BRDA:464,38,0,0
BRDA:464,38,1,0
BRDA:472,39,0,0
BRDA:472,39,1,0
BRDA:480,40,0,0
BRDA:480,40,1,0
BRDA:530,41,0,0
BRDA:530,41,1,0
BRDA:537,42,0,0
BRDA:537,42,1,0
BRDA:544,43,0,0
BRDA:545,44,0,0
BRDA:545,44,1,0
BRDA:548,45,0,0
BRDA:548,45,1,0
BRDA:549,46,0,0
BRDA:549,46,1,0
BRDA:549,47,0,0
BRDA:549,47,1,0
BRDA:559,48,0,0
BRDA:559,48,1,0
BRDA:583,49,0,0
BRDA:583,49,1,0
BRF:97
BRH:0
end_of_record
TN:
SF:src\controllers\taskController.ts
FN:8,(anonymous_0)
FN:118,(anonymous_1)
FN:186,(anonymous_2)
FN:204,(anonymous_3)
FN:236,(anonymous_4)
FN:317,(anonymous_5)
FN:360,(anonymous_6)
FN:373,(anonymous_7)
FN:417,(anonymous_8)
FN:477,(anonymous_9)
FNF:10
FNH:0
FNDA:0,(anonymous_0)
FNDA:0,(anonymous_1)
FNDA:0,(anonymous_2)
FNDA:0,(anonymous_3)
FNDA:0,(anonymous_4)
FNDA:0,(anonymous_5)
FNDA:0,(anonymous_6)
FNDA:0,(anonymous_7)
FNDA:0,(anonymous_8)
FNDA:0,(anonymous_9)
DA:2,1
DA:5,1
DA:6,1
DA:8,1
DA:9,0
DA:10,0
DA:11,0
DA:31,0
DA:34,0
DA:35,0
DA:42,0
DA:43,0
DA:44,0
DA:47,0
DA:48,0
DA:49,0
DA:50,0
DA:52,0
DA:72,0
DA:80,0
DA:82,0
DA:101,0
DA:102,0
DA:104,0
DA:110,0
DA:111,0
DA:118,1
DA:119,0
DA:120,0
DA:121,0
DA:139,0
DA:141,0
DA:144,0
DA:145,0
DA:147,0
DA:148,0
DA:150,0
DA:151,0
DA:152,0
DA:153,0
DA:155,0
DA:156,0
DA:157,0
DA:158,0
DA:160,0
DA:161,0
DA:163,0
DA:164,0
DA:167,0
DA:174,0
DA:175,0
DA:176,0
DA:179,0
DA:186,0
DA:191,0
DA:196,0
DA:197,0
DA:204,1
DA:205,0
DA:206,0
DA:207,0
DA:213,0
DA:214,0
DA:216,0
DA:217,0
DA:223,0
DA:228,0
DA:229,0
DA:236,1
DA:237,0
DA:238,0
DA:239,0
DA:245,0
DA:246,0
DA:248,0
DA:249,0
DA:256,0
DA:257,0
DA:277,0
DA:279,0
DA:281,0
DA:282,0
DA:283,0
DA:284,0
DA:285,0
DA:286,0
DA:287,0
DA:288,0
DA:289,0
DA:290,0
DA:291,0
DA:292,0
DA:293,0
DA:295,0
DA:301,0
DA:303,0
DA:309,0
DA:310,0
DA:317,1
DA:318,0
DA:319,0
DA:320,0
DA:326,0
DA:327,0
DA:329,0
DA:330,0
DA:337,0
DA:338,0
DA:344,0
DA:346,0
DA:351,0
DA:352,0
DA:360,1
DA:361,0
DA:363,0
DA:369,0
DA:373,1
DA:374,0
DA:376,0
DA:377,0
DA:378,0
DA:379,0
DA:380,0
DA:383,0
DA:384,0
DA:385,0
DA:386,0
DA:387,0
DA:390,0
DA:393,0
DA:394,0
DA:395,0
DA:396,0
DA:397,0
DA:400,0
DA:401,0
DA:402,0
DA:404,0
DA:405,0
DA:406,0
DA:407,0
DA:410,0
DA:417,1
DA:418,0
DA:419,0
DA:420,0
DA:435,0
DA:438,0
DA:439,0
DA:440,0
DA:442,0
DA:453,0
DA:455,0
DA:466,0
DA:467,0
DA:477,1
DA:478,0
DA:479,0
DA:480,0
DA:486,0
DA:488,0
DA:498,0
DA:499,0
LF:163
LH:12
BRDA:10,0,0,0
BRDA:10,0,1,0
BRDA:34,1,0,0
BRDA:34,1,1,0
BRDA:34,2,0,0
BRDA:34,2,1,0
BRDA:34,2,2,0
BRDA:42,3,0,0
BRDA:42,3,1,0
BRDA:43,4,0,0
BRDA:43,4,1,0
BRDA:44,5,0,0
BRDA:44,5,1,0
BRDA:47,6,0,0
BRDA:47,6,1,0
BRDA:50,7,0,0
BRDA:50,7,1,0
BRDA:61,8,0,0
BRDA:61,8,1,0
BRDA:62,9,0,0
BRDA:62,9,1,0
BRDA:63,10,0,0
BRDA:63,10,1,0
BRDA:65,11,0,0
BRDA:65,11,1,0
BRDA:66,12,0,0
BRDA:66,12,1,0
BRDA:67,13,0,0
BRDA:67,13,1,0
BRDA:80,14,0,0
BRDA:80,14,1,0
BRDA:90,15,0,0
BRDA:90,15,1,0
BRDA:91,16,0,0
BRDA:91,16,1,0
BRDA:92,17,0,0
BRDA:92,17,1,0
BRDA:94,18,0,0
BRDA:94,18,1,0
BRDA:95,19,0,0
BRDA:95,19,1,0
BRDA:96,20,0,0
BRDA:96,20,1,0
BRDA:113,21,0,0
BRDA:113,21,1,0
BRDA:120,22,0,0
BRDA:120,22,1,0
BRDA:137,23,0,0
BRDA:138,24,0,0
BRDA:144,25,0,0
BRDA:144,25,1,0
BRDA:147,26,0,0
BRDA:147,26,1,0
BRDA:150,27,0,0
BRDA:150,27,1,0
BRDA:150,28,0,0
BRDA:150,28,1,0
BRDA:152,29,0,0
BRDA:152,29,1,0
BRDA:153,30,0,0
BRDA:153,30,1,0
BRDA:155,31,0,0
BRDA:155,31,1,0
BRDA:155,32,0,0
BRDA:155,32,1,0
BRDA:157,33,0,0
BRDA:157,33,1,0
BRDA:158,34,0,0
BRDA:158,34,1,0
BRDA:160,35,0,0
BRDA:160,35,1,0
BRDA:163,36,0,0
BRDA:163,36,1,0
BRDA:174,37,0,0
BRDA:174,37,1,0
BRDA:199,38,0,0
BRDA:199,38,1,0
BRDA:206,39,0,0
BRDA:206,39,1,0
BRDA:216,40,0,0
BRDA:216,40,1,0
BRDA:231,41,0,0
BRDA:231,41,1,0
BRDA:238,42,0,0
BRDA:238,42,1,0
BRDA:248,43,0,0
BRDA:248,43,1,0
BRDA:256,44,0,0
BRDA:256,44,1,0
BRDA:281,45,0,0
BRDA:281,45,1,0
BRDA:282,46,0,0
BRDA:282,46,1,0
BRDA:283,47,0,0
BRDA:283,47,1,0
BRDA:284,48,0,0
BRDA:284,48,1,0
BRDA:285,49,0,0
BRDA:285,49,1,0
BRDA:286,50,0,0
BRDA:286,50,1,0
BRDA:287,51,0,0
BRDA:287,51,1,0
BRDA:288,52,0,0
BRDA:288,52,1,0
BRDA:289,53,0,0
BRDA:289,53,1,0
BRDA:290,54,0,0
BRDA:290,54,1,0
BRDA:291,55,0,0
BRDA:291,55,1,0
BRDA:292,56,0,0
BRDA:292,56,1,0
BRDA:293,57,0,0
BRDA:293,57,1,0
BRDA:312,58,0,0
BRDA:312,58,1,0
BRDA:319,59,0,0
BRDA:319,59,1,0
BRDA:329,60,0,0
BRDA:329,60,1,0
BRDA:337,61,0,0
BRDA:337,61,1,0
BRDA:354,62,0,0
BRDA:354,62,1,0
BRDA:369,63,0,0
BRDA:369,63,1,0
BRDA:374,64,0,0
BRDA:374,64,1,0
BRDA:374,64,2,0
BRDA:374,64,3,0
BRDA:374,64,4,0
BRDA:374,64,5,0
BRDA:376,65,0,0
BRDA:376,65,1,0
BRDA:377,66,0,0
BRDA:377,66,1,0
BRDA:377,67,0,0
BRDA:377,67,1,0
BRDA:378,68,0,0
BRDA:378,68,1,0
BRDA:379,69,0,0
BRDA:379,69,1,0
BRDA:383,70,0,0
BRDA:383,70,1,0
BRDA:384,71,0,0
BRDA:384,71,1,0
BRDA:385,72,0,0
BRDA:385,72,1,0
BRDA:386,73,0,0
BRDA:386,73,1,0
BRDA:390,74,0,0
BRDA:390,74,1,0
BRDA:393,75,0,0
BRDA:393,75,1,0
BRDA:394,76,0,0
BRDA:394,76,1,0
BRDA:395,77,0,0
BRDA:395,77,1,0
BRDA:396,78,0,0
BRDA:396,78,1,0
BRDA:400,79,0,0
BRDA:400,79,1,0
BRDA:401,80,0,0
BRDA:401,80,1,0
BRDA:402,81,0,0
BRDA:402,81,1,0
BRDA:404,82,0,0
BRDA:404,82,1,0
BRDA:405,83,0,0
BRDA:405,83,1,0
BRDA:406,84,0,0
BRDA:406,84,1,0
BRDA:419,85,0,0
BRDA:419,85,1,0
BRDA:427,86,0,0
BRDA:433,87,0,0
BRDA:434,88,0,0
BRDA:438,89,0,0
BRDA:438,89,1,0
BRDA:439,90,0,0
BRDA:439,90,1,0
BRDA:440,91,0,0
BRDA:440,91,1,0
BRDA:447,92,0,0
BRDA:447,92,1,0
BRDA:448,93,0,0
BRDA:448,93,1,0
BRDA:469,94,0,0
BRDA:469,94,1,0
BRDA:479,95,0,0
BRDA:479,95,1,0
BRDA:501,96,0,0
BRDA:501,96,1,0
BRF:194
BRH:0
end_of_record
TN:
SF:src\middleware\loggerMiddleware.ts
FN:19,(anonymous_9)
FN:41,(anonymous_10)
FN:83,(anonymous_11)
FN:121,(anonymous_12)
FN:122,(anonymous_13)
FN:125,(anonymous_14)
FN:178,(anonymous_15)
FN:179,(anonymous_16)
FN:181,(anonymous_17)
FN:206,(anonymous_18)
FN:209,(anonymous_19)
FN:243,(anonymous_20)
FN:259,(anonymous_21)
FN:274,(anonymous_22)
FN:289,(anonymous_23)
FNF:15
FNH:0
FNDA:0,(anonymous_9)
FNDA:0,(anonymous_10)
FNDA:0,(anonymous_11)
FNDA:0,(anonymous_12)
FNDA:0,(anonymous_13)
FNDA:0,(anonymous_14)
FNDA:0,(anonymous_15)
FNDA:0,(anonymous_16)
FNDA:0,(anonymous_17)
FNDA:0,(anonymous_18)
FNDA:0,(anonymous_19)
FNDA:0,(anonymous_20)
FNDA:0,(anonymous_21)
FNDA:0,(anonymous_22)
FNDA:0,(anonymous_23)
DA:2,0
DA:19,0
DA:21,0
DA:24,0
DA:31,0
DA:40,0
DA:41,0
DA:42,0
DA:44,0
DA:45,0
DA:53,0
DA:54,0
DA:55,0
DA:56,0
DA:58,0
DA:62,0
DA:63,0
DA:64,0
DA:73,0
DA:76,0
DA:83,0
DA:84,0
DA:86,0
DA:98,0
DA:101,0
DA:102,0
DA:103,0
DA:114,0
DA:121,0
DA:122,0
DA:123,0
DA:125,0
DA:126,0
DA:127,0
DA:129,0
DA:130,0
DA:132,0
DA:133,0
DA:141,0
DA:143,0
DA:144,0
DA:152,0
DA:154,0
DA:155,0
DA:166,0
DA:170,0
DA:178,0
DA:179,0
DA:180,0
DA:181,0
DA:182,0
DA:184,0
DA:185,0
DA:186,0
DA:195,0
DA:198,0
DA:206,0
DA:208,0
DA:209,0
DA:211,0
DA:212,0
DA:220,0
DA:221,0
DA:223,0
DA:224,0
DA:232,0
DA:239,0
DA:244,0
DA:260,0
DA:275,0
DA:290,0
DA:302,0
LF:72
LH:0
BRDA:24,0,0,0
BRDA:24,0,1,0
BRDA:24,0,2,0
BRDA:24,0,3,0
BRDA:24,0,4,0
BRDA:44,1,0,0
BRDA:44,1,1,0
BRDA:49,2,0,0
BRDA:49,2,1,0
BRDA:53,3,0,0
BRDA:53,3,1,0
BRDA:55,4,0,0
BRDA:55,4,1,0
BRDA:62,5,0,0
BRDA:62,5,1,0
BRDA:84,6,0,0
BRDA:84,6,1,0
BRDA:92,7,0,0
BRDA:92,7,1,0
BRDA:101,8,0,0
BRDA:101,8,1,0
BRDA:101,9,0,0
BRDA:101,9,1,0
BRDA:104,10,0,0
BRDA:104,10,1,0
BRDA:178,11,0,0
BRDA:184,12,0,0
BRDA:184,12,1,0
BRDA:185,13,0,0
BRDA:185,13,1,0
BRDA:211,14,0,0
BRDA:211,14,1,0
BRDA:215,15,0,0
BRDA:215,15,1,0
BRDA:223,16,0,0
BRDA:223,16,1,0
BRDA:228,17,0,0
BRDA:228,17,1,0
BRF:38
BRH:0
end_of_record
TN:
SF:src\middleware\mongoAuth.ts
FN:11,(anonymous_0)
FN:79,(anonymous_1)
FN:80,(anonymous_2)
FN:99,(anonymous_3)
FNF:4
FNH:0
FNDA:0,(anonymous_0)
FNDA:0,(anonymous_1)
FNDA:0,(anonymous_2)
FNDA:0,(anonymous_3)
DA:2,1
DA:3,1
DA:5,1
DA:11,1
DA:16,0
DA:17,0
DA:18,0
DA:20,0
DA:21,0
DA:28,0
DA:29,0
DA:32,0
DA:33,0
DA:34,0
DA:50,0
DA:54,0
DA:56,0
DA:57,0
DA:64,0
DA:65,0
DA:67,0
DA:69,0
DA:71,0
DA:72,0
DA:79,1
DA:80,0
DA:81,0
DA:82,0
DA:88,0
DA:89,0
DA:95,0
DA:99,1
DA:100,0
DA:101,0
DA:107,0
DA:110,0
DA:111,0
DA:115,0
DA:116,0
DA:119,0
LF:40
LH:6
BRDA:18,0,0,0
BRDA:18,0,1,0
BRDA:20,1,0,0
BRDA:20,1,1,0
BRDA:32,2,0,0
BRDA:32,2,1,0
BRDA:56,3,0,0
BRDA:56,3,1,0
BRDA:81,4,0,0
BRDA:81,4,1,0
BRDA:88,5,0,0
BRDA:88,5,1,0
BRDA:100,6,0,0
BRDA:100,6,1,0
BRDA:107,7,0,0
BRDA:107,7,1,0
BRDA:110,8,0,0
BRDA:110,8,1,0
BRDA:115,9,0,0
BRDA:115,9,1,0
BRDA:115,10,0,0
BRDA:115,10,1,0
BRF:22
BRH:0
end_of_record
TN:
SF:src\middleware\validation.ts
FN:4,(anonymous_0)
FN:11,(anonymous_1)
FNF:2
FNH:2
FNDA:8,(anonymous_0)
FNDA:12,(anonymous_1)
DA:2,1
DA:4,1
DA:5,8
DA:7,8
DA:8,8
DA:11,12
DA:18,0
LF:7
LH:6
BRDA:7,0,0,8
BRDA:7,0,1,0
BRDA:12,1,0,12
BRDA:12,1,1,0
BRF:4
BRH:2
end_of_record
TN:
SF:src\models\Task.ts
FN:11,(anonymous_0)
FN:18,(anonymous_1)
FN:51,(anonymous_2)
FN:61,(anonymous_3)
FN:63,(anonymous_4)
FN:69,(anonymous_5)
FN:84,(anonymous_6)
FN:89,(anonymous_7)
FN:94,(anonymous_8)
FN:99,(anonymous_9)
FN:105,(anonymous_10)
FN:109,(anonymous_11)
FN:114,(anonymous_12)
FNF:13
FNH:0
FNDA:0,(anonymous_0)
FNDA:0,(anonymous_1)
FNDA:0,(anonymous_2)
FNDA:0,(anonymous_3)
FNDA:0,(anonymous_4)
FNDA:0,(anonymous_5)
FNDA:0,(anonymous_6)
FNDA:0,(anonymous_7)
FNDA:0,(anonymous_8)
FNDA:0,(anonymous_9)
FNDA:0,(anonymous_10)
FNDA:0,(anonymous_11)
FNDA:0,(anonymous_12)
DA:6,0
DA:8,0
DA:10,0
DA:12,0
DA:13,0
DA:15,0
DA:19,0
DA:20,0
DA:43,0
DA:45,0
DA:52,0
DA:53,0
DA:55,0
DA:62,0
DA:63,0
DA:70,0
DA:76,0
DA:78,0
DA:85,0
DA:86,0
DA:90,0
DA:91,0
DA:95,0
DA:96,0
DA:98,0
DA:99,0
DA:106,0
DA:110,0
DA:115,0
DA:120,0
LF:30
LH:0
BRDA:12,0,0,0
BRDA:12,0,1,0
BRDA:23,1,0,0
BRDA:23,1,1,0
BRDA:24,2,0,0
BRDA:24,2,1,0
BRDA:25,3,0,0
BRDA:25,3,1,0
BRDA:26,4,0,0
BRDA:26,4,1,0
BRDA:27,5,0,0
BRDA:27,5,1,0
BRDA:28,6,0,0
BRDA:28,6,1,0
BRDA:29,7,0,0
BRDA:29,7,1,0
BRDA:30,8,0,0
BRDA:30,8,1,0
BRDA:31,9,0,0
BRDA:31,9,1,0
BRDA:33,10,0,0
BRDA:33,10,1,0
BRDA:34,11,0,0
BRDA:34,11,1,0
BRDA:35,12,0,0
BRDA:35,12,1,0
BRDA:36,13,0,0
BRDA:36,13,1,0
BRDA:53,14,0,0
BRDA:53,14,1,0
BRDA:57,15,0,0
BRDA:57,15,1,0
BRDA:65,16,0,0
BRDA:65,16,1,0
BRDA:76,17,0,0
BRDA:76,17,1,0
BRDA:89,18,0,0
BRDA:94,19,0,0
BRDA:96,20,0,0
BRDA:96,20,1,0
BRDA:101,21,0,0
BRDA:101,21,1,0
BRDA:114,22,0,0
BRF:43
BRH:0
end_of_record
TN:
SF:src\routes\dailyTaskRoutes.ts
FNF:0
FNH:0
DA:1,1
DA:2,1
DA:3,1
DA:17,0
DA:18,0
DA:19,0
DA:21,0
DA:24,0
DA:35,0
DA:49,0
DA:55,0
DA:64,0
DA:67,0
DA:68,0
DA:69,0
DA:70,0
DA:71,0
DA:74,0
DA:77,0
DA:80,0
DA:81,0
DA:82,0
DA:85,0
DA:86,0
DA:89,0
DA:91,0
LF:26
LH:3
BRF:0
BRH:0
end_of_record
TN:
SF:src\routes\mongoAuthRoutes.ts
FN:30,(anonymous_0)
FN:36,(anonymous_1)
FN:46,(anonymous_2)
FNF:3
FNH:1
FNDA:0,(anonymous_0)
FNDA:0,(anonymous_1)
FNDA:3,(anonymous_2)
DA:1,1
DA:2,1
DA:3,1
DA:4,1
DA:5,1
DA:7,1
DA:10,1
DA:21,1
DA:27,1
DA:30,1
DA:31,0
DA:32,0
DA:36,1
DA:37,0
DA:38,0
DA:46,1
DA:47,3
DA:48,3
DA:49,3
DA:51,3
DA:52,3
DA:54,0
DA:55,0
DA:60,1
DA:61,1
DA:64,1
DA:67,1
DA:70,1
DA:71,1
DA:72,1
DA:74,1
LF:31
LH:25
BRF:0
BRH:0
end_of_record
TN:
SF:src\routes\pointsConfigRoutes.ts
FNF:0
FNH:0
DA:1,1
DA:2,1
DA:3,1
DA:12,1
DA:13,1
DA:15,1
DA:18,1
DA:31,1
DA:41,1
DA:52,1
DA:59,1
DA:62,1
DA:63,1
DA:64,1
DA:67,1
DA:68,1
DA:71,1
DA:74,1
DA:76,1
LF:19
LH:19
BRF:0
BRH:0
end_of_record
TN:
SF:src\routes\recurringTaskRoutes.ts
FNF:0
FNH:0
DA:1,0
DA:2,0
DA:3,0
DA:11,0
DA:15,0
DA:18,0
DA:21,0
DA:22,0
DA:23,0
DA:25,0
LF:10
LH:0
BRF:0
BRH:0
end_of_record
TN:
SF:src\routes\redemptionRoutes.ts
FNF:0
FNH:0
DA:1,1
DA:2,1
DA:3,1
DA:11,1
DA:12,1
DA:14,1
DA:17,1
DA:24,1
DA:30,1
DA:33,1
DA:34,1
DA:35,1
DA:36,1
DA:37,1
DA:38,1
DA:40,1
LF:16
LH:16
BRF:0
BRH:0
end_of_record
TN:
SF:src\routes\rewardsRoutes.ts
FN:29,(anonymous_0)
FN:35,(anonymous_1)
FN:55,(anonymous_2)
FNF:3
FNH:0
FNDA:0,(anonymous_0)
FNDA:0,(anonymous_1)
FNDA:0,(anonymous_2)
DA:1,1
DA:2,1
DA:3,1
DA:11,1
DA:12,1
DA:14,1
DA:17,1
DA:23,1
DA:29,1
DA:30,0
DA:31,0
DA:35,1
DA:36,0
DA:40,1
DA:43,1
DA:47,1
DA:50,1
DA:51,1
DA:52,1
DA:55,1
DA:56,0
DA:60,1
DA:62,1
LF:23
LH:19
BRF:0
BRH:0
end_of_record
TN:
SF:src\routes\taskRoutes.ts
FNF:0
FNH:0
DA:1,1
DA:2,1
DA:3,1
DA:12,1
DA:13,1
DA:15,1
DA:18,1
DA:34,1
DA:51,1
DA:54,1
DA:55,1
DA:56,1
DA:57,1
DA:58,1
DA:59,1
DA:60,1
DA:62,1
LF:17
LH:17
BRF:0
BRH:0
end_of_record
TN:
SF:src\services\cronScheduler.ts
FN:14,(anonymous_0)
FN:26,(anonymous_1)
FN:30,(anonymous_2)
FN:40,(anonymous_3)
FN:50,(anonymous_4)
FN:69,(anonymous_5)
FN:71,(anonymous_6)
FN:81,(anonymous_7)
FN:87,(anonymous_8)
FN:92,(anonymous_9)
FNF:10
FNH:0
FNDA:0,(anonymous_0)
FNDA:0,(anonymous_1)
FNDA:0,(anonymous_2)
FNDA:0,(anonymous_3)
FNDA:0,(anonymous_4)
FNDA:0,(anonymous_5)
FNDA:0,(anonymous_6)
FNDA:0,(anonymous_7)
FNDA:0,(anonymous_8)
FNDA:0,(anonymous_9)
DA:1,0
DA:7,0
DA:8,0
DA:15,0
DA:18,0
DA:19,0
DA:20,0
DA:21,0
DA:23,0
DA:26,0
DA:27,0
DA:30,0
DA:31,0
DA:34,0
DA:37,0
DA:40,0
DA:41,0
DA:44,0
DA:51,0
DA:52,0
DA:55,0
DA:58,0
DA:60,0
DA:62,0
DA:70,0
DA:71,0
DA:72,0
DA:73,0
DA:75,0
DA:82,0
DA:87,0
DA:88,0
DA:89,0
DA:92,0
DA:93,0
DA:94,0
DA:97,0
LF:37
LH:0
BRF:0
BRH:0
end_of_record
TN:
SF:src\services\recommendationService.ts
FN:61,(anonymous_0)
FN:67,(anonymous_1)
FN:102,(anonymous_2)
FN:107,(anonymous_3)
FN:121,(anonymous_4)
FN:136,(anonymous_5)
FN:141,(anonymous_6)
FN:152,(anonymous_7)
FN:154,(anonymous_8)
FN:195,(anonymous_9)
FN:220,(anonymous_10)
FN:235,(anonymous_11)
FN:244,(anonymous_12)
FN:281,(anonymous_13)
FN:319,(anonymous_14)
FN:383,(anonymous_15)
FN:390,(anonymous_16)
FN:406,(anonymous_17)
FN:408,(anonymous_18)
FN:412,(anonymous_19)
FN:468,(anonymous_20)
FN:475,(anonymous_21)
FNF:22
FNH:1
FNDA:1,(anonymous_0)
FNDA:0,(anonymous_1)
FNDA:0,(anonymous_2)
FNDA:0,(anonymous_3)
FNDA:0,(anonymous_4)
FNDA:0,(anonymous_5)
FNDA:0,(anonymous_6)
FNDA:0,(anonymous_7)
FNDA:0,(anonymous_8)
FNDA:0,(anonymous_9)
FNDA:0,(anonymous_10)
FNDA:0,(anonymous_11)
FNDA:0,(anonymous_12)
FNDA:0,(anonymous_13)
FNDA:0,(anonymous_14)
FNDA:0,(anonymous_15)
FNDA:0,(anonymous_16)
FNDA:0,(anonymous_17)
FNDA:0,(anonymous_18)
FNDA:0,(anonymous_19)
FNDA:0,(anonymous_20)
FNDA:0,(anonymous_21)
DA:1,1
DA:3,1
DA:48,1
DA:61,1
DA:62,1
DA:71,0
DA:81,0
DA:84,0
DA:87,0
DA:96,0
DA:97,0
DA:101,0
DA:102,0
DA:106,0
DA:107,0
DA:110,0
DA:113,0
DA:114,0
DA:122,0
DA:123,0
DA:126,0
DA:136,0
DA:137,0
DA:141,0
DA:144,0
DA:145,0
DA:146,0
DA:147,0
DA:148,0
DA:149,0
DA:152,0
DA:154,0
DA:155,0
DA:156,0
DA:158,0
DA:159,0
DA:160,0
DA:163,0
DA:166,0
DA:169,0
DA:173,0
DA:177,0
DA:179,0
DA:203,0
DA:211,0
DA:212,0
DA:215,0
DA:216,0
DA:219,0
DA:220,0
DA:223,0
DA:224,0
DA:225,0
DA:226,0
DA:229,0
DA:235,0
DA:249,0
DA:250,0
DA:260,0
DA:263,0
DA:264,0
DA:265,0
DA:266,0
DA:268,0
DA:269,0
DA:277,0
DA:281,0
DA:282,0
DA:283,0
DA:285,0
DA:286,0
DA:288,0
DA:289,0
DA:290,0
DA:294,0
DA:295,0
DA:296,0
DA:297,0
DA:298,0
DA:300,0
DA:301,0
DA:305,0
DA:310,0
DA:311,0
DA:314,0
DA:315,0
DA:316,0
DA:319,0
DA:321,0
DA:323,0
DA:324,0
DA:325,0
DA:328,0
DA:329,0
DA:330,0
DA:331,0
DA:332,0
DA:334,0
DA:336,0
DA:337,0
DA:340,0
DA:341,0
DA:342,0
DA:343,0
DA:344,0
DA:346,0
DA:347,0
DA:351,0
DA:354,0
DA:355,0
DA:359,0
DA:360,0
DA:361,0
DA:364,0
DA:365,0
DA:368,0
DA:371,0
DA:384,0
DA:402,0
DA:405,0
DA:406,0
DA:408,0
DA:411,0
DA:412,0
DA:413,0
DA:417,0
DA:420,0
DA:423,0
DA:426,0
DA:429,0
DA:431,0
DA:432,0
DA:438,0
DA:439,0
DA:445,0
DA:446,0
DA:452,0
DA:465,1
DA:468,1
DA:472,0
DA:475,1
DA:476,0
LF:142
LH:8
BRDA:69,0,0,0
BRDA:73,1,0,0
BRDA:74,2,0,0
BRDA:75,3,0,0
BRDA:76,4,0,0
BRDA:79,5,0,0
BRDA:80,6,0,0
BRDA:96,7,0,0
BRDA:96,7,1,0
BRDA:156,8,0,0
BRDA:156,8,1,0
BRDA:159,9,0,0
BRDA:159,9,1,0
BRDA:159,9,2,0
BRDA:160,10,0,0
BRDA:160,10,1,0
BRDA:163,11,0,0
BRDA:163,11,1,0
BRDA:166,12,0,0
BRDA:166,12,1,0
BRDA:169,13,0,0
BRDA:169,13,1,0
BRDA:173,14,0,0
BRDA:173,14,1,0
BRDA:184,15,0,0
BRDA:184,15,1,0
BRDA:187,16,0,0
BRDA:187,16,1,0
BRDA:197,17,0,0
BRDA:198,18,0,0
BRDA:199,19,0,0
BRDA:211,20,0,0
BRDA:211,20,1,0
BRDA:215,21,0,0
BRDA:215,21,1,0
BRDA:219,22,0,0
BRDA:219,22,1,0
BRDA:223,23,0,0
BRDA:223,23,1,0
BRDA:223,24,0,0
BRDA:223,24,1,0
BRDA:225,25,0,0
BRDA:225,25,1,0
BRDA:226,26,0,0
BRDA:226,26,1,0
BRDA:263,27,0,0
BRDA:263,27,1,0
BRDA:268,28,0,0
BRDA:268,28,1,0
BRDA:282,29,0,0
BRDA:282,29,1,0
BRDA:282,30,0,0
BRDA:282,30,1,0
BRDA:282,31,0,0
BRDA:282,31,1,0
BRDA:283,32,0,0
BRDA:283,32,1,0
BRDA:288,33,0,0
BRDA:288,33,1,0
BRDA:300,34,0,0
BRDA:300,34,1,0
BRDA:311,35,0,0
BRDA:311,35,1,0
BRDA:323,36,0,0
BRDA:323,36,1,0
BRDA:329,37,0,0
BRDA:329,37,1,0
BRDA:329,38,0,0
BRDA:329,38,1,0
BRDA:332,39,0,0
BRDA:332,39,1,0
BRDA:346,40,0,0
BRDA:346,40,1,0
BRDA:354,41,0,0
BRDA:354,41,1,0
BRDA:360,42,0,0
BRDA:360,42,1,0
BRDA:361,43,0,0
BRDA:361,43,1,0
BRDA:364,44,0,0
BRDA:364,44,1,0
BRDA:365,45,0,0
BRDA:365,45,1,0
BRDA:413,46,0,0
BRDA:413,46,1,0
BRDA:431,47,0,0
BRDA:431,47,1,0
BRDA:438,48,0,0
BRDA:438,48,1,0
BRDA:445,49,0,0
BRDA:445,49,1,0
BRDA:470,50,0,0
BRF:92
BRH:0
end_of_record
TN:
SF:src\services\recurringTaskService.ts
FN:10,(anonymous_0)
FN:93,(anonymous_1)
FN:127,(anonymous_2)
FN:154,(anonymous_3)
FN:208,(anonymous_4)
FNF:5
FNH:0
FNDA:0,(anonymous_0)
FNDA:0,(anonymous_1)
FNDA:0,(anonymous_2)
FNDA:0,(anonymous_3)
FNDA:0,(anonymous_4)
DA:1,0
DA:2,0
DA:5,0
DA:11,0
DA:13,0
DA:15,0
DA:21,0
DA:23,0
DA:24,0
DA:26,0
DA:27,0
DA:28,0
DA:31,0
DA:32,0
DA:33,0
DA:34,0
DA:37,0
DA:38,0
DA:42,0
DA:48,0
DA:49,0
DA:53,0
DA:73,0
DA:74,0
DA:79,0
DA:83,0
DA:85,0
DA:86,0
DA:97,0
DA:99,0
DA:102,0
DA:103,0
DA:105,0
DA:106,0
DA:109,0
DA:110,0
DA:114,0
DA:115,0
DA:116,0
DA:119,0
DA:128,0
DA:130,0
DA:131,0
DA:132,0
DA:133,0
DA:135,0
DA:141,0
DA:143,0
DA:144,0
DA:159,0
DA:161,0
DA:163,0
DA:173,0
DA:175,0
DA:176,0
DA:178,0
DA:181,0
DA:197,0
DA:200,0
DA:201,0
DA:209,0
DA:210,0
DA:211,0
DA:212,0
DA:214,0
DA:215,0
DA:217,0
DA:234,0
DA:239,0
DA:240,0
DA:245,0
LF:71
LH:0
BRDA:10,0,0,0
BRDA:28,1,0,0
BRDA:28,1,1,0
BRDA:37,2,0,0
BRDA:37,2,1,0
BRDA:48,3,0,0
BRDA:48,3,1,0
BRDA:58,4,0,0
BRDA:58,4,1,0
BRDA:97,5,0,0
BRDA:97,5,1,0
BRDA:97,5,2,0
BRDA:97,5,3,0
BRDA:102,6,0,0
BRDA:102,6,1,0
BRDA:102,7,0,0
BRDA:102,7,1,0
BRDA:109,8,0,0
BRDA:109,8,1,0
BRDA:109,9,0,0
BRDA:109,9,1,0
BRDA:127,10,0,0
BRDA:157,11,0,0
BRDA:173,12,0,0
BRDA:173,12,1,0
BRDA:176,13,0,0
BRDA:176,13,1,0
BRDA:208,14,0,0
BRF:28
BRH:0
end_of_record
TN:
SF:src\utils\dateUtils.ts
FN:23,(anonymous_0)
FN:33,(anonymous_1)
FN:42,(anonymous_2)
FN:72,(anonymous_3)
FN:87,(anonymous_4)
FN:99,(anonymous_5)
FN:123,(anonymous_6)
FN:131,(anonymous_7)
FN:139,(anonymous_8)
FN:141,(anonymous_9)
FNF:10
FNH:0
FNDA:0,(anonymous_0)
FNDA:0,(anonymous_1)
FNDA:0,(anonymous_2)
FNDA:0,(anonymous_3)
FNDA:0,(anonymous_4)
FNDA:0,(anonymous_5)
FNDA:0,(anonymous_6)
FNDA:0,(anonymous_7)
FNDA:0,(anonymous_8)
FNDA:0,(anonymous_9)
DA:23,1
DA:24,0
DA:25,0
DA:26,0
DA:27,0
DA:33,1
DA:34,0
DA:35,0
DA:42,1
DA:43,0
DA:44,0
DA:47,0
DA:48,0
DA:49,0
DA:52,0
DA:53,0
DA:54,0
DA:57,0
DA:59,0
DA:72,1
DA:73,0
DA:74,0
DA:75,0
DA:76,0
DA:77,0
DA:78,0
DA:79,0
DA:81,0
DA:87,1
DA:88,0
DA:89,0
DA:90,0
DA:99,1
DA:105,0
DA:106,0
DA:107,0
DA:109,0
DA:110,0
DA:112,0
DA:123,1
DA:124,0
DA:125,0
DA:131,1
DA:132,0
DA:133,0
DA:139,1
DA:140,0
DA:141,0
DA:142,0
LF:49
LH:9
BRDA:43,0,0,0
BRDA:43,0,1,0
BRDA:48,1,0,0
BRDA:48,1,1,0
BRDA:78,2,0,0
BRDA:78,2,1,0
BRDA:105,3,0,0
BRDA:105,3,1,0
BRDA:124,4,0,0
BRDA:124,4,1,0
BRDA:125,5,0,0
BRDA:125,5,1,0
BRDA:132,6,0,0
BRDA:132,6,1,0
BRDA:140,7,0,0
BRDA:140,7,1,0
BRF:16
BRH:0
end_of_record
TN:
SF:src\utils\defaultTasks.ts
FN:418,(anonymous_0)
FNF:1
FNH:0
FNDA:0,(anonymous_0)
DA:1,0
DA:4,0
DA:418,0
DA:419,0
DA:420,0
DA:422,0
DA:423,0
DA:430,0
DA:433,0
DA:435,0
LF:10
LH:0
BRF:0
BRH:0
end_of_record
TN:
SF:src\utils\jwt.ts
FN:7,(anonymous_9)
FN:17,(anonymous_10)
FNF:2
FNH:0
FNDA:0,(anonymous_9)
FNDA:0,(anonymous_10)
DA:1,1
DA:4,1
DA:5,1
DA:7,1
DA:8,0
DA:14,0
DA:17,1
DA:18,0
DA:20,0
DA:21,0
DA:22,0
DA:30,0
DA:32,0
LF:13
LH:5
BRDA:4,0,0,1
BRDA:4,0,1,1
BRDA:5,1,0,1
BRDA:5,1,1,1
BRDA:20,2,0,0
BRDA:20,2,1,0
BRF:6
BRH:4
end_of_record
TN:
SF:src\utils\transactionUtils.ts
FN:22,withSafeTransaction
FN:34,(anonymous_1)
FN:47,(anonymous_2)
FN:69,executePointsTransaction
FN:80,(anonymous_4)
FN:161,executeGameTimeExchangeTransaction
FN:168,(anonymous_6)
FN:225,executeTaskCompletionRewardTransaction
FN:235,(anonymous_8)
FN:333,executeRedemptionApprovalTransaction
FN:343,(anonymous_10)
FNF:11
FNH:0
FNDA:0,withSafeTransaction
FNDA:0,(anonymous_1)
FNDA:0,(anonymous_2)
FNDA:0,executePointsTransaction
FNDA:0,(anonymous_4)
FNDA:0,executeGameTimeExchangeTransaction
FNDA:0,(anonymous_6)
FNDA:0,executeTaskCompletionRewardTransaction
FNDA:0,(anonymous_8)
FNDA:0,executeRedemptionApprovalTransaction
FNDA:0,(anonymous_10)
DA:2,0
DA:3,0
DA:22,0
DA:26,0
DA:28,0
DA:29,0
DA:31,0
DA:34,0
DA:35,0
DA:38,0
DA:40,0
DA:43,0
DA:44,0
DA:45,0
DA:47,0
DA:48,0
DA:53,0
DA:55,0
DA:59,0
DA:69,0
DA:80,0
DA:81,0
DA:82,0
DA:84,0
DA:86,0
DA:87,0
DA:88,0
DA:89,0
DA:94,0
DA:99,0
DA:100,0
DA:103,0
DA:104,0
DA:107,0
DA:108,0
DA:112,0
DA:121,0
DA:122,0
DA:126,0
DA:127,0
DA:135,0
DA:136,0
DA:147,0
DA:148,0
DA:153,0
DA:161,0
DA:168,0
DA:170,0
DA:175,0
DA:176,0
DA:179,0
DA:180,0
DA:184,0
DA:194,0
DA:195,0
DA:198,0
DA:207,0
DA:208,0
DA:212,0
DA:217,0
DA:225,0
DA:235,0
DA:237,0
DA:238,0
DA:243,0
DA:245,0
DA:246,0
DA:248,0
DA:260,0
DA:261,0
DA:265,0
DA:266,0
DA:267,0
DA:269,0
DA:270,0
DA:271,0
DA:272,0
DA:275,0
DA:277,0
DA:287,0
DA:298,0
DA:311,0
DA:312,0
DA:316,0
DA:321,0
DA:333,0
DA:343,0
DA:345,0
DA:350,0
DA:351,0
DA:354,0
DA:355,0
DA:358,0
DA:360,0
DA:368,0
DA:372,0
DA:386,0
DA:387,0
DA:391,0
DA:396,0
LF:100
LH:0
BRDA:24,0,0,0
BRDA:43,1,0,0
BRDA:43,1,1,0
BRDA:43,2,0,0
BRDA:43,2,1,0
BRDA:43,2,2,0
BRDA:45,3,0,0
BRDA:45,3,1,0
BRDA:61,4,0,0
BRDA:61,4,1,0
BRDA:86,5,0,0
BRDA:86,5,1,0
BRDA:88,6,0,0
BRDA:88,6,1,0
BRDA:99,7,0,0
BRDA:99,7,1,0
BRDA:103,8,0,0
BRDA:103,8,1,0
BRDA:107,9,0,0
BRDA:107,9,1,0
BRDA:107,10,0,0
BRDA:107,10,1,0
BRDA:121,11,0,0
BRDA:121,11,1,0
BRDA:135,12,0,0
BRDA:135,12,1,0
BRDA:138,13,0,0
BRDA:138,13,1,0
BRDA:140,14,0,0
BRDA:140,14,1,0
BRDA:147,15,0,0
BRDA:147,15,1,0
BRDA:175,16,0,0
BRDA:175,16,1,0
BRDA:179,17,0,0
BRDA:179,17,1,0
BRDA:207,18,0,0
BRDA:207,18,1,0
BRDA:243,19,0,0
BRDA:243,19,1,0
BRDA:246,20,0,0
BRDA:246,20,1,0
BRDA:266,21,0,0
BRDA:266,21,1,0
BRDA:269,22,0,0
BRDA:269,22,1,0
BRDA:271,23,0,0
BRDA:271,23,1,0
BRDA:275,24,0,0
BRDA:275,24,1,0
BRDA:311,25,0,0
BRDA:311,25,1,0
BRDA:350,26,0,0
BRDA:350,26,1,0
BRDA:358,27,0,0
BRDA:358,27,1,0
BRDA:358,28,0,0
BRDA:358,28,1,0
BRDA:376,29,0,0
BRDA:376,29,1,0
BRDA:379,30,0,0
BRDA:379,30,1,0
BRDA:386,31,0,0
BRDA:386,31,1,0
BRF:64
BRH:0
end_of_record
