TN:
SF:src\app.ts
FN:47,(anonymous_1)
FN:57,(anonymous_2)
FN:66,(anonymous_3)
FN:82,(anonymous_4)
FN:101,(anonymous_5)
FN:110,(anonymous_6)
FNF:6
FNH:0
FNDA:0,(anonymous_1)
FNDA:0,(anonymous_2)
FNDA:0,(anonymous_3)
FNDA:0,(anonymous_4)
FNDA:0,(anonymous_5)
FNDA:0,(anonymous_6)
DA:1,0
DA:2,0
DA:4,0
DA:5,0
DA:6,0
DA:7,0
DA:8,0
DA:9,0
DA:16,0
DA:18,0
DA:22,0
DA:28,0
DA:31,0
DA:36,0
DA:39,0
DA:40,0
DA:41,0
DA:44,0
DA:45,0
DA:47,0
DA:53,0
DA:54,0
DA:57,0
DA:58,0
DA:66,0
DA:67,0
DA:73,0
DA:74,0
DA:75,0
DA:76,0
DA:77,0
DA:78,0
DA:79,0
DA:82,0
DA:83,0
DA:84,0
DA:87,0
DA:88,0
DA:89,0
DA:90,0
DA:91,0
DA:92,0
DA:93,0
DA:96,0
DA:99,0
DA:101,0
DA:103,0
DA:110,0
DA:111,0
DA:117,0
LF:50
LH:0
BRDA:23,0,0,0
BRDA:23,0,1,0
BRDA:44,1,0,0
BRDA:44,1,1,0
BRDA:103,2,0,0
BRDA:103,2,1,0
BRDA:105,3,0,0
BRDA:105,3,1,0
BRF:8
BRH:0
end_of_record
TN:
SF:src\server-demo.ts
FN:24,(anonymous_1)
FN:33,(anonymous_2)
FN:48,(anonymous_3)
FN:57,(anonymous_4)
FN:62,(anonymous_5)
FN:64,(anonymous_6)
FN:70,(anonymous_7)
FN:93,(anonymous_8)
FN:97,(anonymous_9)
FN:120,(anonymous_10)
FN:122,(anonymous_11)
FN:123,(anonymous_12)
FN:127,(anonymous_13)
FN:128,(anonymous_14)
FN:129,(anonymous_15)
FN:129,(anonymous_16)
FN:142,(anonymous_17)
FN:146,(anonymous_18)
FN:168,(anonymous_19)
FN:174,(anonymous_20)
FNF:20
FNH:0
FNDA:0,(anonymous_1)
FNDA:0,(anonymous_2)
FNDA:0,(anonymous_3)
FNDA:0,(anonymous_4)
FNDA:0,(anonymous_5)
FNDA:0,(anonymous_6)
FNDA:0,(anonymous_7)
FNDA:0,(anonymous_8)
FNDA:0,(anonymous_9)
FNDA:0,(anonymous_10)
FNDA:0,(anonymous_11)
FNDA:0,(anonymous_12)
FNDA:0,(anonymous_13)
FNDA:0,(anonymous_14)
FNDA:0,(anonymous_15)
FNDA:0,(anonymous_16)
FNDA:0,(anonymous_17)
FNDA:0,(anonymous_18)
FNDA:0,(anonymous_19)
FNDA:0,(anonymous_20)
DA:1,0
DA:2,0
DA:3,0
DA:5,0
DA:6,0
DA:9,0
DA:13,0
DA:16,0
DA:24,0
DA:25,0
DA:33,0
DA:34,0
DA:48,0
DA:49,0
DA:57,0
DA:58,0
DA:59,0
DA:62,0
DA:64,0
DA:70,0
DA:71,0
DA:72,0
DA:84,0
DA:86,0
DA:93,0
DA:94,0
DA:95,0
DA:97,0
DA:98,0
DA:99,0
DA:102,0
DA:103,0
DA:104,0
DA:105,0
DA:106,0
DA:107,0
DA:108,0
DA:109,0
DA:112,0
DA:120,0
DA:121,0
DA:122,0
DA:123,0
DA:127,0
DA:128,0
DA:129,0
DA:136,0
DA:142,0
DA:143,0
DA:144,0
DA:146,0
DA:147,0
DA:148,0
DA:151,0
DA:152,0
DA:153,0
DA:154,0
DA:155,0
DA:156,0
DA:157,0
DA:160,0
DA:168,0
DA:169,0
DA:170,0
DA:174,0
DA:175,0
DA:176,0
DA:177,0
DA:180,0
LF:69
LH:0
BRDA:6,0,0,0
BRDA:6,0,1,0
BRDA:10,1,0,0
BRDA:10,1,1,0
BRDA:98,2,0,0
BRDA:98,2,1,0
BRDA:104,3,0,0
BRDA:104,3,1,0
BRDA:105,4,0,0
BRDA:105,4,1,0
BRDA:105,5,0,0
BRDA:105,5,1,0
BRDA:106,6,0,0
BRDA:106,6,1,0
BRDA:108,7,0,0
BRDA:108,7,1,0
BRDA:108,8,0,0
BRDA:108,8,1,0
BRDA:128,9,0,0
BRDA:128,9,1,0
BRDA:129,10,0,0
BRDA:129,10,1,0
BRDA:130,11,0,0
BRDA:130,11,1,0
BRDA:147,12,0,0
BRDA:147,12,1,0
BRDA:152,13,0,0
BRDA:152,13,1,0
BRDA:155,14,0,0
BRDA:155,14,1,0
BRDA:155,15,0,0
BRDA:155,15,1,0
BRDA:157,16,0,0
BRDA:157,16,1,0
BRF:34
BRH:0
end_of_record
TN:
SF:src\server.ts
FN:12,(anonymous_1)
FN:36,(anonymous_2)
FN:45,(anonymous_3)
FN:54,(anonymous_4)
FN:77,(anonymous_5)
FN:107,(anonymous_6)
FN:116,(anonymous_7)
FN:126,(anonymous_8)
FN:134,(anonymous_9)
FN:148,(anonymous_10)
FN:154,(anonymous_11)
FNF:11
FNH:0
FNDA:0,(anonymous_1)
FNDA:0,(anonymous_2)
FNDA:0,(anonymous_3)
FNDA:0,(anonymous_4)
FNDA:0,(anonymous_5)
FNDA:0,(anonymous_6)
FNDA:0,(anonymous_7)
FNDA:0,(anonymous_8)
FNDA:0,(anonymous_9)
FNDA:0,(anonymous_10)
FNDA:0,(anonymous_11)
DA:1,0
DA:3,0
DA:4,0
DA:7,0
DA:9,0
DA:12,0
DA:13,0
DA:16,0
DA:17,0
DA:18,0
DA:19,0
DA:20,0
DA:22,0
DA:23,0
DA:24,0
DA:27,0
DA:28,0
DA:32,0
DA:33,0
DA:36,0
DA:37,0
DA:38,0
DA:45,0
DA:46,0
DA:47,0
DA:54,0
DA:55,0
DA:56,0
DA:66,0
DA:67,0
DA:68,0
DA:69,0
DA:70,0
DA:71,0
DA:72,0
DA:73,0
DA:74,0
DA:77,0
DA:78,0
DA:79,0
DA:83,0
DA:84,0
DA:85,0
DA:86,0
DA:87,0
DA:88,0
DA:89,0
DA:90,0
DA:93,0
DA:94,0
DA:95,0
DA:96,0
DA:97,0
DA:98,0
DA:99,0
DA:100,0
DA:101,0
DA:104,0
DA:107,0
DA:108,0
DA:109,0
DA:116,0
DA:117,0
DA:118,0
DA:124,0
DA:126,0
DA:127,0
DA:128,0
DA:129,0
DA:132,0
DA:134,0
DA:135,0
DA:136,0
DA:137,0
DA:140,0
DA:141,0
DA:145,0
DA:148,0
DA:149,0
DA:150,0
DA:151,0
DA:154,0
DA:155,0
DA:156,0
DA:157,0
LF:85
LH:0
BRDA:16,0,0,0
BRDA:16,0,1,0
BRDA:22,1,0,0
BRDA:22,1,1,0
BRDA:111,2,0,0
BRDA:111,2,1,0
BRDA:124,3,0,0
BRDA:124,3,1,0
BRF:8
BRH:0
end_of_record
TN:
SF:src\config\firebase.ts
FNF:0
FNH:0
DA:1,0
DA:4,0
DA:5,0
DA:11,0
DA:18,0
DA:20,0
LF:6
LH:0
BRDA:4,0,0,0
BRDA:4,0,1,0
BRF:2
BRH:0
end_of_record
TN:
SF:src\config\logger.ts
FN:36,(anonymous_1)
FN:52,(anonymous_2)
FN:143,(anonymous_3)
FN:156,(anonymous_4)
FN:170,(anonymous_5)
FN:184,(anonymous_6)
FN:198,(anonymous_7)
FN:210,(anonymous_8)
FN:223,(anonymous_9)
FN:236,(anonymous_10)
FNF:10
FNH:1
FNDA:0,(anonymous_1)
FNDA:8,(anonymous_2)
FNDA:0,(anonymous_3)
FNDA:0,(anonymous_4)
FNDA:0,(anonymous_5)
FNDA:0,(anonymous_6)
FNDA:0,(anonymous_7)
FNDA:0,(anonymous_8)
FNDA:0,(anonymous_9)
FNDA:0,(anonymous_10)
DA:1,2
DA:2,2
DA:3,2
DA:4,2
DA:7,2
DA:8,2
DA:9,0
DA:13,2
DA:22,2
DA:30,2
DA:33,2
DA:37,0
DA:38,0
DA:40,0
DA:45,2
DA:52,2
DA:58,8
DA:71,2
DA:110,2
DA:119,2
DA:129,2
DA:139,2
DA:144,0
DA:157,0
DA:171,0
DA:185,0
DA:199,0
DA:211,0
DA:224,0
DA:237,0
DA:249,2
LF:31
LH:19
BRDA:8,0,0,0
BRDA:8,0,1,2
BRDA:37,1,0,0
BRDA:37,1,1,0
BRDA:61,2,0,8
BRDA:61,2,1,4
BRDA:63,3,0,8
BRDA:63,3,1,0
BRDA:64,4,0,8
BRDA:64,4,1,0
BRDA:75,5,0,0
BRDA:75,5,1,2
BRDA:111,6,0,0
BRDA:111,6,1,2
BRF:14
BRH:7
end_of_record
TN:
SF:src\config\mockDb.ts
FN:4,(anonymous_0)
FN:89,(anonymous_1)
FN:93,(anonymous_2)
FN:98,(anonymous_3)
FN:100,(anonymous_4)
FN:101,(anonymous_5)
FN:101,(anonymous_6)
FN:102,(anonymous_7)
FN:102,(anonymous_8)
FN:106,(anonymous_9)
FN:110,(anonymous_10)
FN:114,(anonymous_11)
FNF:12
FNH:0
FNDA:0,(anonymous_0)
FNDA:0,(anonymous_1)
FNDA:0,(anonymous_2)
FNDA:0,(anonymous_3)
FNDA:0,(anonymous_4)
FNDA:0,(anonymous_5)
FNDA:0,(anonymous_6)
FNDA:0,(anonymous_7)
FNDA:0,(anonymous_8)
FNDA:0,(anonymous_9)
FNDA:0,(anonymous_10)
FNDA:0,(anonymous_11)
DA:4,0
DA:5,0
DA:28,0
DA:65,0
DA:86,0
DA:90,0
DA:95,0
DA:99,0
DA:100,0
DA:101,0
DA:102,0
DA:107,0
DA:111,0
DA:115,0
DA:119,0
LF:15
LH:0
BRDA:95,0,0,0
BRDA:95,0,1,0
BRF:2
BRH:0
end_of_record
TN:
SF:src\config\mongodb.ts
FN:27,(anonymous_0)
FN:32,(anonymous_1)
FN:43,(anonymous_2)
FN:47,(anonymous_3)
FN:71,(anonymous_4)
FNF:5
FNH:1
FNDA:2,(anonymous_0)
FNDA:0,(anonymous_1)
FNDA:0,(anonymous_2)
FNDA:0,(anonymous_3)
FNDA:0,(anonymous_4)
DA:1,2
DA:28,2
DA:29,2
DA:33,0
DA:34,0
DA:35,0
DA:36,0
DA:38,0
DA:39,0
DA:44,0
DA:48,0
DA:49,0
DA:51,0
DA:66,2
DA:71,2
DA:72,0
LF:16
LH:5
BRDA:28,0,0,2
BRDA:28,0,1,2
BRDA:48,1,0,0
BRDA:48,1,1,0
BRF:4
BRH:2
end_of_record
TN:
SF:src\config\testDatabase.ts
FN:10,(anonymous_1)
FN:30,(anonymous_2)
FN:50,(anonymous_3)
FN:60,(anonymous_4)
FNF:4
FNH:2
FNDA:5,(anonymous_1)
FNDA:5,(anonymous_2)
FNDA:0,(anonymous_3)
FNDA:0,(anonymous_4)
DA:1,5
DA:2,5
DA:10,5
DA:11,5
DA:12,5
DA:13,5
DA:16,5
DA:19,5
DA:20,5
DA:22,0
DA:23,0
DA:30,5
DA:31,5
DA:33,5
DA:36,5
DA:37,5
DA:40,5
DA:42,0
DA:43,0
DA:50,5
DA:51,0
DA:52,0
DA:54,0
DA:60,5
DA:61,0
DA:62,0
DA:64,0
DA:65,0
DA:66,0
DA:69,0
DA:71,0
DA:72,0
LF:32
LH:17
BRDA:36,0,0,5
BRDA:36,0,1,0
BRDA:51,1,0,0
BRDA:51,1,1,0
BRF:4
BRH:1
end_of_record
TN:
SF:src\controllers\adminController.ts
FN:4,(anonymous_0)
FNF:1
FNH:0
FNDA:0,(anonymous_0)
DA:2,0
DA:4,0
DA:5,0
DA:7,0
DA:9,0
DA:10,0
DA:17,0
DA:19,0
DA:21,0
DA:26,0
DA:27,0
LF:11
LH:0
BRDA:9,0,0,0
BRDA:9,0,1,0
BRDA:29,1,0,0
BRDA:29,1,1,0
BRF:4
BRH:0
end_of_record
TN:
SF:src\controllers\dailyTaskController.ts
FN:12,(anonymous_0)
FN:17,(anonymous_1)
FN:24,(anonymous_2)
FN:155,(anonymous_3)
FN:249,(anonymous_4)
FN:304,(anonymous_5)
FN:316,(anonymous_6)
FN:328,(anonymous_7)
FN:353,(anonymous_8)
FN:497,(anonymous_9)
FN:611,(anonymous_10)
FN:653,(anonymous_11)
FN:689,(anonymous_12)
FN:690,(anonymous_13)
FN:691,(anonymous_14)
FN:692,(anonymous_15)
FN:693,(anonymous_16)
FN:695,(anonymous_17)
FN:711,(anonymous_18)
FN:730,(anonymous_19)
FN:739,calculateBonusPoints
FN:763,(anonymous_21)
FN:771,(anonymous_22)
FN:821,(anonymous_23)
FN:847,(anonymous_24)
FN:863,(anonymous_25)
FN:1002,(anonymous_26)
FN:1104,(anonymous_27)
FN:1209,(anonymous_28)
FN:1246,(anonymous_29)
FN:1247,(anonymous_30)
FN:1253,(anonymous_31)
FN:1276,(anonymous_32)
FN:1379,(anonymous_33)
FN:1464,(anonymous_34)
FN:1545,(anonymous_35)
FN:1546,(anonymous_36)
FN:1573,createPointsTransaction
FN:1617,(anonymous_38)
FN:1668,(anonymous_39)
FN:1669,(anonymous_40)
FN:1670,(anonymous_41)
FN:1671,(anonymous_42)
FN:1675,(anonymous_43)
FN:1676,(anonymous_44)
FN:1677,(anonymous_45)
FN:1678,(anonymous_46)
FN:1681,(anonymous_47)
FNF:48
FNH:0
FNDA:0,(anonymous_0)
FNDA:0,(anonymous_1)
FNDA:0,(anonymous_2)
FNDA:0,(anonymous_3)
FNDA:0,(anonymous_4)
FNDA:0,(anonymous_5)
FNDA:0,(anonymous_6)
FNDA:0,(anonymous_7)
FNDA:0,(anonymous_8)
FNDA:0,(anonymous_9)
FNDA:0,(anonymous_10)
FNDA:0,(anonymous_11)
FNDA:0,(anonymous_12)
FNDA:0,(anonymous_13)
FNDA:0,(anonymous_14)
FNDA:0,(anonymous_15)
FNDA:0,(anonymous_16)
FNDA:0,(anonymous_17)
FNDA:0,(anonymous_18)
FNDA:0,(anonymous_19)
FNDA:0,calculateBonusPoints
FNDA:0,(anonymous_21)
FNDA:0,(anonymous_22)
FNDA:0,(anonymous_23)
FNDA:0,(anonymous_24)
FNDA:0,(anonymous_25)
FNDA:0,(anonymous_26)
FNDA:0,(anonymous_27)
FNDA:0,(anonymous_28)
FNDA:0,(anonymous_29)
FNDA:0,(anonymous_30)
FNDA:0,(anonymous_31)
FNDA:0,(anonymous_32)
FNDA:0,(anonymous_33)
FNDA:0,(anonymous_34)
FNDA:0,(anonymous_35)
FNDA:0,(anonymous_36)
FNDA:0,createPointsTransaction
FNDA:0,(anonymous_38)
FNDA:0,(anonymous_39)
FNDA:0,(anonymous_40)
FNDA:0,(anonymous_41)
FNDA:0,(anonymous_42)
FNDA:0,(anonymous_43)
FNDA:0,(anonymous_44)
FNDA:0,(anonymous_45)
FNDA:0,(anonymous_46)
FNDA:0,(anonymous_47)
DA:2,2
DA:5,2
DA:6,2
DA:7,2
DA:8,2
DA:12,2
DA:13,0
DA:17,2
DA:18,0
DA:19,0
DA:21,0
DA:24,2
DA:25,0
DA:26,0
DA:27,0
DA:28,0
DA:34,0
DA:52,0
DA:54,0
DA:63,0
DA:64,0
DA:65,0
DA:72,0
DA:73,0
DA:91,0
DA:93,0
DA:94,0
DA:95,0
DA:101,0
DA:102,0
DA:108,0
DA:109,0
DA:110,0
DA:117,0
DA:123,0
DA:129,0
DA:137,0
DA:138,0
DA:141,0
DA:155,0
DA:156,0
DA:157,0
DA:161,0
DA:164,0
DA:169,0
DA:176,0
DA:177,0
DA:183,0
DA:190,0
DA:192,0
DA:212,0
DA:220,0
DA:221,0
DA:226,0
DA:227,0
DA:235,0
DA:241,0
DA:242,0
DA:249,2
DA:250,0
DA:251,0
DA:252,0
DA:253,0
DA:259,0
DA:265,0
DA:266,0
DA:268,0
DA:276,0
DA:277,0
DA:278,0
DA:279,0
DA:286,0
DA:288,0
DA:289,0
DA:291,0
DA:292,0
DA:295,0
DA:297,0
DA:302,0
DA:304,0
DA:315,0
DA:317,0
DA:318,0
DA:326,0
DA:328,0
DA:340,0
DA:345,0
DA:346,0
DA:353,2
DA:354,0
DA:355,0
DA:356,0
DA:362,0
DA:363,0
DA:365,0
DA:366,0
DA:367,0
DA:374,0
DA:375,0
DA:381,0
DA:383,0
DA:384,0
DA:387,0
DA:388,0
DA:389,0
DA:391,0
DA:399,0
DA:405,0
DA:406,0
DA:409,0
DA:410,0
DA:414,0
DA:417,0
DA:418,0
DA:420,0
DA:425,0
DA:426,0
DA:427,0
DA:429,0
DA:441,0
DA:442,0
DA:446,0
DA:447,0
DA:448,0
DA:449,0
DA:451,0
DA:453,0
DA:454,0
DA:455,0
DA:457,0
DA:458,0
DA:462,0
DA:464,0
DA:469,0
DA:470,0
DA:471,0
DA:473,0
DA:474,0
DA:475,0
DA:476,0
DA:477,0
DA:478,0
DA:483,0
DA:485,0
DA:495,0
DA:496,0
DA:497,0
DA:498,0
DA:501,0
DA:514,0
DA:524,0
DA:526,0
DA:528,0
DA:532,0
DA:535,0
DA:550,0
DA:551,0
DA:553,0
DA:554,0
DA:556,0
DA:557,0
DA:560,0
DA:561,0
DA:565,0
DA:566,0
DA:568,0
DA:569,0
DA:572,0
DA:578,0
DA:581,0
DA:582,0
DA:584,0
DA:585,0
DA:586,0
DA:588,0
DA:589,0
DA:590,0
DA:591,0
DA:593,0
DA:597,0
DA:603,0
DA:604,0
DA:611,2
DA:612,0
DA:613,0
DA:614,0
DA:620,0
DA:621,0
DA:623,0
DA:624,0
DA:631,0
DA:632,0
DA:638,0
DA:640,0
DA:645,0
DA:646,0
DA:653,2
DA:654,0
DA:655,0
DA:656,0
DA:662,0
DA:663,0
DA:666,0
DA:667,0
DA:668,0
DA:675,0
DA:677,0
DA:678,0
DA:679,0
DA:680,0
DA:681,0
DA:682,0
DA:685,0
DA:687,0
DA:689,0
DA:690,0
DA:691,0
DA:692,0
DA:693,0
DA:695,0
DA:698,0
DA:703,0
DA:704,0
DA:711,2
DA:712,0
DA:713,0
DA:714,0
DA:715,0
DA:716,0
DA:717,0
DA:724,0
DA:730,0
DA:734,0
DA:740,0
DA:743,0
DA:744,0
DA:745,0
DA:746,0
DA:747,0
DA:748,0
DA:749,0
DA:750,0
DA:751,0
DA:758,0
DA:760,0
DA:763,0
DA:764,0
DA:767,0
DA:771,2
DA:772,0
DA:773,0
DA:774,0
DA:781,0
DA:782,0
DA:789,0
DA:791,0
DA:792,0
DA:800,0
DA:820,0
DA:822,0
DA:823,0
DA:825,0
DA:847,0
DA:849,0
DA:854,0
DA:855,0
DA:863,2
DA:864,0
DA:865,0
DA:866,0
DA:873,0
DA:874,0
DA:880,0
DA:881,0
DA:883,0
DA:884,0
DA:890,0
DA:891,0
DA:892,0
DA:899,0
DA:900,0
DA:906,0
DA:915,0
DA:916,0
DA:917,0
DA:918,0
DA:919,0
DA:920,0
DA:922,0
DA:924,0
DA:925,0
DA:926,0
DA:928,0
DA:933,0
DA:934,0
DA:935,0
DA:946,0
DA:947,0
DA:950,0
DA:951,0
DA:952,0
DA:955,0
DA:956,0
DA:957,0
DA:958,0
DA:962,0
DA:967,0
DA:968,0
DA:969,0
DA:971,0
DA:972,0
DA:973,0
DA:974,0
DA:978,0
DA:980,0
DA:991,0
DA:1000,0
DA:1001,0
DA:1002,0
DA:1003,0
DA:1006,0
DA:1019,0
DA:1029,0
DA:1033,0
DA:1034,0
DA:1035,0
DA:1039,0
DA:1040,0
DA:1057,0
DA:1058,0
DA:1078,0
DA:1079,0
DA:1082,0
DA:1090,0
DA:1092,0
DA:1094,0
DA:1102,0
DA:1103,0
DA:1104,0
DA:1105,0
DA:1106,0
DA:1107,0
DA:1110,0
DA:1115,0
DA:1116,0
DA:1117,0
DA:1118,0
DA:1121,0
DA:1135,0
DA:1145,0
DA:1149,0
DA:1150,0
DA:1153,0
DA:1154,0
DA:1171,0
DA:1174,0
DA:1180,0
DA:1182,0
DA:1193,0
DA:1194,0
DA:1209,2
DA:1210,0
DA:1211,0
DA:1212,0
DA:1218,0
DA:1222,0
DA:1224,0
DA:1225,0
DA:1226,0
DA:1227,0
DA:1230,0
DA:1231,0
DA:1232,0
DA:1236,0
DA:1245,0
DA:1246,0
DA:1247,0
DA:1248,0
DA:1250,0
DA:1253,0
DA:1260,0
DA:1265,0
DA:1266,0
DA:1276,2
DA:1277,0
DA:1278,0
DA:1279,0
DA:1285,0
DA:1287,0
DA:1288,0
DA:1294,0
DA:1295,0
DA:1296,0
DA:1298,0
DA:1299,0
DA:1302,0
DA:1309,0
DA:1310,0
DA:1313,0
DA:1315,0
DA:1317,0
DA:1318,0
DA:1320,0
DA:1321,0
DA:1322,0
DA:1325,0
DA:1326,0
DA:1327,0
DA:1330,0
DA:1331,0
DA:1340,0
DA:1355,0
DA:1368,0
DA:1369,0
DA:1379,2
DA:1380,0
DA:1381,0
DA:1382,0
DA:1388,0
DA:1389,0
DA:1395,0
DA:1397,0
DA:1398,0
DA:1404,0
DA:1405,0
DA:1411,0
DA:1413,0
DA:1414,0
DA:1415,0
DA:1417,0
DA:1418,0
DA:1419,0
DA:1423,0
DA:1424,0
DA:1425,0
DA:1428,0
DA:1437,0
DA:1438,0
DA:1439,0
DA:1440,0
DA:1441,0
DA:1442,0
DA:1445,0
DA:1456,0
DA:1458,0
DA:1460,0
DA:1462,0
DA:1463,0
DA:1464,0
DA:1465,0
DA:1466,0
DA:1467,0
DA:1470,0
DA:1475,0
DA:1476,0
DA:1477,0
DA:1478,0
DA:1481,0
DA:1495,0
DA:1505,0
DA:1509,0
DA:1510,0
DA:1513,0
DA:1514,0
DA:1531,0
DA:1534,0
DA:1539,0
DA:1541,0
DA:1545,0
DA:1546,0
DA:1548,0
DA:1562,0
DA:1563,0
DA:1587,0
DA:1589,0
DA:1590,0
DA:1591,0
DA:1593,0
DA:1606,0
DA:1607,0
DA:1609,0
DA:1610,0
DA:1617,2
DA:1618,0
DA:1619,0
DA:1620,0
DA:1626,0
DA:1627,0
DA:1630,0
DA:1631,0
DA:1632,0
DA:1639,0
DA:1642,0
DA:1643,0
DA:1645,0
DA:1646,0
DA:1650,0
DA:1651,0
DA:1652,0
DA:1653,0
DA:1656,0
DA:1663,0
DA:1666,0
DA:1668,0
DA:1669,0
DA:1670,0
DA:1671,0
DA:1673,0
DA:1675,0
DA:1676,0
DA:1677,0
DA:1678,0
DA:1681,0
DA:1686,0
DA:1700,0
DA:1701,0
LF:516
LH:19
BRDA:18,0,0,0
BRDA:18,0,1,0
BRDA:26,1,0,0
BRDA:26,1,1,0
BRDA:46,2,0,0
BRDA:48,3,0,0
BRDA:63,4,0,0
BRDA:63,4,1,0
BRDA:63,5,0,0
BRDA:63,5,1,0
BRDA:72,6,0,0
BRDA:72,6,1,0
BRDA:95,7,0,0
BRDA:95,7,1,0
BRDA:108,8,0,0
BRDA:108,8,1,0
BRDA:130,9,0,0
BRDA:130,9,1,0
BRDA:137,10,0,0
BRDA:137,10,1,0
BRDA:156,11,0,0
BRDA:156,11,1,0
BRDA:177,12,0,0
BRDA:177,12,1,0
BRDA:244,13,0,0
BRDA:244,13,1,0
BRDA:251,14,0,0
BRDA:251,14,1,0
BRDA:266,15,0,0
BRDA:266,15,1,0
BRDA:276,16,0,0
BRDA:276,16,1,0
BRDA:277,17,0,0
BRDA:277,17,1,0
BRDA:277,18,0,0
BRDA:277,18,1,0
BRDA:288,19,0,0
BRDA:288,19,1,0
BRDA:291,20,0,0
BRDA:291,20,1,0
BRDA:321,21,0,0
BRDA:321,21,1,0
BRDA:336,22,0,0
BRDA:336,22,1,0
BRDA:348,23,0,0
BRDA:348,23,1,0
BRDA:355,24,0,0
BRDA:355,24,1,0
BRDA:366,25,0,0
BRDA:366,25,1,0
BRDA:374,26,0,0
BRDA:374,26,1,0
BRDA:383,27,0,0
BRDA:383,27,1,0
BRDA:387,28,0,0
BRDA:387,28,1,0
BRDA:389,29,0,0
BRDA:389,29,1,0
BRDA:393,30,0,0
BRDA:393,30,1,0
BRDA:401,31,0,0
BRDA:401,31,1,0
BRDA:409,32,0,0
BRDA:409,32,1,0
BRDA:418,33,0,0
BRDA:418,33,1,0
BRDA:425,34,0,0
BRDA:425,34,1,0
BRDA:427,35,0,0
BRDA:427,35,1,0
BRDA:446,36,0,0
BRDA:446,36,1,0
BRDA:451,37,0,0
BRDA:451,37,1,0
BRDA:455,38,0,0
BRDA:455,38,1,0
BRDA:462,39,0,0
BRDA:462,39,1,0
BRDA:469,40,0,0
BRDA:469,40,1,0
BRDA:469,41,0,0
BRDA:469,41,1,0
BRDA:470,42,0,0
BRDA:470,42,1,0
BRDA:473,43,0,0
BRDA:473,43,1,0
BRDA:476,44,0,0
BRDA:476,44,1,0
BRDA:483,45,0,0
BRDA:483,45,1,0
BRDA:483,46,0,0
BRDA:483,46,1,0
BRDA:483,46,2,0
BRDA:491,47,0,0
BRDA:491,47,1,0
BRDA:498,48,0,0
BRDA:498,48,1,0
BRDA:506,49,0,0
BRDA:506,49,1,0
BRDA:526,50,0,0
BRDA:526,50,1,0
BRDA:526,51,0,0
BRDA:526,51,1,0
BRDA:550,52,0,0
BRDA:550,52,1,0
BRDA:553,53,0,0
BRDA:553,53,1,0
BRDA:556,54,0,0
BRDA:556,54,1,0
BRDA:560,55,0,0
BRDA:560,55,1,0
BRDA:565,56,0,0
BRDA:565,56,1,0
BRDA:568,57,0,0
BRDA:568,57,1,0
BRDA:584,58,0,0
BRDA:584,58,1,0
BRDA:588,59,0,0
BRDA:588,59,1,0
BRDA:588,60,0,0
BRDA:588,60,1,0
BRDA:590,61,0,0
BRDA:590,61,1,0
BRDA:606,62,0,0
BRDA:606,62,1,0
BRDA:613,63,0,0
BRDA:613,63,1,0
BRDA:623,64,0,0
BRDA:623,64,1,0
BRDA:631,65,0,0
BRDA:631,65,1,0
BRDA:648,66,0,0
BRDA:648,66,1,0
BRDA:655,67,0,0
BRDA:655,67,1,0
BRDA:663,68,0,0
BRDA:663,68,1,0
BRDA:666,69,0,0
BRDA:666,69,1,0
BRDA:667,70,0,0
BRDA:667,70,1,0
BRDA:667,71,0,0
BRDA:667,71,1,0
BRDA:677,72,0,0
BRDA:677,72,1,0
BRDA:677,73,0,0
BRDA:677,73,1,0
BRDA:679,74,0,0
BRDA:679,74,1,0
BRDA:681,75,0,0
BRDA:681,75,1,0
BRDA:694,76,0,0
BRDA:694,76,1,0
BRDA:706,77,0,0
BRDA:706,77,1,0
BRDA:713,78,0,0
BRDA:713,79,0,0
BRDA:713,80,0,0
BRDA:734,81,0,0
BRDA:734,81,1,0
BRDA:743,82,0,0
BRDA:743,82,1,0
BRDA:743,83,0,0
BRDA:743,83,1,0
BRDA:744,84,0,0
BRDA:744,84,1,0
BRDA:747,85,0,0
BRDA:747,85,1,0
BRDA:749,86,0,0
BRDA:749,86,1,0
BRDA:749,87,0,0
BRDA:749,87,1,0
BRDA:758,88,0,0
BRDA:758,88,1,0
BRDA:758,89,0,0
BRDA:758,89,1,0
BRDA:773,90,0,0
BRDA:773,90,1,0
BRDA:781,91,0,0
BRDA:781,91,1,0
BRDA:789,92,0,0
BRDA:789,92,1,0
BRDA:791,93,0,0
BRDA:791,93,1,0
BRDA:828,94,0,0
BRDA:828,94,1,0
BRDA:829,95,0,0
BRDA:829,95,1,0
BRDA:837,96,0,0
BRDA:837,96,1,0
BRDA:838,97,0,0
BRDA:838,97,1,0
BRDA:839,98,0,0
BRDA:839,98,1,0
BRDA:840,99,0,0
BRDA:840,99,1,0
BRDA:841,100,0,0
BRDA:841,100,1,0
BRDA:857,101,0,0
BRDA:857,101,1,0
BRDA:865,102,0,0
BRDA:865,102,1,0
BRDA:873,103,0,0
BRDA:873,103,1,0
BRDA:883,104,0,0
BRDA:883,104,1,0
BRDA:891,105,0,0
BRDA:891,105,1,0
BRDA:899,106,0,0
BRDA:899,106,1,0
BRDA:907,107,0,0
BRDA:907,107,1,0
BRDA:910,108,0,0
BRDA:910,108,1,0
BRDA:915,109,0,0
BRDA:915,109,1,0
BRDA:917,110,0,0
BRDA:917,110,1,0
BRDA:918,111,0,0
BRDA:918,111,1,0
BRDA:919,112,0,0
BRDA:919,112,1,0
BRDA:922,113,0,0
BRDA:922,113,1,0
BRDA:926,114,0,0
BRDA:926,114,1,0
BRDA:933,115,0,0
BRDA:933,115,1,0
BRDA:934,116,0,0
BRDA:934,116,1,0
BRDA:950,117,0,0
BRDA:950,117,1,0
BRDA:951,118,0,0
BRDA:951,118,1,0
BRDA:955,119,0,0
BRDA:955,119,1,0
BRDA:957,120,0,0
BRDA:957,120,1,0
BRDA:967,121,0,0
BRDA:967,121,1,0
BRDA:967,122,0,0
BRDA:967,122,1,0
BRDA:968,123,0,0
BRDA:968,123,1,0
BRDA:971,124,0,0
BRDA:971,124,1,0
BRDA:973,125,0,0
BRDA:973,125,1,0
BRDA:978,126,0,0
BRDA:978,126,1,0
BRDA:1003,127,0,0
BRDA:1003,127,1,0
BRDA:1011,128,0,0
BRDA:1011,128,1,0
BRDA:1034,129,0,0
BRDA:1034,129,1,0
BRDA:1039,130,0,0
BRDA:1039,130,1,0
BRDA:1044,131,0,0
BRDA:1044,131,1,0
BRDA:1048,132,0,0
BRDA:1048,132,1,0
BRDA:1051,133,0,0
BRDA:1051,133,1,0
BRDA:1057,134,0,0
BRDA:1057,134,1,0
BRDA:1062,135,0,0
BRDA:1062,135,1,0
BRDA:1066,136,0,0
BRDA:1066,136,1,0
BRDA:1069,137,0,0
BRDA:1069,137,1,0
BRDA:1078,138,0,0
BRDA:1078,138,1,0
BRDA:1085,139,0,0
BRDA:1085,139,1,0
BRDA:1086,140,0,0
BRDA:1086,140,1,0
BRDA:1090,141,0,0
BRDA:1090,141,1,0
BRDA:1092,142,0,0
BRDA:1092,142,1,0
BRDA:1106,143,0,0
BRDA:1106,143,1,0
BRDA:1115,144,0,0
BRDA:1115,144,1,0
BRDA:1116,145,0,0
BRDA:1116,145,1,0
BRDA:1118,146,0,0
BRDA:1118,146,1,0
BRDA:1158,147,0,0
BRDA:1158,147,1,0
BRDA:1162,148,0,0
BRDA:1162,148,1,0
BRDA:1165,149,0,0
BRDA:1165,149,1,0
BRDA:1196,150,0,0
BRDA:1196,150,1,0
BRDA:1211,151,0,0
BRDA:1211,151,1,0
BRDA:1222,152,0,0
BRDA:1222,152,1,0
BRDA:1247,153,0,0
BRDA:1247,153,1,0
BRDA:1248,154,0,0
BRDA:1248,154,1,0
BRDA:1268,155,0,0
BRDA:1268,155,1,0
BRDA:1278,156,0,0
BRDA:1278,156,1,0
BRDA:1287,157,0,0
BRDA:1287,157,1,0
BRDA:1287,158,0,0
BRDA:1287,158,1,0
BRDA:1287,158,2,0
BRDA:1309,159,0,0
BRDA:1309,159,1,0
BRDA:1318,160,0,0
BRDA:1318,160,1,0
BRDA:1327,161,0,0
BRDA:1327,161,1,0
BRDA:1330,162,0,0
BRDA:1330,162,1,0
BRDA:1330,163,0,0
BRDA:1330,163,1,0
BRDA:1333,164,0,0
BRDA:1333,164,1,0
BRDA:1335,165,0,0
BRDA:1335,165,1,0
BRDA:1340,166,0,0
BRDA:1340,166,1,0
BRDA:1359,167,0,0
BRDA:1359,167,1,0
BRDA:1371,168,0,0
BRDA:1371,168,1,0
BRDA:1381,169,0,0
BRDA:1381,169,1,0
BRDA:1388,170,0,0
BRDA:1388,170,1,0
BRDA:1397,171,0,0
BRDA:1397,171,1,0
BRDA:1397,172,0,0
BRDA:1397,172,1,0
BRDA:1397,172,2,0
BRDA:1404,173,0,0
BRDA:1404,173,1,0
BRDA:1417,174,0,0
BRDA:1417,174,1,0
BRDA:1423,175,0,0
BRDA:1423,175,1,0
BRDA:1429,176,0,0
BRDA:1429,176,1,0
BRDA:1432,177,0,0
BRDA:1432,177,1,0
BRDA:1437,178,0,0
BRDA:1437,178,1,0
BRDA:1437,179,0,0
BRDA:1437,179,1,0
BRDA:1437,179,2,0
BRDA:1439,180,0,0
BRDA:1439,180,1,0
BRDA:1440,181,0,0
BRDA:1440,181,1,0
BRDA:1456,182,0,0
BRDA:1456,182,1,0
BRDA:1458,183,0,0
BRDA:1458,183,1,0
BRDA:1460,184,0,0
BRDA:1460,184,1,0
BRDA:1466,185,0,0
BRDA:1466,185,1,0
BRDA:1475,186,0,0
BRDA:1475,186,1,0
BRDA:1476,187,0,0
BRDA:1476,187,1,0
BRDA:1478,188,0,0
BRDA:1478,188,1,0
BRDA:1518,189,0,0
BRDA:1518,189,1,0
BRDA:1522,190,0,0
BRDA:1522,190,1,0
BRDA:1525,191,0,0
BRDA:1525,191,1,0
BRDA:1565,192,0,0
BRDA:1565,192,1,0
BRDA:1590,193,0,0
BRDA:1590,193,1,0
BRDA:1591,194,0,0
BRDA:1591,194,1,0
BRDA:1597,195,0,0
BRDA:1597,195,1,0
BRDA:1619,196,0,0
BRDA:1619,196,1,0
BRDA:1626,197,0,0
BRDA:1626,198,0,0
BRDA:1627,199,0,0
BRDA:1627,199,1,0
BRDA:1630,200,0,0
BRDA:1630,200,1,0
BRDA:1631,201,0,0
BRDA:1631,201,1,0
BRDA:1631,202,0,0
BRDA:1631,202,1,0
BRDA:1642,203,0,0
BRDA:1642,203,1,0
BRDA:1642,204,0,0
BRDA:1642,204,1,0
BRDA:1645,205,0,0
BRDA:1645,205,1,0
BRDA:1645,206,0,0
BRDA:1645,206,1,0
BRDA:1650,207,0,0
BRDA:1650,207,1,0
BRDA:1652,208,0,0
BRDA:1652,208,1,0
BRDA:1703,209,0,0
BRDA:1703,209,1,0
BRF:417
BRH:0
end_of_record
TN:
SF:src\controllers\evidenceController.ts
FN:19,(anonymous_1)
FN:22,(anonymous_2)
FN:31,fileFilter
FN:49,(anonymous_4)
FNF:4
FNH:0
FNDA:0,(anonymous_1)
FNDA:0,(anonymous_2)
FNDA:0,fileFilter
FNDA:0,(anonymous_4)
DA:2,2
DA:3,2
DA:4,2
DA:7,2
DA:8,2
DA:9,2
DA:12,2
DA:13,2
DA:14,0
DA:18,2
DA:20,0
DA:23,0
DA:24,0
DA:25,0
DA:26,0
DA:32,0
DA:36,0
DA:38,0
DA:42,2
DA:49,2
DA:50,0
DA:51,0
DA:52,0
DA:54,0
DA:56,0
DA:57,0
DA:58,0
DA:59,0
LF:28
LH:11
BRDA:13,0,0,0
BRDA:13,0,1,2
BRDA:32,1,0,0
BRDA:32,1,1,0
BRDA:33,2,0,0
BRDA:33,2,1,0
BRDA:51,3,0,0
BRDA:51,3,1,0
BRDA:58,4,0,0
BRDA:58,4,1,0
BRF:10
BRH:1
end_of_record
TN:
SF:src\controllers\mongoAuthController.ts
FN:10,(anonymous_1)
FN:133,(anonymous_2)
FN:206,(anonymous_3)
FN:229,(anonymous_4)
FN:288,(anonymous_5)
FN:316,(anonymous_6)
FN:324,(anonymous_7)
FN:353,(anonymous_8)
FN:403,(anonymous_9)
FN:423,(anonymous_10)
FN:424,(anonymous_11)
FN:425,(anonymous_12)
FN:463,(anonymous_13)
FN:495,(anonymous_14)
FN:496,(anonymous_15)
FN:497,(anonymous_16)
FN:498,(anonymous_17)
FN:500,(anonymous_18)
FN:501,(anonymous_19)
FN:502,(anonymous_20)
FN:517,(anonymous_21)
FN:518,(anonymous_22)
FN:519,(anonymous_23)
FN:520,(anonymous_24)
FN:607,(anonymous_25)
FN:684,(anonymous_26)
FN:716,(anonymous_27)
FN:739,(anonymous_28)
FN:743,(anonymous_29)
FN:752,(anonymous_30)
FN:752,(anonymous_31)
FN:753,(anonymous_32)
FN:753,(anonymous_33)
FN:783,(anonymous_34)
FN:815,(anonymous_35)
FN:828,(anonymous_36)
FN:829,(anonymous_37)
FN:830,(anonymous_38)
FN:847,(anonymous_39)
FN:848,(anonymous_40)
FNF:40
FNH:1
FNDA:0,(anonymous_1)
FNDA:3,(anonymous_2)
FNDA:0,(anonymous_3)
FNDA:0,(anonymous_4)
FNDA:0,(anonymous_5)
FNDA:0,(anonymous_6)
FNDA:0,(anonymous_7)
FNDA:0,(anonymous_8)
FNDA:0,(anonymous_9)
FNDA:0,(anonymous_10)
FNDA:0,(anonymous_11)
FNDA:0,(anonymous_12)
FNDA:0,(anonymous_13)
FNDA:0,(anonymous_14)
FNDA:0,(anonymous_15)
FNDA:0,(anonymous_16)
FNDA:0,(anonymous_17)
FNDA:0,(anonymous_18)
FNDA:0,(anonymous_19)
FNDA:0,(anonymous_20)
FNDA:0,(anonymous_21)
FNDA:0,(anonymous_22)
FNDA:0,(anonymous_23)
FNDA:0,(anonymous_24)
FNDA:0,(anonymous_25)
FNDA:0,(anonymous_26)
FNDA:0,(anonymous_27)
FNDA:0,(anonymous_28)
FNDA:0,(anonymous_29)
FNDA:0,(anonymous_30)
FNDA:0,(anonymous_31)
FNDA:0,(anonymous_32)
FNDA:0,(anonymous_33)
FNDA:0,(anonymous_34)
FNDA:0,(anonymous_35)
FNDA:0,(anonymous_36)
FNDA:0,(anonymous_37)
FNDA:0,(anonymous_38)
FNDA:0,(anonymous_39)
FNDA:0,(anonymous_40)
DA:2,2
DA:3,2
DA:4,2
DA:6,2
DA:8,2
DA:10,2
DA:11,0
DA:12,0
DA:15,0
DA:16,0
DA:22,0
DA:23,0
DA:30,0
DA:31,0
DA:32,0
DA:39,0
DA:42,0
DA:45,0
DA:46,0
DA:47,0
DA:54,0
DA:59,0
DA:60,0
DA:66,0
DA:70,0
DA:82,0
DA:83,0
DA:86,0
DA:87,0
DA:89,0
DA:101,0
DA:114,0
DA:116,0
DA:125,0
DA:126,0
DA:133,2
DA:134,3
DA:135,3
DA:137,3
DA:138,1
DA:145,2
DA:147,0
DA:148,0
DA:155,0
DA:157,0
DA:159,0
DA:162,0
DA:165,0
DA:166,0
DA:173,0
DA:187,0
DA:189,0
DA:198,2
DA:199,2
DA:206,2
DA:207,0
DA:208,0
DA:209,0
DA:215,0
DA:221,0
DA:222,0
DA:229,2
DA:230,0
DA:231,0
DA:232,0
DA:238,0
DA:240,0
DA:242,0
DA:243,0
DA:245,0
DA:251,0
DA:253,0
DA:254,0
DA:260,0
DA:273,0
DA:279,0
DA:280,0
DA:288,2
DA:289,0
DA:290,0
DA:291,0
DA:298,0
DA:299,0
DA:306,0
DA:308,0
DA:309,0
DA:316,0
DA:319,0
DA:324,0
DA:339,0
DA:344,0
DA:345,0
DA:353,2
DA:354,0
DA:355,0
DA:356,0
DA:363,0
DA:364,0
DA:370,0
DA:373,0
DA:374,0
DA:381,0
DA:382,0
DA:383,0
DA:390,0
DA:391,0
DA:393,0
DA:402,0
DA:404,0
DA:405,0
DA:422,0
DA:423,0
DA:424,0
DA:425,0
DA:429,0
DA:430,0
DA:431,0
DA:432,0
DA:433,0
DA:434,0
DA:440,0
DA:442,0
DA:449,0
DA:454,0
DA:455,0
DA:463,2
DA:464,0
DA:465,0
DA:466,0
DA:472,0
DA:475,0
DA:476,0
DA:477,0
DA:484,0
DA:485,0
DA:488,0
DA:494,0
DA:495,0
DA:496,0
DA:497,0
DA:498,0
DA:500,0
DA:501,0
DA:502,0
DA:506,0
DA:509,0
DA:510,0
DA:515,0
DA:517,0
DA:518,0
DA:519,0
DA:520,0
DA:523,0
DA:544,0
DA:549,0
DA:552,0
DA:553,0
DA:556,0
DA:591,0
DA:592,0
DA:598,0
DA:607,2
DA:608,0
DA:609,0
DA:610,0
DA:616,0
DA:617,0
DA:620,0
DA:621,0
DA:622,0
DA:623,0
DA:624,0
DA:627,0
DA:630,0
DA:636,0
DA:637,0
DA:640,0
DA:645,0
DA:646,0
DA:647,0
DA:649,0
DA:668,0
DA:673,0
DA:674,0
DA:684,0
DA:685,0
DA:700,0
DA:704,0
DA:705,0
DA:716,0
DA:717,0
DA:733,0
DA:737,0
DA:738,0
DA:739,0
DA:743,0
DA:746,0
DA:747,0
DA:750,0
DA:752,0
DA:753,0
DA:758,0
DA:760,0
DA:774,0
DA:775,0
DA:783,2
DA:784,0
DA:785,0
DA:786,0
DA:793,0
DA:794,0
DA:800,0
DA:803,0
DA:808,0
DA:809,0
DA:815,0
DA:818,0
DA:819,0
DA:822,0
DA:828,0
DA:829,0
DA:830,0
DA:833,0
DA:835,0
DA:847,0
DA:848,0
DA:849,0
DA:852,0
DA:857,0
DA:858,0
LF:230
LH:21
BRDA:15,0,0,0
BRDA:15,0,1,0
BRDA:15,1,0,0
BRDA:15,1,1,0
BRDA:15,1,2,0
BRDA:15,1,3,0
BRDA:22,2,0,0
BRDA:22,2,1,0
BRDA:31,3,0,0
BRDA:31,3,1,0
BRDA:45,4,0,0
BRDA:45,4,1,0
BRDA:46,5,0,0
BRDA:46,5,1,0
BRDA:59,6,0,0
BRDA:59,6,1,0
BRDA:76,7,0,0
BRDA:76,7,1,0
BRDA:86,8,0,0
BRDA:86,8,1,0
BRDA:86,9,0,0
BRDA:86,9,1,0
BRDA:87,10,0,0
BRDA:87,10,1,0
BRDA:107,11,0,0
BRDA:107,11,1,0
BRDA:128,12,0,0
BRDA:128,12,1,0
BRDA:137,13,0,1
BRDA:137,13,1,2
BRDA:137,14,0,3
BRDA:137,14,1,3
BRDA:137,14,2,2
BRDA:147,15,0,0
BRDA:147,15,1,0
BRDA:157,16,0,0
BRDA:157,16,1,0
BRDA:157,17,0,0
BRDA:157,17,1,0
BRDA:157,17,2,0
BRDA:165,18,0,0
BRDA:165,18,1,0
BRDA:201,19,0,2
BRDA:201,19,1,0
BRDA:208,20,0,0
BRDA:208,20,1,0
BRDA:224,21,0,0
BRDA:224,21,1,0
BRDA:231,22,0,0
BRDA:231,22,1,0
BRDA:242,23,0,0
BRDA:242,23,1,0
BRDA:243,24,0,0
BRDA:243,24,1,0
BRDA:253,25,0,0
BRDA:253,25,1,0
BRDA:282,26,0,0
BRDA:282,26,1,0
BRDA:290,27,0,0
BRDA:290,27,1,0
BRDA:298,28,0,0
BRDA:298,28,1,0
BRDA:306,29,0,0
BRDA:306,29,1,0
BRDA:308,30,0,0
BRDA:308,30,1,0
BRDA:328,31,0,0
BRDA:328,31,1,0
BRDA:329,32,0,0
BRDA:329,32,1,0
BRDA:347,33,0,0
BRDA:347,33,1,0
BRDA:355,34,0,0
BRDA:355,34,1,0
BRDA:363,35,0,0
BRDA:363,35,1,0
BRDA:373,36,0,0
BRDA:373,36,1,0
BRDA:382,37,0,0
BRDA:382,37,1,0
BRDA:407,38,0,0
BRDA:407,38,1,0
BRDA:413,39,0,0
BRDA:413,39,1,0
BRDA:431,40,0,0
BRDA:431,40,1,0
BRDA:433,41,0,0
BRDA:433,41,1,0
BRDA:434,42,0,0
BRDA:434,42,1,0
BRDA:457,43,0,0
BRDA:457,43,1,0
BRDA:465,44,0,0
BRDA:465,44,1,0
BRDA:476,45,0,0
BRDA:476,45,1,0
BRDA:500,46,0,0
BRDA:500,46,1,0
BRDA:501,47,0,0
BRDA:501,47,1,0
BRDA:502,48,0,0
BRDA:502,48,1,0
BRDA:502,49,0,0
BRDA:502,49,1,0
BRDA:520,50,0,0
BRDA:520,50,1,0
BRDA:528,51,0,0
BRDA:528,51,1,0
BRDA:529,52,0,0
BRDA:529,52,1,0
BRDA:539,53,0,0
BRDA:539,53,1,0
BRDA:540,54,0,0
BRDA:540,54,1,0
BRDA:540,55,0,0
BRDA:540,55,1,0
BRDA:552,56,0,0
BRDA:552,56,1,0
BRDA:561,57,0,0
BRDA:561,57,1,0
BRDA:562,58,0,0
BRDA:562,58,1,0
BRDA:586,59,0,0
BRDA:586,59,1,0
BRDA:586,60,0,0
BRDA:586,60,1,0
BRDA:591,61,0,0
BRDA:591,61,1,0
BRDA:591,62,0,0
BRDA:591,62,1,0
BRDA:600,63,0,0
BRDA:600,63,1,0
BRDA:609,64,0,0
BRDA:609,64,1,0
BRDA:616,65,0,0
BRDA:616,66,0,0
BRDA:621,67,0,0
BRDA:621,67,1,0
BRDA:621,68,0,0
BRDA:621,68,1,0
BRDA:623,69,0,0
BRDA:623,69,1,0
BRDA:624,70,0,0
BRDA:624,70,1,0
BRDA:636,71,0,0
BRDA:636,71,1,0
BRDA:652,72,0,0
BRDA:652,72,1,0
BRDA:654,73,0,0
BRDA:654,73,1,0
BRDA:655,74,0,0
BRDA:655,74,1,0
BRDA:662,75,0,0
BRDA:662,75,1,0
BRDA:663,76,0,0
BRDA:663,76,1,0
BRDA:663,76,2,0
BRDA:674,77,0,0
BRDA:674,77,1,0
BRDA:676,78,0,0
BRDA:676,78,1,0
BRDA:678,79,0,0
BRDA:678,79,1,0
BRDA:679,80,0,0
BRDA:679,80,1,0
BRDA:688,81,0,0
BRDA:688,81,1,0
BRDA:690,82,0,0
BRDA:690,82,1,0
BRDA:690,83,0,0
BRDA:690,83,1,0
BRDA:705,84,0,0
BRDA:705,84,1,0
BRDA:708,85,0,0
BRDA:708,85,1,0
BRDA:710,86,0,0
BRDA:710,86,1,0
BRDA:711,87,0,0
BRDA:711,87,1,0
BRDA:720,88,0,0
BRDA:720,88,1,0
BRDA:722,89,0,0
BRDA:722,89,1,0
BRDA:738,90,0,0
BRDA:738,90,1,0
BRDA:738,91,0,0
BRDA:738,91,1,0
BRDA:755,92,0,0
BRDA:755,92,1,0
BRDA:756,93,0,0
BRDA:756,93,1,0
BRDA:777,94,0,0
BRDA:777,94,1,0
BRDA:785,95,0,0
BRDA:785,95,1,0
BRDA:793,96,0,0
BRDA:793,96,1,0
BRDA:808,97,0,0
BRDA:808,97,1,0
BRDA:838,98,0,0
BRDA:838,98,1,0
BRDA:839,99,0,0
BRDA:839,99,1,0
BRDA:860,100,0,0
BRDA:860,100,1,0
BRF:205
BRH:6
end_of_record
TN:
SF:src\controllers\pointsConfigController.ts
FN:10,(anonymous_0)
FN:77,(anonymous_1)
FN:101,(anonymous_2)
FN:122,(anonymous_3)
FN:183,(anonymous_4)
FN:249,(anonymous_5)
FN:283,(anonymous_6)
FN:374,(anonymous_7)
FN:511,(anonymous_8)
FNF:9
FNH:0
FNDA:0,(anonymous_0)
FNDA:0,(anonymous_1)
FNDA:0,(anonymous_2)
FNDA:0,(anonymous_3)
FNDA:0,(anonymous_4)
FNDA:0,(anonymous_5)
FNDA:0,(anonymous_6)
FNDA:0,(anonymous_7)
FNDA:0,(anonymous_8)
DA:2,2
DA:5,2
DA:10,2
DA:11,0
DA:12,0
DA:13,0
DA:20,0
DA:21,0
DA:35,0
DA:38,0
DA:39,0
DA:45,0
DA:57,0
DA:58,0
DA:60,0
DA:66,0
DA:67,0
DA:77,2
DA:78,0
DA:79,0
DA:80,0
DA:86,0
DA:88,0
DA:89,0
DA:90,0
DA:92,0
DA:93,0
DA:96,0
DA:101,0
DA:106,0
DA:111,0
DA:112,0
DA:122,2
DA:123,0
DA:124,0
DA:125,0
DA:131,0
DA:132,0
DA:138,0
DA:139,0
DA:149,0
DA:151,0
DA:152,0
DA:153,0
DA:154,0
DA:155,0
DA:156,0
DA:157,0
DA:159,0
DA:164,0
DA:166,0
DA:172,0
DA:173,0
DA:183,2
DA:184,0
DA:185,0
DA:186,0
DA:192,0
DA:193,0
DA:208,0
DA:211,0
DA:216,0
DA:229,0
DA:230,0
DA:232,0
DA:238,0
DA:239,0
DA:249,2
DA:250,0
DA:251,0
DA:252,0
DA:258,0
DA:260,0
DA:261,0
DA:267,0
DA:272,0
DA:273,0
DA:283,2
DA:293,0
DA:295,0
DA:301,0
DA:303,0
DA:310,0
DA:311,0
DA:314,0
DA:315,0
DA:316,0
DA:318,0
DA:319,0
DA:320,0
DA:322,0
DA:324,0
DA:325,0
DA:326,0
DA:328,0
DA:330,0
DA:331,0
DA:333,0
DA:339,0
DA:341,0
DA:343,0
DA:344,0
DA:345,0
DA:349,0
DA:350,0
DA:351,0
DA:356,0
DA:362,0
DA:363,0
DA:374,2
DA:375,0
DA:376,0
DA:377,0
DA:383,0
DA:385,0
DA:386,0
DA:392,0
DA:393,0
DA:396,0
DA:401,0
DA:402,0
DA:403,0
DA:405,0
DA:417,0
DA:418,0
DA:422,0
DA:423,0
DA:424,0
DA:437,0
DA:438,0
DA:441,0
DA:446,0
DA:447,0
DA:448,0
DA:450,0
DA:451,0
DA:464,0
DA:466,0
DA:485,0
DA:500,0
DA:501,0
DA:511,2
DA:512,0
DA:513,0
DA:514,0
DA:520,0
DA:521,0
DA:528,0
DA:529,0
DA:530,0
DA:537,0
DA:720,0
DA:723,0
DA:736,0
DA:738,0
DA:747,0
DA:748,0
LF:157
LH:10
BRDA:12,0,0,0
BRDA:12,0,1,0
BRDA:20,1,0,0
BRDA:20,1,1,0
BRDA:34,2,0,0
BRDA:38,3,0,0
BRDA:38,3,1,0
BRDA:38,4,0,0
BRDA:38,4,1,0
BRDA:38,4,2,0
BRDA:49,5,0,0
BRDA:49,5,1,0
BRDA:69,6,0,0
BRDA:69,6,1,0
BRDA:79,7,0,0
BRDA:79,7,1,0
BRDA:86,8,0,0
BRDA:89,9,0,0
BRDA:89,9,1,0
BRDA:92,10,0,0
BRDA:92,10,1,0
BRDA:114,11,0,0
BRDA:114,11,1,0
BRDA:124,12,0,0
BRDA:124,12,1,0
BRDA:131,13,0,0
BRDA:131,13,1,0
BRDA:151,14,0,0
BRDA:151,14,1,0
BRDA:152,15,0,0
BRDA:152,15,1,0
BRDA:153,16,0,0
BRDA:153,16,1,0
BRDA:154,17,0,0
BRDA:154,17,1,0
BRDA:155,18,0,0
BRDA:155,18,1,0
BRDA:156,19,0,0
BRDA:156,19,1,0
BRDA:157,20,0,0
BRDA:157,20,1,0
BRDA:175,21,0,0
BRDA:175,21,1,0
BRDA:185,22,0,0
BRDA:185,22,1,0
BRDA:192,23,0,0
BRDA:192,23,1,0
BRDA:200,24,0,0
BRDA:201,25,0,0
BRDA:202,26,0,0
BRDA:203,27,0,0
BRDA:204,28,0,0
BRDA:205,29,0,0
BRDA:206,30,0,0
BRDA:207,31,0,0
BRDA:241,32,0,0
BRDA:241,32,1,0
BRDA:251,33,0,0
BRDA:251,33,1,0
BRDA:260,34,0,0
BRDA:260,34,1,0
BRDA:275,35,0,0
BRDA:275,35,1,0
BRDA:301,36,0,0
BRDA:301,36,1,0
BRDA:314,37,0,0
BRDA:314,37,1,0
BRDA:316,38,0,0
BRDA:316,38,1,0
BRDA:316,38,2,0
BRDA:318,39,0,0
BRDA:318,39,1,0
BRDA:318,40,0,0
BRDA:318,40,1,0
BRDA:320,41,0,0
BRDA:320,41,1,0
BRDA:324,42,0,0
BRDA:324,42,1,0
BRDA:324,43,0,0
BRDA:324,43,1,0
BRDA:326,44,0,0
BRDA:326,44,1,0
BRDA:330,45,0,0
BRDA:330,45,1,0
BRDA:330,46,0,0
BRDA:330,46,1,0
BRDA:341,47,0,0
BRDA:341,47,1,0
BRDA:343,48,0,0
BRDA:343,48,1,0
BRDA:343,49,0,0
BRDA:343,49,1,0
BRDA:344,50,0,0
BRDA:344,50,1,0
BRDA:349,51,0,0
BRDA:349,51,1,0
BRDA:349,52,0,0
BRDA:349,52,1,0
BRDA:350,53,0,0
BRDA:350,53,1,0
BRDA:376,54,0,0
BRDA:376,54,1,0
BRDA:385,55,0,0
BRDA:385,55,1,0
BRDA:385,56,0,0
BRDA:385,56,1,0
BRDA:385,56,2,0
BRDA:392,57,0,0
BRDA:392,57,1,0
BRDA:401,58,0,0
BRDA:401,58,1,0
BRDA:403,59,0,0
BRDA:403,59,1,0
BRDA:422,60,0,0
BRDA:422,60,1,0
BRDA:423,61,0,0
BRDA:423,61,1,0
BRDA:446,62,0,0
BRDA:446,62,1,0
BRDA:446,63,0,0
BRDA:446,63,1,0
BRDA:447,64,0,0
BRDA:447,64,1,0
BRDA:450,65,0,0
BRDA:450,65,1,0
BRDA:479,66,0,0
BRDA:479,66,1,0
BRDA:480,67,0,0
BRDA:480,67,1,0
BRDA:503,68,0,0
BRDA:503,68,1,0
BRDA:513,69,0,0
BRDA:513,69,1,0
BRDA:520,70,0,0
BRDA:520,70,1,0
BRDA:529,71,0,0
BRDA:529,71,1,0
BRDA:750,72,0,0
BRDA:750,72,1,0
BRF:139
BRH:0
end_of_record
TN:
SF:src\controllers\recurringTaskController.ts
FN:8,(anonymous_9)
FN:30,(anonymous_10)
FN:52,(anonymous_11)
FN:82,(anonymous_12)
FN:111,(anonymous_13)
FN:120,(anonymous_14)
FNF:6
FNH:0
FNDA:0,(anonymous_9)
FNDA:0,(anonymous_10)
FNDA:0,(anonymous_11)
FNDA:0,(anonymous_12)
FNDA:0,(anonymous_13)
FNDA:0,(anonymous_14)
DA:2,0
DA:8,0
DA:9,0
DA:10,0
DA:12,0
DA:14,0
DA:19,0
DA:20,0
DA:30,0
DA:31,0
DA:32,0
DA:34,0
DA:36,0
DA:41,0
DA:42,0
DA:52,0
DA:53,0
DA:54,0
DA:55,0
DA:61,0
DA:62,0
DA:64,0
DA:66,0
DA:71,0
DA:72,0
DA:82,0
DA:83,0
DA:84,0
DA:85,0
DA:91,0
DA:93,0
DA:95,0
DA:100,0
DA:101,0
DA:111,0
DA:112,0
DA:113,0
DA:114,0
DA:120,0
DA:122,0
DA:129,0
DA:131,0
DA:132,0
DA:133,0
DA:144,0
DA:151,0
DA:159,0
DA:160,0
LF:48
LH:0
BRDA:10,0,0,0
BRDA:22,1,0,0
BRDA:22,1,1,0
BRDA:32,2,0,0
BRDA:44,3,0,0
BRDA:44,3,1,0
BRDA:54,4,0,0
BRDA:54,4,1,0
BRDA:62,5,0,0
BRDA:74,6,0,0
BRDA:74,6,1,0
BRDA:84,7,0,0
BRDA:84,7,1,0
BRDA:91,8,0,0
BRDA:103,9,0,0
BRDA:103,9,1,0
BRDA:113,10,0,0
BRDA:113,10,1,0
BRDA:132,11,0,0
BRDA:132,11,1,0
BRDA:162,12,0,0
BRDA:162,12,1,0
BRF:22
BRH:0
end_of_record
TN:
SF:src\controllers\redemptionController.ts
FN:7,(anonymous_0)
FN:39,(anonymous_1)
FN:83,(anonymous_2)
FN:112,(anonymous_3)
FN:130,(anonymous_4)
FN:181,(anonymous_5)
FN:266,(anonymous_6)
FN:296,(anonymous_7)
FN:338,(anonymous_8)
FN:371,(anonymous_9)
FN:387,(anonymous_10)
FN:399,(anonymous_11)
FN:425,(anonymous_12)
FN:426,(anonymous_13)
FN:427,(anonymous_14)
FN:429,(anonymous_15)
FN:430,(anonymous_16)
FNF:17
FNH:0
FNDA:0,(anonymous_0)
FNDA:0,(anonymous_1)
FNDA:0,(anonymous_2)
FNDA:0,(anonymous_3)
FNDA:0,(anonymous_4)
FNDA:0,(anonymous_5)
FNDA:0,(anonymous_6)
FNDA:0,(anonymous_7)
FNDA:0,(anonymous_8)
FNDA:0,(anonymous_9)
FNDA:0,(anonymous_10)
FNDA:0,(anonymous_11)
FNDA:0,(anonymous_12)
FNDA:0,(anonymous_13)
FNDA:0,(anonymous_14)
FNDA:0,(anonymous_15)
FNDA:0,(anonymous_16)
DA:2,2
DA:5,2
DA:7,2
DA:8,0
DA:9,0
DA:10,0
DA:16,0
DA:19,0
DA:20,0
DA:27,0
DA:28,0
DA:35,0
DA:36,0
DA:39,0
DA:41,0
DA:51,0
DA:54,0
DA:63,0
DA:66,0
DA:72,0
DA:75,0
DA:76,0
DA:83,2
DA:84,0
DA:85,0
DA:86,0
DA:92,0
DA:93,0
DA:96,0
DA:97,0
DA:98,0
DA:105,0
DA:107,0
DA:108,0
DA:111,0
DA:112,0
DA:117,0
DA:122,0
DA:123,0
DA:130,2
DA:131,0
DA:132,0
DA:133,0
DA:139,0
DA:140,0
DA:142,0
DA:143,0
DA:144,0
DA:151,0
DA:152,0
DA:159,0
DA:160,0
DA:161,0
DA:167,0
DA:174,0
DA:175,0
DA:179,0
DA:180,0
DA:181,0
DA:183,0
DA:184,0
DA:195,0
DA:196,0
DA:206,0
DA:207,0
DA:212,0
DA:213,0
DA:216,0
DA:227,0
DA:235,0
DA:237,0
DA:238,0
DA:239,0
DA:240,0
DA:241,0
DA:244,0
DA:255,0
DA:258,0
DA:259,0
DA:266,2
DA:267,0
DA:268,0
DA:269,0
DA:275,0
DA:276,0
DA:278,0
DA:279,0
DA:286,0
DA:287,0
DA:294,0
DA:295,0
DA:296,0
DA:298,0
DA:299,0
DA:310,0
DA:316,0
DA:317,0
DA:318,0
DA:321,0
DA:326,0
DA:329,0
DA:330,0
DA:338,2
DA:339,0
DA:340,0
DA:341,0
DA:348,0
DA:349,0
DA:355,0
DA:356,0
DA:364,0
DA:370,0
DA:372,0
DA:373,0
DA:382,0
DA:387,0
DA:391,0
DA:392,0
DA:399,2
DA:400,0
DA:401,0
DA:402,0
DA:408,0
DA:409,0
DA:412,0
DA:413,0
DA:414,0
DA:421,0
DA:423,0
DA:425,0
DA:426,0
DA:427,0
DA:429,0
DA:430,0
DA:433,0
DA:438,0
DA:439,0
LF:137
LH:8
BRDA:9,0,0,0
BRDA:9,0,1,0
BRDA:19,1,0,0
BRDA:19,1,1,0
BRDA:19,2,0,0
BRDA:19,2,1,0
BRDA:27,3,0,0
BRDA:27,3,1,0
BRDA:44,4,0,0
BRDA:44,4,1,0
BRDA:78,5,0,0
BRDA:78,5,1,0
BRDA:85,6,0,0
BRDA:85,6,1,0
BRDA:93,7,0,0
BRDA:93,7,1,0
BRDA:96,8,0,0
BRDA:96,8,1,0
BRDA:97,9,0,0
BRDA:97,9,1,0
BRDA:97,10,0,0
BRDA:97,10,1,0
BRDA:107,11,0,0
BRDA:107,11,1,0
BRDA:125,12,0,0
BRDA:125,12,1,0
BRDA:132,13,0,0
BRDA:132,13,1,0
BRDA:143,14,0,0
BRDA:143,14,1,0
BRDA:151,15,0,0
BRDA:151,15,1,0
BRDA:160,16,0,0
BRDA:160,16,1,0
BRDA:160,17,0,0
BRDA:160,17,1,0
BRDA:174,18,0,0
BRDA:174,18,1,0
BRDA:183,19,0,0
BRDA:183,19,1,0
BRDA:183,20,0,0
BRDA:183,20,1,0
BRDA:195,21,0,0
BRDA:195,21,1,0
BRDA:195,22,0,0
BRDA:195,22,1,0
BRDA:206,23,0,0
BRDA:206,23,1,0
BRDA:206,24,0,0
BRDA:206,24,1,0
BRDA:212,25,0,0
BRDA:212,25,1,0
BRDA:212,26,0,0
BRDA:212,26,1,0
BRDA:238,27,0,0
BRDA:238,27,1,0
BRDA:240,28,0,0
BRDA:240,28,1,0
BRDA:261,29,0,0
BRDA:261,29,1,0
BRDA:268,30,0,0
BRDA:268,30,1,0
BRDA:278,31,0,0
BRDA:278,31,1,0
BRDA:286,32,0,0
BRDA:286,32,1,0
BRDA:286,33,0,0
BRDA:286,33,1,0
BRDA:298,34,0,0
BRDA:298,34,1,0
BRDA:298,35,0,0
BRDA:298,35,1,0
BRDA:317,36,0,0
BRDA:317,36,1,0
BRDA:317,37,0,0
BRDA:317,37,1,0
BRDA:332,38,0,0
BRDA:332,38,1,0
BRDA:340,39,0,0
BRDA:340,39,1,0
BRDA:348,40,0,0
BRDA:348,40,1,0
BRDA:355,41,0,0
BRDA:355,41,1,0
BRDA:355,42,0,0
BRDA:355,42,1,0
BRDA:376,43,0,0
BRDA:376,43,1,0
BRDA:377,44,0,0
BRDA:377,44,1,0
BRDA:394,45,0,0
BRDA:394,45,1,0
BRDA:401,46,0,0
BRDA:401,46,1,0
BRDA:409,47,0,0
BRDA:409,47,1,0
BRDA:412,48,0,0
BRDA:412,48,1,0
BRDA:413,49,0,0
BRDA:413,49,1,0
BRDA:413,50,0,0
BRDA:413,50,1,0
BRDA:441,51,0,0
BRDA:441,51,1,0
BRF:104
BRH:0
end_of_record
TN:
SF:src\controllers\rewardsCenterController.ts
FN:16,(anonymous_0)
FN:130,(anonymous_1)
FN:150,(anonymous_2)
FN:159,(anonymous_3)
FN:197,(anonymous_4)
FN:251,(anonymous_5)
FN:277,(anonymous_6)
FN:311,(anonymous_7)
FN:324,(anonymous_8)
FN:339,(anonymous_9)
FN:357,(anonymous_10)
FN:388,calculateWeeklySpentPoints
FN:398,(anonymous_12)
FN:408,(anonymous_13)
FN:417,calculateMonthlySpentPoints
FN:427,(anonymous_15)
FN:437,(anonymous_16)
FN:446,calculateTotalSpentPoints
FN:455,(anonymous_18)
FN:464,(anonymous_19)
FNF:20
FNH:0
FNDA:0,(anonymous_0)
FNDA:0,(anonymous_1)
FNDA:0,(anonymous_2)
FNDA:0,(anonymous_3)
FNDA:0,(anonymous_4)
FNDA:0,(anonymous_5)
FNDA:0,(anonymous_6)
FNDA:0,(anonymous_7)
FNDA:0,(anonymous_8)
FNDA:0,(anonymous_9)
FNDA:0,(anonymous_10)
FNDA:0,calculateWeeklySpentPoints
FNDA:0,(anonymous_12)
FNDA:0,(anonymous_13)
FNDA:0,calculateMonthlySpentPoints
FNDA:0,(anonymous_15)
FNDA:0,(anonymous_16)
FNDA:0,calculateTotalSpentPoints
FNDA:0,(anonymous_18)
FNDA:0,(anonymous_19)
DA:3,0
DA:4,0
DA:16,0
DA:17,0
DA:18,0
DA:19,0
DA:25,0
DA:26,0
DA:28,0
DA:29,0
DA:36,0
DA:37,0
DA:38,0
DA:41,0
DA:58,0
DA:75,0
DA:92,0
DA:93,0
DA:94,0
DA:96,0
DA:97,0
DA:98,0
DA:99,0
DA:101,0
DA:114,0
DA:119,0
DA:120,0
DA:130,0
DA:131,0
DA:132,0
DA:133,0
DA:139,0
DA:140,0
DA:141,0
DA:142,0
DA:145,0
DA:150,0
DA:151,0
DA:154,0
DA:159,0
DA:160,0
DA:163,0
DA:164,0
DA:165,0
DA:166,0
DA:169,0
DA:170,0
DA:172,0
DA:181,0
DA:186,0
DA:187,0
DA:197,0
DA:198,0
DA:199,0
DA:200,0
DA:206,0
DA:207,0
DA:210,0
DA:251,0
DA:261,0
DA:266,0
DA:267,0
DA:277,0
DA:278,0
DA:279,0
DA:280,0
DA:286,0
DA:287,0
DA:290,0
DA:299,0
DA:308,0
DA:311,0
DA:312,0
DA:324,0
DA:325,0
DA:339,0
DA:341,0
DA:346,0
DA:347,0
DA:357,0
DA:358,0
DA:359,0
DA:360,0
DA:366,0
DA:379,0
DA:380,0
DA:389,0
DA:391,0
DA:393,0
DA:398,0
DA:399,0
DA:402,0
DA:408,0
DA:409,0
DA:411,0
DA:414,0
DA:418,0
DA:420,0
DA:422,0
DA:427,0
DA:428,0
DA:431,0
DA:437,0
DA:438,0
DA:440,0
DA:443,0
DA:447,0
DA:449,0
DA:451,0
DA:455,0
DA:456,0
DA:459,0
DA:464,0
DA:465,0
DA:467,0
DA:470,0
LF:116
LH:0
BRDA:18,0,0,0
BRDA:18,0,1,0
BRDA:28,1,0,0
BRDA:28,1,1,0
BRDA:96,2,0,0
BRDA:96,2,1,0
BRDA:103,3,0,0
BRDA:103,3,1,0
BRDA:104,4,0,0
BRDA:104,4,1,0
BRDA:105,5,0,0
BRDA:105,5,1,0
BRDA:122,6,0,0
BRDA:122,6,1,0
BRDA:132,7,0,0
BRDA:132,7,1,0
BRDA:145,8,0,0
BRDA:145,8,1,0
BRDA:151,9,0,0
BRDA:151,9,1,0
BRDA:154,10,0,0
BRDA:154,10,1,0
BRDA:160,11,0,0
BRDA:160,11,1,0
BRDA:164,12,0,0
BRDA:164,12,1,0
BRDA:165,13,0,0
BRDA:165,13,1,0
BRDA:166,14,0,0
BRDA:166,14,1,0
BRDA:170,15,0,0
BRDA:170,15,1,0
BRDA:177,16,0,0
BRDA:177,16,1,0
BRDA:189,17,0,0
BRDA:189,17,1,0
BRDA:199,18,0,0
BRDA:199,18,1,0
BRDA:206,19,0,0
BRDA:206,20,0,0
BRDA:253,21,0,0
BRDA:253,21,1,0
BRDA:254,22,0,0
BRDA:254,22,1,0
BRDA:255,23,0,0
BRDA:255,23,1,0
BRDA:257,24,0,0
BRDA:257,24,1,0
BRDA:269,25,0,0
BRDA:269,25,1,0
BRDA:279,26,0,0
BRDA:279,26,1,0
BRDA:286,27,0,0
BRDA:286,28,0,0
BRDA:290,29,0,0
BRDA:290,29,1,0
BRDA:299,30,0,0
BRDA:299,30,1,0
BRDA:315,31,0,0
BRDA:315,31,1,0
BRDA:316,32,0,0
BRDA:316,32,1,0
BRDA:328,33,0,0
BRDA:328,33,1,0
BRDA:329,34,0,0
BRDA:329,34,1,0
BRDA:349,35,0,0
BRDA:349,35,1,0
BRDA:359,36,0,0
BRDA:359,36,1,0
BRDA:382,37,0,0
BRDA:382,37,1,0
BRDA:393,38,0,0
BRDA:393,38,1,0
BRDA:399,39,0,0
BRDA:399,39,1,0
BRDA:402,40,0,0
BRDA:402,40,1,0
BRDA:409,41,0,0
BRDA:409,41,1,0
BRDA:422,42,0,0
BRDA:422,42,1,0
BRDA:428,43,0,0
BRDA:428,43,1,0
BRDA:431,44,0,0
BRDA:431,44,1,0
BRDA:438,45,0,0
BRDA:438,45,1,0
BRDA:451,46,0,0
BRDA:451,46,1,0
BRDA:456,47,0,0
BRDA:456,47,1,0
BRDA:459,48,0,0
BRDA:459,48,1,0
BRDA:465,49,0,0
BRDA:465,49,1,0
BRF:96
BRH:0
end_of_record
TN:
SF:src\controllers\rewardsController.ts
FN:26,(anonymous_0)
FN:93,(anonymous_1)
FN:148,(anonymous_2)
FN:187,(anonymous_3)
FN:247,(anonymous_4)
FN:248,(anonymous_5)
FN:249,(anonymous_6)
FN:258,(anonymous_7)
FN:277,(anonymous_8)
FN:302,(anonymous_9)
FN:303,(anonymous_10)
FN:375,(anonymous_11)
FN:444,(anonymous_12)
FN:498,(anonymous_13)
FN:535,(anonymous_14)
FN:573,(anonymous_15)
FNF:16
FNH:0
FNDA:0,(anonymous_0)
FNDA:0,(anonymous_1)
FNDA:0,(anonymous_2)
FNDA:0,(anonymous_3)
FNDA:0,(anonymous_4)
FNDA:0,(anonymous_5)
FNDA:0,(anonymous_6)
FNDA:0,(anonymous_7)
FNDA:0,(anonymous_8)
FNDA:0,(anonymous_9)
FNDA:0,(anonymous_10)
FNDA:0,(anonymous_11)
FNDA:0,(anonymous_12)
FNDA:0,(anonymous_13)
FNDA:0,(anonymous_14)
FNDA:0,(anonymous_15)
DA:2,2
DA:5,2
DA:8,2
DA:14,2
DA:26,2
DA:27,0
DA:28,0
DA:29,0
DA:36,0
DA:37,0
DA:38,0
DA:39,0
DA:41,0
DA:55,0
DA:56,0
DA:59,0
DA:60,0
DA:66,0
DA:67,0
DA:74,0
DA:75,0
DA:82,0
DA:83,0
DA:86,0
DA:87,0
DA:93,0
DA:94,0
DA:98,0
DA:99,0
DA:100,0
DA:102,0
DA:103,0
DA:105,0
DA:115,0
DA:117,0
DA:132,0
DA:135,0
DA:146,0
DA:147,0
DA:148,0
DA:150,0
DA:153,0
DA:163,0
DA:166,0
DA:179,0
DA:180,0
DA:187,2
DA:188,0
DA:189,0
DA:190,0
DA:197,0
DA:198,0
DA:227,0
DA:228,0
DA:229,0
DA:232,0
DA:233,0
DA:234,0
DA:242,0
DA:247,0
DA:248,0
DA:249,0
DA:251,0
DA:258,0
DA:264,0
DA:269,0
DA:270,0
DA:277,2
DA:278,0
DA:279,0
DA:280,0
DA:286,0
DA:287,0
DA:289,0
DA:290,0
DA:297,0
DA:302,0
DA:303,0
DA:304,0
DA:306,0
DA:307,0
DA:318,0
DA:327,0
DA:330,0
DA:333,0
DA:334,0
DA:335,0
DA:339,0
DA:340,0
DA:342,0
DA:343,0
DA:345,0
DA:346,0
DA:352,0
DA:356,0
DA:367,0
DA:368,0
DA:375,2
DA:376,0
DA:377,0
DA:378,0
DA:385,0
DA:428,0
DA:436,0
DA:437,0
DA:444,2
DA:445,0
DA:446,0
DA:447,0
DA:453,0
DA:454,0
DA:457,0
DA:458,0
DA:464,0
DA:465,0
DA:472,0
DA:473,0
DA:480,0
DA:481,0
DA:484,0
DA:495,0
DA:497,0
DA:498,0
DA:500,0
DA:501,0
DA:504,0
DA:511,0
DA:514,0
DA:527,0
DA:528,0
DA:535,2
DA:536,0
DA:537,0
DA:538,0
DA:544,0
DA:545,0
DA:548,0
DA:549,0
DA:550,0
DA:558,0
DA:559,0
DA:560,0
DA:564,0
DA:570,0
DA:573,0
DA:580,0
DA:581,0
LF:147
LH:10
BRDA:28,0,0,0
BRDA:28,0,1,0
BRDA:36,1,0,0
BRDA:36,1,1,0
BRDA:37,2,0,0
BRDA:38,3,0,0
BRDA:38,3,1,0
BRDA:55,4,0,0
BRDA:56,5,0,0
BRDA:56,5,1,0
BRDA:59,6,0,0
BRDA:59,6,1,0
BRDA:59,7,0,0
BRDA:59,7,1,0
BRDA:66,8,0,0
BRDA:66,8,1,0
BRDA:74,9,0,0
BRDA:74,9,1,0
BRDA:83,10,0,0
BRDA:83,10,1,0
BRDA:86,11,0,0
BRDA:86,11,1,0
BRDA:98,12,0,0
BRDA:98,12,1,0
BRDA:102,13,0,0
BRDA:102,13,1,0
BRDA:182,14,0,0
BRDA:182,14,1,0
BRDA:189,15,0,0
BRDA:189,15,1,0
BRDA:197,16,0,0
BRDA:197,16,1,0
BRDA:228,17,0,0
BRDA:228,17,1,0
BRDA:229,18,0,0
BRDA:229,18,1,0
BRDA:232,19,0,0
BRDA:232,19,1,0
BRDA:233,20,0,0
BRDA:233,20,1,0
BRDA:233,21,0,0
BRDA:233,21,1,0
BRDA:272,22,0,0
BRDA:272,22,1,0
BRDA:279,23,0,0
BRDA:279,23,1,0
BRDA:289,24,0,0
BRDA:289,24,1,0
BRDA:289,25,0,0
BRDA:289,25,1,0
BRDA:306,26,0,0
BRDA:306,26,1,0
BRDA:322,27,0,0
BRDA:322,27,1,0
BRDA:333,28,0,0
BRDA:333,28,1,0
BRDA:340,29,0,0
BRDA:340,29,1,0
BRDA:345,30,0,0
BRDA:345,30,1,0
BRDA:370,31,0,0
BRDA:370,31,1,0
BRDA:377,32,0,0
BRDA:377,32,1,0
BRDA:439,33,0,0
BRDA:439,33,1,0
BRDA:446,34,0,0
BRDA:446,34,1,0
BRDA:457,35,0,0
BRDA:457,35,1,0
BRDA:457,36,0,0
BRDA:457,36,1,0
BRDA:464,37,0,0
BRDA:464,37,1,0
BRDA:464,38,0,0
BRDA:464,38,1,0
BRDA:472,39,0,0
BRDA:472,39,1,0
BRDA:480,40,0,0
BRDA:480,40,1,0
BRDA:530,41,0,0
BRDA:530,41,1,0
BRDA:537,42,0,0
BRDA:537,42,1,0
BRDA:544,43,0,0
BRDA:545,44,0,0
BRDA:545,44,1,0
BRDA:548,45,0,0
BRDA:548,45,1,0
BRDA:549,46,0,0
BRDA:549,46,1,0
BRDA:549,47,0,0
BRDA:549,47,1,0
BRDA:559,48,0,0
BRDA:559,48,1,0
BRDA:583,49,0,0
BRDA:583,49,1,0
BRF:97
BRH:0
end_of_record
TN:
SF:src\controllers\taskController.ts
FN:8,(anonymous_0)
FN:118,(anonymous_1)
FN:186,(anonymous_2)
FN:204,(anonymous_3)
FN:236,(anonymous_4)
FN:317,(anonymous_5)
FN:360,(anonymous_6)
FN:373,(anonymous_7)
FN:417,(anonymous_8)
FN:477,(anonymous_9)
FNF:10
FNH:0
FNDA:0,(anonymous_0)
FNDA:0,(anonymous_1)
FNDA:0,(anonymous_2)
FNDA:0,(anonymous_3)
FNDA:0,(anonymous_4)
FNDA:0,(anonymous_5)
FNDA:0,(anonymous_6)
FNDA:0,(anonymous_7)
FNDA:0,(anonymous_8)
FNDA:0,(anonymous_9)
DA:2,2
DA:5,2
DA:6,2
DA:8,2
DA:9,0
DA:10,0
DA:11,0
DA:31,0
DA:34,0
DA:35,0
DA:42,0
DA:43,0
DA:44,0
DA:47,0
DA:48,0
DA:49,0
DA:50,0
DA:52,0
DA:72,0
DA:80,0
DA:82,0
DA:101,0
DA:102,0
DA:104,0
DA:110,0
DA:111,0
DA:118,2
DA:119,0
DA:120,0
DA:121,0
DA:139,0
DA:141,0
DA:144,0
DA:145,0
DA:147,0
DA:148,0
DA:150,0
DA:151,0
DA:152,0
DA:153,0
DA:155,0
DA:156,0
DA:157,0
DA:158,0
DA:160,0
DA:161,0
DA:163,0
DA:164,0
DA:167,0
DA:174,0
DA:175,0
DA:176,0
DA:179,0
DA:186,0
DA:191,0
DA:196,0
DA:197,0
DA:204,2
DA:205,0
DA:206,0
DA:207,0
DA:213,0
DA:214,0
DA:216,0
DA:217,0
DA:223,0
DA:228,0
DA:229,0
DA:236,2
DA:237,0
DA:238,0
DA:239,0
DA:245,0
DA:246,0
DA:248,0
DA:249,0
DA:256,0
DA:257,0
DA:277,0
DA:279,0
DA:281,0
DA:282,0
DA:283,0
DA:284,0
DA:285,0
DA:286,0
DA:287,0
DA:288,0
DA:289,0
DA:290,0
DA:291,0
DA:292,0
DA:293,0
DA:295,0
DA:301,0
DA:303,0
DA:309,0
DA:310,0
DA:317,2
DA:318,0
DA:319,0
DA:320,0
DA:326,0
DA:327,0
DA:329,0
DA:330,0
DA:337,0
DA:338,0
DA:344,0
DA:346,0
DA:351,0
DA:352,0
DA:360,2
DA:361,0
DA:363,0
DA:369,0
DA:373,2
DA:374,0
DA:376,0
DA:377,0
DA:378,0
DA:379,0
DA:380,0
DA:383,0
DA:384,0
DA:385,0
DA:386,0
DA:387,0
DA:390,0
DA:393,0
DA:394,0
DA:395,0
DA:396,0
DA:397,0
DA:400,0
DA:401,0
DA:402,0
DA:404,0
DA:405,0
DA:406,0
DA:407,0
DA:410,0
DA:417,2
DA:418,0
DA:419,0
DA:420,0
DA:435,0
DA:438,0
DA:439,0
DA:440,0
DA:442,0
DA:453,0
DA:455,0
DA:466,0
DA:467,0
DA:477,2
DA:478,0
DA:479,0
DA:480,0
DA:486,0
DA:488,0
DA:498,0
DA:499,0
LF:163
LH:12
BRDA:10,0,0,0
BRDA:10,0,1,0
BRDA:34,1,0,0
BRDA:34,1,1,0
BRDA:34,2,0,0
BRDA:34,2,1,0
BRDA:34,2,2,0
BRDA:42,3,0,0
BRDA:42,3,1,0
BRDA:43,4,0,0
BRDA:43,4,1,0
BRDA:44,5,0,0
BRDA:44,5,1,0
BRDA:47,6,0,0
BRDA:47,6,1,0
BRDA:50,7,0,0
BRDA:50,7,1,0
BRDA:61,8,0,0
BRDA:61,8,1,0
BRDA:62,9,0,0
BRDA:62,9,1,0
BRDA:63,10,0,0
BRDA:63,10,1,0
BRDA:65,11,0,0
BRDA:65,11,1,0
BRDA:66,12,0,0
BRDA:66,12,1,0
BRDA:67,13,0,0
BRDA:67,13,1,0
BRDA:80,14,0,0
BRDA:80,14,1,0
BRDA:90,15,0,0
BRDA:90,15,1,0
BRDA:91,16,0,0
BRDA:91,16,1,0
BRDA:92,17,0,0
BRDA:92,17,1,0
BRDA:94,18,0,0
BRDA:94,18,1,0
BRDA:95,19,0,0
BRDA:95,19,1,0
BRDA:96,20,0,0
BRDA:96,20,1,0
BRDA:113,21,0,0
BRDA:113,21,1,0
BRDA:120,22,0,0
BRDA:120,22,1,0
BRDA:137,23,0,0
BRDA:138,24,0,0
BRDA:144,25,0,0
BRDA:144,25,1,0
BRDA:147,26,0,0
BRDA:147,26,1,0
BRDA:150,27,0,0
BRDA:150,27,1,0
BRDA:150,28,0,0
BRDA:150,28,1,0
BRDA:152,29,0,0
BRDA:152,29,1,0
BRDA:153,30,0,0
BRDA:153,30,1,0
BRDA:155,31,0,0
BRDA:155,31,1,0
BRDA:155,32,0,0
BRDA:155,32,1,0
BRDA:157,33,0,0
BRDA:157,33,1,0
BRDA:158,34,0,0
BRDA:158,34,1,0
BRDA:160,35,0,0
BRDA:160,35,1,0
BRDA:163,36,0,0
BRDA:163,36,1,0
BRDA:174,37,0,0
BRDA:174,37,1,0
BRDA:199,38,0,0
BRDA:199,38,1,0
BRDA:206,39,0,0
BRDA:206,39,1,0
BRDA:216,40,0,0
BRDA:216,40,1,0
BRDA:231,41,0,0
BRDA:231,41,1,0
BRDA:238,42,0,0
BRDA:238,42,1,0
BRDA:248,43,0,0
BRDA:248,43,1,0
BRDA:256,44,0,0
BRDA:256,44,1,0
BRDA:281,45,0,0
BRDA:281,45,1,0
BRDA:282,46,0,0
BRDA:282,46,1,0
BRDA:283,47,0,0
BRDA:283,47,1,0
BRDA:284,48,0,0
BRDA:284,48,1,0
BRDA:285,49,0,0
BRDA:285,49,1,0
BRDA:286,50,0,0
BRDA:286,50,1,0
BRDA:287,51,0,0
BRDA:287,51,1,0
BRDA:288,52,0,0
BRDA:288,52,1,0
BRDA:289,53,0,0
BRDA:289,53,1,0
BRDA:290,54,0,0
BRDA:290,54,1,0
BRDA:291,55,0,0
BRDA:291,55,1,0
BRDA:292,56,0,0
BRDA:292,56,1,0
BRDA:293,57,0,0
BRDA:293,57,1,0
BRDA:312,58,0,0
BRDA:312,58,1,0
BRDA:319,59,0,0
BRDA:319,59,1,0
BRDA:329,60,0,0
BRDA:329,60,1,0
BRDA:337,61,0,0
BRDA:337,61,1,0
BRDA:354,62,0,0
BRDA:354,62,1,0
BRDA:369,63,0,0
BRDA:369,63,1,0
BRDA:374,64,0,0
BRDA:374,64,1,0
BRDA:374,64,2,0
BRDA:374,64,3,0
BRDA:374,64,4,0
BRDA:374,64,5,0
BRDA:376,65,0,0
BRDA:376,65,1,0
BRDA:377,66,0,0
BRDA:377,66,1,0
BRDA:377,67,0,0
BRDA:377,67,1,0
BRDA:378,68,0,0
BRDA:378,68,1,0
BRDA:379,69,0,0
BRDA:379,69,1,0
BRDA:383,70,0,0
BRDA:383,70,1,0
BRDA:384,71,0,0
BRDA:384,71,1,0
BRDA:385,72,0,0
BRDA:385,72,1,0
BRDA:386,73,0,0
BRDA:386,73,1,0
BRDA:390,74,0,0
BRDA:390,74,1,0
BRDA:393,75,0,0
BRDA:393,75,1,0
BRDA:394,76,0,0
BRDA:394,76,1,0
BRDA:395,77,0,0
BRDA:395,77,1,0
BRDA:396,78,0,0
BRDA:396,78,1,0
BRDA:400,79,0,0
BRDA:400,79,1,0
BRDA:401,80,0,0
BRDA:401,80,1,0
BRDA:402,81,0,0
BRDA:402,81,1,0
BRDA:404,82,0,0
BRDA:404,82,1,0
BRDA:405,83,0,0
BRDA:405,83,1,0
BRDA:406,84,0,0
BRDA:406,84,1,0
BRDA:419,85,0,0
BRDA:419,85,1,0
BRDA:427,86,0,0
BRDA:433,87,0,0
BRDA:434,88,0,0
BRDA:438,89,0,0
BRDA:438,89,1,0
BRDA:439,90,0,0
BRDA:439,90,1,0
BRDA:440,91,0,0
BRDA:440,91,1,0
BRDA:447,92,0,0
BRDA:447,92,1,0
BRDA:448,93,0,0
BRDA:448,93,1,0
BRDA:469,94,0,0
BRDA:469,94,1,0
BRDA:479,95,0,0
BRDA:479,95,1,0
BRDA:501,96,0,0
BRDA:501,96,1,0
BRF:194
BRH:0
end_of_record
TN:
SF:src\middleware\loggerMiddleware.ts
FN:19,(anonymous_9)
FN:41,(anonymous_10)
FN:83,(anonymous_11)
FN:121,(anonymous_12)
FN:122,(anonymous_13)
FN:125,(anonymous_14)
FN:178,(anonymous_15)
FN:179,(anonymous_16)
FN:181,(anonymous_17)
FN:206,(anonymous_18)
FN:209,(anonymous_19)
FN:243,(anonymous_20)
FN:259,(anonymous_21)
FN:274,(anonymous_22)
FN:289,(anonymous_23)
FNF:15
FNH:0
FNDA:0,(anonymous_9)
FNDA:0,(anonymous_10)
FNDA:0,(anonymous_11)
FNDA:0,(anonymous_12)
FNDA:0,(anonymous_13)
FNDA:0,(anonymous_14)
FNDA:0,(anonymous_15)
FNDA:0,(anonymous_16)
FNDA:0,(anonymous_17)
FNDA:0,(anonymous_18)
FNDA:0,(anonymous_19)
FNDA:0,(anonymous_20)
FNDA:0,(anonymous_21)
FNDA:0,(anonymous_22)
FNDA:0,(anonymous_23)
DA:2,0
DA:19,0
DA:21,0
DA:24,0
DA:31,0
DA:40,0
DA:41,0
DA:42,0
DA:44,0
DA:45,0
DA:53,0
DA:54,0
DA:55,0
DA:56,0
DA:58,0
DA:62,0
DA:63,0
DA:64,0
DA:73,0
DA:76,0
DA:83,0
DA:84,0
DA:86,0
DA:98,0
DA:101,0
DA:102,0
DA:103,0
DA:114,0
DA:121,0
DA:122,0
DA:123,0
DA:125,0
DA:126,0
DA:127,0
DA:129,0
DA:130,0
DA:132,0
DA:133,0
DA:141,0
DA:143,0
DA:144,0
DA:152,0
DA:154,0
DA:155,0
DA:166,0
DA:170,0
DA:178,0
DA:179,0
DA:180,0
DA:181,0
DA:182,0
DA:184,0
DA:185,0
DA:186,0
DA:195,0
DA:198,0
DA:206,0
DA:208,0
DA:209,0
DA:211,0
DA:212,0
DA:220,0
DA:221,0
DA:223,0
DA:224,0
DA:232,0
DA:239,0
DA:244,0
DA:260,0
DA:275,0
DA:290,0
DA:302,0
LF:72
LH:0
BRDA:24,0,0,0
BRDA:24,0,1,0
BRDA:24,0,2,0
BRDA:24,0,3,0
BRDA:24,0,4,0
BRDA:44,1,0,0
BRDA:44,1,1,0
BRDA:49,2,0,0
BRDA:49,2,1,0
BRDA:53,3,0,0
BRDA:53,3,1,0
BRDA:55,4,0,0
BRDA:55,4,1,0
BRDA:62,5,0,0
BRDA:62,5,1,0
BRDA:84,6,0,0
BRDA:84,6,1,0
BRDA:92,7,0,0
BRDA:92,7,1,0
BRDA:101,8,0,0
BRDA:101,8,1,0
BRDA:101,9,0,0
BRDA:101,9,1,0
BRDA:104,10,0,0
BRDA:104,10,1,0
BRDA:178,11,0,0
BRDA:184,12,0,0
BRDA:184,12,1,0
BRDA:185,13,0,0
BRDA:185,13,1,0
BRDA:211,14,0,0
BRDA:211,14,1,0
BRDA:215,15,0,0
BRDA:215,15,1,0
BRDA:223,16,0,0
BRDA:223,16,1,0
BRDA:228,17,0,0
BRDA:228,17,1,0
BRF:38
BRH:0
end_of_record
TN:
SF:src\middleware\mongoAuth.ts
FN:11,(anonymous_0)
FN:72,(anonymous_1)
FN:73,(anonymous_2)
FN:92,(anonymous_3)
FNF:4
FNH:0
FNDA:0,(anonymous_0)
FNDA:0,(anonymous_1)
FNDA:0,(anonymous_2)
FNDA:0,(anonymous_3)
DA:2,2
DA:3,2
DA:5,2
DA:11,2
DA:16,0
DA:17,0
DA:18,0
DA:20,0
DA:21,0
DA:28,0
DA:29,0
DA:32,0
DA:33,0
DA:34,0
DA:43,0
DA:47,0
DA:49,0
DA:50,0
DA:57,0
DA:58,0
DA:60,0
DA:62,0
DA:64,0
DA:65,0
DA:72,2
DA:73,0
DA:74,0
DA:75,0
DA:81,0
DA:82,0
DA:88,0
DA:92,2
DA:93,0
DA:94,0
DA:100,0
DA:103,0
DA:104,0
DA:108,0
DA:109,0
DA:112,0
LF:40
LH:6
BRDA:18,0,0,0
BRDA:18,0,1,0
BRDA:20,1,0,0
BRDA:20,1,1,0
BRDA:32,2,0,0
BRDA:32,2,1,0
BRDA:49,3,0,0
BRDA:49,3,1,0
BRDA:74,4,0,0
BRDA:74,4,1,0
BRDA:81,5,0,0
BRDA:81,5,1,0
BRDA:93,6,0,0
BRDA:93,6,1,0
BRDA:100,7,0,0
BRDA:100,7,1,0
BRDA:103,8,0,0
BRDA:103,8,1,0
BRDA:108,9,0,0
BRDA:108,9,1,0
BRDA:108,10,0,0
BRDA:108,10,1,0
BRF:22
BRH:0
end_of_record
TN:
SF:src\middleware\validation.ts
FN:4,(anonymous_0)
FN:11,(anonymous_1)
FNF:2
FNH:2
FNDA:8,(anonymous_0)
FNDA:12,(anonymous_1)
DA:2,2
DA:4,2
DA:5,8
DA:7,8
DA:8,8
DA:11,12
DA:18,0
LF:7
LH:6
BRDA:7,0,0,8
BRDA:7,0,1,0
BRDA:12,1,0,12
BRDA:12,1,1,0
BRF:4
BRH:2
end_of_record
TN:
SF:src\models\Task.ts
FN:11,(anonymous_0)
FN:18,(anonymous_1)
FN:51,(anonymous_2)
FN:61,(anonymous_3)
FN:63,(anonymous_4)
FN:69,(anonymous_5)
FN:84,(anonymous_6)
FN:89,(anonymous_7)
FN:94,(anonymous_8)
FN:99,(anonymous_9)
FN:105,(anonymous_10)
FN:109,(anonymous_11)
FN:114,(anonymous_12)
FNF:13
FNH:0
FNDA:0,(anonymous_0)
FNDA:0,(anonymous_1)
FNDA:0,(anonymous_2)
FNDA:0,(anonymous_3)
FNDA:0,(anonymous_4)
FNDA:0,(anonymous_5)
FNDA:0,(anonymous_6)
FNDA:0,(anonymous_7)
FNDA:0,(anonymous_8)
FNDA:0,(anonymous_9)
FNDA:0,(anonymous_10)
FNDA:0,(anonymous_11)
FNDA:0,(anonymous_12)
DA:6,0
DA:8,0
DA:10,0
DA:12,0
DA:13,0
DA:15,0
DA:19,0
DA:20,0
DA:43,0
DA:45,0
DA:52,0
DA:53,0
DA:55,0
DA:62,0
DA:63,0
DA:70,0
DA:76,0
DA:78,0
DA:85,0
DA:86,0
DA:90,0
DA:91,0
DA:95,0
DA:96,0
DA:98,0
DA:99,0
DA:106,0
DA:110,0
DA:115,0
DA:120,0
LF:30
LH:0
BRDA:12,0,0,0
BRDA:12,0,1,0
BRDA:23,1,0,0
BRDA:23,1,1,0
BRDA:24,2,0,0
BRDA:24,2,1,0
BRDA:25,3,0,0
BRDA:25,3,1,0
BRDA:26,4,0,0
BRDA:26,4,1,0
BRDA:27,5,0,0
BRDA:27,5,1,0
BRDA:28,6,0,0
BRDA:28,6,1,0
BRDA:29,7,0,0
BRDA:29,7,1,0
BRDA:30,8,0,0
BRDA:30,8,1,0
BRDA:31,9,0,0
BRDA:31,9,1,0
BRDA:33,10,0,0
BRDA:33,10,1,0
BRDA:34,11,0,0
BRDA:34,11,1,0
BRDA:35,12,0,0
BRDA:35,12,1,0
BRDA:36,13,0,0
BRDA:36,13,1,0
BRDA:53,14,0,0
BRDA:53,14,1,0
BRDA:57,15,0,0
BRDA:57,15,1,0
BRDA:65,16,0,0
BRDA:65,16,1,0
BRDA:76,17,0,0
BRDA:76,17,1,0
BRDA:89,18,0,0
BRDA:94,19,0,0
BRDA:96,20,0,0
BRDA:96,20,1,0
BRDA:101,21,0,0
BRDA:101,21,1,0
BRDA:114,22,0,0
BRF:43
BRH:0
end_of_record
TN:
SF:src\models\User.ts
FN:11,(anonymous_0)
FN:18,(anonymous_1)
FN:41,(anonymous_2)
FN:51,(anonymous_3)
FN:61,(anonymous_4)
FN:76,(anonymous_5)
FN:81,(anonymous_6)
FN:86,(anonymous_7)
FN:91,(anonymous_8)
FN:98,(anonymous_9)
FN:103,(anonymous_10)
FNF:11
FNH:2
FNDA:19,(anonymous_0)
FNDA:0,(anonymous_1)
FNDA:0,(anonymous_2)
FNDA:0,(anonymous_3)
FNDA:0,(anonymous_4)
FNDA:0,(anonymous_5)
FNDA:19,(anonymous_6)
FNDA:0,(anonymous_7)
FNDA:0,(anonymous_8)
FNDA:0,(anonymous_9)
FNDA:0,(anonymous_10)
DA:6,1
DA:8,1
DA:10,1
DA:12,19
DA:13,19
DA:15,0
DA:19,0
DA:20,0
DA:33,0
DA:35,0
DA:42,0
DA:43,0
DA:45,0
DA:52,0
DA:53,0
DA:55,0
DA:62,0
DA:68,0
DA:70,0
DA:77,0
DA:78,0
DA:82,19
DA:83,0
DA:87,0
DA:88,0
DA:90,0
DA:91,0
DA:99,0
DA:104,0
DA:109,1
LF:30
LH:7
BRDA:12,0,0,19
BRDA:12,0,1,0
BRDA:22,1,0,0
BRDA:22,1,1,0
BRDA:24,2,0,0
BRDA:24,2,1,0
BRDA:25,3,0,0
BRDA:25,3,1,0
BRDA:27,4,0,0
BRDA:27,4,1,0
BRDA:43,5,0,0
BRDA:43,5,1,0
BRDA:53,6,0,0
BRDA:53,6,1,0
BRDA:68,7,0,0
BRDA:68,7,1,0
BRDA:81,8,0,0
BRDA:86,9,0,0
BRDA:88,10,0,0
BRDA:88,10,1,0
BRDA:98,11,0,0
BRF:21
BRH:1
end_of_record
TN:
SF:src\routes\dailyTaskRoutes.ts
FNF:0
FNH:0
DA:1,2
DA:2,2
DA:3,2
DA:17,2
DA:18,2
DA:19,2
DA:21,2
DA:24,2
DA:35,2
DA:49,2
DA:55,2
DA:64,2
DA:67,2
DA:68,2
DA:69,2
DA:70,2
DA:71,2
DA:74,2
DA:77,2
DA:80,2
DA:81,2
DA:82,2
DA:85,2
DA:86,2
DA:89,2
DA:91,2
LF:26
LH:26
BRF:0
BRH:0
end_of_record
TN:
SF:src\routes\mongoAuthRoutes.ts
FN:30,(anonymous_0)
FN:36,(anonymous_1)
FN:46,(anonymous_2)
FNF:3
FNH:1
FNDA:0,(anonymous_0)
FNDA:0,(anonymous_1)
FNDA:3,(anonymous_2)
DA:1,2
DA:2,2
DA:3,2
DA:4,2
DA:5,2
DA:7,2
DA:10,2
DA:21,2
DA:27,2
DA:30,2
DA:31,0
DA:32,0
DA:36,2
DA:37,0
DA:38,0
DA:46,2
DA:47,3
DA:48,3
DA:49,3
DA:51,3
DA:52,3
DA:54,0
DA:55,0
DA:60,2
DA:61,2
DA:64,2
DA:67,2
DA:70,2
DA:71,2
DA:72,2
DA:74,2
LF:31
LH:25
BRF:0
BRH:0
end_of_record
TN:
SF:src\routes\pointsConfigRoutes.ts
FNF:0
FNH:0
DA:1,2
DA:2,2
DA:3,2
DA:12,2
DA:13,2
DA:15,2
DA:18,2
DA:31,2
DA:41,2
DA:52,2
DA:59,2
DA:62,2
DA:63,2
DA:64,2
DA:67,2
DA:68,2
DA:71,2
DA:74,2
DA:76,2
LF:19
LH:19
BRF:0
BRH:0
end_of_record
TN:
SF:src\routes\recurringTaskRoutes.ts
FNF:0
FNH:0
DA:1,0
DA:2,0
DA:3,0
DA:11,0
DA:15,0
DA:18,0
DA:21,0
DA:22,0
DA:23,0
DA:25,0
LF:10
LH:0
BRF:0
BRH:0
end_of_record
TN:
SF:src\routes\redemptionRoutes.ts
FNF:0
FNH:0
DA:1,2
DA:2,2
DA:3,2
DA:11,2
DA:12,2
DA:14,2
DA:17,2
DA:24,2
DA:30,2
DA:33,2
DA:34,2
DA:35,2
DA:36,2
DA:37,2
DA:38,2
DA:40,2
LF:16
LH:16
BRF:0
BRH:0
end_of_record
TN:
SF:src\routes\rewardsCenterRoutes.ts
FNF:0
FNH:0
DA:1,0
DA:2,0
DA:3,0
DA:11,0
DA:14,0
DA:21,0
DA:28,0
DA:37,0
DA:46,0
DA:53,0
DA:55,0
LF:11
LH:0
BRF:0
BRH:0
end_of_record
TN:
SF:src\routes\rewardsRoutes.ts
FN:29,(anonymous_0)
FN:35,(anonymous_1)
FN:55,(anonymous_2)
FNF:3
FNH:0
FNDA:0,(anonymous_0)
FNDA:0,(anonymous_1)
FNDA:0,(anonymous_2)
DA:1,2
DA:2,2
DA:3,2
DA:11,2
DA:12,2
DA:14,2
DA:17,2
DA:23,2
DA:29,2
DA:30,0
DA:31,0
DA:35,2
DA:36,0
DA:40,2
DA:43,2
DA:47,2
DA:50,2
DA:51,2
DA:52,2
DA:55,2
DA:56,0
DA:60,2
DA:62,2
LF:23
LH:19
BRF:0
BRH:0
end_of_record
TN:
SF:src\routes\taskRoutes.ts
FNF:0
FNH:0
DA:1,2
DA:2,2
DA:3,2
DA:12,2
DA:13,2
DA:15,2
DA:18,2
DA:34,2
DA:51,2
DA:54,2
DA:55,2
DA:56,2
DA:57,2
DA:58,2
DA:59,2
DA:60,2
DA:62,2
LF:17
LH:17
BRF:0
BRH:0
end_of_record
TN:
SF:src\services\cronScheduler.ts
FN:14,(anonymous_0)
FN:26,(anonymous_1)
FN:30,(anonymous_2)
FN:40,(anonymous_3)
FN:50,(anonymous_4)
FN:69,(anonymous_5)
FN:71,(anonymous_6)
FN:81,(anonymous_7)
FN:87,(anonymous_8)
FN:92,(anonymous_9)
FNF:10
FNH:0
FNDA:0,(anonymous_0)
FNDA:0,(anonymous_1)
FNDA:0,(anonymous_2)
FNDA:0,(anonymous_3)
FNDA:0,(anonymous_4)
FNDA:0,(anonymous_5)
FNDA:0,(anonymous_6)
FNDA:0,(anonymous_7)
FNDA:0,(anonymous_8)
FNDA:0,(anonymous_9)
DA:1,0
DA:7,0
DA:8,0
DA:15,0
DA:18,0
DA:19,0
DA:20,0
DA:21,0
DA:23,0
DA:26,0
DA:27,0
DA:30,0
DA:31,0
DA:34,0
DA:37,0
DA:40,0
DA:41,0
DA:44,0
DA:51,0
DA:52,0
DA:55,0
DA:58,0
DA:60,0
DA:62,0
DA:70,0
DA:71,0
DA:72,0
DA:73,0
DA:75,0
DA:82,0
DA:87,0
DA:88,0
DA:89,0
DA:92,0
DA:93,0
DA:94,0
DA:97,0
LF:37
LH:0
BRF:0
BRH:0
end_of_record
TN:
SF:src\services\recommendationService.ts
FN:61,(anonymous_0)
FN:67,(anonymous_1)
FN:102,(anonymous_2)
FN:107,(anonymous_3)
FN:121,(anonymous_4)
FN:136,(anonymous_5)
FN:141,(anonymous_6)
FN:152,(anonymous_7)
FN:154,(anonymous_8)
FN:195,(anonymous_9)
FN:220,(anonymous_10)
FN:235,(anonymous_11)
FN:244,(anonymous_12)
FN:281,(anonymous_13)
FN:319,(anonymous_14)
FN:383,(anonymous_15)
FN:390,(anonymous_16)
FN:406,(anonymous_17)
FN:408,(anonymous_18)
FN:412,(anonymous_19)
FN:468,(anonymous_20)
FN:475,(anonymous_21)
FNF:22
FNH:1
FNDA:2,(anonymous_0)
FNDA:0,(anonymous_1)
FNDA:0,(anonymous_2)
FNDA:0,(anonymous_3)
FNDA:0,(anonymous_4)
FNDA:0,(anonymous_5)
FNDA:0,(anonymous_6)
FNDA:0,(anonymous_7)
FNDA:0,(anonymous_8)
FNDA:0,(anonymous_9)
FNDA:0,(anonymous_10)
FNDA:0,(anonymous_11)
FNDA:0,(anonymous_12)
FNDA:0,(anonymous_13)
FNDA:0,(anonymous_14)
FNDA:0,(anonymous_15)
FNDA:0,(anonymous_16)
FNDA:0,(anonymous_17)
FNDA:0,(anonymous_18)
FNDA:0,(anonymous_19)
FNDA:0,(anonymous_20)
FNDA:0,(anonymous_21)
DA:1,2
DA:3,2
DA:48,2
DA:61,2
DA:62,2
DA:71,0
DA:81,0
DA:84,0
DA:87,0
DA:96,0
DA:97,0
DA:101,0
DA:102,0
DA:106,0
DA:107,0
DA:110,0
DA:113,0
DA:114,0
DA:122,0
DA:123,0
DA:126,0
DA:136,0
DA:137,0
DA:141,0
DA:144,0
DA:145,0
DA:146,0
DA:147,0
DA:148,0
DA:149,0
DA:152,0
DA:154,0
DA:155,0
DA:156,0
DA:158,0
DA:159,0
DA:160,0
DA:163,0
DA:166,0
DA:169,0
DA:173,0
DA:177,0
DA:179,0
DA:203,0
DA:211,0
DA:212,0
DA:215,0
DA:216,0
DA:219,0
DA:220,0
DA:223,0
DA:224,0
DA:225,0
DA:226,0
DA:229,0
DA:235,0
DA:249,0
DA:250,0
DA:260,0
DA:263,0
DA:264,0
DA:265,0
DA:266,0
DA:268,0
DA:269,0
DA:277,0
DA:281,0
DA:282,0
DA:283,0
DA:285,0
DA:286,0
DA:288,0
DA:289,0
DA:290,0
DA:294,0
DA:295,0
DA:296,0
DA:297,0
DA:298,0
DA:300,0
DA:301,0
DA:305,0
DA:310,0
DA:311,0
DA:314,0
DA:315,0
DA:316,0
DA:319,0
DA:321,0
DA:323,0
DA:324,0
DA:325,0
DA:328,0
DA:329,0
DA:330,0
DA:331,0
DA:332,0
DA:334,0
DA:336,0
DA:337,0
DA:340,0
DA:341,0
DA:342,0
DA:343,0
DA:344,0
DA:346,0
DA:347,0
DA:351,0
DA:354,0
DA:355,0
DA:359,0
DA:360,0
DA:361,0
DA:364,0
DA:365,0
DA:368,0
DA:371,0
DA:384,0
DA:402,0
DA:405,0
DA:406,0
DA:408,0
DA:411,0
DA:412,0
DA:413,0
DA:417,0
DA:420,0
DA:423,0
DA:426,0
DA:429,0
DA:431,0
DA:432,0
DA:438,0
DA:439,0
DA:445,0
DA:446,0
DA:452,0
DA:465,2
DA:468,2
DA:472,0
DA:475,2
DA:476,0
LF:142
LH:8
BRDA:69,0,0,0
BRDA:73,1,0,0
BRDA:74,2,0,0
BRDA:75,3,0,0
BRDA:76,4,0,0
BRDA:79,5,0,0
BRDA:80,6,0,0
BRDA:96,7,0,0
BRDA:96,7,1,0
BRDA:156,8,0,0
BRDA:156,8,1,0
BRDA:159,9,0,0
BRDA:159,9,1,0
BRDA:159,9,2,0
BRDA:160,10,0,0
BRDA:160,10,1,0
BRDA:163,11,0,0
BRDA:163,11,1,0
BRDA:166,12,0,0
BRDA:166,12,1,0
BRDA:169,13,0,0
BRDA:169,13,1,0
BRDA:173,14,0,0
BRDA:173,14,1,0
BRDA:184,15,0,0
BRDA:184,15,1,0
BRDA:187,16,0,0
BRDA:187,16,1,0
BRDA:197,17,0,0
BRDA:198,18,0,0
BRDA:199,19,0,0
BRDA:211,20,0,0
BRDA:211,20,1,0
BRDA:215,21,0,0
BRDA:215,21,1,0
BRDA:219,22,0,0
BRDA:219,22,1,0
BRDA:223,23,0,0
BRDA:223,23,1,0
BRDA:223,24,0,0
BRDA:223,24,1,0
BRDA:225,25,0,0
BRDA:225,25,1,0
BRDA:226,26,0,0
BRDA:226,26,1,0
BRDA:263,27,0,0
BRDA:263,27,1,0
BRDA:268,28,0,0
BRDA:268,28,1,0
BRDA:282,29,0,0
BRDA:282,29,1,0
BRDA:282,30,0,0
BRDA:282,30,1,0
BRDA:282,31,0,0
BRDA:282,31,1,0
BRDA:283,32,0,0
BRDA:283,32,1,0
BRDA:288,33,0,0
BRDA:288,33,1,0
BRDA:300,34,0,0
BRDA:300,34,1,0
BRDA:311,35,0,0
BRDA:311,35,1,0
BRDA:323,36,0,0
BRDA:323,36,1,0
BRDA:329,37,0,0
BRDA:329,37,1,0
BRDA:329,38,0,0
BRDA:329,38,1,0
BRDA:332,39,0,0
BRDA:332,39,1,0
BRDA:346,40,0,0
BRDA:346,40,1,0
BRDA:354,41,0,0
BRDA:354,41,1,0
BRDA:360,42,0,0
BRDA:360,42,1,0
BRDA:361,43,0,0
BRDA:361,43,1,0
BRDA:364,44,0,0
BRDA:364,44,1,0
BRDA:365,45,0,0
BRDA:365,45,1,0
BRDA:413,46,0,0
BRDA:413,46,1,0
BRDA:431,47,0,0
BRDA:431,47,1,0
BRDA:438,48,0,0
BRDA:438,48,1,0
BRDA:445,49,0,0
BRDA:445,49,1,0
BRDA:470,50,0,0
BRF:92
BRH:0
end_of_record
TN:
SF:src\services\recurringTaskService.ts
FN:10,(anonymous_0)
FN:93,(anonymous_1)
FN:127,(anonymous_2)
FN:154,(anonymous_3)
FN:208,(anonymous_4)
FNF:5
FNH:0
FNDA:0,(anonymous_0)
FNDA:0,(anonymous_1)
FNDA:0,(anonymous_2)
FNDA:0,(anonymous_3)
FNDA:0,(anonymous_4)
DA:1,0
DA:2,0
DA:5,0
DA:11,0
DA:13,0
DA:15,0
DA:21,0
DA:23,0
DA:24,0
DA:26,0
DA:27,0
DA:28,0
DA:31,0
DA:32,0
DA:33,0
DA:34,0
DA:37,0
DA:38,0
DA:42,0
DA:48,0
DA:49,0
DA:53,0
DA:73,0
DA:74,0
DA:79,0
DA:83,0
DA:85,0
DA:86,0
DA:97,0
DA:99,0
DA:102,0
DA:103,0
DA:105,0
DA:106,0
DA:109,0
DA:110,0
DA:114,0
DA:115,0
DA:116,0
DA:119,0
DA:128,0
DA:130,0
DA:131,0
DA:132,0
DA:133,0
DA:135,0
DA:141,0
DA:143,0
DA:144,0
DA:159,0
DA:161,0
DA:163,0
DA:173,0
DA:175,0
DA:176,0
DA:178,0
DA:181,0
DA:197,0
DA:200,0
DA:201,0
DA:209,0
DA:210,0
DA:211,0
DA:212,0
DA:214,0
DA:215,0
DA:217,0
DA:234,0
DA:239,0
DA:240,0
DA:245,0
LF:71
LH:0
BRDA:10,0,0,0
BRDA:28,1,0,0
BRDA:28,1,1,0
BRDA:37,2,0,0
BRDA:37,2,1,0
BRDA:48,3,0,0
BRDA:48,3,1,0
BRDA:58,4,0,0
BRDA:58,4,1,0
BRDA:97,5,0,0
BRDA:97,5,1,0
BRDA:97,5,2,0
BRDA:97,5,3,0
BRDA:102,6,0,0
BRDA:102,6,1,0
BRDA:102,7,0,0
BRDA:102,7,1,0
BRDA:109,8,0,0
BRDA:109,8,1,0
BRDA:109,9,0,0
BRDA:109,9,1,0
BRDA:127,10,0,0
BRDA:157,11,0,0
BRDA:173,12,0,0
BRDA:173,12,1,0
BRDA:176,13,0,0
BRDA:176,13,1,0
BRDA:208,14,0,0
BRF:28
BRH:0
end_of_record
TN:
SF:src\utils\dateUtils.ts
FN:23,(anonymous_0)
FN:33,(anonymous_1)
FN:42,(anonymous_2)
FN:72,(anonymous_3)
FN:87,(anonymous_4)
FN:99,(anonymous_5)
FN:123,(anonymous_6)
FN:131,(anonymous_7)
FN:140,(anonymous_8)
FN:142,(anonymous_9)
FNF:10
FNH:10
FNDA:27,(anonymous_0)
FNDA:2,(anonymous_1)
FNDA:5,(anonymous_2)
FNDA:9,(anonymous_3)
FNDA:1,(anonymous_4)
FNDA:3,(anonymous_5)
FNDA:6,(anonymous_6)
FNDA:8,(anonymous_7)
FNDA:8,(anonymous_8)
FNDA:16,(anonymous_9)
DA:23,3
DA:24,27
DA:25,27
DA:26,27
DA:27,27
DA:33,3
DA:34,2
DA:35,2
DA:42,3
DA:43,5
DA:44,5
DA:47,5
DA:48,5
DA:49,5
DA:52,5
DA:53,5
DA:54,5
DA:57,5
DA:59,5
DA:72,3
DA:73,9
DA:74,9
DA:75,9
DA:76,9
DA:77,9
DA:78,9
DA:79,9
DA:81,9
DA:87,3
DA:88,1
DA:89,1
DA:90,1
DA:99,3
DA:105,3
DA:106,3
DA:107,3
DA:109,3
DA:110,3
DA:112,3
DA:123,3
DA:124,6
DA:125,6
DA:131,3
DA:132,8
DA:133,6
DA:140,3
DA:141,8
DA:142,16
DA:143,7
DA:146,7
LF:50
LH:50
BRDA:43,0,0,5
BRDA:43,0,1,0
BRDA:48,1,0,2
BRDA:48,1,1,3
BRDA:78,2,0,9
BRDA:78,2,1,0
BRDA:105,3,0,3
BRDA:105,3,1,0
BRDA:124,4,0,5
BRDA:124,4,1,1
BRDA:125,5,0,6
BRDA:125,5,1,5
BRDA:132,6,0,2
BRDA:132,6,1,6
BRDA:141,7,0,1
BRDA:141,7,1,7
BRDA:146,8,0,6
BRDA:146,8,1,1
BRF:18
BRH:15
end_of_record
TN:
SF:src\utils\defaultTasks.ts
FN:418,(anonymous_0)
FNF:1
FNH:0
FNDA:0,(anonymous_0)
DA:1,0
DA:4,0
DA:418,0
DA:419,0
DA:420,0
DA:422,0
DA:423,0
DA:430,0
DA:433,0
DA:435,0
LF:10
LH:0
BRF:0
BRH:0
end_of_record
TN:
SF:src\utils\jwt.ts
FN:7,(anonymous_9)
FN:17,(anonymous_10)
FNF:2
FNH:2
FNDA:1,(anonymous_9)
FNDA:3,(anonymous_10)
DA:1,3
DA:4,3
DA:5,3
DA:7,3
DA:8,1
DA:14,1
DA:17,3
DA:18,3
DA:20,3
DA:21,1
DA:22,1
DA:30,2
DA:32,2
LF:13
LH:13
BRDA:4,0,0,3
BRDA:4,0,1,3
BRDA:5,1,0,3
BRDA:5,1,1,3
BRDA:20,2,0,1
BRDA:20,2,1,2
BRF:6
BRH:6
end_of_record
TN:
SF:src\utils\transactionUtils.ts
FN:22,withSafeTransaction
FN:34,(anonymous_1)
FN:47,(anonymous_2)
FN:69,executePointsTransaction
FN:80,(anonymous_4)
FN:161,executeGameTimeExchangeTransaction
FN:168,(anonymous_6)
FN:225,executeTaskCompletionRewardTransaction
FN:235,(anonymous_8)
FN:333,executeRedemptionApprovalTransaction
FN:343,(anonymous_10)
FNF:11
FNH:0
FNDA:0,withSafeTransaction
FNDA:0,(anonymous_1)
FNDA:0,(anonymous_2)
FNDA:0,executePointsTransaction
FNDA:0,(anonymous_4)
FNDA:0,executeGameTimeExchangeTransaction
FNDA:0,(anonymous_6)
FNDA:0,executeTaskCompletionRewardTransaction
FNDA:0,(anonymous_8)
FNDA:0,executeRedemptionApprovalTransaction
FNDA:0,(anonymous_10)
DA:2,0
DA:3,0
DA:22,0
DA:26,0
DA:28,0
DA:29,0
DA:31,0
DA:34,0
DA:35,0
DA:38,0
DA:40,0
DA:43,0
DA:44,0
DA:45,0
DA:47,0
DA:48,0
DA:53,0
DA:55,0
DA:59,0
DA:69,0
DA:80,0
DA:81,0
DA:82,0
DA:84,0
DA:86,0
DA:87,0
DA:88,0
DA:89,0
DA:94,0
DA:99,0
DA:100,0
DA:103,0
DA:104,0
DA:107,0
DA:108,0
DA:112,0
DA:121,0
DA:122,0
DA:126,0
DA:127,0
DA:135,0
DA:136,0
DA:147,0
DA:148,0
DA:153,0
DA:161,0
DA:168,0
DA:170,0
DA:175,0
DA:176,0
DA:179,0
DA:180,0
DA:184,0
DA:194,0
DA:195,0
DA:198,0
DA:207,0
DA:208,0
DA:212,0
DA:217,0
DA:225,0
DA:235,0
DA:237,0
DA:238,0
DA:243,0
DA:245,0
DA:246,0
DA:248,0
DA:260,0
DA:261,0
DA:265,0
DA:266,0
DA:267,0
DA:269,0
DA:270,0
DA:271,0
DA:272,0
DA:275,0
DA:277,0
DA:287,0
DA:298,0
DA:311,0
DA:312,0
DA:316,0
DA:321,0
DA:333,0
DA:343,0
DA:345,0
DA:350,0
DA:351,0
DA:354,0
DA:355,0
DA:358,0
DA:360,0
DA:368,0
DA:372,0
DA:386,0
DA:387,0
DA:391,0
DA:396,0
LF:100
LH:0
BRDA:24,0,0,0
BRDA:43,1,0,0
BRDA:43,1,1,0
BRDA:43,2,0,0
BRDA:43,2,1,0
BRDA:43,2,2,0
BRDA:45,3,0,0
BRDA:45,3,1,0
BRDA:61,4,0,0
BRDA:61,4,1,0
BRDA:86,5,0,0
BRDA:86,5,1,0
BRDA:88,6,0,0
BRDA:88,6,1,0
BRDA:99,7,0,0
BRDA:99,7,1,0
BRDA:103,8,0,0
BRDA:103,8,1,0
BRDA:107,9,0,0
BRDA:107,9,1,0
BRDA:107,10,0,0
BRDA:107,10,1,0
BRDA:121,11,0,0
BRDA:121,11,1,0
BRDA:135,12,0,0
BRDA:135,12,1,0
BRDA:138,13,0,0
BRDA:138,13,1,0
BRDA:140,14,0,0
BRDA:140,14,1,0
BRDA:147,15,0,0
BRDA:147,15,1,0
BRDA:175,16,0,0
BRDA:175,16,1,0
BRDA:179,17,0,0
BRDA:179,17,1,0
BRDA:207,18,0,0
BRDA:207,18,1,0
BRDA:243,19,0,0
BRDA:243,19,1,0
BRDA:246,20,0,0
BRDA:246,20,1,0
BRDA:266,21,0,0
BRDA:266,21,1,0
BRDA:269,22,0,0
BRDA:269,22,1,0
BRDA:271,23,0,0
BRDA:271,23,1,0
BRDA:275,24,0,0
BRDA:275,24,1,0
BRDA:311,25,0,0
BRDA:311,25,1,0
BRDA:350,26,0,0
BRDA:350,26,1,0
BRDA:358,27,0,0
BRDA:358,27,1,0
BRDA:358,28,0,0
BRDA:358,28,1,0
BRDA:376,29,0,0
BRDA:376,29,1,0
BRDA:379,30,0,0
BRDA:379,30,1,0
BRDA:386,31,0,0
BRDA:386,31,1,0
BRF:64
BRH:0
end_of_record
